init/main.c:152:12: warning: symbol 'envp_init' was not declared. Should it be static?
init/do_mounts.c:8:2: warning: "Sparse checking disabled for this file"
init/do_mounts_rd.c:8:2: warning: "Sparse checking disabled for this file"
init/do_mounts_initrd.c:8:2: warning: "Sparse checking disabled for this file"
init/do_mounts_md.c:8:2: warning: "Sparse checking disabled for this file"
init/initramfs.c:8:2: warning: "Sparse checking disabled for this file"
init/calibrate.c:257:47: warning: symbol 'calibrate_delay_is_known' was not declared. Should it be static?
init/init_task.c:12:44: warning: implicit cast to nocast type
init/init_task.c:12:44: warning: implicit cast to nocast type
arch/x86/ia32/sys_ia32.c:293:38: warning: incorrect type in argument 2 (different address spaces)
arch/x86/ia32/sys_ia32.c:231:62: warning: invalid access past the end of 'old_ka' (32 32)
arch/x86/ia32/sys_ia32.c:228:62: warning: invalid access past the end of 'old_ka' (40 32)
arch/x86/ia32/sys_ia32.c:225:62: warning: invalid access past the end of 'old_ka' (48 32)
arch/x86/ia32/sys_ia32.c:210:52: warning: invalid access past the end of 'set32' (12 8)
arch/x86/ia32/sys_ia32.c:209:61: warning: invalid access past the end of 'set32' (8 8)
arch/x86/ia32/sys_ia32.c:208:52: warning: invalid access past the end of 'set32' (20 8)
arch/x86/ia32/sys_ia32.c:207:61: warning: invalid access past the end of 'set32' (16 8)
arch/x86/ia32/sys_ia32.c:206:52: warning: invalid access past the end of 'set32' (28 8)
arch/x86/ia32/sys_ia32.c:205:61: warning: invalid access past the end of 'set32' (24 8)
arch/x86/ia32/sys_ia32.c:328:44: warning: invalid access past the end of 's' (8 8)
arch/x86/ia32/sys_ia32.c:327:44: warning: invalid access past the end of 's' (16 8)
arch/x86/ia32/sys_ia32.c:326:44: warning: invalid access past the end of 's' (24 8)
arch/x86/ia32/ia32_signal.c:165:38: warning: incorrect type in argument 1 (different address spaces)
arch/x86/ia32/ia32_signal.c:165:54: warning: incorrect type in argument 2 (different address spaces)
arch/x86/ia32/ia32_signal.c:386:43: warning: incorrect type in argument 1 (different address spaces)
arch/x86/ia32/ia32_signal.c:416:57: warning: incorrect type in argument 4 (different address spaces)
arch/x86/ia32/ia32_signal.c:438:34: warning: incorrect type in assignment (different address spaces)
arch/x86/ia32/ia32_signal.c:451:17: warning: cast removes address space of expression
arch/x86/ia32/ia32_signal.c:451:17: warning: incorrect type in argument 1 (different address spaces)
arch/x86/ia32/ia32_signal.c:451:17: warning: cast removes address space of expression
arch/x86/ia32/ia32_signal.c:451:17: warning: cast removes address space of expression
arch/x86/ia32/ia32_signal.c:451:17: warning: cast removes address space of expression
arch/x86/ia32/ia32_signal.c:451:17: warning: cast removes address space of expression
arch/x86/ia32/ia32_signal.c:451:17: warning: cast removes address space of expression
arch/x86/ia32/ia32_signal.c:451:17: warning: cast removes address space of expression
arch/x86/ia32/ia32_signal.c:451:17: warning: cast removes address space of expression
arch/x86/ia32/ia32_signal.c:451:17: warning: cast removes address space of expression
arch/x86/ia32/ia32_signal.c:451:17: warning: cast removes address space of expression
arch/x86/ia32/ia32_signal.c:451:17: warning: cast removes address space of expression
arch/x86/ia32/ia32_signal.c:397:5: warning: symbol 'ia32_setup_frame' was not declared. Should it be static?
arch/x86/ia32/ia32_signal.c:496:57: warning: incorrect type in argument 4 (different address spaces)
arch/x86/ia32/ia32_signal.c:524:34: warning: incorrect type in assignment (different address spaces)
arch/x86/ia32/ia32_signal.c:532:17: warning: cast removes address space of expression
arch/x86/ia32/ia32_signal.c:532:17: warning: incorrect type in argument 1 (different address spaces)
arch/x86/ia32/ia32_signal.c:532:17: warning: cast removes address space of expression
arch/x86/ia32/ia32_signal.c:532:17: warning: cast removes address space of expression
arch/x86/ia32/ia32_signal.c:532:17: warning: cast removes address space of expression
arch/x86/ia32/ia32_signal.c:532:17: warning: cast removes address space of expression
arch/x86/ia32/ia32_signal.c:532:17: warning: cast removes address space of expression
arch/x86/ia32/ia32_signal.c:532:17: warning: cast removes address space of expression
arch/x86/ia32/ia32_signal.c:532:17: warning: cast removes address space of expression
arch/x86/ia32/ia32_signal.c:532:17: warning: cast removes address space of expression
arch/x86/ia32/ia32_signal.c:532:17: warning: cast removes address space of expression
arch/x86/ia32/ia32_signal.c:532:17: warning: cast removes address space of expression
arch/x86/ia32/ia32_signal.c:475:5: warning: symbol 'ia32_setup_rt_frame' was not declared. Should it be static?
arch/x86/ia32/nosyscall.c:4:6: warning: symbol 'compat_ni_syscall' was not declared. Should it be static?
arch/x86/ia32/syscall_ia32.c:18:22: warning: symbol 'ia32_sys_call_table' was not declared. Should it be static?
arch/x86/ia32/syscall_ia32.c:23:10: warning: Initializer entry defined twice
arch/x86/ia32/audit.c:3:10: warning: symbol 'ia32_dir_class' was not declared. Should it be static?
arch/x86/ia32/audit.c:8:10: warning: symbol 'ia32_chattr_class' was not declared. Should it be static?
arch/x86/ia32/audit.c:13:10: warning: symbol 'ia32_write_class' was not declared. Should it be static?
arch/x86/ia32/audit.c:18:10: warning: symbol 'ia32_read_class' was not declared. Should it be static?
arch/x86/ia32/audit.c:23:10: warning: symbol 'ia32_signal_class' was not declared. Should it be static?
arch/x86/ia32/audit.c:28:5: warning: symbol 'ia32_classify_syscall' was not declared. Should it be static?
arch/x86/kernel/traps.c:581:39: warning: symbol 'smp_threshold_interrupt' was not declared. Should it be static?
arch/x86/kernel/time.c:69:13: warning: symbol 'setup_default_timer_irq' was not declared. Should it be static?
arch/x86/kernel/nmi.c:283:17: warning: expression using sizeof bool
arch/x86/kernel/nmi.c:283:17: warning: expression using sizeof bool
arch/x86/kernel/nmi.c:283:17: warning: expression using sizeof bool
arch/x86/kernel/nmi.c:283:17: warning: expression using sizeof bool
arch/x86/kernel/nmi.c:283:17: warning: expression using sizeof bool
arch/x86/kernel/nmi.c:299:25: warning: expression using sizeof bool
arch/x86/kernel/nmi.c:299:25: warning: expression using sizeof bool
arch/x86/kernel/nmi.c:299:25: warning: expression using sizeof bool
arch/x86/kernel/nmi.c:299:25: warning: expression using sizeof bool
arch/x86/kernel/nmi.c:299:25: warning: expression using sizeof bool
arch/x86/kernel/nmi.c:355:20: warning: expression using sizeof bool
arch/x86/kernel/nmi.c:355:20: warning: expression using sizeof bool
arch/x86/kernel/nmi.c:355:20: warning: expression using sizeof bool
arch/x86/kernel/nmi.c:355:20: warning: expression using sizeof bool
arch/x86/kernel/nmi.c:355:20: warning: expression using sizeof bool
arch/x86/kernel/setup.c:359:19: warning: incorrect type in assignment (different address spaces)
arch/x86/kernel/setup.c:361:31: warning: incorrect type in argument 1 (different address spaces)
arch/x86/kernel/setup.c:433:22: warning: incorrect type in assignment (different address spaces)
arch/x86/kernel/setup.c:436:39: warning: incorrect type in argument 1 (different address spaces)
arch/x86/kernel/setup.c:437:30: warning: incorrect type in assignment (different address spaces)
arch/x86/kernel/setup.c:452:31: warning: incorrect type in argument 1 (different address spaces)
arch/x86/kernel/setup.c:466:22: warning: incorrect type in assignment (different address spaces)
arch/x86/kernel/setup.c:471:31: warning: incorrect type in argument 1 (different address spaces)
arch/x86/kernel/setup.c:491:22: warning: incorrect type in assignment (different address spaces)
arch/x86/kernel/setup.c:494:31: warning: incorrect type in argument 1 (different address spaces)
arch/x86/kernel/x86_init.c:29:13: warning: symbol 'x86_init_pgd_noop' was not declared. Should it be static?
arch/x86/kernel/x86_init.c:30:12: warning: symbol 'iommu_init_noop' was not declared. Should it be static?
arch/x86/kernel/x86_init.c:31:6: warning: symbol 'iommu_shutdown_noop' was not declared. Should it be static?
arch/x86/kernel/x86_init.c:32:6: warning: symbol 'wallclock_init_noop' was not declared. Should it be static?
arch/x86/kernel/i8259.c:379:19: warning: symbol 'default_legacy_pic' was not declared. Should it be static?
arch/x86/kernel/irqinit.c:118:13: warning: symbol 'init_IRQ' was not declared. Should it be static?
arch/x86/kernel/irq_work.c:12:6: warning: symbol 'smp_irq_work_interrupt' was not declared. Should it be static?
arch/x86/kernel/irq_work.c:21:6: warning: symbol 'arch_irq_work_raise' was not declared. Should it be static?
arch/x86/kernel/probe_roms.c:160:23: warning: incorrect type in return expression (different address spaces)
arch/x86/kernel/probe_roms.c:153:6: error: symbol 'pci_map_biosrom' redeclared with different type (originally declared at /cmpt816/linux/arch/x86/include/asm/probe_roms.h:5) - different address spaces
arch/x86/kernel/syscall_64.c:26:22: warning: symbol 'sys_call_table' was not declared. Should it be static?
arch/x86/kernel/syscall_64.c:31:10: warning: Initializer entry defined twice
arch/x86/kernel/pci-dma.c:286:1: warning: duplicate const 
arch/x86/kernel/quirks.c:47:1: warning: duplicate const 
arch/x86/kernel/quirks.c:49:1: warning: duplicate const 
arch/x86/kernel/quirks.c:51:1: warning: duplicate const 
arch/x86/kernel/quirks.c:155:1: warning: duplicate const 
arch/x86/kernel/quirks.c:157:1: warning: duplicate const 
arch/x86/kernel/quirks.c:159:1: warning: duplicate const 
arch/x86/kernel/quirks.c:161:1: warning: duplicate const 
arch/x86/kernel/quirks.c:163:1: warning: duplicate const 
arch/x86/kernel/quirks.c:165:1: warning: duplicate const 
arch/x86/kernel/quirks.c:167:1: warning: duplicate const 
arch/x86/kernel/quirks.c:169:1: warning: duplicate const 
arch/x86/kernel/quirks.c:171:1: warning: duplicate const 
arch/x86/kernel/quirks.c:173:1: warning: duplicate const 
arch/x86/kernel/quirks.c:265:1: warning: duplicate const 
arch/x86/kernel/quirks.c:267:1: warning: duplicate const 
arch/x86/kernel/quirks.c:269:1: warning: duplicate const 
arch/x86/kernel/quirks.c:271:1: warning: duplicate const 
arch/x86/kernel/quirks.c:273:1: warning: duplicate const 
arch/x86/kernel/quirks.c:275:1: warning: duplicate const 
arch/x86/kernel/quirks.c:277:1: warning: duplicate const 
arch/x86/kernel/quirks.c:342:1: warning: duplicate const 
arch/x86/kernel/quirks.c:344:1: warning: duplicate const 
arch/x86/kernel/quirks.c:346:1: warning: duplicate const 
arch/x86/kernel/quirks.c:413:1: warning: duplicate const 
arch/x86/kernel/quirks.c:448:1: warning: duplicate const 
arch/x86/kernel/quirks.c:450:1: warning: duplicate const 
arch/x86/kernel/quirks.c:454:1: warning: duplicate const 
arch/x86/kernel/quirks.c:456:1: warning: duplicate const 
arch/x86/kernel/quirks.c:458:1: warning: duplicate const 
arch/x86/kernel/quirks.c:460:1: warning: duplicate const 
arch/x86/kernel/quirks.c:462:1: warning: duplicate const 
arch/x86/kernel/quirks.c:464:1: warning: duplicate const 
arch/x86/kernel/quirks.c:466:1: warning: duplicate const 
arch/x86/kernel/quirks.c:468:1: warning: duplicate const 
arch/x86/kernel/quirks.c:470:1: warning: duplicate const 
arch/x86/kernel/quirks.c:508:1: warning: duplicate const 
arch/x86/kernel/quirks.c:538:1: warning: duplicate const 
arch/x86/kernel/quirks.c:540:1: warning: duplicate const 
arch/x86/kernel/quirks.c:542:1: warning: duplicate const 
arch/x86/kernel/quirks.c:544:1: warning: duplicate const 
arch/x86/kernel/quirks.c:546:1: warning: duplicate const 
arch/x86/kernel/quirks.c:548:1: warning: duplicate const 
arch/x86/kernel/quirks.c:550:1: warning: duplicate const 
arch/x86/kernel/quirks.c:552:1: warning: duplicate const 
arch/x86/kernel/quirks.c:554:1: warning: duplicate const 
arch/x86/kernel/quirks.c:556:1: warning: duplicate const 
arch/x86/kernel/quirks.c:558:1: warning: duplicate const 
arch/x86/kernel/quirks.c:560:1: warning: duplicate const 
arch/x86/kernel/quirks.c:562:1: warning: duplicate const 
arch/x86/kernel/quirks.c:564:1: warning: duplicate const 
arch/x86/kernel/quirks.c:566:1: warning: duplicate const 
arch/x86/kernel/kdebugfs.c:52:19: warning: incorrect type in assignment (different address spaces)
arch/x86/kernel/kdebugfs.c:61:25: warning: incorrect type in argument 1 (different address spaces)
arch/x86/kernel/kdebugfs.c:129:30: warning: incorrect type in assignment (different address spaces)
arch/x86/kernel/kdebugfs.c:145:33: warning: incorrect type in argument 1 (different address spaces)
arch/x86/kernel/tsc.c:1014:25: warning: symbol 'calibrate_delay_is_known' was not declared. Should it be static?
arch/x86/kernel/pci-iommu_table.c:62:37: warning: Using plain integer as NULL pointer
arch/x86/kernel/process.c:227:6: warning: symbol '__switch_to_xtra' was not declared. Should it be static?
arch/x86/kernel/process.c:540:21: warning: cast removes address space of expression
arch/x86/kernel/process.c:540:21: warning: incorrect type in argument 2 (different address spaces)
/cmpt816/linux/arch/x86/include/asm/percpu.h:522:34: warning: cast removes address space of expression
arch/x86/kernel/process.c:540:21: warning: cast removes address space of expression
arch/x86/kernel/process.c:540:21: warning: incorrect type in argument 2 (different address spaces)
/cmpt816/linux/arch/x86/include/asm/percpu.h:505:38: warning: cast removes address space of expression
/cmpt816/linux/arch/x86/include/asm/percpu.h:505:59: warning: incorrect type in initializer (different address spaces)
arch/x86/kernel/xsave.c:132:15: warning: cast removes address space of expression
arch/x86/kernel/xsave.c:132:15: warning: incorrect type in argument 1 (different address spaces)
arch/x86/kernel/xsave.c:132:15: warning: cast removes address space of expression
arch/x86/kernel/xsave.c:132:15: warning: cast removes address space of expression
arch/x86/kernel/xsave.c:132:15: warning: cast removes address space of expression
arch/x86/kernel/xsave.c:132:15: warning: cast removes address space of expression
arch/x86/kernel/xsave.c:132:15: warning: cast removes address space of expression
arch/x86/kernel/xsave.c:132:15: warning: cast removes address space of expression
arch/x86/kernel/acpi/boot.c:161:29: warning: incorrect type in return expression (different address spaces)
arch/x86/kernel/acpi/boot.c:168:23: warning: incorrect type in argument 1 (different address spaces)
arch/x86/kernel/acpi/boot.c:578:13: warning: symbol 'acpi_set_irq_model_pic' was not declared. Should it be static?
arch/x86/kernel/acpi/boot.c:585:13: warning: symbol 'acpi_set_irq_model_ioapic' was not declared. Should it be static?
arch/x86/kernel/acpi/cstate.c:166:21: warning: cast removes address space of expression
arch/x86/kernel/acpi/cstate.c:166:21: warning: incorrect type in argument 2 (different address spaces)
/cmpt816/linux/arch/x86/include/asm/percpu.h:522:34: warning: cast removes address space of expression
arch/x86/kernel/acpi/cstate.c:166:21: warning: cast removes address space of expression
arch/x86/kernel/acpi/cstate.c:166:21: warning: incorrect type in argument 2 (different address spaces)
/cmpt816/linux/arch/x86/include/asm/percpu.h:505:38: warning: cast removes address space of expression
/cmpt816/linux/arch/x86/include/asm/percpu.h:505:59: warning: incorrect type in initializer (different address spaces)
arch/x86/kernel/acpi/cstate.c:163:6: warning: symbol 'mwait_idle_with_hints' was not declared. Should it be static?
arch/x86/kernel/apic/apic.c:527:13: warning: cast removes address space of expression
arch/x86/kernel/apic/apic.c:527:13: warning: incorrect type in argument 2 (different address spaces)
/cmpt816/linux/arch/x86/include/asm/percpu.h:522:34: warning: cast removes address space of expression
arch/x86/kernel/apic/apic.c:527:13: warning: cast removes address space of expression
arch/x86/kernel/apic/apic.c:527:13: warning: incorrect type in argument 2 (different address spaces)
/cmpt816/linux/arch/x86/include/asm/percpu.h:505:38: warning: cast removes address space of expression
/cmpt816/linux/arch/x86/include/asm/percpu.h:505:59: warning: incorrect type in initializer (different address spaces)
arch/x86/kernel/apic/apic.c:1520:12: warning: symbol 'enable_IR' was not declared. Should it be static?
arch/x86/kernel/apic/apic.c:2116:6: warning: symbol 'default_init_apic_ldr' was not declared. Should it be static?
arch/x86/kernel/apic/io_apic.c:337:55: warning: incorrect type in initializer (different modifiers)
arch/x86/kernel/apic/io_apic.c:344:55: warning: incorrect type in initializer (different modifiers)
arch/x86/kernel/apic/io_apic.c:358:55: warning: incorrect type in initializer (different modifiers)
arch/x86/kernel/apic/io_apic.c:523:17: warning: incorrect type in assignment (different modifiers)
arch/x86/kernel/apic/io_apic.c:331:55: warning: incorrect type in initializer (different modifiers)
arch/x86/kernel/apic/io_apic.c:331:55: warning: incorrect type in initializer (different modifiers)
arch/x86/kernel/apic/io_apic.c:1087:6: warning: context imbalance in 'lock_vector_lock' - wrong count at exit
arch/x86/kernel/apic/io_apic.c:1095:6: warning: context imbalance in 'unlock_vector_lock' - unexpected unlock
arch/x86/kernel/apic/apic_flat_64.c:65:6: warning: symbol 'flat_init_apic_ldr' was not declared. Should it be static?
arch/x86/kernel/cpu/intel_cacheinfo.c:350:5: warning: symbol 'amd_get_l3_disable_slot' was not declared. Should it be static?
arch/x86/kernel/cpu/intel_cacheinfo.c:428:5: warning: symbol 'amd_set_l3_disable_slot' was not declared. Should it be static?
arch/x86/kernel/cpu/common.c:1233:33: warning: incorrect type in initializer (different modifiers)
arch/x86/kernel/cpu/common.c:1073:9: warning: cast truncates bits from constant value (23001000000000 becomes 0)
arch/x86/kernel/cpu/sched.c:28:15: warning: symbol 'arch_scale_freq_power' was not declared. Should it be static?
arch/x86/kernel/cpu/sched.c:44:15: warning: symbol 'arch_scale_smt_power' was not declared. Should it be static?
arch/x86/kernel/cpu/perf_event.c:1707:6: warning: symbol 'arch_perf_update_userpage' was not declared. Should it be static?
arch/x86/kernel/cpu/perf_event.c:1840:20: warning: incorrect type in assignment (different address spaces)
arch/x86/kernel/cpu/perf_event_p4.c:593:3: warning: symbol 'p4_event_aliases' was not declared. Should it be static?
arch/x86/kernel/cpu/mcheck/mce.c:109:1: warning: symbol 'x86_mce_decoder_chain' was not declared. Should it be static?
arch/x86/kernel/cpu/mcheck/mce.c:526:1: warning: symbol 'mce_irq_work' was not declared. Should it be static?
arch/x86/kernel/cpu/mcheck/mce.c:959:3: warning: symbol 'mce_info' was not declared. Should it be static?
arch/x86/kernel/cpu/mcheck/mce.c:1790:13: error: cannot dereference this type
arch/x86/kernel/cpu/mcheck/mce.c:1790:13: error: incompatible types for operation (==)
arch/x86/kernel/cpu/mcheck/threshold.c:20:17: warning: symbol 'smp_threshold_interrupt' was not declared. Should it be static?
arch/x86/kernel/cpu/mcheck/therm_throt.c:355:13: warning: cast removes address space of expression
arch/x86/kernel/cpu/mcheck/therm_throt.c:355:13: warning: incorrect type in argument 2 (different address spaces)
/cmpt816/linux/arch/x86/include/asm/percpu.h:522:34: warning: cast removes address space of expression
arch/x86/kernel/cpu/mcheck/therm_throt.c:355:13: warning: cast removes address space of expression
arch/x86/kernel/cpu/mcheck/therm_throt.c:355:13: warning: incorrect type in argument 2 (different address spaces)
/cmpt816/linux/arch/x86/include/asm/percpu.h:505:38: warning: cast removes address space of expression
/cmpt816/linux/arch/x86/include/asm/percpu.h:505:59: warning: incorrect type in initializer (different address spaces)
arch/x86/kernel/cpu/mcheck/therm_throt.c:360:13: warning: cast removes address space of expression
arch/x86/kernel/cpu/mcheck/therm_throt.c:360:13: warning: incorrect type in argument 2 (different address spaces)
/cmpt816/linux/arch/x86/include/asm/percpu.h:522:34: warning: cast removes address space of expression
arch/x86/kernel/cpu/mcheck/therm_throt.c:360:13: warning: cast removes address space of expression
arch/x86/kernel/cpu/mcheck/therm_throt.c:360:13: warning: incorrect type in argument 2 (different address spaces)
/cmpt816/linux/arch/x86/include/asm/percpu.h:505:38: warning: cast removes address space of expression
/cmpt816/linux/arch/x86/include/asm/percpu.h:505:59: warning: incorrect type in initializer (different address spaces)
arch/x86/kernel/cpu/mcheck/therm_throt.c:365:21: warning: cast removes address space of expression
arch/x86/kernel/cpu/mcheck/therm_throt.c:365:21: warning: incorrect type in argument 2 (different address spaces)
/cmpt816/linux/arch/x86/include/asm/percpu.h:522:34: warning: cast removes address space of expression
arch/x86/kernel/cpu/mcheck/therm_throt.c:365:21: warning: cast removes address space of expression
arch/x86/kernel/cpu/mcheck/therm_throt.c:365:21: warning: incorrect type in argument 2 (different address spaces)
/cmpt816/linux/arch/x86/include/asm/percpu.h:505:38: warning: cast removes address space of expression
/cmpt816/linux/arch/x86/include/asm/percpu.h:505:59: warning: incorrect type in initializer (different address spaces)
arch/x86/kernel/cpu/mcheck/therm_throt.c:381:17: warning: symbol 'smp_thermal_interrupt' was not declared. Should it be static?
arch/x86/kernel/smp.c:170:17: warning: symbol 'smp_reboot_interrupt' was not declared. Should it be static?
arch/x86/kernel/smpboot.c:1070:6: warning: symbol 'arch_disable_nonboot_cpus_begin' was not declared. Should it be static?
arch/x86/kernel/smpboot.c:1079:6: warning: symbol 'arch_disable_nonboot_cpus_end' was not declared. Should it be static?
arch/x86/kernel/smpboot.c:1084:6: warning: symbol 'arch_enable_nonboot_cpus_begin' was not declared. Should it be static?
arch/x86/kernel/smpboot.c:1089:6: warning: symbol 'arch_enable_nonboot_cpus_end' was not declared. Should it be static?
arch/x86/kernel/smpboot.c:1314:15: warning: cast removes address space of expression
arch/x86/kernel/smpboot.c:1314:15: warning: incorrect type in argument 2 (different address spaces)
/cmpt816/linux/arch/x86/include/asm/percpu.h:522:34: warning: cast removes address space of expression
arch/x86/kernel/smpboot.c:1314:15: warning: cast removes address space of expression
arch/x86/kernel/smpboot.c:1314:15: warning: incorrect type in argument 2 (different address spaces)
/cmpt816/linux/arch/x86/include/asm/percpu.h:505:38: warning: cast removes address space of expression
/cmpt816/linux/arch/x86/include/asm/percpu.h:505:59: warning: incorrect type in initializer (different address spaces)
arch/x86/kernel/smpboot.c:1316:14: warning: cast removes address space of expression
arch/x86/kernel/smpboot.c:1316:14: warning: incorrect type in argument 2 (different address spaces)
/cmpt816/linux/arch/x86/include/asm/percpu.h:522:34: warning: cast removes address space of expression
arch/x86/kernel/smpboot.c:1316:14: warning: cast removes address space of expression
arch/x86/kernel/smpboot.c:1316:14: warning: incorrect type in argument 2 (different address spaces)
/cmpt816/linux/arch/x86/include/asm/percpu.h:505:38: warning: cast removes address space of expression
/cmpt816/linux/arch/x86/include/asm/percpu.h:505:59: warning: incorrect type in initializer (different address spaces)
arch/x86/kernel/mpparse.c:442:13: warning: incorrect type in assignment (different address spaces)
arch/x86/kernel/mpparse.c:444:23: warning: incorrect type in argument 1 (different address spaces)
arch/x86/kernel/mpparse.c:456:13: warning: incorrect type in assignment (different address spaces)
arch/x86/kernel/mpparse.c:467:31: warning: incorrect type in argument 1 (different address spaces)
arch/x86/kernel/mpparse.c:470:23: warning: incorrect type in argument 1 (different address spaces)
arch/x86/kernel/crash_dump_64.c:34:15: warning: incorrect type in assignment (different address spaces)
arch/x86/kernel/crash_dump_64.c:39:34: warning: incorrect type in argument 1 (different address spaces)
arch/x86/kernel/crash_dump_64.c:40:33: warning: incorrect type in argument 1 (different address spaces)
arch/x86/kernel/crash_dump_64.c:47:17: warning: incorrect type in argument 1 (different address spaces)
arch/x86/kernel/kprobes-opt.c:443:13: warning: function 'arch_unoptimize_kprobes' with external linkage has definition
arch/x86/kernel/microcode_intel.c:433:35: warning: incorrect type in argument 2 (different address spaces)
arch/x86/kernel/microcode_intel.c:439:45: warning: cast removes address space of expression
arch/x86/kernel/microcode_amd.c:79:6: warning: symbol 'patch' was not declared. Should it be static?
arch/x86/kernel/check.c:71:13: warning: symbol 'setup_bios_corruption_check' was not declared. Should it be static?
arch/x86/kernel/check.c:118:6: warning: symbol 'check_for_bios_corruption' was not declared. Should it be static?
arch/x86/kernel/pci-swiotlb.c:68:1: warning: duplicate const 
arch/x86/kernel/pci-swiotlb.c:86:1: warning: duplicate const 
arch/x86/kernel/amd_gart_64.c:899:1: warning: duplicate const 
arch/x86/kernel/amd_gart_64.c:899:1: warning: Using plain integer as NULL pointer
arch/x86/kernel/amd_gart_64.c:899:1: warning: Using plain integer as NULL pointer
arch/x86/kernel/pci-calgary_64.c:1602:1: warning: duplicate const 
arch/x86/kernel/pci-calgary_64.c:1602:1: warning: Using plain integer as NULL pointer
arch/x86/kernel/pci-calgary_64.c:1602:1: warning: Using plain integer as NULL pointer
include/linux/spinlock.h:340:9: warning: context imbalance in 'iommu_range_alloc' - unexpected unlock
arch/x86/mm/init_64.c:332:13: warning: incorrect type in assignment (different address spaces)
arch/x86/mm/init_64.c:348:13: warning: incorrect type in assignment (different address spaces)
arch/x86/mm/init_64.c:359:24: warning: incorrect type in argument 1 (different address spaces)
arch/x86/mm/gup.c:90:17: error: undefined identifier 'BUILD_BUG_ON_INVALID'
include/linux/mm.h:405:9: error: undefined identifier 'BUILD_BUG_ON_INVALID'
arch/x86/mm/gup.c:125:9: error: undefined identifier 'BUILD_BUG_ON_INVALID'
arch/x86/mm/gup.c:126:9: error: undefined identifier 'BUILD_BUG_ON_INVALID'
arch/x86/mm/gup.c:132:17: error: undefined identifier 'BUILD_BUG_ON_INVALID'
include/linux/mm.h:389:9: error: undefined identifier 'BUILD_BUG_ON_INVALID'
include/linux/mm.h:390:9: error: undefined identifier 'BUILD_BUG_ON_INVALID'
arch/x86/mm/gup.c:105:9: error: undefined identifier 'BUILD_BUG_ON_INVALID'
arch/x86/mm/gup.c:106:9: error: undefined identifier 'BUILD_BUG_ON_INVALID'
arch/x86/mm/gup.c:195:9: error: undefined identifier 'BUILD_BUG_ON_INVALID'
arch/x86/mm/gup.c:196:9: error: undefined identifier 'BUILD_BUG_ON_INVALID'
arch/x86/mm/gup.c:202:17: error: undefined identifier 'BUILD_BUG_ON_INVALID'
include/linux/mm.h:389:9: error: not a function <noident>
include/linux/mm.h:390:9: error: not a function <noident>
arch/x86/mm/gup.c:105:9: error: not a function <noident>
arch/x86/mm/gup.c:106:9: error: not a function <noident>
arch/x86/mm/gup.c:365:9: error: undefined identifier 'BUILD_BUG_ON_INVALID'
arch/x86/mm/tlb.c:203:9: warning: context imbalance in 'flush_tlb_others_ipi' - different lock contexts for basic block
include/linux/mm.h:405:9: error: undefined identifier 'BUILD_BUG_ON_INVALID'
arch/x86/platform/efi/efi.c:449:26: warning: incorrect type in assignment (different address spaces)
arch/x86/platform/efi/efi.c:480:31: warning: incorrect type in argument 1 (different address spaces)
arch/x86/platform/efi/efi.c:490:26: warning: incorrect type in assignment (different address spaces)
arch/x86/platform/efi/efi.c:511:31: warning: incorrect type in argument 1 (different address spaces)
arch/x86/platform/efi/efi.c:545:23: warning: incorrect type in assignment (different address spaces)
arch/x86/platform/efi/efi.c:602:23: warning: incorrect type in argument 1 (different address spaces)
arch/x86/platform/efi/efi.c:616:17: warning: incorrect type in assignment (different address spaces)
arch/x86/platform/efi/efi.c:636:23: warning: incorrect type in argument 1 (different address spaces)
arch/x86/platform/efi/efi.c:644:20: warning: incorrect type in assignment (different address spaces)
arch/x86/platform/efi/efi.c:689:19: warning: incorrect type in assignment (different address spaces)
arch/x86/platform/efi/efi.c:696:23: warning: incorrect type in argument 1 (different address spaces)
arch/x86/platform/efi/efi.c:836:28: warning: incorrect type in assignment (different address spaces)
arch/x86/platform/efi/efi.c:910:29: warning: incorrect type in argument 1 (different address spaces)
arch/x86/vdso/vma.c:67:41: warning: Using plain integer as NULL pointer
arch/x86/vdso/vclock_gettime.c:155:13: warning: symbol '__vdso_clock_gettime' was not declared. Should it be static?
arch/x86/vdso/vclock_gettime.c:179:13: warning: symbol '__vdso_gettimeofday' was not declared. Should it be static?
arch/x86/vdso/vclock_gettime.c:207:16: warning: symbol '__vdso_time' was not declared. Should it be static?
arch/x86/vdso/vgetcpu.c:16:1: warning: symbol '__vdso_getcpu' was not declared. Should it be static?
arch/x86/vdso/vdso32-setup.c:355:48: warning: incorrect type in assignment (different address spaces)
kernel/fork.c:92:5: warning: symbol 'max_threads' was not declared. Should it be static?
kernel/fork.c:135:13: warning: symbol 'arch_release_thread_info' was not declared. Should it be static?
kernel/fork.c:247:13: warning: symbol 'fork_init' was not declared. Should it be static?
kernel/fork.c:1137:41: warning: implicit cast to nocast type
kernel/fork.c:1138:41: warning: implicit cast to nocast type
kernel/fork.c:1247:42: warning: implicit cast to nocast type
kernel/fork.c:1248:43: warning: implicit cast to nocast type
kernel/fork.c:1250:41: warning: implicit cast to nocast type
kernel/panic.c:55:13: warning: symbol 'panic_smp_self_stop' was not declared. Should it be static?
kernel/panic.c:69:6: error: symbol 'panic' redeclared with different type (originally declared at include/linux/kernel.h:206) - different modifiers
kernel/printk.c:65:1: warning: symbol 'log_wait' was not declared. Should it be static?
kernel/printk.c:700:15: warning: memcpy with byte count of 262144
kernel/cpu.c:442:13: warning: symbol 'arch_disable_nonboot_cpus_begin' was not declared. Should it be static?
kernel/cpu.c:446:13: warning: symbol 'arch_disable_nonboot_cpus_end' was not declared. Should it be static?
kernel/cpu.c:490:13: warning: symbol 'arch_enable_nonboot_cpus_begin' was not declared. Should it be static?
kernel/cpu.c:494:13: warning: symbol 'arch_enable_nonboot_cpus_end' was not declared. Should it be static?
kernel/cpu.c:547:6: warning: symbol 'cpu_hotplug_disable_before_freeze' was not declared. Should it be static?
kernel/cpu.c:559:6: warning: symbol 'cpu_hotplug_enable_after_thaw' was not declared. Should it be static?
kernel/cpu.c:204:9: warning: context imbalance in 'clear_tasks_mm_cpumask' - different lock contexts for basic block
kernel/exit.c:905:6: error: symbol 'do_exit' redeclared with different type (originally declared at include/linux/kernel.h:212) - different modifiers
kernel/exit.c:1085:6: error: symbol 'complete_and_exit' redeclared with different type (originally declared at include/linux/kernel.h:214) - different modifiers
kernel/itimer.c:126:59: warning: implicit cast to nocast type
kernel/itimer.c:167:55: warning: incorrect type in argument 3 (different modifiers)
kernel/itimer.c:167:55: warning: implicit cast to nocast type
kernel/itimer.c:167:62: warning: incorrect type in argument 4 (different modifiers)
kernel/itimer.c:167:62: warning: implicit cast to nocast type
kernel/itimer.c:226:56: warning: implicit cast to nocast type
kernel/resource.c:363:12: warning: symbol 'page_is_ram' was not declared. Should it be static?
kernel/resource.c:473:5: warning: symbol 'reallocate_resource' was not declared. Should it be static?
kernel/ptrace.c:835:9: warning: context imbalance in 'ptrace_request' - different lock contexts for basic block
include/trace/events/timer.h:11:1: error: incompatible types for operation (<)
include/trace/events/timer.h:44:1: error: incompatible types for operation (<)
include/trace/events/timer.h:44:1: error: incompatible types for operation (<)
include/trace/events/timer.h:75:1: error: incompatible types for operation (<)
include/trace/events/timer.h:75:1: error: incompatible types for operation (<)
include/trace/events/timer.h:130:1: error: incompatible types for operation (<)
include/trace/events/timer.h:160:1: error: incompatible types for operation (<)
include/trace/events/timer.h:160:1: error: incompatible types for operation (<)
include/trace/events/timer.h:196:1: error: incompatible types for operation (<)
include/trace/events/timer.h:196:1: error: incompatible types for operation (<)
include/trace/events/timer.h:218:1: error: incompatible types for operation (<)
kernel/user.c:61:19: warning: symbol 'uidhash_table' was not declared. Should it be static?
kernel/signal.c:3174:1: warning: symbol 'sys_rt_sigaction' was not declared. Should it be static?
kernel/signal.c:3274:1: warning: symbol 'sys_rt_sigsuspend' was not declared. Should it be static?
kernel/signal.c:1281:23: warning: context imbalance in '__lock_task_sighand' - different lock contexts for basic block
kernel/signal.c:2002:13: warning: context imbalance in 'do_signal_stop' - different lock contexts for basic block
kernel/signal.c:2251:25: warning: context imbalance in 'get_signal_to_deliver' - unexpected unlock
kernel/sys.c:1048:38: warning: incorrect type in argument 2 (different modifiers)
kernel/sys.c:1048:38: warning: implicit cast to nocast type
kernel/sys.c:1048:48: warning: incorrect type in argument 3 (different modifiers)
kernel/sys.c:1048:48: warning: implicit cast to nocast type
kernel/sys.c:1701:25: warning: implicit cast to nocast type
kernel/sys.c:1704:38: warning: incorrect type in argument 2 (different modifiers)
kernel/sys.c:1704:38: warning: implicit cast to nocast type
kernel/sys.c:1704:46: warning: incorrect type in argument 3 (different modifiers)
kernel/sys.c:1704:46: warning: implicit cast to nocast type
kernel/sys.c:1730:48: warning: incorrect type in argument 2 (different modifiers)
kernel/sys.c:1730:48: warning: implicit cast to nocast type
kernel/sys.c:1730:58: warning: incorrect type in argument 3 (different modifiers)
kernel/sys.c:1730:58: warning: implicit cast to nocast type
include/trace/events/workqueue.h:10:1: error: incompatible types for operation (<)
include/trace/events/workqueue.h:37:1: error: incompatible types for operation (<)
include/trace/events/workqueue.h:37:1: error: incompatible types for operation (<)
include/trace/events/workqueue.h:37:1: error: incompatible types for operation (<)
include/trace/events/workqueue.h:86:1: error: incompatible types for operation (<)
include/trace/events/workqueue.h:86:1: error: incompatible types for operation (<)
kernel/pid.c:46:5: warning: symbol 'pid_max' was not declared. Should it be static?
kernel/pid.c:50:5: warning: symbol 'pid_max_min' was not declared. Should it be static?
kernel/pid.c:51:5: warning: symbol 'pid_max_max' was not declared. Should it be static?
include/trace/events/rcu.h:20:1: error: incompatible types for operation (<)
kernel/extable.c:39:16: warning: symbol 'main_extable_sort_needed' was not declared. Should it be static?
kernel/posix-timers.c:335:9: warning: context imbalance in 'do_schedule_next_timer' - different lock contexts for basic block
kernel/posix-timers.c:638:24: warning: context imbalance in '__lock_timer' - wrong count at exit
kernel/posix-cpu-timers.c:24:53: warning: incorrect type in argument 3 (different modifiers)
kernel/posix-cpu-timers.c:24:53: warning: implicit cast to nocast type
kernel/posix-cpu-timers.c:463:46: warning: implicit cast to nocast type
kernel/posix-cpu-timers.c:473:46: warning: implicit cast to nocast type
kernel/posix-cpu-timers.c:902:41: warning: implicit cast to nocast type
kernel/posix-cpu-timers.c:917:41: warning: implicit cast to nocast type
kernel/posix-cpu-timers.c:1005:39: warning: implicit cast to nocast type
kernel/posix-cpu-timers.c:1058:24: warning: implicit cast to nocast type
kernel/posix-cpu-timers.c:1073:24: warning: implicit cast to nocast type
kernel/posix-cpu-timers.c:1104:57: warning: incorrect type in argument 3 (different modifiers)
kernel/posix-cpu-timers.c:1104:57: warning: implicit cast to nocast type
kernel/posix-cpu-timers.c:1106:57: warning: incorrect type in argument 3 (different modifiers)
kernel/posix-cpu-timers.c:1106:57: warning: implicit cast to nocast type
kernel/hrtimer.c:61:1: warning: symbol 'hrtimer_bases' was not declared. Should it be static?
kernel/hrtimer.c:137:27: warning: context imbalance in 'lock_hrtimer_base' - wrong count at exit
kernel/hrtimer.c:815:9: warning: context imbalance in '__hrtimer_start_range_ns' - unexpected unlock
kernel/hrtimer.c:815:9: warning: context imbalance in 'hrtimer_try_to_cancel' - unexpected unlock
kernel/hrtimer.c:1094:9: warning: context imbalance in 'hrtimer_get_remaining' - unexpected unlock
kernel/hrtimer.c:1218:36: warning: context imbalance in '__run_hrtimer' - unexpected unlock
kernel/events/core.c:201:26: warning: function 'perf_pmu_name' with external linkage has definition
kernel/events/core.c:601:1: warning: symbol 'perf_cgroup_switch' was not declared. Should it be static?
kernel/events/core.c:629:22: warning: incorrect type in initializer (different address spaces)
kernel/events/core.c:636:22: warning: incorrect type in initializer (different address spaces)
kernel/events/core.c:650:43: warning: incorrect type in initializer (different address spaces)
kernel/events/core.c:214:16: warning: incorrect type in initializer (different address spaces)
kernel/events/core.c:214:16: warning: incorrect type in initializer (different address spaces)
kernel/events/core.c:214:16: warning: incorrect type in initializer (different address spaces)
kernel/events/core.c:214:16: warning: incorrect type in initializer (different address spaces)
kernel/events/core.c:214:16: warning: incorrect type in initializer (different address spaces)
kernel/events/core.c:214:16: warning: incorrect type in initializer (different address spaces)
kernel/events/core.c:214:16: warning: incorrect type in initializer (different address spaces)
kernel/events/core.c:214:16: warning: incorrect type in initializer (different address spaces)
kernel/events/core.c:2247:26: warning: incorrect type in initializer (different address spaces)
kernel/events/core.c:214:16: warning: incorrect type in initializer (different address spaces)
kernel/events/core.c:2785:26: warning: incorrect type in initializer (different address spaces)
kernel/events/core.c:3354:13: warning: symbol 'arch_perf_update_userpage' was not declared. Should it be static?
include/linux/mm.h:405:9: error: undefined identifier 'BUILD_BUG_ON_INVALID'
kernel/events/ring_buffer.c:100:5: warning: context imbalance in 'perf_output_begin' - different lock contexts for basic block
kernel/events/ring_buffer.c:191:6: warning: context imbalance in 'perf_output_end' - unexpected unlock
kernel/events/callchain.c:137:39: warning: incorrect type in argument 1 (different modifiers)
kernel/events/callchain.c:153:31: warning: incorrect type in argument 1 (different modifiers)
kernel/events/hw_breakpoint.c:80:12: warning: symbol 'hw_breakpoint_weight' was not declared. Should it be static?
kernel/events/hw_breakpoint.c:247:13: warning: symbol 'arch_unregister_hw_breakpoint' was not declared. Should it be static?
kernel/irq/irqdesc.c:427:17: warning: context imbalance in '__irq_get_desc_lock' - wrong count at exit
kernel/irq/irqdesc.c:451:6: warning: context imbalance in '__irq_put_desc_unlock' - unexpected unlock
kernel/irq/spurious.c:47:17: warning: context imbalance in 'irq_wait_for_poll' - unexpected unlock
kernel/power/main.c:49:5: warning: symbol 'pm_async_enabled' was not declared. Should it be static?
kernel/power/snapshot.c:73:12: warning: symbol 'restore_pblist' was not declared. Should it be static?
kernel/power/snapshot.c:1066:14: warning: symbol 'alloc_normal' was not declared. Should it be static?
kernel/power/snapshot.c:1066:28: warning: symbol 'alloc_highmem' was not declared. Should it be static?
kernel/power/snapshot.c:1579:16: warning: symbol 'swsusp_save' was not declared. Should it be static?
include/linux/mm.h:405:9: error: undefined identifier 'BUILD_BUG_ON_INVALID'
kernel/sched/core.c:960:6: warning: symbol 'sched_set_stop_task' was not declared. Should it be static?
kernel/sched/core.c:2814:16: warning: symbol 'root_cpuacct' was not declared. Should it be static?
kernel/sched/core.c:6162:28: warning: incorrect type in initializer (different address spaces)
kernel/sched/core.c:6197:26: warning: incorrect type in initializer (different address spaces)
kernel/sched/core.c:6218:28: warning: incorrect type in initializer (different address spaces)
kernel/sched/core.c:6257:36: warning: incorrect type in initializer (different address spaces)
kernel/sched/core.c:6264:24: warning: incorrect type in initializer (different address spaces)
kernel/sched/core.c:6265:31: warning: incorrect type in initializer (different address spaces)
kernel/sched/core.c:6358:12: warning: symbol 'arch_sd_sibling_asym_packing' was not declared. Should it be static?
kernel/sched/core.c:6385:1: warning: incorrect type in initializer (different address spaces)
kernel/sched/core.c:6387:2: warning: incorrect type in initializer (different address spaces)
kernel/sched/core.c:6390:2: warning: incorrect type in initializer (different address spaces)
kernel/sched/core.c:6799:39: warning: incorrect type in initializer (different address spaces)
kernel/sched/core.c:6802:40: warning: incorrect type in initializer (different address spaces)
kernel/sched/core.c:6806:40: warning: incorrect type in initializer (different address spaces)
kernel/sched/core.c:6808:40: warning: incorrect type in initializer (different address spaces)
kernel/sched/core.c:6810:32: warning: incorrect type in argument 1 (different address spaces)
kernel/sched/core.c:6812:32: warning: incorrect type in argument 1 (different address spaces)
kernel/sched/core.c:6814:32: warning: incorrect type in argument 1 (different address spaces)
kernel/sched/core.c:6742:25: warning: incorrect type in assignment (different address spaces)
kernel/sched/core.c:6746:25: warning: incorrect type in assignment (different address spaces)
kernel/sched/core.c:6750:26: warning: incorrect type in assignment (different address spaces)
kernel/sched/core.c:6764:26: warning: incorrect type in initializer (different address spaces)
kernel/sched/core.c:6773:26: warning: incorrect type in initializer (different address spaces)
kernel/sched/core.c:6780:26: warning: incorrect type in initializer (different address spaces)
kernel/sched/core.c:6440:30: warning: incorrect type in argument 1 (different address spaces)
kernel/sched/core.c:6455:15: warning: incorrect type in assignment (different address spaces)
kernel/sched/core.c:6473:9: warning: incorrect type in initializer (different address spaces)
kernel/sched/core.c:6474:10: warning: incorrect type in initializer (different address spaces)
kernel/sched/core.c:6476:28: warning: incorrect type in initializer (different address spaces)
kernel/sched/core.c:6477:18: warning: incorrect type in initializer (different address spaces)
kernel/sched/core.c:6479:28: warning: incorrect type in initializer (different address spaces)
kernel/sched/core.c:6480:18: warning: incorrect type in initializer (different address spaces)
kernel/sched/core.c:6527:36: warning: incorrect type in initializer (different address spaces)
kernel/sched/core.c:6819:21: warning: symbol 'build_sched_domain' was not declared. Should it be static?
kernel/sched/core.c:6872:18: warning: incorrect type in initializer (different address spaces)
kernel/sched/core.c:6877:28: warning: incorrect type in initializer (different address spaces)
kernel/sched/core.c:6894:28: warning: incorrect type in initializer (different address spaces)
kernel/sched/core.c:6903:23: warning: incorrect type in initializer (different address spaces)
kernel/sched/core.c:7171:26: warning: symbol 'sysctl_timer_migration' was not declared. Should it be static?
kernel/sched/core.c:4705:1: warning: context imbalance in 'sys_sched_yield' - unexpected unlock
kernel/sched/core.c:6440:29: warning: dereference of noderef expression
kernel/sched/core.c:6456:14: warning: dereference of noderef expression
kernel/sched/core.c:6743:22: warning: dereference of noderef expression
kernel/sched/core.c:6747:22: warning: dereference of noderef expression
kernel/sched/core.c:6751:22: warning: dereference of noderef expression
kernel/sched/core.c:6798:29: warning: dereference of noderef expression
kernel/sched/core.c:6805:29: warning: dereference of noderef expression
kernel/sched/core.c:6807:29: warning: dereference of noderef expression
kernel/sched/core.c:6810:29: warning: dereference of noderef expression
kernel/sched/core.c:6811:17: warning: dereference of noderef expression
kernel/sched/core.c:6812:29: warning: dereference of noderef expression
kernel/sched/core.c:6813:17: warning: dereference of noderef expression
kernel/sched/core.c:6814:29: warning: dereference of noderef expression
kernel/sched/core.c:6815:17: warning: dereference of noderef expression
kernel/sched/clock.c:82:19: warning: symbol 'sched_clock_running' was not declared. Should it be static?
kernel/sched/fair.c:47:14: warning: symbol 'normalized_sysctl_sched_latency' was not declared. Should it be static?
kernel/sched/fair.c:66:14: warning: symbol 'normalized_sysctl_sched_min_granularity' was not declared. Should it be static?
kernel/sched/fair.c:88:14: warning: symbol 'normalized_sysctl_sched_wakeup_granularity' was not declared. Should it be static?
kernel/sched/fair.c:97:28: warning: symbol 'sysctl_sched_shares_window' was not declared. Should it be static?
kernel/sched/fair.c:3483:22: warning: symbol 'arch_scale_freq_power' was not declared. Should it be static?
kernel/sched/fair.c:3498:22: warning: symbol 'arch_scale_smt_power' was not declared. Should it be static?
kernel/sched/fair.c:3503:15: warning: symbol 'scale_rt_power' was not declared. Should it be static?
kernel/sched/fair.c:4200:1: warning: symbol 'load_balance_tmpmask' was not declared. Should it be static?
kernel/sched/fair.c:4516:9: warning: context imbalance in 'active_load_balance_cpu_stop' - different lock contexts for basic block
kernel/sched/fair.c:4712:21: warning: context imbalance in 'rebalance_domains' - different lock contexts for basic block
/cmpt816/linux/arch/x86/include/asm/spinlock.h:82:9: warning: context imbalance in 'find_lock_lowest_rq' - unexpected unlock
kernel/sched/rt.c:1680:9: warning: context imbalance in 'push_rt_task' - unexpected unlock
/cmpt816/linux/arch/x86/include/asm/spinlock.h:82:9: warning: context imbalance in 'pull_rt_task' - unexpected unlock
kernel/time/timekeeping.c:89:28: warning: symbol 'xtime_lock' was not declared. Should it be static?
kernel/time/timekeeping.c:1248:6: warning: symbol 'do_timer' was not declared. Should it be static?
kernel/time/ntp.c:25:1: warning: symbol 'ntp_lock' was not declared. Should it be static?
kernel/time/jiffies.c:61:20: warning: symbol 'clocksource_jiffies' was not declared. Should it be static?
kernel/trace/ring_buffer.c:3586:9: warning: context imbalance in 'ring_buffer_peek' - different lock contexts for basic block
kernel/trace/ring_buffer.c:3662:9: warning: context imbalance in 'ring_buffer_consume' - different lock contexts for basic block
kernel/trace/ring_buffer.c:3951:17: warning: context imbalance in 'ring_buffer_empty' - different lock contexts for basic block
kernel/trace/ring_buffer.c:3985:9: warning: context imbalance in 'ring_buffer_empty_cpu' - different lock contexts for basic block
kernel/trace/trace.c:1513:18: warning: incorrect type in initializer (different address spaces)
kernel/trace/trace.c:1525:17: warning: incorrect type in assignment (different address spaces)
kernel/trace/trace.c:1529:22: warning: incorrect type in assignment (different address spaces)
kernel/trace/trace.c:1533:21: warning: incorrect type in assignment (different address spaces)
kernel/trace/trace.c:1537:21: warning: incorrect type in assignment (different address spaces)
kernel/trace/trace.c:1549:21: warning: incorrect type in argument 1 (different address spaces)
kernel/trace/trace.c:1551:21: warning: incorrect type in argument 1 (different address spaces)
kernel/trace/trace.c:1553:21: warning: incorrect type in argument 1 (different address spaces)
kernel/trace/trace.c:4449:15: warning: symbol 'tracing_dentry_percpu' was not declared. Should it be static?
kernel/trace/trace.c:955:15: warning: memset with byte count of 131076
kernel/trace/trace_events.c:124:6: warning: symbol 'trace_destroy_fields' was not declared. Should it be static?
kernel/trace/trace_entries.h:58:1: warning: symbol 'ftrace_define_fields_function' was not declared. Should it be static?
kernel/trace/trace_entries.h:75:1: warning: symbol 'ftrace_define_fields_funcgraph_entry' was not declared. Should it be static?
kernel/trace/trace_entries.h:91:1: warning: symbol 'ftrace_define_fields_funcgraph_exit' was not declared. Should it be static?
kernel/trace/trace_entries.h:127:1: warning: symbol 'ftrace_define_fields_context_switch' was not declared. Should it be static?
kernel/trace/trace_entries.h:147:1: warning: symbol 'ftrace_define_fields_wakeup' was not declared. Should it be static?
kernel/trace/trace_entries.h:175:1: warning: symbol 'ftrace_define_fields_kernel_stack' was not declared. Should it be static?
kernel/trace/trace_entries.h:194:1: warning: symbol 'ftrace_define_fields_user_stack' was not declared. Should it be static?
kernel/trace/trace_entries.h:216:1: error: incompatible types for operation (<)
kernel/trace/trace_kprobe.c:793:1: warning: symbol 'print_kprobe_event' was not declared. Should it be static?
kernel/trace/trace_kprobe.c:829:1: warning: symbol 'print_kretprobe_event' was not declared. Should it be static?
kernel/trace/trace_probe.c:27:12: warning: symbol 'reserved_field_names' was not declared. Should it be static?
kernel/trace/trace_probe.c:183:59: warning: incorrect type in argument 2 (different address spaces)
kernel/trace/trace_probe.c:212:64: warning: incorrect type in argument 2 (different address spaces)
include/linux/gfp.h:318:9: error: undefined identifier 'BUILD_BUG_ON_INVALID'
include/linux/gfp.h:318:9: error: not a function <noident>
include/linux/gfp.h:318:9: error: not a function <noident>
include/linux/gfp.h:318:9: error: not a function <noident>
include/linux/mm.h:405:9: error: undefined identifier 'BUILD_BUG_ON_INVALID'
kernel/smp.c:585:6: warning: context imbalance in 'ipi_call_lock' - wrong count at exit
kernel/smp.c:590:6: warning: context imbalance in 'ipi_call_unlock' - unexpected unlock
kernel/smp.c:595:6: warning: context imbalance in 'ipi_call_lock_irq' - wrong count at exit
kernel/smp.c:600:6: warning: context imbalance in 'ipi_call_unlock_irq' - unexpected unlock
/cmpt816/linux/arch/x86/include/asm/spinlock.h:63:9: warning: context imbalance in '_raw_spin_lock' - wrong count at exit
/cmpt816/linux/arch/x86/include/asm/spinlock.h:63:9: warning: context imbalance in '_raw_spin_lock_irqsave' - wrong count at exit
/cmpt816/linux/arch/x86/include/asm/spinlock.h:63:9: warning: context imbalance in '_raw_spin_lock_irq' - wrong count at exit
/cmpt816/linux/arch/x86/include/asm/spinlock.h:63:9: warning: context imbalance in '_raw_spin_lock_bh' - wrong count at exit
kernel/spinlock.c:175:17: warning: context imbalance in '_raw_spin_unlock_irqrestore' - unexpected unlock
kernel/spinlock.c:191:17: warning: context imbalance in '_raw_spin_unlock_bh' - unexpected unlock
kernel/spinlock.c:207:17: warning: context imbalance in '_raw_read_lock' - wrong count at exit
kernel/spinlock.c:215:26: warning: context imbalance in '_raw_read_lock_irqsave' - wrong count at exit
kernel/spinlock.c:223:17: warning: context imbalance in '_raw_read_lock_irq' - wrong count at exit
kernel/spinlock.c:231:17: warning: context imbalance in '_raw_read_lock_bh' - wrong count at exit
kernel/spinlock.c:247:17: warning: context imbalance in '_raw_read_unlock_irqrestore' - unexpected unlock
kernel/spinlock.c:263:17: warning: context imbalance in '_raw_read_unlock_bh' - unexpected unlock
kernel/spinlock.c:279:17: warning: context imbalance in '_raw_write_lock' - wrong count at exit
kernel/spinlock.c:287:26: warning: context imbalance in '_raw_write_lock_irqsave' - wrong count at exit
kernel/spinlock.c:295:17: warning: context imbalance in '_raw_write_lock_irq' - wrong count at exit
kernel/spinlock.c:303:17: warning: context imbalance in '_raw_write_lock_bh' - wrong count at exit
kernel/spinlock.c:319:17: warning: context imbalance in '_raw_write_unlock_irqrestore' - unexpected unlock
kernel/spinlock.c:335:17: warning: context imbalance in '_raw_write_unlock_bh' - unexpected unlock
include/trace/events/module.h:104:1: warning: expression using sizeof bool
kernel/module.c:166:6: error: symbol '__module_put_and_exit' redeclared with different type (originally declared at include/linux/module.h:441) - different modifiers
kernel/acct.c:553:34: warning: incorrect type in argument 2 (different address spaces)
kernel/compat.c:357:17: warning: symbol 'compat_sys_sigpending' was not declared. Should it be static?
kernel/compat.c:384:17: warning: symbol 'compat_sys_sigprocmask' was not declared. Should it be static?
kernel/compat.c:454:44: warning: incorrect type in argument 2 (different address spaces)
kernel/compat.c:446:17: warning: symbol 'compat_sys_old_getrlimit' was not declared. Should it be static?
kernel/compat.c:814:58: warning: incorrect type in initializer (different address spaces)
kernel/compat.c:823:38: warning: incorrect type in argument 2 (different address spaces)
kernel/compat.c:828:48: warning: incorrect type in assignment (different address spaces)
kernel/cgroup.c:2749:13: warning: context imbalance in 'cgroup_cfts_prepare' - wrong count at exit
kernel/cgroup.c:2798:9: warning: context imbalance in 'cgroup_cfts_commit' - wrong count at exit
kernel/cpuset.c:2374:6: warning: symbol 'cpuset_unlock' was not declared. Should it be static?
kernel/audit_tree.c:216:13: warning: context imbalance in 'untag_chunk' - unexpected unlock
kernel/seccomp.c:294:6: warning: symbol 'seccomp_attach_user_filter' was not declared. Should it be static?
kernel/rcutree.c:209:1: warning: symbol 'rcu_dynticks' was not declared. Should it be static?
kernel/rcutree.c:222:5: warning: symbol 'rcu_cpu_stall_suppress' was not declared. Should it be static?
kernel/rcutree.c:223:5: warning: symbol 'rcu_cpu_stall_timeout' was not declared. Should it be static?
kernel/rcutree.c:659:5: warning: symbol 'rcu_is_cpu_rrupt_from_idle' was not declared. Should it be static?
kernel/rcutree.c:1505:17: warning: context imbalance in 'rcu_cleanup_dead_cpu' - unexpected unlock
kernel/rcutree.c:1678:9: warning: context imbalance in 'force_qs_rnp' - different lock contexts for basic block
kernel/rcutree_plugin.h:1024:13: warning: context imbalance in 'rcu_report_unblock_qs_rnp' - unexpected unlock
kernel/rcutree_plugin.h:1838:13: warning: context imbalance in 'rcu_initiate_boost' - unexpected unlock
include/linux/mm.h:405:9: error: undefined identifier 'BUILD_BUG_ON_INVALID'
kernel/tsacct.c:151:29: warning: implicit cast to nocast type
kernel/tracepoint.c:323:6: warning: symbol 'module_update_tracepoints' was not declared. Should it be static?
kernel/tracepoint.c:699:5: warning: symbol 'tracepoint_module_notify' was not declared. Should it be static?
kernel/tracepoint.c:718:23: warning: symbol 'tracepoint_module_nb' was not declared. Should it be static?
kernel/tracepoint.c:735:6: warning: symbol 'syscall_regfunc' was not declared. Should it be static?
kernel/tracepoint.c:752:6: warning: symbol 'syscall_unregfunc' was not declared. Should it be static?
kernel/elfcore.c:8:17: warning: symbol 'elf_core_extra_phdrs' was not declared. Should it be static?
kernel/elfcore.c:13:12: warning: symbol 'elf_core_write_extra_phdrs' was not declared. Should it be static?
kernel/elfcore.c:19:12: warning: symbol 'elf_core_write_extra_data' was not declared. Should it be static?
kernel/elfcore.c:25:15: warning: symbol 'elf_core_extra_data_size' was not declared. Should it be static?
kernel/irq_work.c:52:13: warning: symbol 'arch_irq_work_raise' was not declared. Should it be static?
mm/filemap.c:395:9: error: undefined identifier 'BUILD_BUG_ON_INVALID'
mm/filemap.c:396:9: error: undefined identifier 'BUILD_BUG_ON_INVALID'
mm/filemap.c:397:9: error: undefined identifier 'BUILD_BUG_ON_INVALID'
include/linux/mm.h:405:9: error: undefined identifier 'BUILD_BUG_ON_INVALID'
mm/filemap.c:447:9: error: undefined identifier 'BUILD_BUG_ON_INVALID'
mm/filemap.c:448:9: error: undefined identifier 'BUILD_BUG_ON_INVALID'
include/linux/mm.h:405:9: error: not a function <noident>
include/linux/gfp.h:318:9: error: undefined identifier 'BUILD_BUG_ON_INVALID'
mm/filemap.c:590:9: error: undefined identifier 'BUILD_BUG_ON_INVALID'
include/linux/pagemap.h:134:9: error: undefined identifier 'BUILD_BUG_ON_INVALID'
include/linux/pagemap.h:162:9: error: undefined identifier 'BUILD_BUG_ON_INVALID'
mm/filemap.c:743:17: error: undefined identifier 'BUILD_BUG_ON_INVALID'
include/linux/pagemap.h:134:9: error: not a function <noident>
include/linux/pagemap.h:162:9: error: not a function <noident>
include/linux/pagemap.h:134:9: error: not a function <noident>
include/linux/pagemap.h:162:9: error: not a function <noident>
include/linux/pagemap.h:134:9: error: not a function <noident>
include/linux/pagemap.h:162:9: error: not a function <noident>
mm/filemap.c:1643:9: error: undefined identifier 'BUILD_BUG_ON_INVALID'
include/linux/gfp.h:254:9: error: undefined identifier 'BUILD_BUG_ON_INVALID'
include/linux/gfp.h:254:9: error: not a function <noident>
include/linux/gfp.h:254:9: error: not a function <noident>
include/linux/gfp.h:254:9: error: not a function <noident>
include/linux/gfp.h:254:9: error: not a function <noident>
include/linux/gfp.h:254:9: error: not a function <noident>
include/linux/gfp.h:254:9: error: not a function <noident>
mm/page_alloc.c:109:5: warning: symbol 'percpu_pagelist_fraction' was not declared. Should it be static?
mm/page_alloc.c:195:5: warning: symbol 'min_free_kbytes' was not declared. Should it be static?
mm/page_alloc.c:538:9: error: undefined identifier 'BUILD_BUG_ON_INVALID'
mm/page_alloc.c:542:9: error: undefined identifier 'BUILD_BUG_ON_INVALID'
mm/page_alloc.c:543:9: error: undefined identifier 'BUILD_BUG_ON_INVALID'
mm/page_alloc.c:490:17: error: undefined identifier 'BUILD_BUG_ON_INVALID'
mm/page_alloc.c:495:17: error: undefined identifier 'BUILD_BUG_ON_INVALID'
include/linux/mm.h:448:9: error: undefined identifier 'BUILD_BUG_ON_INVALID'
include/linux/mm.h:442:9: error: undefined identifier 'BUILD_BUG_ON_INVALID'
mm/page_alloc.c:490:17: error: not a function <noident>
mm/page_alloc.c:495:17: error: not a function <noident>
mm/page_alloc.c:538:9: error: not a function <noident>
mm/page_alloc.c:542:9: error: not a function <noident>
mm/page_alloc.c:543:9: error: not a function <noident>
mm/page_alloc.c:490:17: error: not a function <noident>
mm/page_alloc.c:495:17: error: not a function <noident>
include/linux/mm.h:448:9: error: not a function <noident>
include/linux/mm.h:442:9: error: not a function <noident>
mm/page_alloc.c:490:17: error: not a function <noident>
mm/page_alloc.c:495:17: error: not a function <noident>
mm/internal.h:30:9: error: undefined identifier 'BUILD_BUG_ON_INVALID'
mm/internal.h:31:9: error: undefined identifier 'BUILD_BUG_ON_INVALID'
mm/internal.h:30:9: error: not a function <noident>
mm/internal.h:31:9: error: not a function <noident>
mm/page_alloc.c:396:9: error: undefined identifier 'BUILD_BUG_ON_INVALID'
mm/page_alloc.c:935:17: error: undefined identifier 'BUILD_BUG_ON_INVALID'
include/linux/mm.h:448:9: error: not a function <noident>
mm/page_alloc.c:796:17: error: undefined identifier 'BUILD_BUG_ON_INVALID'
include/linux/mm.h:442:9: error: not a function <noident>
include/linux/mm.h:448:9: error: not a function <noident>
mm/page_alloc.c:796:17: error: not a function <noident>
include/linux/mm.h:442:9: error: not a function <noident>
mm/page_alloc.c:1360:9: error: undefined identifier 'BUILD_BUG_ON_INVALID'
mm/page_alloc.c:1361:9: error: undefined identifier 'BUILD_BUG_ON_INVALID'
mm/internal.h:30:9: error: not a function <noident>
mm/internal.h:31:9: error: not a function <noident>
include/linux/mm.h:448:9: error: not a function <noident>
mm/internal.h:30:9: error: not a function <noident>
mm/internal.h:31:9: error: not a function <noident>
mm/page_alloc.c:1488:9: error: undefined identifier 'BUILD_BUG_ON_INVALID'
include/linux/gfp.h:254:9: error: undefined identifier 'BUILD_BUG_ON_INVALID'
mm/page_alloc.c:2546:9: error: undefined identifier 'BUILD_BUG_ON_INVALID'
include/linux/mm.h:277:9: error: undefined identifier 'BUILD_BUG_ON_INVALID'
mm/page_alloc.c:2576:17: error: undefined identifier 'BUILD_BUG_ON_INVALID'
include/linux/gfp.h:254:9: error: not a function <noident>
include/linux/gfp.h:254:9: error: not a function <noident>
mm/page_alloc.c:4102:9: error: undefined identifier 'BUILD_BUG_ON_INVALID'
mm/page_alloc.c:5460:9: error: undefined identifier 'BUILD_BUG_ON_INVALID'
mm/page_alloc.c:5461:9: error: undefined identifier 'BUILD_BUG_ON_INVALID'
include/linux/mm.h:794:9: error: undefined identifier 'BUILD_BUG_ON_INVALID'
include/linux/mm.h:405:9: error: undefined identifier 'BUILD_BUG_ON_INVALID'
include/linux/mm.h:794:9: error: not a function <noident>
include/linux/mm.h:794:9: error: not a function <noident>
include/linux/mm.h:794:9: error: not a function <noident>
include/linux/mm.h:794:9: error: not a function <noident>
include/linux/mm.h:794:9: error: not a function <noident>
include/linux/mm.h:794:9: error: not a function <noident>
mm/swap.c:56:17: error: undefined identifier 'BUILD_BUG_ON_INVALID'
include/linux/mm.h:277:9: error: undefined identifier 'BUILD_BUG_ON_INVALID'
mm/swap.c:99:49: error: undefined identifier 'BUILD_BUG_ON_INVALID'
include/linux/mm.h:277:9: error: not a function <noident>
include/linux/mm.h:277:9: error: not a function <noident>
mm/swap.c:124:25: error: undefined identifier 'BUILD_BUG_ON_INVALID'
include/linux/mm.h:277:9: error: not a function <noident>
mm/swap.c:132:33: error: undefined identifier 'BUILD_BUG_ON_INVALID'
mm/swap.c:134:25: error: undefined identifier 'BUILD_BUG_ON_INVALID'
mm/swap.c:136:25: error: undefined identifier 'BUILD_BUG_ON_INVALID'
mm/swap.c:137:25: error: undefined identifier 'BUILD_BUG_ON_INVALID'
include/linux/mm.h:277:9: error: not a function <noident>
mm/swap.c:149:25: error: undefined identifier 'BUILD_BUG_ON_INVALID'
include/linux/mm.h:277:9: error: not a function <noident>
include/linux/mm.h:277:9: error: not a function <noident>
mm/internal.h:54:9: error: undefined identifier 'BUILD_BUG_ON_INVALID'
mm/internal.h:55:9: error: undefined identifier 'BUILD_BUG_ON_INVALID'
mm/internal.h:56:9: error: undefined identifier 'BUILD_BUG_ON_INVALID'
mm/internal.h:54:9: error: not a function <noident>
mm/internal.h:55:9: error: not a function <noident>
mm/internal.h:56:9: error: not a function <noident>
include/linux/mm.h:405:9: error: undefined identifier 'BUILD_BUG_ON_INVALID'
include/linux/mm.h:405:9: error: not a function <noident>
include/linux/mm.h:405:9: error: not a function <noident>
mm/swap.c:416:17: error: undefined identifier 'BUILD_BUG_ON_INVALID'
mm/swap.c:419:17: error: undefined identifier 'BUILD_BUG_ON_INVALID'
mm/swap.c:423:9: error: undefined identifier 'BUILD_BUG_ON_INVALID'
include/linux/mm.h:277:9: error: not a function <noident>
mm/swap.c:644:25: error: undefined identifier 'BUILD_BUG_ON_INVALID'
mm/swap.c:735:9: error: undefined identifier 'BUILD_BUG_ON_INVALID'
mm/swap.c:736:9: error: undefined identifier 'BUILD_BUG_ON_INVALID'
mm/swap.c:737:9: error: undefined identifier 'BUILD_BUG_ON_INVALID'
mm/swap.c:752:9: error: undefined identifier 'BUILD_BUG_ON_INVALID'
include/linux/mm.h:794:9: error: undefined identifier 'BUILD_BUG_ON_INVALID'
include/trace/events/vmscan.h:99:1: warning: cast from restricted gfp_t
include/trace/events/vmscan.h:99:1: warning: cast from restricted gfp_t
include/trace/events/vmscan.h:99:1: warning: cast from restricted gfp_t
include/trace/events/vmscan.h:99:1: warning: cast from restricted gfp_t
include/trace/events/vmscan.h:99:1: warning: cast from restricted gfp_t
include/trace/events/vmscan.h:99:1: warning: cast from restricted gfp_t
include/trace/events/vmscan.h:99:1: warning: cast from restricted gfp_t
include/trace/events/vmscan.h:99:1: warning: cast from restricted gfp_t
include/trace/events/vmscan.h:99:1: warning: cast from restricted gfp_t
include/trace/events/vmscan.h:99:1: warning: cast from restricted gfp_t
include/trace/events/vmscan.h:99:1: warning: cast from restricted gfp_t
include/trace/events/vmscan.h:99:1: warning: cast from restricted gfp_t
include/trace/events/vmscan.h:99:1: warning: cast from restricted gfp_t
include/trace/events/vmscan.h:99:1: warning: cast from restricted gfp_t
include/trace/events/vmscan.h:99:1: warning: cast from restricted gfp_t
include/trace/events/vmscan.h:99:1: warning: cast from restricted gfp_t
include/trace/events/vmscan.h:99:1: warning: cast from restricted gfp_t
include/trace/events/vmscan.h:99:1: warning: cast from restricted gfp_t
include/trace/events/vmscan.h:99:1: warning: cast from restricted gfp_t
include/trace/events/vmscan.h:99:1: warning: cast from restricted gfp_t
include/trace/events/vmscan.h:99:1: warning: cast from restricted gfp_t
include/trace/events/vmscan.h:99:1: warning: cast from restricted gfp_t
include/trace/events/vmscan.h:99:1: warning: cast from restricted gfp_t
include/trace/events/vmscan.h:99:1: warning: cast from restricted gfp_t
include/trace/events/vmscan.h:99:1: warning: cast from restricted gfp_t
include/trace/events/vmscan.h:99:1: warning: cast from restricted gfp_t
include/trace/events/vmscan.h:99:1: warning: cast from restricted gfp_t
include/trace/events/vmscan.h:99:1: warning: incorrect type in argument 3 (different base types)
include/trace/events/vmscan.h:182:1: warning: cast from restricted gfp_t
include/trace/events/vmscan.h:182:1: warning: cast from restricted gfp_t
include/trace/events/vmscan.h:182:1: warning: cast from restricted gfp_t
include/trace/events/vmscan.h:182:1: warning: cast from restricted gfp_t
include/trace/events/vmscan.h:182:1: warning: cast from restricted gfp_t
include/trace/events/vmscan.h:182:1: warning: cast from restricted gfp_t
include/trace/events/vmscan.h:182:1: warning: cast from restricted gfp_t
include/trace/events/vmscan.h:182:1: warning: cast from restricted gfp_t
include/trace/events/vmscan.h:182:1: warning: cast from restricted gfp_t
include/trace/events/vmscan.h:182:1: warning: cast from restricted gfp_t
include/trace/events/vmscan.h:182:1: warning: cast from restricted gfp_t
include/trace/events/vmscan.h:182:1: warning: cast from restricted gfp_t
include/trace/events/vmscan.h:182:1: warning: cast from restricted gfp_t
include/trace/events/vmscan.h:182:1: warning: cast from restricted gfp_t
include/trace/events/vmscan.h:182:1: warning: cast from restricted gfp_t
include/trace/events/vmscan.h:182:1: warning: cast from restricted gfp_t
include/trace/events/vmscan.h:182:1: warning: cast from restricted gfp_t
include/trace/events/vmscan.h:182:1: warning: cast from restricted gfp_t
include/trace/events/vmscan.h:182:1: warning: cast from restricted gfp_t
include/trace/events/vmscan.h:182:1: warning: cast from restricted gfp_t
include/trace/events/vmscan.h:182:1: warning: cast from restricted gfp_t
include/trace/events/vmscan.h:182:1: warning: cast from restricted gfp_t
include/trace/events/vmscan.h:182:1: warning: cast from restricted gfp_t
include/trace/events/vmscan.h:182:1: warning: cast from restricted gfp_t
include/trace/events/vmscan.h:182:1: warning: cast from restricted gfp_t
include/trace/events/vmscan.h:182:1: warning: cast from restricted gfp_t
include/trace/events/vmscan.h:182:1: warning: cast from restricted gfp_t
include/trace/events/vmscan.h:182:1: warning: incorrect type in argument 3 (different base types)
include/trace/events/vmscan.h:99:1: warning: cast to restricted gfp_t
include/trace/events/vmscan.h:99:1: warning: restricted gfp_t degrades to integer
include/trace/events/vmscan.h:182:1: error: incompatible types for operation (<)
include/trace/events/vmscan.h:182:1: error: incompatible types for operation (<)
include/trace/events/vmscan.h:227:1: error: incompatible types for operation (<)
include/trace/events/vmscan.h:227:1: error: incompatible types for operation (<)
include/trace/events/vmscan.h:324:1: error: incompatible types for operation (<)
include/linux/mm.h:794:9: error: undefined identifier 'BUILD_BUG_ON_INVALID'
include/linux/mm.h:794:9: error: not a function <noident>
include/linux/pagemap.h:197:9: error: undefined identifier 'BUILD_BUG_ON_INVALID'
include/linux/pagemap.h:198:9: error: undefined identifier 'BUILD_BUG_ON_INVALID'
include/linux/pagemap.h:197:9: error: not a function <noident>
include/linux/pagemap.h:198:9: error: not a function <noident>
mm/vmscan.c:551:9: error: undefined identifier 'BUILD_BUG_ON_INVALID'
mm/vmscan.c:704:17: error: undefined identifier 'BUILD_BUG_ON_INVALID'
mm/vmscan.c:705:17: error: undefined identifier 'BUILD_BUG_ON_INVALID'
include/linux/mm.h:794:9: error: not a function <noident>
include/linux/mm.h:794:9: error: not a function <noident>
include/linux/mm.h:277:9: error: undefined identifier 'BUILD_BUG_ON_INVALID'
mm/vmscan.c:901:17: error: undefined identifier 'BUILD_BUG_ON_INVALID'
mm/vmscan.c:908:17: error: undefined identifier 'BUILD_BUG_ON_INVALID'
include/linux/mm.h:794:9: error: not a function <noident>
mm/vmscan.c:1039:17: error: undefined identifier 'BUILD_BUG_ON_INVALID'
mm/vmscan.c:1094:9: error: undefined identifier 'BUILD_BUG_ON_INVALID'
include/linux/mm.h:405:9: error: undefined identifier 'BUILD_BUG_ON_INVALID'
mm/vmscan.c:1153:17: error: undefined identifier 'BUILD_BUG_ON_INVALID'
include/linux/mm.h:277:9: error: not a function <noident>
mm/vmscan.c:1338:17: error: undefined identifier 'BUILD_BUG_ON_INVALID'
include/linux/mm.h:277:9: error: not a function <noident>
include/linux/gfp.h:254:9: error: undefined identifier 'BUILD_BUG_ON_INVALID'
include/linux/gfp.h:254:9: error: not a function <noident>
include/linux/gfp.h:254:9: error: not a function <noident>
include/linux/gfp.h:254:9: error: not a function <noident>
include/linux/gfp.h:254:9: error: not a function <noident>
include/linux/gfp.h:254:9: error: not a function <noident>
include/linux/gfp.h:254:9: error: not a function <noident>
include/linux/mm.h:794:9: error: not a function <noident>
mm/internal.h:170:9: error: undefined identifier 'BUILD_BUG_ON_INVALID'
mm/vmscan.c:3263:25: error: undefined identifier 'BUILD_BUG_ON_INVALID'
include/linux/gfp.h:254:9: error: undefined identifier 'BUILD_BUG_ON_INVALID'
include/linux/mm.h:794:9: error: undefined identifier 'BUILD_BUG_ON_INVALID'
include/linux/mm.h:405:9: error: undefined identifier 'BUILD_BUG_ON_INVALID'
mm/shmem.c:1158:25: error: undefined identifier 'BUILD_BUG_ON_INVALID'
mm/shmem.c:252:9: error: undefined identifier 'BUILD_BUG_ON_INVALID'
mm/shmem.c:293:9: error: undefined identifier 'BUILD_BUG_ON_INVALID'
mm/shmem.c:294:9: error: undefined identifier 'BUILD_BUG_ON_INVALID'
include/linux/mm.h:405:9: error: not a function <noident>
include/linux/pagemap.h:134:9: error: undefined identifier 'BUILD_BUG_ON_INVALID'
include/linux/pagemap.h:162:9: error: undefined identifier 'BUILD_BUG_ON_INVALID'
mm/shmem.c:500:41: error: undefined identifier 'BUILD_BUG_ON_INVALID'
mm/shmem.c:577:41: error: undefined identifier 'BUILD_BUG_ON_INVALID'
include/linux/mm.h:405:9: error: not a function <noident>
include/trace/events/kmem.h:11:1: warning: cast from restricted gfp_t
include/trace/events/kmem.h:11:1: warning: cast from restricted gfp_t
include/trace/events/kmem.h:11:1: warning: cast from restricted gfp_t
include/trace/events/kmem.h:11:1: warning: cast from restricted gfp_t
include/trace/events/kmem.h:11:1: warning: cast from restricted gfp_t
include/trace/events/kmem.h:11:1: warning: cast from restricted gfp_t
include/trace/events/kmem.h:11:1: warning: cast from restricted gfp_t
include/trace/events/kmem.h:11:1: warning: cast from restricted gfp_t
include/trace/events/kmem.h:11:1: warning: cast from restricted gfp_t
include/trace/events/kmem.h:11:1: warning: cast from restricted gfp_t
include/trace/events/kmem.h:11:1: warning: cast from restricted gfp_t
include/trace/events/kmem.h:11:1: warning: cast from restricted gfp_t
include/trace/events/kmem.h:11:1: warning: cast from restricted gfp_t
include/trace/events/kmem.h:11:1: warning: cast from restricted gfp_t
include/trace/events/kmem.h:11:1: warning: cast from restricted gfp_t
include/trace/events/kmem.h:11:1: warning: cast from restricted gfp_t
include/trace/events/kmem.h:11:1: warning: cast from restricted gfp_t
include/trace/events/kmem.h:11:1: warning: cast from restricted gfp_t
include/trace/events/kmem.h:11:1: warning: cast from restricted gfp_t
include/trace/events/kmem.h:11:1: warning: cast from restricted gfp_t
include/trace/events/kmem.h:11:1: warning: cast from restricted gfp_t
include/trace/events/kmem.h:11:1: warning: cast from restricted gfp_t
include/trace/events/kmem.h:11:1: warning: cast from restricted gfp_t
include/trace/events/kmem.h:11:1: warning: cast from restricted gfp_t
include/trace/events/kmem.h:11:1: warning: cast from restricted gfp_t
include/trace/events/kmem.h:11:1: warning: cast from restricted gfp_t
include/trace/events/kmem.h:11:1: warning: cast from restricted gfp_t
include/trace/events/kmem.h:11:1: warning: incorrect type in argument 3 (different base types)
include/trace/events/kmem.h:61:1: warning: cast from restricted gfp_t
include/trace/events/kmem.h:61:1: warning: cast from restricted gfp_t
include/trace/events/kmem.h:61:1: warning: cast from restricted gfp_t
include/trace/events/kmem.h:61:1: warning: cast from restricted gfp_t
include/trace/events/kmem.h:61:1: warning: cast from restricted gfp_t
include/trace/events/kmem.h:61:1: warning: cast from restricted gfp_t
include/trace/events/kmem.h:61:1: warning: cast from restricted gfp_t
include/trace/events/kmem.h:61:1: warning: cast from restricted gfp_t
include/trace/events/kmem.h:61:1: warning: cast from restricted gfp_t
include/trace/events/kmem.h:61:1: warning: cast from restricted gfp_t
include/trace/events/kmem.h:61:1: warning: cast from restricted gfp_t
include/trace/events/kmem.h:61:1: warning: cast from restricted gfp_t
include/trace/events/kmem.h:61:1: warning: cast from restricted gfp_t
include/trace/events/kmem.h:61:1: warning: cast from restricted gfp_t
include/trace/events/kmem.h:61:1: warning: cast from restricted gfp_t
include/trace/events/kmem.h:61:1: warning: cast from restricted gfp_t
include/trace/events/kmem.h:61:1: warning: cast from restricted gfp_t
include/trace/events/kmem.h:61:1: warning: cast from restricted gfp_t
include/trace/events/kmem.h:61:1: warning: cast from restricted gfp_t
include/trace/events/kmem.h:61:1: warning: cast from restricted gfp_t
include/trace/events/kmem.h:61:1: warning: cast from restricted gfp_t
include/trace/events/kmem.h:61:1: warning: cast from restricted gfp_t
include/trace/events/kmem.h:61:1: warning: cast from restricted gfp_t
include/trace/events/kmem.h:61:1: warning: cast from restricted gfp_t
include/trace/events/kmem.h:61:1: warning: cast from restricted gfp_t
include/trace/events/kmem.h:61:1: warning: cast from restricted gfp_t
include/trace/events/kmem.h:61:1: warning: cast from restricted gfp_t
include/trace/events/kmem.h:61:1: warning: incorrect type in argument 3 (different base types)
include/trace/events/kmem.h:194:1: warning: cast from restricted gfp_t
include/trace/events/kmem.h:194:1: warning: cast from restricted gfp_t
include/trace/events/kmem.h:194:1: warning: cast from restricted gfp_t
include/trace/events/kmem.h:194:1: warning: cast from restricted gfp_t
include/trace/events/kmem.h:194:1: warning: cast from restricted gfp_t
include/trace/events/kmem.h:194:1: warning: cast from restricted gfp_t
include/trace/events/kmem.h:194:1: warning: cast from restricted gfp_t
include/trace/events/kmem.h:194:1: warning: cast from restricted gfp_t
include/trace/events/kmem.h:194:1: warning: cast from restricted gfp_t
include/trace/events/kmem.h:194:1: warning: cast from restricted gfp_t
include/trace/events/kmem.h:194:1: warning: cast from restricted gfp_t
include/trace/events/kmem.h:194:1: warning: cast from restricted gfp_t
include/trace/events/kmem.h:194:1: warning: cast from restricted gfp_t
include/trace/events/kmem.h:194:1: warning: cast from restricted gfp_t
include/trace/events/kmem.h:194:1: warning: cast from restricted gfp_t
include/trace/events/kmem.h:194:1: warning: cast from restricted gfp_t
include/trace/events/kmem.h:194:1: warning: cast from restricted gfp_t
include/trace/events/kmem.h:194:1: warning: cast from restricted gfp_t
include/trace/events/kmem.h:194:1: warning: cast from restricted gfp_t
include/trace/events/kmem.h:194:1: warning: cast from restricted gfp_t
include/trace/events/kmem.h:194:1: warning: cast from restricted gfp_t
include/trace/events/kmem.h:194:1: warning: cast from restricted gfp_t
include/trace/events/kmem.h:194:1: warning: cast from restricted gfp_t
include/trace/events/kmem.h:194:1: warning: cast from restricted gfp_t
include/trace/events/kmem.h:194:1: warning: cast from restricted gfp_t
include/trace/events/kmem.h:194:1: warning: cast from restricted gfp_t
include/trace/events/kmem.h:194:1: warning: cast from restricted gfp_t
include/trace/events/kmem.h:194:1: warning: incorrect type in argument 3 (different base types)
include/trace/events/kmem.h:11:1: error: incompatible types for operation (<)
include/trace/events/kmem.h:61:1: error: incompatible types for operation (<)
include/trace/events/kmem.h:117:1: error: incompatible types for operation (<)
include/trace/events/kmem.h:150:1: error: incompatible types for operation (<)
include/trace/events/kmem.h:172:1: error: incompatible types for operation (<)
include/trace/events/kmem.h:194:1: error: incompatible types for operation (<)
include/trace/events/kmem.h:223:1: error: incompatible types for operation (<)
include/trace/events/kmem.h:267:1: error: incompatible types for operation (<)
mm/backing-dev.c:50:9: warning: context imbalance in 'bdi_lock_two' - wrong count at exit
mm/backing-dev.c:729:28: warning: context imbalance in 'bdi_destroy' - unexpected unlock
mm/memory.c:112:15: warning: symbol 'zero_pfn' was not declared. Should it be static?
mm/memory.c:273:9: error: undefined identifier 'BUILD_BUG_ON_INVALID'
mm/memory.c:287:9: error: undefined identifier 'BUILD_BUG_ON_INVALID'
mm/memory.c:624:17: error: undefined identifier 'BUILD_BUG_ON_INVALID'
include/linux/mm.h:405:9: error: undefined identifier 'BUILD_BUG_ON_INVALID'
mm/memory.c:991:25: error: undefined identifier 'BUILD_BUG_ON_INVALID'
mm/internal.h:54:9: error: undefined identifier 'BUILD_BUG_ON_INVALID'
mm/internal.h:55:9: error: undefined identifier 'BUILD_BUG_ON_INVALID'
mm/internal.h:56:9: error: undefined identifier 'BUILD_BUG_ON_INVALID'
mm/internal.h:81:17: error: undefined identifier 'BUILD_BUG_ON_INVALID'
mm/memory.c:1671:9: error: undefined identifier 'BUILD_BUG_ON_INVALID'
mm/memory.c:1707:25: error: undefined identifier 'BUILD_BUG_ON_INVALID'
include/linux/mm.h:405:9: error: not a function <noident>
mm/memory.c:2006:25: error: undefined identifier 'BUILD_BUG_ON_INVALID'
include/linux/mm.h:405:9: error: not a function <noident>
mm/memory.c:2227:9: error: undefined identifier 'BUILD_BUG_ON_INVALID'
include/linux/mm.h:405:9: error: not a function <noident>
include/linux/mm.h:405:9: error: not a function <noident>
mm/memory.c:2598:33: error: undefined identifier 'BUILD_BUG_ON_INVALID'
include/linux/mm.h:405:9: error: not a function <noident>
include/linux/mm.h:405:9: error: not a function <noident>
mm/memory.c:3240:17: error: undefined identifier 'BUILD_BUG_ON_INVALID'
mm/memory.c:3277:41: error: undefined identifier 'BUILD_BUG_ON_INVALID'
include/linux/mm.h:405:9: error: not a function <noident>
mm/memory.c:3686:9: error: undefined identifier 'BUILD_BUG_ON_INVALID'
mm/mlock.c:56:9: error: undefined identifier 'BUILD_BUG_ON_INVALID'
mm/mlock.c:167:9: error: undefined identifier 'BUILD_BUG_ON_INVALID'
mm/mlock.c:168:9: error: undefined identifier 'BUILD_BUG_ON_INVALID'
mm/mlock.c:169:9: error: undefined identifier 'BUILD_BUG_ON_INVALID'
mm/mlock.c:170:9: error: undefined identifier 'BUILD_BUG_ON_INVALID'
mm/mlock.c:171:9: error: undefined identifier 'BUILD_BUG_ON_INVALID'
mm/mlock.c:381:9: error: undefined identifier 'BUILD_BUG_ON_INVALID'
mm/mlock.c:382:9: error: undefined identifier 'BUILD_BUG_ON_INVALID'
mm/mlock.c:434:9: error: undefined identifier 'BUILD_BUG_ON_INVALID'
mm/mlock.c:435:9: error: undefined identifier 'BUILD_BUG_ON_INVALID'
include/linux/rmap.h:129:9: error: undefined identifier 'BUILD_BUG_ON_INVALID'
mm/mmap.c:2400:25: error: undefined identifier 'BUILD_BUG_ON_INVALID'
include/linux/mm.h:405:9: error: undefined identifier 'BUILD_BUG_ON_INVALID'
mm/mmap.c:2716:9: error: undefined identifier 'BUILD_BUG_ON_INVALID'
mm/mremap.c:66:9: error: undefined identifier 'BUILD_BUG_ON_INVALID'
mm/mremap.c:161:25: error: undefined identifier 'BUILD_BUG_ON_INVALID'
mm/rmap.c:308:17: error: undefined identifier 'BUILD_BUG_ON_INVALID'
include/linux/mm.h:794:9: error: undefined identifier 'BUILD_BUG_ON_INVALID'
mm/rmap.c:1001:9: error: undefined identifier 'BUILD_BUG_ON_INVALID'
mm/rmap.c:1002:9: error: undefined identifier 'BUILD_BUG_ON_INVALID'
mm/rmap.c:1003:9: error: undefined identifier 'BUILD_BUG_ON_INVALID'
mm/rmap.c:1102:9: error: undefined identifier 'BUILD_BUG_ON_INVALID'
mm/rmap.c:1123:9: error: undefined identifier 'BUILD_BUG_ON_INVALID'
mm/rmap.c:1660:9: error: undefined identifier 'BUILD_BUG_ON_INVALID'
mm/rmap.c:1690:9: error: undefined identifier 'BUILD_BUG_ON_INVALID'
mm/rmap.c:86:9: error: undefined identifier 'BUILD_BUG_ON_INVALID'
mm/rmap.c:86:9: error: not a function <noident>
mm/rmap.c:1777:9: error: undefined identifier 'BUILD_BUG_ON_INVALID'
mm/pagewalk.c:138:9: error: undefined identifier 'BUILD_BUG_ON_INVALID'
mm/process_vm_access.c:416:1: warning: symbol 'compat_process_vm_rw' was not declared. Should it be static?
mm/init-mm.c:16:18: warning: symbol 'init_mm' was not declared. Should it be static?
mm/nobootmem.c:321:6: warning: symbol '___alloc_bootmem_node' was not declared. Should it be static?
mm/memblock.c:249:49: warning: Using plain integer as NULL pointer
mm/page_io.c:130:9: error: undefined identifier 'BUILD_BUG_ON_INVALID'
mm/page_io.c:131:9: error: undefined identifier 'BUILD_BUG_ON_INVALID'
mm/swap_state.c:73:9: error: undefined identifier 'BUILD_BUG_ON_INVALID'
mm/swap_state.c:74:9: error: undefined identifier 'BUILD_BUG_ON_INVALID'
mm/swap_state.c:75:9: error: undefined identifier 'BUILD_BUG_ON_INVALID'
include/linux/mm.h:405:9: error: undefined identifier 'BUILD_BUG_ON_INVALID'
mm/swap_state.c:96:17: error: undefined identifier 'BUILD_BUG_ON_INVALID'
mm/swap_state.c:124:9: error: undefined identifier 'BUILD_BUG_ON_INVALID'
mm/swap_state.c:125:9: error: undefined identifier 'BUILD_BUG_ON_INVALID'
mm/swap_state.c:126:9: error: undefined identifier 'BUILD_BUG_ON_INVALID'
mm/swap_state.c:148:9: error: undefined identifier 'BUILD_BUG_ON_INVALID'
mm/swap_state.c:149:9: error: undefined identifier 'BUILD_BUG_ON_INVALID'
mm/swapfile.c:525:17: error: undefined identifier 'BUILD_BUG_ON_INVALID'
mm/swapfile.c:632:9: error: undefined identifier 'BUILD_BUG_ON_INVALID'
mm/swapfile.c:652:9: error: undefined identifier 'BUILD_BUG_ON_INVALID'
include/linux/mm.h:405:9: error: undefined identifier 'BUILD_BUG_ON_INVALID'
mm/hugetlb.c:407:9: error: undefined identifier 'BUILD_BUG_ON_INVALID'
mm/hugetlb.c:416:9: error: undefined identifier 'BUILD_BUG_ON_INVALID'
mm/hugetlb.c:417:9: error: undefined identifier 'BUILD_BUG_ON_INVALID'
mm/hugetlb.c:425:9: error: undefined identifier 'BUILD_BUG_ON_INVALID'
mm/hugetlb.c:426:9: error: undefined identifier 'BUILD_BUG_ON_INVALID'
mm/hugetlb.c:433:9: error: undefined identifier 'BUILD_BUG_ON_INVALID'
mm/hugetlb.c:460:9: error: undefined identifier 'BUILD_BUG_ON_INVALID'
mm/internal.h:30:9: error: undefined identifier 'BUILD_BUG_ON_INVALID'
mm/internal.h:31:9: error: undefined identifier 'BUILD_BUG_ON_INVALID'
mm/hugetlb.c:586:9: error: undefined identifier 'BUILD_BUG_ON_INVALID'
mm/internal.h:30:9: error: not a function <noident>
mm/internal.h:31:9: error: not a function <noident>
include/linux/gfp.h:318:9: error: undefined identifier 'BUILD_BUG_ON_INVALID'
mm/hugetlb.c:716:9: error: undefined identifier 'BUILD_BUG_ON_INVALID'
mm/hugetlb.c:739:9: error: undefined identifier 'BUILD_BUG_ON_INVALID'
mm/hugetlb.c:784:9: error: undefined identifier 'BUILD_BUG_ON_INVALID'
include/linux/gfp.h:318:9: error: not a function <noident>
include/linux/mm.h:277:9: error: undefined identifier 'BUILD_BUG_ON_INVALID'
mm/hugetlb.c:1002:17: error: undefined identifier 'BUILD_BUG_ON_INVALID'
mm/hugetlb.c:1315:9: error: undefined identifier 'BUILD_BUG_ON_INVALID'
include/linux/mm.h:405:9: error: undefined identifier 'BUILD_BUG_ON_INVALID'
include/linux/mm.h:405:9: error: not a function <noident>
include/linux/mm.h:405:9: error: not a function <noident>
include/linux/mm.h:405:9: error: not a function <noident>
mm/mempolicy.c:219:9: error: undefined identifier 'BUILD_BUG_ON_INVALID'
mm/mempolicy.c:259:9: error: undefined identifier 'BUILD_BUG_ON_INVALID'
include/linux/gfp.h:254:9: error: undefined identifier 'BUILD_BUG_ON_INVALID'
include/linux/gfp.h:318:9: error: undefined identifier 'BUILD_BUG_ON_INVALID'
include/linux/gfp.h:254:9: error: not a function <noident>
include/linux/gfp.h:254:9: error: not a function <noident>
mm/mempolicy.c:2529:9: error: undefined identifier 'BUILD_BUG_ON_INVALID'
mm/slub.c:841:9: error: undefined identifier 'BUILD_BUG_ON_INVALID'
include/linux/gfp.h:318:9: error: undefined identifier 'BUILD_BUG_ON_INVALID'
include/linux/gfp.h:318:9: error: not a function <noident>
mm/slub.c:1447:25: error: undefined identifier 'BUILD_BUG_ON_INVALID'
mm/slub.c:374:9: error: undefined identifier 'BUILD_BUG_ON_INVALID'
mm/slub.c:378:21: error: undefined identifier 'BUILD_BUG_ON_INVALID'
mm/slub.c:378:21: error: undefined identifier 'BUILD_BUG_ON_INVALID'
mm/slub.c:1524:17: error: undefined identifier 'BUILD_BUG_ON_INVALID'
include/linux/gfp.h:254:9: error: undefined identifier 'BUILD_BUG_ON_INVALID'
mm/slub.c:374:9: error: not a function <noident>
mm/slub.c:378:21: error: not a function <noident>
mm/slub.c:378:21: error: not a function <noident>
mm/slub.c:1775:25: error: undefined identifier 'BUILD_BUG_ON_INVALID'
mm/slub.c:1803:9: error: undefined identifier 'BUILD_BUG_ON_INVALID'
mm/slub.c:374:9: error: not a function <noident>
mm/slub.c:378:21: error: not a function <noident>
mm/slub.c:378:21: error: not a function <noident>
mm/slub.c:413:21: error: undefined identifier 'BUILD_BUG_ON_INVALID'
mm/slub.c:413:21: error: undefined identifier 'BUILD_BUG_ON_INVALID'
mm/slub.c:1902:25: error: undefined identifier 'BUILD_BUG_ON_INVALID'
mm/slub.c:413:21: error: not a function <noident>
mm/slub.c:413:21: error: not a function <noident>
mm/slub.c:2177:17: error: undefined identifier 'BUILD_BUG_ON_INVALID'
mm/slub.c:2354:21: error: undefined identifier 'BUILD_BUG_ON_INVALID'
mm/slub.c:2354:21: error: undefined identifier 'BUILD_BUG_ON_INVALID'
mm/slub.c:2354:21: error: not a function <noident>
mm/slub.c:2354:21: error: not a function <noident>
mm/slub.c:2354:21: error: not a function <noident>
mm/slub.c:2354:21: error: not a function <noident>
mm/slub.c:2354:21: error: not a function <noident>
mm/slub.c:2354:21: error: not a function <noident>
mm/slub.c:413:21: error: not a function <noident>
mm/slub.c:413:21: error: not a function <noident>
mm/slub.c:2586:21: error: undefined identifier 'BUILD_BUG_ON_INVALID'
mm/slub.c:2586:21: error: undefined identifier 'BUILD_BUG_ON_INVALID'
mm/slub.c:2354:21: error: not a function <noident>
mm/slub.c:2354:21: error: not a function <noident>
mm/slub.c:2354:21: error: not a function <noident>
mm/slub.c:2354:21: error: not a function <noident>
mm/slub.c:2586:21: error: not a function <noident>
mm/slub.c:2586:21: error: not a function <noident>
mm/slub.c:2354:21: error: not a function <noident>
mm/slub.c:2354:21: error: not a function <noident>
mm/slub.c:2354:21: error: not a function <noident>
mm/slub.c:2354:21: error: not a function <noident>
include/linux/mm.h:405:9: error: undefined identifier 'BUILD_BUG_ON_INVALID'
include/linux/pagemap.h:197:9: error: undefined identifier 'BUILD_BUG_ON_INVALID'
include/linux/pagemap.h:198:9: error: undefined identifier 'BUILD_BUG_ON_INVALID'
include/linux/mm.h:405:9: error: not a function <noident>
include/linux/pagemap.h:197:9: error: not a function <noident>
include/linux/pagemap.h:198:9: error: not a function <noident>
include/linux/mm.h:405:9: error: not a function <noident>
include/linux/pagemap.h:197:9: error: not a function <noident>
include/linux/pagemap.h:198:9: error: not a function <noident>
mm/migrate.c:421:17: error: undefined identifier 'BUILD_BUG_ON_INVALID'
include/linux/mm.h:405:9: error: not a function <noident>
include/linux/mm.h:794:9: error: undefined identifier 'BUILD_BUG_ON_INVALID'
mm/migrate.c:799:17: error: undefined identifier 'BUILD_BUG_ON_INVALID'
include/linux/gfp.h:318:9: error: undefined identifier 'BUILD_BUG_ON_INVALID'
include/linux/gfp.h:254:9: error: undefined identifier 'BUILD_BUG_ON_INVALID'
fs/open.c:938:15: warning: invalid assignment: &=
fs/read_write.c:35:29: warning: incorrect type in return expression (different base types)
fs/read_write.c:35:29: warning: incorrect type in return expression (different base types)
fs/read_write.c:35:29: warning: incorrect type in return expression (different base types)
fs/read_write.c:35:29: warning: incorrect type in return expression (different base types)
fs/file_table.c:37:1: warning: symbol 'files_lglock_lock' was not declared. Should it be static?
fs/file_table.c:37:1: warning: symbol 'files_lglock' was not declared. Should it be static?
fs/exec.c:69:5: warning: symbol 'core_uses_pid' was not declared. Should it be static?
fs/exec.c:70:6: warning: symbol 'core_pattern' was not declared. Should it be static?
fs/exec.c:71:14: warning: symbol 'core_pipe_limit' was not declared. Should it be static?
fs/exec.c:419:39: warning: incorrect type in return expression (different address spaces)
fs/exec.c:426:31: warning: incorrect type in return expression (different address spaces)
fs/exec.c:445:36: warning: incorrect type in argument 1 (different address spaces)
fs/exec.c:479:28: warning: incorrect type in argument 1 (different address spaces)
fs/exec.c:2285:16: warning: incorrect type in argument 1 (different address spaces)
fs/exec.c:2285:76: warning: incorrect type in argument 2 (different address spaces)
fs/exec.c:2283:5: warning: symbol 'dump_write' was not declared. Should it be static?
fs/exec.c:2289:5: warning: symbol 'dump_seek' was not declared. Should it be static?
include/linux/sched.h:2413:37: warning: context imbalance in 'coredump_wait' - different lock contexts for basic block
include/linux/mm.h:405:9: error: undefined identifier 'BUILD_BUG_ON_INVALID'
fs/namei.c:462:28: warning: context imbalance in 'unlazy_walk' - unexpected unlock
/cmpt816/linux/arch/x86/include/asm/spinlock.h:82:9: warning: context imbalance in 'complete_walk' - unexpected unlock
include/linux/rcupdate.h:753:9: warning: context imbalance in 'follow_dotdot_rcu' - unexpected unlock
include/linux/rcupdate.h:753:9: warning: context imbalance in 'terminate_walk' - unexpected unlock
fs/namei.c:1632:12: warning: context imbalance in 'path_init' - different lock contexts for basic block
fs/fcntl.c:275:38: warning: incorrect type in argument 2 (different address spaces)
fs/fcntl.c:336:36: warning: incorrect type in argument 1 (different address spaces)
fs/fcntl.c:275:38: warning: dereference of noderef expression
fs/fcntl.c:336:36: warning: dereference of noderef expression
fs/dcache.c:268:9: warning: context imbalance in 'dentry_iput' - different lock contexts for basic block
fs/dcache.c:395:9: warning: context imbalance in 'd_kill' - different lock contexts for basic block
/cmpt816/linux/arch/x86/include/asm/spinlock.h:82:9: warning: context imbalance in 'dput' - different lock contexts for basic block
/cmpt816/linux/arch/x86/include/asm/spinlock.h:82:9: warning: context imbalance in 'try_prune_one_dentry' - different lock contexts for basic block
include/linux/rcupdate.h:753:9: warning: context imbalance in 'try_to_ascend' - unexpected unlock
fs/dcache.c:1131:32: warning: context imbalance in 'have_submounts' - unexpected unlock
fs/dcache.c:1231:32: warning: context imbalance in 'select_parent' - unexpected unlock
fs/dcache.c:1434:9: warning: context imbalance in 'd_instantiate' - different lock contexts for basic block
fs/dcache.c:1501:9: warning: context imbalance in 'd_instantiate_unique' - different lock contexts for basic block
fs/dcache.c:2114:17: warning: context imbalance in 'd_delete' - different lock contexts for basic block
fs/dcache.c:2244:9: warning: context imbalance in 'dentry_lock_for_move' - wrong count at exit
fs/dcache.c:2257:28: warning: context imbalance in 'dentry_unlock_parents_for_move' - unexpected unlock
fs/dcache.c:2327:17: warning: context imbalance in '__d_move' - unexpected unlock
fs/dcache.c:2405:20: warning: context imbalance in '__d_unalias' - unexpected unlock
fs/dcache.c:2447:27: warning: context imbalance in '__d_materialise_dentry' - unexpected unlock
fs/dcache.c:2530:9: warning: context imbalance in 'd_materialise_unique' - unexpected unlock
fs/dcache.c:2846:6: warning: context imbalance in 'dentry_path' - wrong count at exit
fs/dcache.c:2986:9: warning: context imbalance in 'd_genocide' - different lock contexts for basic block
fs/inode.c:792:9: warning: context imbalance in 'find_inode' - different lock contexts for basic block
fs/inode.c:824:9: warning: context imbalance in 'find_inode_fast' - different lock contexts for basic block
fs/inode.c:1274:5: warning: context imbalance in 'insert_inode_locked' - wrong count at exit
fs/inode.c:1317:5: warning: context imbalance in 'insert_inode_locked4' - wrong count at exit
fs/inode.c:1411:20: warning: context imbalance in 'iput_final' - unexpected unlock
fs/inode.c:1427:9: warning: context imbalance in 'iput' - wrong count at exit
fs/inode.c:1701:13: warning: context imbalance in '__wait_on_freeing_inode' - unexpected unlock
fs/file.c:32:5: warning: symbol 'sysctl_nr_open_min' was not declared. Should it be static?
fs/file.c:33:5: warning: symbol 'sysctl_nr_open_max' was not declared. Should it be static?
fs/file.c:415:21: warning: symbol 'init_files' was not declared. Should it be static?
fs/namespace.c:52:1: warning: symbol 'vfsmount_lock_lock' was not declared. Should it be static?
fs/fs-writeback.c:1106:9: warning: context imbalance in 'block_dump___mark_inode_dirty' - different lock contexts for basic block
fs/drop_caches.c:14:5: warning: symbol 'sysctl_drop_caches' was not declared. Should it be static?
include/linux/mm.h:794:9: error: undefined identifier 'BUILD_BUG_ON_INVALID'
fs/fs_struct.c:173:18: warning: symbol 'init_fs' was not declared. Should it be static?
include/linux/gfp.h:254:9: error: undefined identifier 'BUILD_BUG_ON_INVALID'
include/linux/mm.h:794:9: error: undefined identifier 'BUILD_BUG_ON_INVALID'
include/linux/mm.h:405:9: error: undefined identifier 'BUILD_BUG_ON_INVALID'
include/linux/mm.h:794:9: error: not a function <noident>
include/linux/mm.h:405:9: error: not a function <noident>
include/linux/mm.h:405:9: error: not a function <noident>
fs/bio.c:1240:33: warning: incorrect type in initializer (different address spaces)
/cmpt816/linux/arch/x86/include/asm/spinlock.h:82:9: warning: context imbalance in 'bdev_inode_switch_bdi' - unexpected unlock
include/linux/mm.h:405:9: error: undefined identifier 'BUILD_BUG_ON_INVALID'
include/linux/mm.h:405:9: error: not a function <noident>
include/linux/mm.h:405:9: error: not a function <noident>
include/linux/mm.h:405:9: error: not a function <noident>
include/linux/mm.h:405:9: error: not a function <noident>
include/linux/mm.h:405:9: error: not a function <noident>
include/linux/mm.h:405:9: error: not a function <noident>
include/linux/mm.h:405:9: error: not a function <noident>
include/linux/mm.h:405:9: error: not a function <noident>
include/linux/mm.h:405:9: error: not a function <noident>
include/linux/mm.h:405:9: error: not a function <noident>
include/linux/mm.h:405:9: error: not a function <noident>
include/linux/mm.h:405:9: error: not a function <noident>
include/linux/mm.h:405:9: error: not a function <noident>
include/linux/mm.h:405:9: error: not a function <noident>
include/linux/mm.h:405:9: error: not a function <noident>
include/linux/mm.h:405:9: error: not a function <noident>
include/linux/mm.h:405:9: error: not a function <noident>
include/linux/mm.h:405:9: error: not a function <noident>
include/linux/mm.h:405:9: error: not a function <noident>
fs/autofs4/root.c:430:5: warning: symbol 'autofs4_d_manage' was not declared. Should it be static?
fs/autofs4/waitq.c:75:45: warning: incorrect type in argument 2 (different address spaces)
fs/ext3/dir.c:299:8: warning: symbol 'ext3_dir_llseek' was not declared. Should it be static?
fs/ext3/super.c:989:45: warning: Using plain integer as NULL pointer
fs/ext3/xattr_security.c:46:5: warning: symbol 'ext3_initxattrs' was not declared. Should it be static?
fs/isofs/compress.c:61:44: warning: Variable length array is used.
fs/isofs/compress.c:307:28: warning: Variable length array is used.
include/linux/mm.h:405:9: error: undefined identifier 'BUILD_BUG_ON_INVALID'
fs/jbd/checkpoint.c:111:36: warning: context imbalance in '__try_to_free_cp_buf' - unexpected unlock
/cmpt816/linux/arch/x86/include/asm/spinlock.h:82:9: warning: context imbalance in '__log_wait_for_space' - unexpected unlock
fs/jbd/checkpoint.c:231:36: warning: context imbalance in '__wait_cp_io' - unexpected unlock
fs/jbd/checkpoint.c:294:23: warning: context imbalance in '__process_buffer' - unexpected unlock
/cmpt816/linux/arch/x86/include/asm/spinlock.h:82:9: warning: context imbalance in 'log_do_checkpoint' - unexpected unlock
fs/jbd/checkpoint.c:557:12: warning: context imbalance in 'journal_clean_one_cp_list' - different lock contexts for basic block
include/net/netns/generic.h:34:20: warning: context imbalance in 'nfs_server_list_start' - wrong count at exit
include/net/netns/generic.h:34:20: warning: context imbalance in 'nfs_server_list_stop' - unexpected unlock
include/net/netns/generic.h:34:20: warning: context imbalance in 'nfs_volume_list_start' - wrong count at exit
include/net/netns/generic.h:34:20: warning: context imbalance in 'nfs_volume_list_stop' - unexpected unlock
fs/nfs/inode.c:155:41: warning: argument to sizeof in memset call is the same pointer type __be32 * as the destination; expected __be32 or an explicit length [-Wsizeof-pointer-memaccess]
include/linux/mm.h:405:9: error: undefined identifier 'BUILD_BUG_ON_INVALID'
fs/nfs/unlink.c:482:34: warning: Variable length array is used.
fs/nfs/nfs4state.c:99:17: warning: symbol 'nfs4_get_machine_cred_locked' was not declared. Should it be static?
fs/notify/inode_mark.c:119:22: warning: symbol 'fsnotify_find_inode_mark_locked' was not declared. Should it be static?
fs/proc/root.c:64:45: warning: Using plain integer as NULL pointer
fs/proc/base.c:1806:55: warning: incorrect type in initializer (different base types)
fs/proc/base.c:1824:54: warning: restricted fmode_t degrades to integer
fs/proc/base.c:1826:54: warning: restricted fmode_t degrades to integer
fs/proc/array.c:406:43: warning: implicit cast to nocast type
fs/proc/array.c:407:26: warning: implicit cast to nocast type
fs/proc/array.c:441:51: warning: incorrect type in argument 2 (different modifiers)
fs/proc/array.c:441:51: warning: implicit cast to nocast type
fs/proc/array.c:441:59: warning: incorrect type in argument 3 (different modifiers)
fs/proc/array.c:441:59: warning: implicit cast to nocast type
fs/proc/array.c:457:35: warning: incorrect type in argument 2 (different modifiers)
fs/proc/array.c:457:35: warning: implicit cast to nocast type
fs/proc/array.c:457:43: warning: incorrect type in argument 3 (different modifiers)
fs/proc/array.c:457:43: warning: implicit cast to nocast type
fs/proc/kcore.c:605:19: warning: symbol 'kcore_modules' was not declared. Should it be static?
fs/proc/vmcore.c:187:40: warning: incorrect type in argument 1 (different address spaces)
fs/proc/vmcore.c:705:6: warning: symbol 'vmcore_cleanup' was not declared. Should it be static?
fs/quota/compat.c:43:17: warning: symbol 'sys32_quotactl' was not declared. Should it be static?
fs/sysfs/file.c:488:5: warning: symbol 'sysfs_attr_ns' was not declared. Should it be static?
fs/signalfd.c:105:25: warning: cast removes address space of expression
fs/signalfd.c:105:25: warning: cast removes address space of expression
fs/signalfd.c:105:25: warning: cast removes address space of expression
fs/signalfd.c:105:25: warning: cast removes address space of expression
fs/signalfd.c:113:24: warning: cast removes address space of expression
fs/signalfd.c:113:24: warning: cast removes address space of expression
fs/signalfd.c:113:24: warning: cast removes address space of expression
fs/signalfd.c:113:24: warning: cast removes address space of expression
fs/signalfd.c:139:24: warning: cast removes address space of expression
fs/signalfd.c:139:24: warning: cast removes address space of expression
fs/signalfd.c:139:24: warning: cast removes address space of expression
fs/signalfd.c:139:24: warning: cast removes address space of expression
fs/signalfd.c:148:24: warning: cast removes address space of expression
fs/signalfd.c:148:24: warning: cast removes address space of expression
fs/signalfd.c:148:24: warning: cast removes address space of expression
fs/signalfd.c:148:24: warning: cast removes address space of expression
fs/aio.c:754:9: warning: context imbalance in 'aio_run_iocb' - unexpected unlock
fs/locks.c:1351:5: warning: symbol 'generic_add_lease' was not declared. Should it be static?
fs/locks.c:1416:5: warning: symbol 'generic_delete_lease' was not declared. Should it be static?
fs/locks.c:163:6: warning: context imbalance in 'lock_flocks' - wrong count at exit
fs/locks.c:169:6: warning: context imbalance in 'unlock_flocks' - unexpected unlock
fs/compat.c:57:5: warning: symbol 'compat_log' was not declared. Should it be static?
fs/compat.c:1168:1: warning: symbol 'compat_sys_preadv64' was not declared. Should it be static?
fs/compat.c:1234:1: warning: symbol 'compat_sys_pwritev64' was not declared. Should it be static?
fs/compat.c:1431:5: warning: symbol 'compat_core_sys_select' was not declared. Should it be static?
fs/compat_ioctl.c:624:31: warning: incorrect type in assignment (different address spaces)
fs/compat_ioctl.c:706:21: warning: incorrect type in assignment (different address spaces)
fs/compat_ioctl.c:609:38: warning: typedef SS locally defined but not used [-Wunused-local-typedefs]
ipc/util.c:181:29: warning: context imbalance in 'ipc_findkey' - wrong count at exit
ipc/util.c:250:5: warning: context imbalance in 'ipc_addid' - different lock contexts for basic block
/cmpt816/linux/arch/x86/include/asm/spinlock.h:82:9: warning: context imbalance in 'ipcget_public' - unexpected unlock
ipc/util.c:684:22: warning: context imbalance in 'ipc_lock' - different lock contexts for basic block
/cmpt816/linux/arch/x86/include/asm/spinlock.h:82:9: warning: context imbalance in 'ipc_lock_check' - unexpected unlock
ipc/util.c:800:9: warning: context imbalance in 'ipcctl_pre_down' - unexpected unlock
ipc/util.c:840:29: warning: context imbalance in 'sysvipc_find_ipc' - different lock contexts for basic block
/cmpt816/linux/arch/x86/include/asm/spinlock.h:82:9: warning: context imbalance in 'sysvipc_proc_next' - unexpected unlock
/cmpt816/linux/arch/x86/include/asm/spinlock.h:82:9: warning: context imbalance in 'sysvipc_proc_stop' - unexpected unlock
ipc/msg.c:211:9: warning: context imbalance in 'newque' - unexpected unlock
ipc/msg.c:279:13: warning: context imbalance in 'freeque' - unexpected unlock
/cmpt816/linux/arch/x86/include/asm/spinlock.h:82:9: warning: context imbalance in 'msgctl_down' - unexpected unlock
/cmpt816/linux/arch/x86/include/asm/spinlock.h:82:9: warning: context imbalance in 'sys_msgctl' - unexpected unlock
/cmpt816/linux/arch/x86/include/asm/spinlock.h:82:9: warning: context imbalance in 'do_msgsnd' - unexpected unlock
/cmpt816/linux/arch/x86/include/asm/spinlock.h:82:9: warning: context imbalance in 'do_msgrcv' - unexpected unlock
ipc/sem.c:330:9: warning: context imbalance in 'newary' - unexpected unlock
ipc/sem.c:768:17: warning: context imbalance in 'freeary' - unexpected unlock
/cmpt816/linux/arch/x86/include/asm/spinlock.h:82:9: warning: context imbalance in 'semctl_nolock' - unexpected unlock
/cmpt816/linux/arch/x86/include/asm/spinlock.h:82:9: warning: context imbalance in 'semctl_main' - unexpected unlock
/cmpt816/linux/arch/x86/include/asm/spinlock.h:82:9: warning: context imbalance in 'semctl_down' - unexpected unlock
ipc/sem.c:1231:24: warning: context imbalance in 'find_alloc_undo' - wrong count at exit
include/linux/rcupdate.h:753:9: warning: context imbalance in 'sys_semtimedop' - unexpected unlock
/cmpt816/linux/arch/x86/include/asm/spinlock.h:82:9: warning: context imbalance in 'exit_sem' - unexpected unlock
ipc/shm.c:469:31: warning: implicit cast to nocast type
ipc/shm.c:496:36: warning: implicit cast to nocast type
ipc/shm.c:506:36: warning: implicit cast to nocast type
ipc/shm.c:92:17: warning: context imbalance in 'do_shm_rmid' - unexpected unlock
ipc/shm.c:173:9: warning: context imbalance in 'shm_open' - unexpected unlock
ipc/shm.c:188:13: warning: context imbalance in 'shm_destroy' - unexpected unlock
/cmpt816/linux/arch/x86/include/asm/spinlock.h:82:9: warning: context imbalance in 'shm_close' - unexpected unlock
ipc/shm.c:248:12: warning: context imbalance in 'shm_try_destroy_current' - different lock contexts for basic block
ipc/shm.c:279:12: warning: context imbalance in 'shm_try_destroy_orphaned' - different lock contexts for basic block
/cmpt816/linux/arch/x86/include/asm/current.h:14:16: warning: context imbalance in 'newseg' - unexpected unlock
/cmpt816/linux/arch/x86/include/asm/spinlock.h:82:9: warning: context imbalance in 'shmctl_down' - unexpected unlock
ipc/shm.c:944:9: warning: context imbalance in 'sys_shmctl' - unexpected unlock
/cmpt816/linux/arch/x86/include/asm/spinlock.h:82:9: warning: context imbalance in 'do_shmat' - unexpected unlock
/cmpt816/linux/arch/x86/include/asm/spinlock.h:82:9: warning: context imbalance in 'wq_sleep' - unexpected unlock
ipc/mqueue.c:1084:9: warning: context imbalance in 'sys_mq_timedsend' - different lock contexts for basic block
ipc/mqueue.c:1191:9: warning: context imbalance in 'sys_mq_timedreceive' - different lock contexts for basic block
ipc/namespace.c:83:61: warning: context imbalance in 'free_ipcs' - different lock contexts for basic block
security/keys/key.c:992:15: warning: memset with byte count of 0
security/keys/keyring.c:751:5: warning: context imbalance in '__key_link_begin' - wrong count at exit
security/keys/keyring.c:978:9: warning: context imbalance in '__key_link_end' - wrong count at exit
security/keys/keyring.c:1017:9: warning: context imbalance in 'key_link' - different lock contexts for basic block
security/keys/keyctl.c:990:6: error: symbol 'keyctl_instantiate_key_common' redeclared with different type (originally declared at security/keys/internal.h:244) - incompatible argument 2 (different address spaces)
security/keys/compat.c:36:29: warning: Using plain integer as NULL pointer
security/keys/compat.c:47:49: warning: incorrect type in argument 2 (different address spaces)
security/keys/compat.c:27:6: warning: symbol 'compat_keyctl_instantiate_key_iov' was not declared. Should it be static?
include/linux/mm.h:405:9: error: undefined identifier 'BUILD_BUG_ON_INVALID'
crypto/cipher.c:70:24: warning: Variable length array is used.
crypto/shash.c:81:40: warning: Variable length array is used.
crypto/shash.c:117:40: warning: Variable length array is used.
crypto/hmac.c:57:47: warning: Variable length array is used.
crypto/cbc.c:149:20: warning: Variable length array is used.
block/blk-core.c:362:6: warning: symbol 'blk_drain_queue' was not declared. Should it be static?
block/blk-core.c:2810:5: warning: symbol 'kblockd_schedule_delayed_work' was not declared. Should it be static?
block/blk-core.c:884:48: warning: context imbalance in 'get_request' - unexpected unlock
block/blk-core.c:1061:36: warning: context imbalance in 'get_request_wait' - unexpected unlock
block/blk-core.c:1084:16: warning: context imbalance in 'blk_get_request' - wrong count at exit
block/blk-core.c:1423:6: warning: context imbalance in 'blk_queue_bio' - different lock contexts for basic block
block/blk-core.c:2984:17: warning: context imbalance in 'blk_flush_plug_list' - unexpected unlock
block/genhd.c:1388:10: error: bad integer constant expression
block/genhd.c:1389:10: error: bad integer constant expression
block/genhd.c:1393:10: error: bad integer constant expression
block/genhd.c:1394:10: error: bad integer constant expression
block/cfq-iosched.c:3214:17: warning: context imbalance in 'cfq_find_alloc_queue' - different lock contexts for basic block
block/compat_ioctl.c:343:25: warning: incorrect type in assignment (different address spaces)
drivers/acpi/tables.c:244:61: warning: incorrect type in argument 1 (different address spaces)
drivers/acpi/tables.c:256:37: warning: incorrect type in argument 1 (different address spaces)
drivers/acpi/tables.c:296:44: warning: incorrect type in argument 1 (different address spaces)
drivers/acpi/tables.c:321:44: warning: incorrect type in argument 1 (different address spaces)
drivers/acpi/osl.c:373:40: warning: incorrect type in return expression (different address spaces)
drivers/acpi/osl.c:432:36: warning: incorrect type in argument 1 (different address spaces)
drivers/acpi/osl.c:453:36: warning: incorrect type in argument 1 (different address spaces)
drivers/acpi/osl.c:1543:20: warning: symbol 'acpi_os_initialize1' was not declared. Should it be static?
drivers/acpi/osl.c:730:1: warning: context imbalance in 'acpi_os_read_memory' - wrong count at exit
drivers/acpi/osl.c:789:1: warning: context imbalance in 'acpi_os_write_memory' - wrong count at exit
drivers/acpi/osl.c:1432:16: warning: context imbalance in 'acpi_os_acquire_lock' - wrong count at exit
drivers/acpi/osl.c:1443:6: warning: context imbalance in 'acpi_os_release_lock' - unexpected unlock
drivers/acpi/nvs.c:139:54: warning: incorrect type in argument 1 (different address spaces)
drivers/acpi/nvs.c:142:67: warning: incorrect type in argument 1 (different address spaces)
drivers/acpi/nvs.c:129:6: warning: symbol 'suspend_nvs_free' was not declared. Should it be static?
drivers/acpi/nvs.c:153:5: warning: symbol 'suspend_nvs_alloc' was not declared. Should it be static?
drivers/acpi/nvs.c:181:38: warning: incorrect type in assignment (different address spaces)
drivers/acpi/nvs.c:183:46: warning: incorrect type in assignment (different address spaces)
drivers/acpi/nvs.c:170:5: warning: symbol 'suspend_nvs_save' was not declared. Should it be static?
drivers/acpi/nvs.c:202:6: warning: symbol 'suspend_nvs_restore' was not declared. Should it be static?
drivers/acpi/sleep.c:31:4: warning: symbol 'wake_sleep_flags' was not declared. Should it be static?
drivers/acpi/proc.c:416:12: warning: symbol 'acpi_sleep_proc_init' was not declared. Should it be static?
drivers/acpi/bus.c:51:20: warning: symbol 'acpi_root' was not declared. Should it be static?
drivers/acpi/bus.c:598:1: warning: symbol 'acpi_bus_event_list' was not declared. Should it be static?
drivers/acpi/bus.c:599:1: warning: symbol 'acpi_bus_event_queue' was not declared. Should it be static?
drivers/acpi/scan.c:33:1: warning: symbol 'acpi_device_lock' was not declared. Should it be static?
drivers/acpi/scan.c:34:1: warning: symbol 'acpi_wakeup_device_list' was not declared. Should it be static?
drivers/acpi/ec.c:114:16: warning: symbol 'boot_ec' was not declared. Should it be static?
drivers/acpi/ec.c:382:5: warning: symbol 'ec_burst_enable' was not declared. Should it be static?
drivers/acpi/ec.c:391:5: warning: symbol 'ec_burst_disable' was not declared. Should it be static?
drivers/acpi/ec.c:520:5: warning: symbol 'acpi_ec_add_query_handler' was not declared. Should it be static?
drivers/acpi/ec.c:541:6: warning: symbol 'acpi_ec_remove_query_handler' was not declared. Should it be static?
drivers/acpi/event.c:27:5: warning: symbol 'event_is_open' was not declared. Should it be static?
drivers/acpi/sysfs.c:719:12: warning: symbol 'acpi_sysfs_init' was not declared. Should it be static?
drivers/acpi/debugfs.c:13:15: warning: symbol 'acpi_debugfs_dir' was not declared. Should it be static?
drivers/acpi/debugfs.c:16:13: warning: symbol 'acpi_debugfs_init' was not declared. Should it be static?
drivers/acpi/processor_throttling.c:720:18: warning: cast removes address space of expression
drivers/acpi/processor_throttling.c:720:18: warning: incorrect type in argument 2 (different address spaces)
/cmpt816/linux/arch/x86/include/asm/percpu.h:522:34: warning: cast removes address space of expression
drivers/acpi/processor_throttling.c:720:18: warning: cast removes address space of expression
drivers/acpi/processor_throttling.c:720:18: warning: incorrect type in argument 2 (different address spaces)
/cmpt816/linux/arch/x86/include/asm/percpu.h:505:38: warning: cast removes address space of expression
/cmpt816/linux/arch/x86/include/asm/percpu.h:505:59: warning: incorrect type in initializer (different address spaces)
drivers/acpi/processor_throttling.c:741:18: warning: cast removes address space of expression
drivers/acpi/processor_throttling.c:741:18: warning: incorrect type in argument 2 (different address spaces)
/cmpt816/linux/arch/x86/include/asm/percpu.h:522:34: warning: cast removes address space of expression
drivers/acpi/processor_throttling.c:741:18: warning: cast removes address space of expression
drivers/acpi/processor_throttling.c:741:18: warning: incorrect type in argument 2 (different address spaces)
/cmpt816/linux/arch/x86/include/asm/percpu.h:505:38: warning: cast removes address space of expression
/cmpt816/linux/arch/x86/include/asm/percpu.h:505:59: warning: incorrect type in initializer (different address spaces)
drivers/acpi/acpica/evrgnini.c:89:74: warning: incorrect type in argument 1 (different address spaces)
drivers/acpi/acpica/exregion.c:141:54: warning: incorrect type in argument 1 (different address spaces)
drivers/acpi/acpica/exregion.c:173:50: warning: incorrect type in assignment (different address spaces)
drivers/acpi/acpica/tbfadt.c:231:15: warning: incorrect type in assignment (different address spaces)
drivers/acpi/acpica/tbfadt.c:250:30: warning: incorrect type in argument 1 (different address spaces)
drivers/acpi/acpica/tbinstal.c:74:45: warning: incorrect type in assignment (different address spaces)
drivers/acpi/acpica/tbinstal.c:298:27: warning: incorrect type in assignment (different address spaces)
drivers/acpi/acpica/tbinstal.c:467:48: warning: incorrect type in argument 1 (different address spaces)
drivers/acpi/acpica/tbutils.c:86:15: warning: incorrect type in assignment (different address spaces)
drivers/acpi/acpica/tbutils.c:91:30: warning: incorrect type in argument 1 (different address spaces)
drivers/acpi/acpica/tbutils.c:95:15: warning: incorrect type in assignment (different address spaces)
drivers/acpi/acpica/tbutils.c:113:30: warning: incorrect type in argument 1 (different address spaces)
drivers/acpi/acpica/tbutils.c:472:15: warning: incorrect type in assignment (different address spaces)
drivers/acpi/acpica/tbutils.c:543:30: warning: incorrect type in argument 1 (different address spaces)
drivers/acpi/acpica/tbutils.c:638:14: warning: incorrect type in assignment (different address spaces)
drivers/acpi/acpica/tbutils.c:671:30: warning: incorrect type in argument 1 (different address spaces)
drivers/acpi/acpica/tbutils.c:684:15: warning: incorrect type in assignment (different address spaces)
drivers/acpi/acpica/tbutils.c:694:30: warning: incorrect type in argument 1 (different address spaces)
drivers/acpi/acpica/tbutils.c:702:15: warning: incorrect type in assignment (different address spaces)
drivers/acpi/acpica/tbutils.c:711:38: warning: incorrect type in argument 1 (different address spaces)
drivers/acpi/acpica/tbutils.c:763:30: warning: incorrect type in argument 1 (different address spaces)
drivers/acpi/acpica/tbxface.c:313:40: warning: incorrect type in assignment (different address spaces)
drivers/acpi/acpica/tbxface.c:323:54: warning: incorrect type in argument 1 (different address spaces)
drivers/acpi/acpica/tbxfroot.c:132:19: warning: incorrect type in assignment (different address spaces)
drivers/acpi/acpica/tbxfroot.c:148:30: warning: incorrect type in argument 1 (different address spaces)
drivers/acpi/acpica/tbxfroot.c:157:27: warning: incorrect type in assignment (different address spaces)
drivers/acpi/acpica/tbxfroot.c:171:38: warning: incorrect type in argument 1 (different address spaces)
drivers/acpi/acpica/tbxfroot.c:188:19: warning: incorrect type in assignment (different address spaces)
drivers/acpi/acpica/tbxfroot.c:203:30: warning: incorrect type in argument 1 (different address spaces)
include/acpi/acexcep.h:190:12: warning: symbol 'acpi_gbl_exception_names_env' was not declared. Should it be static?
include/acpi/acexcep.h:222:12: warning: symbol 'acpi_gbl_exception_names_pgm' was not declared. Should it be static?
include/acpi/acexcep.h:235:12: warning: symbol 'acpi_gbl_exception_names_tbl' was not declared. Should it be static?
include/acpi/acexcep.h:244:12: warning: symbol 'acpi_gbl_exception_names_aml' was not declared. Should it be static?
include/acpi/acexcep.h:281:12: warning: symbol 'acpi_gbl_exception_names_ctrl' was not declared. Should it be static?
drivers/acpi/acpica/acglobal.h:154:16: warning: symbol 'acpi_gbl_no_resource_disassembly' was not declared. Should it be static?
drivers/acpi/acpica/acglobal.h:166:17: warning: symbol 'acpi_gpe_count' was not declared. Should it be static?
drivers/acpi/acpica/acglobal.h:167:17: warning: symbol 'acpi_fixed_event_count' was not declared. Should it be static?
drivers/acpi/acpica/acglobal.h:171:17: warning: symbol 'acpi_gbl_original_dbg_level' was not declared. Should it be static?
drivers/acpi/acpica/acglobal.h:172:17: warning: symbol 'acpi_gbl_original_dbg_layer' was not declared. Should it be static?
drivers/acpi/acpica/acglobal.h:173:17: warning: symbol 'acpi_gbl_trace_dbg_level' was not declared. Should it be static?
drivers/acpi/acpica/acglobal.h:174:17: warning: symbol 'acpi_gbl_trace_dbg_layer' was not declared. Should it be static?
drivers/acpi/acpica/acglobal.h:186:36: warning: symbol 'acpi_gbl_root_table_list' was not declared. Should it be static?
drivers/acpi/acpica/acglobal.h:189:36: warning: symbol 'acpi_gbl_FACS' was not declared. Should it be static?
drivers/acpi/acpica/acglobal.h:195:41: warning: symbol 'acpi_gbl_xpm1a_status' was not declared. Should it be static?
drivers/acpi/acpica/acglobal.h:196:41: warning: symbol 'acpi_gbl_xpm1a_enable' was not declared. Should it be static?
drivers/acpi/acpica/acglobal.h:198:41: warning: symbol 'acpi_gbl_xpm1b_status' was not declared. Should it be static?
drivers/acpi/acpica/acglobal.h:199:41: warning: symbol 'acpi_gbl_xpm1b_enable' was not declared. Should it be static?
drivers/acpi/acpica/acglobal.h:203:38: warning: symbol 'acpi_gbl_DSDT' was not declared. Should it be static?
drivers/acpi/acpica/acglobal.h:204:38: warning: symbol 'acpi_gbl_original_dsdt_header' was not declared. Should it be static?
drivers/acpi/acpica/acglobal.h:211:16: warning: symbol 'acpi_gbl_integer_bit_width' was not declared. Should it be static?
drivers/acpi/acpica/acglobal.h:212:16: warning: symbol 'acpi_gbl_integer_byte_width' was not declared. Should it be static?
drivers/acpi/acpica/acglobal.h:213:16: warning: symbol 'acpi_gbl_integer_nybble_width' was not declared. Should it be static?
drivers/acpi/acpica/acglobal.h:217:13: warning: symbol 'acpi_gbl_osi_mutex' was not declared. Should it be static?
drivers/acpi/acpica/acglobal.h:221:33: warning: symbol 'acpi_gbl_namespace_rw_lock' was not declared. Should it be static?
drivers/acpi/acpica/acglobal.h:234:36: warning: symbol 'acpi_gbl_mutex_info' was not declared. Should it be static?
drivers/acpi/acpica/acglobal.h:241:39: warning: symbol 'acpi_gbl_global_lock_mutex' was not declared. Should it be static?
drivers/acpi/acpica/acglobal.h:242:13: warning: symbol 'acpi_gbl_global_lock_semaphore' was not declared. Should it be static?
drivers/acpi/acpica/acglobal.h:243:13: warning: symbol 'acpi_gbl_global_lock_pending_lock' was not declared. Should it be static?
drivers/acpi/acpica/acglobal.h:244:17: warning: symbol 'acpi_gbl_global_lock_handle' was not declared. Should it be static?
drivers/acpi/acpica/acglobal.h:245:16: warning: symbol 'acpi_gbl_global_lock_acquired' was not declared. Should it be static?
drivers/acpi/acpica/acglobal.h:246:16: warning: symbol 'acpi_gbl_global_lock_present' was not declared. Should it be static?
drivers/acpi/acpica/acglobal.h:247:16: warning: symbol 'acpi_gbl_global_lock_pending' was not declared. Should it be static?
drivers/acpi/acpica/acglobal.h:253:13: warning: symbol 'acpi_gbl_gpe_lock' was not declared. Should it be static?
drivers/acpi/acpica/acglobal.h:254:13: warning: symbol 'acpi_gbl_hardware_lock' was not declared. Should it be static?
drivers/acpi/acpica/acglobal.h:273:26: warning: symbol 'acpi_gbl_namespace_cache' was not declared. Should it be static?
drivers/acpi/acpica/acglobal.h:274:26: warning: symbol 'acpi_gbl_state_cache' was not declared. Should it be static?
drivers/acpi/acpica/acglobal.h:275:26: warning: symbol 'acpi_gbl_ps_node_cache' was not declared. Should it be static?
drivers/acpi/acpica/acglobal.h:276:26: warning: symbol 'acpi_gbl_ps_node_ext_cache' was not declared. Should it be static?
drivers/acpi/acpica/acglobal.h:277:26: warning: symbol 'acpi_gbl_operand_cache' was not declared. Should it be static?
drivers/acpi/acpica/acglobal.h:281:47: warning: symbol 'acpi_gbl_device_notify' was not declared. Should it be static?
drivers/acpi/acpica/acglobal.h:282:47: warning: symbol 'acpi_gbl_system_notify' was not declared. Should it be static?
drivers/acpi/acpica/acglobal.h:283:36: warning: symbol 'acpi_gbl_exception_handler' was not declared. Should it be static?
drivers/acpi/acpica/acglobal.h:284:31: warning: symbol 'acpi_gbl_init_handler' was not declared. Should it be static?
drivers/acpi/acpica/acglobal.h:285:30: warning: symbol 'acpi_gbl_table_handler' was not declared. Should it be static?
drivers/acpi/acpica/acglobal.h:286:18: warning: symbol 'acpi_gbl_table_handler_context' was not declared. Should it be static?
drivers/acpi/acpica/acglobal.h:287:36: warning: symbol 'acpi_gbl_breakpoint_walk' was not declared. Should it be static?
drivers/acpi/acpica/acglobal.h:288:36: warning: symbol 'acpi_gbl_interface_handler' was not declared. Should it be static?
drivers/acpi/acpica/acglobal.h:292:17: warning: symbol 'acpi_gbl_owner_id_mask' was not declared. Should it be static?
drivers/acpi/acpica/acglobal.h:293:16: warning: symbol 'acpi_gbl_last_owner_id_index' was not declared. Should it be static?
drivers/acpi/acpica/acglobal.h:294:16: warning: symbol 'acpi_gbl_next_owner_id_offset' was not declared. Should it be static?
drivers/acpi/acpica/acglobal.h:298:16: warning: symbol 'acpi_gbl_reg_methods_executed' was not declared. Should it be static?
drivers/acpi/acpica/acglobal.h:302:17: warning: symbol 'acpi_gbl_original_mode' was not declared. Should it be static?
drivers/acpi/acpica/acglobal.h:303:17: warning: symbol 'acpi_gbl_rsdp_original_location' was not declared. Should it be static?
drivers/acpi/acpica/acglobal.h:304:17: warning: symbol 'acpi_gbl_ns_lookup_count' was not declared. Should it be static?
drivers/acpi/acpica/acglobal.h:305:17: warning: symbol 'acpi_gbl_ps_find_count' was not declared. Should it be static?
drivers/acpi/acpica/acglobal.h:306:17: warning: symbol 'acpi_gbl_pm1_enable_register_save' was not declared. Should it be static?
drivers/acpi/acpica/acglobal.h:307:16: warning: symbol 'acpi_gbl_debugger_configuration' was not declared. Should it be static?
drivers/acpi/acpica/acglobal.h:308:16: warning: symbol 'acpi_gbl_step_to_next_call' was not declared. Should it be static?
drivers/acpi/acpica/acglobal.h:309:16: warning: symbol 'acpi_gbl_acpi_hardware_present' was not declared. Should it be static?
drivers/acpi/acpica/acglobal.h:310:16: warning: symbol 'acpi_gbl_events_initialized' was not declared. Should it be static?
drivers/acpi/acpica/acglobal.h:311:16: warning: symbol 'acpi_gbl_osi_data' was not declared. Should it be static?
drivers/acpi/acpica/acglobal.h:312:40: warning: symbol 'acpi_gbl_supported_interfaces' was not declared. Should it be static?
drivers/acpi/acpica/acglobal.h:314:5: warning: symbol 'acpi_gbl_address_range_list' was not declared. Should it be static?
drivers/acpi/acpica/acglobal.h:350:40: warning: symbol 'acpi_gbl_root_node_struct' was not declared. Should it be static?
drivers/acpi/acpica/acglobal.h:351:40: warning: symbol 'acpi_gbl_root_node' was not declared. Should it be static?
drivers/acpi/acpica/acglobal.h:352:40: warning: symbol 'acpi_gbl_fadt_gpe_device' was not declared. Should it be static?
drivers/acpi/acpica/acglobal.h:353:39: warning: symbol 'acpi_gbl_module_code_list' was not declared. Should it be static?
drivers/acpi/acpica/acglobal.h:374:38: warning: symbol 'acpi_gbl_current_walk_list' was not declared. Should it be static?
drivers/acpi/acpica/acglobal.h:378:16: warning: symbol 'acpi_gbl_cm_single_step' was not declared. Should it be static?
drivers/acpi/acpica/acglobal.h:388:16: warning: symbol 'acpi_gbl_sleep_type_a' was not declared. Should it be static?
drivers/acpi/acpica/acglobal.h:389:16: warning: symbol 'acpi_gbl_sleep_type_b' was not declared. Should it be static?
drivers/acpi/acpica/acglobal.h:400:5: warning: symbol 'acpi_gbl_fixed_event_handlers' was not declared. Should it be static?
drivers/acpi/acpica/acglobal.h:401:40: warning: symbol 'acpi_gbl_gpe_xrupt_list_head' was not declared. Should it be static?
drivers/acpi/acpica/acglobal.h:403:1: warning: symbol 'acpi_gbl_gpe_fadt_blocks' was not declared. Should it be static?
drivers/acpi/acpica/acglobal.h:407:16: warning: symbol 'acpi_gbl_all_gpes_initialized' was not declared. Should it be static?
drivers/acpi/acpica/acglobal.h:408:36: warning: symbol 'acpi_gbl_global_event_handler' was not declared. Should it be static?
drivers/acpi/acpica/acglobal.h:409:18: warning: symbol 'acpi_gbl_global_event_handler_context' was not declared. Should it be static?
drivers/acpi/acpica/acglobal.h:419:16: warning: symbol 'acpi_gbl_db_output_flags' was not declared. Should it be static?
drivers/acpi/acpica/utglobal.c:72:4: warning: symbol 'acpi_gbl_db_terminate_threads' was not declared. Should it be static?
drivers/acpi/acpica/utglobal.c:73:4: warning: symbol 'acpi_gbl_abort_method' was not declared. Should it be static?
drivers/acpi/acpica/utglobal.c:74:4: warning: symbol 'acpi_gbl_method_executing' was not declared. Should it be static?
drivers/acpi/acpica/utglobal.c:78:5: warning: symbol 'acpi_gbl_startup_flags' was not declared. Should it be static?
drivers/acpi/acpica/utglobal.c:82:4: warning: symbol 'acpi_gbl_shutdown' was not declared. Should it be static?
drivers/acpi/acpica/utglobal.c:84:12: warning: symbol 'acpi_gbl_sleep_state_names' was not declared. Should it be static?
drivers/acpi/acpica/utglobal.c:93:12: warning: symbol 'acpi_gbl_lowest_dstate_names' was not declared. Should it be static?
drivers/acpi/acpica/utglobal.c:101:12: warning: symbol 'acpi_gbl_highest_dstate_names' was not declared. Should it be static?
drivers/acpi/acpica/utstate.c:64:1: warning: symbol 'acpi_ut_create_pkg_state_and_push' was not declared. Should it be static?
drivers/acpi/button.c:216:5: warning: symbol 'acpi_lid_notifier_register' was not declared. Should it be static?
drivers/acpi/button.c:222:5: warning: symbol 'acpi_lid_notifier_unregister' was not declared. Should it be static?
drivers/acpi/button.c:228:5: warning: symbol 'acpi_lid_open' was not declared. Should it be static?
drivers/ata/libata-scsi.c:1876:9: warning: context imbalance in 'ata_scsi_rbuf_get' - wrong count at exit
drivers/ata/libata-scsi.c:1897:31: warning: context imbalance in 'ata_scsi_rbuf_fill' - unexpected unlock
drivers/ata/libata-scsi.c:1895:48: warning: context imbalance in 'atapi_qc_complete' - unexpected unlock
drivers/ata/libata-eh.c:422:5: warning: symbol 'ata_ering_clear_cb' was not declared. Should it be static?
drivers/ata/libata-transport.c:235:5: warning: symbol 'ata_is_port' was not declared. Should it be static?
drivers/ata/libata-transport.c:358:5: warning: symbol 'ata_is_link' was not declared. Should it be static?
drivers/ata/libata-transport.c:575:5: warning: symbol 'ata_is_ata_dev' was not declared. Should it be static?
drivers/ata/libata-sff.c:1302:9: warning: context imbalance in 'ata_sff_hsm_move' - different lock contexts for basic block
drivers/ata/ahci.c:93:9: warning: Initializer entry defined twice
drivers/ata/libahci.c:189:5: warning: symbol 'ahci_em_messages' was not declared. Should it be static?
drivers/ata/libahci.c:1348:5: warning: symbol 'ahci_pmp_retry_softreset' was not declared. Should it be static?
include/linux/pm_qos.h:69:28: warning: Using plain integer as NULL pointer
include/linux/pm_qos.h:69:28: warning: Using plain integer as NULL pointer
include/linux/pm_qos.h:69:28: warning: Using plain integer as NULL pointer
drivers/base/power/main.c:48:1: warning: symbol 'dpm_prepared_list' was not declared. Should it be static?
drivers/base/power/main.c:49:1: warning: symbol 'dpm_suspended_list' was not declared. Should it be static?
drivers/base/power/main.c:50:1: warning: symbol 'dpm_late_early_list' was not declared. Should it be static?
drivers/base/power/main.c:51:1: warning: symbol 'dpm_noirq_list' was not declared. Should it be static?
drivers/block/brd.c:433:5: warning: symbol 'rd_size' was not declared. Should it be static?
drivers/block/loop.c:229:38: warning: incorrect type in argument 2 (different address spaces)
drivers/char/mem.c:379:44: warning: incorrect type in argument 2 (different address spaces)
drivers/char/random.c:1282:11: warning: symbol 'random_table' was not declared. Should it be static?
drivers/char/random.c:1347:1: warning: symbol 'get_random_int_hash' was not declared. Should it be static?
drivers/char/agp/frontend.c:46:23: warning: symbol 'agp_fe' was not declared. Should it be static?
drivers/char/agp/frontend.c:48:19: warning: symbol 'agp_find_mem_by_key' was not declared. Should it be static?
drivers/char/agp/frontend.c:164:5: warning: symbol 'agp_create_segment' was not declared. Should it be static?
drivers/char/agp/frontend.c:216:25: warning: symbol 'agp_find_private' was not declared. Should it be static?
drivers/char/agp/frontend.c:271:6: warning: symbol 'agp_free_memory_wrap' was not declared. Should it be static?
drivers/char/agp/frontend.c:277:19: warning: symbol 'agp_allocate_memory_wrap' was not declared. Should it be static?
drivers/char/agp/frontend.c:489:19: warning: symbol 'agp_find_client_by_pid' was not declared. Should it be static?
drivers/char/agp/frontend.c:514:19: warning: symbol 'agp_create_client' was not declared. Should it be static?
drivers/char/agp/frontend.c:527:5: warning: symbol 'agp_remove_client' was not declared. Should it be static?
drivers/char/agp/frontend.c:748:5: warning: symbol 'agpioc_acquire_wrap' was not declared. Should it be static?
drivers/char/agp/frontend.c:791:5: warning: symbol 'agpioc_release_wrap' was not declared. Should it be static?
drivers/char/agp/frontend.c:798:5: warning: symbol 'agpioc_setup_wrap' was not declared. Should it be static?
drivers/char/agp/frontend.c:878:5: warning: symbol 'agpioc_protect_wrap' was not declared. Should it be static?
drivers/char/agp/frontend.c:912:5: warning: symbol 'agpioc_deallocate_wrap' was not declared. Should it be static?
drivers/char/agp/generic.c:47:7: warning: symbol 'agp_gatt_table' was not declared. Should it be static?
drivers/char/agp/generic.c:48:5: warning: symbol 'agp_memory_reserved' was not declared. Should it be static?
include/linux/mm.h:405:9: error: undefined identifier 'BUILD_BUG_ON_INVALID'
include/linux/mm.h:405:9: error: not a function <noident>
drivers/char/agp/intel-agp.c:16:5: warning: symbol 'intel_agp_enabled' was not declared. Should it be static?
include/linux/mm.h:405:9: error: undefined identifier 'BUILD_BUG_ON_INVALID'
include/linux/mm.h:405:9: error: not a function <noident>
drivers/clocksource/acpi_pm.c:120:1: warning: duplicate const 
drivers/clocksource/acpi_pm.c:137:1: warning: duplicate const 
drivers/clocksource/acpi_pm.c:139:1: warning: duplicate const 
drivers/cpufreq/cpufreq.c:130:5: warning: symbol 'cpufreq_disabled' was not declared. Should it be static?
drivers/cpufreq/cpufreq_ondemand.c:703:50: warning: incorrect type in argument 2 (different modifiers)
drivers/cpufreq/cpufreq_ondemand.c:703:50: warning: implicit cast to nocast type
drivers/cpufreq/cpufreq_ondemand.c:149:53: warning: incorrect type in argument 2 (different modifiers)
drivers/cpufreq/cpufreq_ondemand.c:149:53: warning: implicit cast from nocast type
drivers/cpufreq/cpufreq_ondemand.c:151:58: warning: incorrect type in argument 2 (different modifiers)
drivers/cpufreq/cpufreq_ondemand.c:151:58: warning: implicit cast from nocast type
drivers/cpufreq/cpufreq_ondemand.c:401:50: warning: incorrect type in argument 2 (different modifiers)
drivers/cpufreq/cpufreq_ondemand.c:401:50: warning: implicit cast to nocast type
drivers/cpufreq/cpufreq_ondemand.c:149:53: warning: incorrect type in argument 2 (different modifiers)
drivers/cpufreq/cpufreq_ondemand.c:149:53: warning: implicit cast from nocast type
drivers/cpufreq/cpufreq_ondemand.c:151:58: warning: incorrect type in argument 2 (different modifiers)
drivers/cpufreq/cpufreq_ondemand.c:151:58: warning: implicit cast from nocast type
drivers/cpufreq/cpufreq_ondemand.c:497:55: warning: incorrect type in argument 2 (different modifiers)
drivers/cpufreq/cpufreq_ondemand.c:497:55: warning: implicit cast to nocast type
drivers/cpufreq/cpufreq_ondemand.c:149:53: warning: incorrect type in argument 2 (different modifiers)
drivers/cpufreq/cpufreq_ondemand.c:149:53: warning: implicit cast from nocast type
drivers/cpufreq/cpufreq_ondemand.c:151:58: warning: incorrect type in argument 2 (different modifiers)
drivers/cpufreq/cpufreq_ondemand.c:151:58: warning: implicit cast from nocast type
drivers/cpufreq/cpufreq_ondemand.c:498:59: warning: incorrect type in argument 2 (different modifiers)
drivers/cpufreq/cpufreq_ondemand.c:498:59: warning: implicit cast to nocast type
drivers/cpufreq/cpufreq_ondemand.c:158:55: warning: incorrect type in argument 2 (different modifiers)
drivers/cpufreq/cpufreq_ondemand.c:158:55: warning: implicit cast from nocast type
drivers/firmware/dmi_scan.c:108:13: warning: incorrect type in assignment (different address spaces)
drivers/firmware/dmi_scan.c:114:21: warning: incorrect type in argument 1 (different address spaces)
drivers/firmware/dmi_scan.c:722:13: warning: incorrect type in assignment (different address spaces)
drivers/firmware/dmi_scan.c:728:17: warning: incorrect type in argument 1 (different address spaces)
drivers/gpu/drm/drm_bufs.c:218:37: warning: incorrect type in assignment (different address spaces)
drivers/gpu/drm/drm_bufs.c:336:36: warning: incorrect type in argument 1 (different address spaces)
drivers/gpu/drm/drm_bufs.c:353:36: warning: incorrect type in argument 1 (different address spaces)
drivers/gpu/drm/drm_bufs.c:451:28: warning: incorrect type in argument 1 (different address spaces)
drivers/gpu/drm/drm_drv.c:64:9: error: bad integer constant expression
drivers/gpu/drm/drm_drv.c:65:9: error: bad integer constant expression
drivers/gpu/drm/drm_drv.c:66:9: error: bad integer constant expression
drivers/gpu/drm/drm_drv.c:67:9: error: bad integer constant expression
drivers/gpu/drm/drm_drv.c:68:9: error: bad integer constant expression
drivers/gpu/drm/drm_drv.c:69:9: error: bad integer constant expression
drivers/gpu/drm/drm_drv.c:70:9: error: bad integer constant expression
drivers/gpu/drm/drm_drv.c:71:9: error: bad integer constant expression
drivers/gpu/drm/drm_drv.c:72:9: error: bad integer constant expression
drivers/gpu/drm/drm_drv.c:74:9: error: bad integer constant expression
drivers/gpu/drm/drm_drv.c:75:9: error: bad integer constant expression
drivers/gpu/drm/drm_drv.c:76:9: error: bad integer constant expression
drivers/gpu/drm/drm_drv.c:77:9: error: bad integer constant expression
drivers/gpu/drm/drm_drv.c:79:9: error: bad integer constant expression
drivers/gpu/drm/drm_drv.c:80:9: error: bad integer constant expression
drivers/gpu/drm/drm_drv.c:82:9: error: bad integer constant expression
drivers/gpu/drm/drm_drv.c:83:9: error: bad integer constant expression
drivers/gpu/drm/drm_drv.c:88:9: error: bad integer constant expression
drivers/gpu/drm/drm_drv.c:89:9: error: bad integer constant expression
drivers/gpu/drm/drm_drv.c:90:9: error: bad integer constant expression
drivers/gpu/drm/drm_drv.c:91:9: error: bad integer constant expression
drivers/gpu/drm/drm_drv.c:92:9: error: bad integer constant expression
drivers/gpu/drm/drm_drv.c:93:9: error: bad integer constant expression
drivers/gpu/drm/drm_drv.c:94:9: error: bad integer constant expression
drivers/gpu/drm/drm_drv.c:96:9: error: bad integer constant expression
drivers/gpu/drm/drm_drv.c:97:9: error: bad integer constant expression
drivers/gpu/drm/drm_drv.c:99:9: error: bad integer constant expression
drivers/gpu/drm/drm_drv.c:100:9: error: bad integer constant expression
drivers/gpu/drm/drm_drv.c:102:9: error: bad integer constant expression
drivers/gpu/drm/drm_drv.c:104:9: error: bad integer constant expression
drivers/gpu/drm/drm_drv.c:105:9: error: bad integer constant expression
drivers/gpu/drm/drm_drv.c:106:9: error: bad integer constant expression
drivers/gpu/drm/drm_drv.c:107:9: error: bad integer constant expression
drivers/gpu/drm/drm_drv.c:108:9: error: bad integer constant expression
drivers/gpu/drm/drm_drv.c:110:9: error: bad integer constant expression
drivers/gpu/drm/drm_drv.c:112:9: error: bad integer constant expression
drivers/gpu/drm/drm_drv.c:117:9: error: bad integer constant expression
drivers/gpu/drm/drm_drv.c:118:9: error: bad integer constant expression
drivers/gpu/drm/drm_drv.c:119:9: error: bad integer constant expression
drivers/gpu/drm/drm_drv.c:120:9: error: bad integer constant expression
drivers/gpu/drm/drm_drv.c:121:9: error: bad integer constant expression
drivers/gpu/drm/drm_drv.c:122:9: error: bad integer constant expression
drivers/gpu/drm/drm_drv.c:125:9: error: bad integer constant expression
drivers/gpu/drm/drm_drv.c:126:9: error: bad integer constant expression
drivers/gpu/drm/drm_drv.c:128:9: error: bad integer constant expression
drivers/gpu/drm/drm_drv.c:130:9: error: bad integer constant expression
drivers/gpu/drm/drm_drv.c:132:9: error: bad integer constant expression
drivers/gpu/drm/drm_drv.c:134:9: error: bad integer constant expression
drivers/gpu/drm/drm_drv.c:135:9: error: bad integer constant expression
drivers/gpu/drm/drm_drv.c:136:9: error: bad integer constant expression
drivers/gpu/drm/drm_drv.c:138:9: error: bad integer constant expression
drivers/gpu/drm/drm_drv.c:140:9: error: bad integer constant expression
drivers/gpu/drm/drm_drv.c:141:9: error: bad integer constant expression
drivers/gpu/drm/drm_drv.c:143:9: error: bad integer constant expression
drivers/gpu/drm/drm_drv.c:144:9: error: bad integer constant expression
drivers/gpu/drm/drm_drv.c:145:9: error: bad integer constant expression
drivers/gpu/drm/drm_drv.c:146:9: error: bad integer constant expression
drivers/gpu/drm/drm_drv.c:147:9: error: bad integer constant expression
drivers/gpu/drm/drm_drv.c:148:9: error: bad integer constant expression
drivers/gpu/drm/drm_drv.c:149:9: error: bad integer constant expression
drivers/gpu/drm/drm_drv.c:150:9: error: bad integer constant expression
drivers/gpu/drm/drm_drv.c:151:9: error: bad integer constant expression
drivers/gpu/drm/drm_drv.c:152:9: error: bad integer constant expression
drivers/gpu/drm/drm_drv.c:153:9: error: bad integer constant expression
drivers/gpu/drm/drm_drv.c:154:9: error: bad integer constant expression
drivers/gpu/drm/drm_drv.c:155:9: error: bad integer constant expression
drivers/gpu/drm/drm_drv.c:156:9: error: bad integer constant expression
drivers/gpu/drm/drm_drv.c:157:9: error: bad integer constant expression
drivers/gpu/drm/drm_drv.c:158:9: error: bad integer constant expression
drivers/gpu/drm/drm_drv.c:159:9: error: bad integer constant expression
drivers/gpu/drm/drm_drv.c:160:9: error: bad integer constant expression
drivers/gpu/drm/drm_drv.c:161:9: error: bad integer constant expression
drivers/gpu/drm/drm_drv.c:162:9: error: bad integer constant expression
drivers/gpu/drm/drm_drv.c:163:9: error: bad integer constant expression
drivers/gpu/drm/drm_drv.c:164:9: error: bad integer constant expression
drivers/gpu/drm/drm_drv.c:165:9: error: bad integer constant expression
drivers/gpu/drm/drm_drv.c:166:9: error: bad integer constant expression
drivers/gpu/drm/drm_drv.c:167:9: error: bad integer constant expression
drivers/gpu/drm/drm_drv.c:168:9: error: bad integer constant expression
drivers/gpu/drm/drm_irq.c:1236:6: warning: symbol 'drm_handle_vblank_events' was not declared. Should it be static?
drivers/gpu/drm/drm_memory.c:119:29: warning: incorrect type in assignment (different address spaces)
drivers/gpu/drm/drm_memory.c:129:29: warning: incorrect type in assignment (different address spaces)
drivers/gpu/drm/drm_memory.c:142:28: warning: incorrect type in argument 1 (different address spaces)
drivers/gpu/drm/drm_proc.c:93:5: warning: symbol 'drm_proc_create_files' was not declared. Should it be static?
drivers/gpu/drm/drm_proc.c:176:5: warning: symbol 'drm_proc_remove_files' was not declared. Should it be static?
include/linux/mm.h:405:9: error: undefined identifier 'BUILD_BUG_ON_INVALID'
include/linux/mm.h:405:9: error: not a function <noident>
include/linux/mm.h:405:9: error: not a function <noident>
include/linux/mm.h:405:9: error: not a function <noident>
drivers/gpu/drm/drm_pci.c:155:5: warning: symbol 'drm_pci_set_busid' was not declared. Should it be static?
drivers/gpu/drm/drm_pci.c:197:5: warning: symbol 'drm_pci_set_unique' was not declared. Should it be static?
drivers/gpu/drm/drm_pci.c:269:5: warning: symbol 'drm_pci_agp_init' was not declared. Should it be static?
drivers/gpu/drm/drm_crtc.c:134:1: warning: symbol 'drm_get_dirty_info_name' was not declared. Should it be static?
drivers/gpu/drm/drm_crtc.c:953:5: warning: symbol 'drm_mode_group_init' was not declared. Should it be static?
drivers/gpu/drm/drm_modes.c:852:6: warning: symbol 'drm_mode_validate_clocks' was not declared. Should it be static?
drivers/gpu/drm/drm_info.c:238:5: warning: symbol 'drm_gem_one_name_info' was not declared. Should it be static?
drivers/gpu/drm/drm_ioc32.c:1020:10: error: bad integer constant expression
drivers/gpu/drm/drm_ioc32.c:1021:10: error: bad integer constant expression
drivers/gpu/drm/drm_ioc32.c:1022:10: error: bad integer constant expression
drivers/gpu/drm/drm_ioc32.c:1023:10: error: bad integer constant expression
drivers/gpu/drm/drm_ioc32.c:1024:10: error: bad integer constant expression
drivers/gpu/drm/drm_ioc32.c:1025:10: error: bad integer constant expression
drivers/gpu/drm/drm_ioc32.c:1026:10: error: bad integer constant expression
drivers/gpu/drm/drm_ioc32.c:1027:10: error: bad integer constant expression
drivers/gpu/drm/drm_ioc32.c:1028:10: error: bad integer constant expression
drivers/gpu/drm/drm_ioc32.c:1029:10: error: bad integer constant expression
drivers/gpu/drm/drm_ioc32.c:1030:10: error: bad integer constant expression
drivers/gpu/drm/drm_ioc32.c:1031:10: error: bad integer constant expression
drivers/gpu/drm/drm_ioc32.c:1032:10: error: bad integer constant expression
drivers/gpu/drm/drm_ioc32.c:1033:10: error: bad integer constant expression
drivers/gpu/drm/drm_ioc32.c:1034:10: error: bad integer constant expression
drivers/gpu/drm/drm_ioc32.c:1035:10: error: bad integer constant expression
drivers/gpu/drm/drm_ioc32.c:1036:10: error: bad integer constant expression
drivers/gpu/drm/drm_ioc32.c:1038:10: error: bad integer constant expression
drivers/gpu/drm/drm_ioc32.c:1039:10: error: bad integer constant expression
drivers/gpu/drm/drm_ioc32.c:1040:10: error: bad integer constant expression
drivers/gpu/drm/drm_ioc32.c:1041:10: error: bad integer constant expression
drivers/gpu/drm/drm_ioc32.c:1042:10: error: bad integer constant expression
drivers/gpu/drm/drm_ioc32.c:1043:10: error: bad integer constant expression
drivers/gpu/drm/drm_ioc32.c:1045:10: error: bad integer constant expression
drivers/gpu/drm/drm_ioc32.c:1046:10: error: bad integer constant expression
drivers/gpu/drm/drm_ioc32.c:1048:10: error: bad integer constant expression
drivers/gpu/drm/drm_ioc32.c:1050:10: error: bad integer constant expression
drivers/gpu/drm/drm_fb_helper.c:239:6: warning: symbol 'drm_fb_helper_force_kernel_mode' was not declared. Should it be static?
drivers/gpu/drm/drm_fb_helper.c:258:5: warning: symbol 'drm_fb_helper_panic' was not declared. Should it be static?
drivers/gpu/drm/drm_fb_helper.c:1254:27: warning: expression using sizeof bool
drivers/gpu/drm/i915/i915_debugfs.c:580:31: warning: dereference of noderef expression
drivers/gpu/drm/i915/i915_debugfs.c:580:39: warning: dereference of noderef expression
drivers/gpu/drm/i915/i915_debugfs.c:580:51: warning: dereference of noderef expression
drivers/gpu/drm/i915/i915_debugfs.c:580:63: warning: dereference of noderef expression
include/linux/mm.h:405:9: error: undefined identifier 'BUILD_BUG_ON_INVALID'
include/linux/mm.h:405:9: error: not a function <noident>
drivers/gpu/drm/i915/intel_bios.c:707:60: warning: incorrect type in initializer (different address spaces)
drivers/gpu/drm/i915/intel_bios.c:727:42: warning: incorrect type in argument 1 (different address spaces)
drivers/gpu/drm/i915/intel_bios.c:728:40: warning: cast removes address space of expression
drivers/gpu/drm/i915/intel_bios.c:739:24: warning: cast removes address space of expression
drivers/gpu/drm/i915/intel_bios.c:723:32: warning: odd constant _Bool cast (ffffffffffffffff becomes 1)
drivers/gpu/drm/i915/intel_bios.c:736:32: warning: odd constant _Bool cast (ffffffffffffffff becomes 1)
drivers/gpu/drm/i915/intel_ddi.c:67:6: warning: symbol 'intel_prepare_ddi_buffers' was not declared. Should it be static?
drivers/gpu/drm/i915/intel_pm.c:3626:6: warning: symbol 'intel_init_power_wells' was not declared. Should it be static?
drivers/i2c/i2c-core.c:1676:36: warning: dubious: x | !y
drivers/i2c/i2c-core.c:1831:5: warning: symbol 'i2c_smbus_process_call' was not declared. Should it be static?
drivers/input/input-mt.c:138:40: warning: Using plain integer as NULL pointer
drivers/input/mouse/sentelic.h:126:12: warning: symbol 'fsp_detect' was not declared. Should it be static?
drivers/iommu/amd_iommu.c:539:39: warning: incorrect type in argument 1 (different address spaces)
drivers/iommu/amd_iommu.c:540:39: warning: incorrect type in argument 1 (different address spaces)
drivers/iommu/amd_iommu.c:547:39: warning: incorrect type in argument 2 (different address spaces)
drivers/iommu/amd_iommu.c:581:59: warning: incorrect type in argument 2 (different address spaces)
drivers/iommu/amd_iommu.c:585:39: warning: incorrect type in argument 1 (different address spaces)
drivers/iommu/amd_iommu.c:586:39: warning: incorrect type in argument 1 (different address spaces)
drivers/iommu/amd_iommu.c:618:47: warning: incorrect type in argument 2 (different address spaces)
drivers/iommu/amd_iommu.c:632:47: warning: incorrect type in argument 1 (different address spaces)
drivers/iommu/amd_iommu.c:633:47: warning: incorrect type in argument 1 (different address spaces)
drivers/iommu/amd_iommu.c:692:39: warning: incorrect type in argument 2 (different address spaces)
drivers/iommu/amd_iommu.c:851:44: warning: incorrect type in argument 1 (different address spaces)
drivers/iommu/amd_iommu.c:852:44: warning: incorrect type in argument 1 (different address spaces)
drivers/iommu/amd_iommu.c:956:6: warning: symbol 'iommu_flush_all_caches' was not declared. Should it be static?
drivers/iommu/amd_iommu.c:2076:6: warning: symbol 'pci_pri_tlp_required' was not declared. Should it be static?
drivers/iommu/amd_iommu_init.c:1728:1: warning: duplicate const 
drivers/iommu/amd_iommu_init.c:271:38: warning: incorrect type in argument 1 (different address spaces)
drivers/iommu/amd_iommu_init.c:275:38: warning: incorrect type in argument 1 (different address spaces)
drivers/iommu/amd_iommu_init.c:288:38: warning: incorrect type in argument 1 (different address spaces)
drivers/iommu/amd_iommu_init.c:297:39: warning: incorrect type in argument 1 (different address spaces)
drivers/iommu/amd_iommu_init.c:299:39: warning: incorrect type in argument 2 (different address spaces)
drivers/iommu/amd_iommu_init.c:306:39: warning: incorrect type in argument 1 (different address spaces)
drivers/iommu/amd_iommu_init.c:308:39: warning: incorrect type in argument 2 (different address spaces)
drivers/iommu/amd_iommu_init.c:315:39: warning: incorrect type in argument 1 (different address spaces)
drivers/iommu/amd_iommu_init.c:318:39: warning: incorrect type in argument 2 (different address spaces)
drivers/iommu/amd_iommu_init.c:370:31: warning: incorrect type in return expression (different address spaces)
drivers/iommu/amd_iommu_init.c:376:30: warning: incorrect type in argument 1 (different address spaces)
drivers/iommu/amd_iommu_init.c:526:39: warning: incorrect type in argument 2 (different address spaces)
drivers/iommu/amd_iommu_init.c:527:39: warning: incorrect type in argument 2 (different address spaces)
drivers/iommu/amd_iommu_init.c:545:38: warning: incorrect type in argument 1 (different address spaces)
drivers/iommu/amd_iommu_init.c:580:38: warning: incorrect type in argument 1 (different address spaces)
drivers/iommu/amd_iommu_init.c:584:39: warning: incorrect type in argument 2 (different address spaces)
drivers/iommu/amd_iommu_init.c:585:39: warning: incorrect type in argument 2 (different address spaces)
drivers/iommu/amd_iommu_init.c:616:38: warning: incorrect type in argument 1 (different address spaces)
drivers/iommu/amd_iommu_init.c:620:39: warning: incorrect type in argument 2 (different address spaces)
drivers/iommu/amd_iommu_init.c:621:39: warning: incorrect type in argument 2 (different address spaces)
drivers/iommu/amd_iommu_init.c:756:39: warning: incorrect type in argument 1 (different address spaces)
drivers/iommu/amd_iommu_init.c:757:59: warning: incorrect type in argument 1 (different address spaces)
drivers/iommu/amd_iommu_init.c:1220:37: warning: Using plain integer as NULL pointer
drivers/iommu/amd_iommu_init.c:1728:1: warning: Using plain integer as NULL pointer
drivers/iommu/amd_iommu_init.c:1728:1: warning: Using plain integer as NULL pointer
drivers/iommu/dmar.c:1312:1: warning: duplicate const 
drivers/iommu/dmar.c:496:12: warning: symbol 'check_zero_address' was not declared. Should it be static?
drivers/iommu/dmar.c:575:36: warning: incorrect type in argument 1 (different address spaces)
drivers/iommu/dmar.c:996:29: warning: Using plain integer as NULL pointer
drivers/iommu/dmar.c:1006:29: warning: Using plain integer as NULL pointer
drivers/iommu/dmar.c:1058:12: warning: symbol 'dmar_get_fault_reason' was not declared. Should it be static?
drivers/iommu/dmar.c:1312:1: warning: Using plain integer as NULL pointer
drivers/iommu/dmar.c:1312:1: warning: Using plain integer as NULL pointer
drivers/iommu/intel-iommu.c:3257:1: warning: duplicate const 
drivers/iommu/intel-iommu.c:4170:1: warning: duplicate const 
drivers/iommu/intel-iommu.c:4198:1: warning: duplicate const 
drivers/iommu/intel-iommu.c:4199:1: warning: duplicate const 
drivers/iommu/intel-iommu.c:4200:1: warning: duplicate const 
drivers/iommu/intel-iommu.c:4201:1: warning: duplicate const 
drivers/iommu/intel-iommu.c:406:1: warning: symbol 'unmap_timer' was not declared. Should it be static?
drivers/iommu/intel-iommu.c:442:5: warning: symbol 'intel_iommu_gfx_mapped' was not declared. Should it be static?
drivers/iommu/intel-iommu.c:3139:20: warning: symbol 'intel_dma_ops' was not declared. Should it be static?
drivers/md/dm-raid1.c:257:34: warning: Variable length array is used.
drivers/md/dm-raid1.c:627:34: warning: Variable length array is used.
drivers/md/dm-raid1.c:1371:36: warning: Variable length array is used.
drivers/md/dm.c:1643:17: warning: context imbalance in 'dm_request_fn' - unexpected unlock
drivers/md/dm-stripe.c:309:33: warning: Variable length array is used.
drivers/md/dm-stripe.c:434:12: warning: symbol 'dm_stripe_init' was not declared. Should it be static?
drivers/md/dm-stripe.c:447:6: warning: symbol 'dm_stripe_exit' was not declared. Should it be static?
include/linux/blkdev.h:1334:16: warning: Using plain integer as NULL pointer
include/linux/blkdev.h:1334:16: warning: Using plain integer as NULL pointer
include/linux/blkdev.h:1334:16: warning: Using plain integer as NULL pointer
include/linux/mm.h:405:9: error: undefined identifier 'BUILD_BUG_ON_INVALID'
drivers/net/ethernet/broadcom/tg3.c:9909:38: warning: Variable length array is used.
drivers/net/ethernet/nvidia/forcedeth.c:4609:9: warning: context imbalance in 'nv_set_ringparam' - different lock contexts for basic block
drivers/pci/pci.c:34:5: warning: symbol 'isa_dma_bridge_buggy' was not declared. Should it be static?
drivers/pci/pci.c:2558:5: warning: symbol '__pci_request_selected_regions' was not declared. Should it be static?
drivers/pci/pci.c:3673:17: warning: symbol 'pci_specified_resource_alignment' was not declared. Should it be static?
drivers/pci/pci.c:3730:5: warning: symbol 'pci_is_reassigndev' was not declared. Should it be static?
drivers/pci/pci.c:3797:9: warning: symbol 'pci_set_resource_alignment_param' was not declared. Should it be static?
drivers/pci/pci.c:3808:9: warning: symbol 'pci_get_resource_alignment_param' was not declared. Should it be static?
drivers/pci/pci.c:3828:1: warning: symbol 'bus_attr_resource_alignment' was not declared. Should it be static?
drivers/pci/pci-driver.c:1100:25: warning: symbol 'pci_dev_pm_ops' was not declared. Should it be static?
drivers/pci/pci-sysfs.c:430:25: warning: symbol 'vga_attr' was not declared. Should it be static?
drivers/pci/quirks.c:44:1: warning: duplicate const 
drivers/pci/quirks.c:55:1: warning: duplicate const 
drivers/pci/quirks.c:56:1: warning: duplicate const 
drivers/pci/quirks.c:76:1: warning: duplicate const 
drivers/pci/quirks.c:77:1: warning: duplicate const 
drivers/pci/quirks.c:97:1: warning: duplicate const 
drivers/pci/quirks.c:98:1: warning: duplicate const 
drivers/pci/quirks.c:99:1: warning: duplicate const 
drivers/pci/quirks.c:100:1: warning: duplicate const 
drivers/pci/quirks.c:101:1: warning: duplicate const 
drivers/pci/quirks.c:102:1: warning: duplicate const 
drivers/pci/quirks.c:103:1: warning: duplicate const 
drivers/pci/quirks.c:123:1: warning: duplicate const 
drivers/pci/quirks.c:135:1: warning: duplicate const 
drivers/pci/quirks.c:136:1: warning: duplicate const 
drivers/pci/quirks.c:148:1: warning: duplicate const 
drivers/pci/quirks.c:160:1: warning: duplicate const 
drivers/pci/quirks.c:161:1: warning: duplicate const 
drivers/pci/quirks.c:162:1: warning: duplicate const 
drivers/pci/quirks.c:163:1: warning: duplicate const 
drivers/pci/quirks.c:221:1: warning: duplicate const 
drivers/pci/quirks.c:222:1: warning: duplicate const 
drivers/pci/quirks.c:223:1: warning: duplicate const 
drivers/pci/quirks.c:225:1: warning: duplicate const 
drivers/pci/quirks.c:226:1: warning: duplicate const 
drivers/pci/quirks.c:227:1: warning: duplicate const 
drivers/pci/quirks.c:239:1: warning: duplicate const 
drivers/pci/quirks.c:248:1: warning: duplicate const 
drivers/pci/quirks.c:263:1: warning: duplicate const 
drivers/pci/quirks.c:264:1: warning: duplicate const 
drivers/pci/quirks.c:277:1: warning: duplicate const 
drivers/pci/quirks.c:278:1: warning: duplicate const 
drivers/pci/quirks.c:279:1: warning: duplicate const 
drivers/pci/quirks.c:280:1: warning: duplicate const 
drivers/pci/quirks.c:281:1: warning: duplicate const 
drivers/pci/quirks.c:282:1: warning: duplicate const 
drivers/pci/quirks.c:292:1: warning: duplicate const 
drivers/pci/quirks.c:307:1: warning: duplicate const 
drivers/pci/quirks.c:308:1: warning: duplicate const 
drivers/pci/quirks.c:325:1: warning: duplicate const 
drivers/pci/quirks.c:362:1: warning: duplicate const 
drivers/pci/quirks.c:384:1: warning: duplicate const 
drivers/pci/quirks.c:473:1: warning: duplicate const 
drivers/pci/quirks.c:474:1: warning: duplicate const 
drivers/pci/quirks.c:523:1: warning: duplicate const 
drivers/pci/quirks.c:524:1: warning: duplicate const 
drivers/pci/quirks.c:525:1: warning: duplicate const 
drivers/pci/quirks.c:526:1: warning: duplicate const 
drivers/pci/quirks.c:527:1: warning: duplicate const 
drivers/pci/quirks.c:528:1: warning: duplicate const 
drivers/pci/quirks.c:529:1: warning: duplicate const 
drivers/pci/quirks.c:530:1: warning: duplicate const 
drivers/pci/quirks.c:531:1: warning: duplicate const 
drivers/pci/quirks.c:532:1: warning: duplicate const 
drivers/pci/quirks.c:595:1: warning: duplicate const 
drivers/pci/quirks.c:596:1: warning: duplicate const 
drivers/pci/quirks.c:633:1: warning: duplicate const 
drivers/pci/quirks.c:634:1: warning: duplicate const 
drivers/pci/quirks.c:635:1: warning: duplicate const 
drivers/pci/quirks.c:636:1: warning: duplicate const 
drivers/pci/quirks.c:637:1: warning: duplicate const 
drivers/pci/quirks.c:638:1: warning: duplicate const 
drivers/pci/quirks.c:639:1: warning: duplicate const 
drivers/pci/quirks.c:640:1: warning: duplicate const 
drivers/pci/quirks.c:641:1: warning: duplicate const 
drivers/pci/quirks.c:642:1: warning: duplicate const 
drivers/pci/quirks.c:643:1: warning: duplicate const 
drivers/pci/quirks.c:644:1: warning: duplicate const 
drivers/pci/quirks.c:645:1: warning: duplicate const 
drivers/pci/quirks.c:661:1: warning: duplicate const 
drivers/pci/quirks.c:684:1: warning: duplicate const 
drivers/pci/quirks.c:703:1: warning: duplicate const 
drivers/pci/quirks.c:722:1: warning: duplicate const 
drivers/pci/quirks.c:751:1: warning: duplicate const 
drivers/pci/quirks.c:752:1: warning: duplicate const 
drivers/pci/quirks.c:771:1: warning: duplicate const 
drivers/pci/quirks.c:772:1: warning: duplicate const 
drivers/pci/quirks.c:790:1: warning: duplicate const 
drivers/pci/quirks.c:797:1: warning: duplicate const 
drivers/pci/quirks.c:812:1: warning: duplicate const 
drivers/pci/quirks.c:833:1: warning: duplicate const 
drivers/pci/quirks.c:834:1: warning: duplicate const 
drivers/pci/quirks.c:869:1: warning: duplicate const 
drivers/pci/quirks.c:870:1: warning: duplicate const 
drivers/pci/quirks.c:871:1: warning: duplicate const 
drivers/pci/quirks.c:872:1: warning: duplicate const 
drivers/pci/quirks.c:873:1: warning: duplicate const 
drivers/pci/quirks.c:874:1: warning: duplicate const 
drivers/pci/quirks.c:875:1: warning: duplicate const 
drivers/pci/quirks.c:876:1: warning: duplicate const 
drivers/pci/quirks.c:921:1: warning: duplicate const 
drivers/pci/quirks.c:934:1: warning: duplicate const 
drivers/pci/quirks.c:946:1: warning: duplicate const 
drivers/pci/quirks.c:948:1: warning: duplicate const 
drivers/pci/quirks.c:971:1: warning: duplicate const 
drivers/pci/quirks.c:972:1: warning: duplicate const 
drivers/pci/quirks.c:987:1: warning: duplicate const 
drivers/pci/quirks.c:999:1: warning: duplicate const 
drivers/pci/quirks.c:1000:1: warning: duplicate const 
drivers/pci/quirks.c:1018:1: warning: too many warnings
drivers/pci/pcie/portdrv_core.c:22:6: warning: symbol 'pciehp_msi_disabled' was not declared. Should it be static?
drivers/pci/pcie/portdrv_acpi.c:34:5: warning: symbol 'pcie_port_acpi_setup' was not declared. Should it be static?
drivers/pci/msi.c:481:18: warning: symbol 'msi_irq_default_attrs' was not declared. Should it be static?
drivers/pci/msi.c:486:6: warning: symbol 'msi_kobj_release' was not declared. Should it be static?
drivers/pci/setup-bus.c:985:12: warning: symbol '__pci_bus_size_bridges' was not declared. Should it be static?
drivers/pcmcia/cistpl.c:1288:5: warning: symbol 'pcmcia_parse_tuple' was not declared. Should it be static?
drivers/pcmcia/cardbus.c:67:11: warning: symbol 'cb_alloc' was not declared. Should it be static?
drivers/pcmcia/cardbus.c:106:6: warning: symbol 'cb_free' was not declared. Should it be static?
drivers/pnp/resource.c:34:19: warning: symbol 'pnp_build_option' was not declared. Should it be static?
drivers/scsi/scsi_lib.c:456:6: warning: symbol 'scsi_requeue_run_queue' was not declared. Should it be static?
drivers/scsi/scsi_lib.c:2207:6: warning: symbol 'scsi_evt_thread' was not declared. Should it be static?
drivers/scsi/scsi_lib.c:1532:17: warning: context imbalance in 'scsi_request_fn' - unexpected unlock
drivers/scsi/scsi_sysfs.c:200:25: warning: symbol 'dev_attr_hstate' was not declared. Should it be static?
drivers/scsi/scsi_sysfs.c:316:24: warning: symbol 'scsi_shost_attr_group' was not declared. Should it be static?
drivers/scsi/sg.c:1104:41: warning: incorrect type in argument 5 (different address spaces)
include/linux/mm.h:405:9: error: undefined identifier 'BUILD_BUG_ON_INVALID'
drivers/tty/tty_io.c:119:17: warning: too long initializer-string for array of char
drivers/tty/tty_io.c:237:6: warning: symbol 'tty_del_file' was not declared. Should it be static?
drivers/tty/tty_io.c:555:6: warning: symbol '__tty_hangup' was not declared. Should it be static?
drivers/tty/tty_io.c:983:6: warning: context imbalance in 'tty_write_unlock' - wrong count at exit
drivers/tty/tty_io.c:990:5: warning: context imbalance in 'tty_write_lock' - wrong count at exit
drivers/tty/tty_io.c:1112:17: warning: context imbalance in 'tty_write_message' - unexpected unlock
drivers/tty/tty_io.c:1134:16: warning: context imbalance in 'tty_write' - different lock contexts for basic block
drivers/tty/tty_io.c:2495:12: warning: context imbalance in 'send_break' - different lock contexts for basic block
drivers/tty/tty_ldisc.c:803:9: warning: context imbalance in 'tty_ldisc_hangup' - unexpected unlock
drivers/tty/pty.c:247:5: warning: symbol 'pty_resize' was not declared. Should it be static?
drivers/tty/serial/serial_core.c:656:29: warning: incorrect type in assignment (different base types)
drivers/tty/serial/serial_core.c:727:19: warning: incorrect type in assignment (different base types)
drivers/tty/serial/8250/8250.c:2694:32: warning: incorrect type in assignment (different base types)
drivers/tty/serial/8250/8250.c:2696:32: warning: incorrect type in assignment (different address spaces)
/cmpt816/linux/arch/x86/include/asm/spinlock.h:82:9: warning: context imbalance in 'serial8250_console_write' - unexpected unlock
drivers/tty/vt/vt_ioctl.c:1425:6: warning: symbol 'pm_set_vt_switch' was not declared. Should it be static?
drivers/tty/vt/consolemap_deftbl.c:10:4: warning: symbol 'dfont_unicount' was not declared. Should it be static?
drivers/tty/vt/consolemap_deftbl.c:46:5: warning: symbol 'dfont_unitable' was not declared. Should it be static?
drivers/tty/vt/vt.c:223:5: warning: symbol 'console_blank_hook' was not declared. Should it be static?
drivers/tty/vt/vt.c:2432:19: warning: symbol 'console_driver' was not declared. Should it be static?
drivers/tty/vt/defkeymap.c:27:9: warning: symbol 'shift_map' was not declared. Should it be static?
drivers/tty/vt/defkeymap.c:46:9: warning: symbol 'altgr_map' was not declared. Should it be static?
drivers/tty/vt/defkeymap.c:65:9: warning: symbol 'ctrl_map' was not declared. Should it be static?
drivers/tty/vt/defkeymap.c:84:9: warning: symbol 'shift_ctrl_map' was not declared. Should it be static?
drivers/tty/vt/defkeymap.c:103:9: warning: symbol 'alt_map' was not declared. Should it be static?
drivers/tty/vt/defkeymap.c:122:9: warning: symbol 'ctrl_alt_map' was not declared. Should it be static?
drivers/tty/vt/defkeymap.c:148:14: warning: symbol 'keymap_count' was not declared. Should it be static?
drivers/tty/vt/defkeymap.c:156:6: warning: symbol 'func_buf' was not declared. Should it be static?
drivers/tty/vt/defkeymap.c:187:6: warning: symbol 'funcbufptr' was not declared. Should it be static?
drivers/tty/vt/defkeymap.c:188:5: warning: symbol 'funcbufsize' was not declared. Should it be static?
drivers/tty/vt/defkeymap.c:189:5: warning: symbol 'funcbufleft' was not declared. Should it be static?
drivers/tty/vt/defkeymap.c:191:6: warning: symbol 'func_table' was not declared. Should it be static?
drivers/tty/vt/defkeymap.c:225:18: warning: symbol 'accent_table' was not declared. Should it be static?
drivers/tty/vt/defkeymap.c:262:14: warning: symbol 'accent_table_size' was not declared. Should it be static?
drivers/usb/host/pci-quirks.c:930:1: warning: duplicate const 
drivers/usb/host/pci-quirks.c:718:6: warning: symbol 'usb_is_intel_ppt_switchable_xhci' was not declared. Should it be static?
drivers/usb/host/pci-quirks.c:726:6: warning: symbol 'usb_is_intel_lpt_switchable_xhci' was not declared. Should it be static?
drivers/usb/host/ehci-hcd.c:342:43: warning: cast removes address space of expression
drivers/usb/host/ehci-hcd.c:344:43: warning: cast removes address space of expression
drivers/usb/host/ehci-hub.c:684:47: warning: cast removes address space of expression
drivers/usb/host/ehci-hub.c:154:55: warning: cast removes address space of expression
drivers/usb/host/ehci-hub.c:190:55: warning: cast removes address space of expression
drivers/usb/host/ehci-hub.c:291:55: warning: cast removes address space of expression
drivers/usb/host/ehci-hub.c:393:63: warning: cast removes address space of expression
drivers/usb/host/ehci-lpm.c:30:9: warning: dereference of noderef expression
drivers/usb/host/ehci-lpm.c:31:9: warning: dereference of noderef expression
drivers/usb/host/ehci-lpm.c:32:9: warning: dereference of noderef expression
drivers/usb/host/ehci-lpm.c:33:27: warning: dereference of noderef expression
drivers/usb/host/ohci-hub.c:247:9: warning: context imbalance in 'ohci_rh_resume' - different lock contexts for basic block
include/linux/mm.h:405:9: error: undefined identifier 'BUILD_BUG_ON_INVALID'
drivers/video/backlight/generic_bl.c:61:6: warning: symbol 'genericbl_limit_intensity' was not declared. Should it be static?
sound/core/pcm_native.c:172:37: warning: Variable length array is used.
include/linux/mm.h:405:9: error: undefined identifier 'BUILD_BUG_ON_INVALID'
include/linux/mm.h:405:9: error: not a function <noident>
include/linux/mm.h:405:9: error: not a function <noident>
sound/core/oss/pcm_oss.c:1670:61: warning: Variable length array is used.
sound/core/oss/pcm_plugin.c:281:36: warning: cast truncates bits from constant value (f00003fff becomes 3fff)
sound/core/oss/pcm_plugin.c:282:41: warning: cast truncates bits from constant value (f00003fff becomes 3fff)
sound/core/seq/seq_compat.c:62:45: warning: incorrect type in argument 3 (different address spaces)
sound/core/seq/seq_clientmgr.c:698:9: warning: context imbalance in 'deliver_to_subscribers' - different lock contexts for basic block
sound/pci/hda/hda_codec.c:2405:57: warning: incorrect type in argument 4 (different address spaces)
sound/pci/hda/hda_proc.c:441:18: error: bad integer constant expression
sound/pci/hda/hda_proc.c:442:18: error: bad integer constant expression
sound/pci/hda/hda_proc.c:443:18: error: bad integer constant expression
sound/pci/hda/hda_proc.c:444:18: error: bad integer constant expression
sound/pci/hda/hda_proc.c:445:18: error: bad integer constant expression
sound/pci/hda/hda_proc.c:446:18: error: bad integer constant expression
sound/pci/hda/hda_proc.c:447:18: error: bad integer constant expression
sound/pci/hda/hda_proc.c:448:18: error: bad integer constant expression
sound/pci/hda/hda_intel.c:83:1: warning: expression using sizeof bool
sound/pci/hda/hda_intel.c:83:1: warning: expression using sizeof bool
sound/pci/hda/hda_intel.c:2330:33: warning: incorrect type in assignment (different address spaces)
arch/x86/pci/fixup.c:35:1: warning: duplicate const 
arch/x86/pci/fixup.c:49:1: warning: duplicate const 
arch/x86/pci/fixup.c:63:1: warning: duplicate const 
arch/x86/pci/fixup.c:76:1: warning: duplicate const 
arch/x86/pci/fixup.c:87:1: warning: duplicate const 
arch/x86/pci/fixup.c:88:1: warning: duplicate const 
arch/x86/pci/fixup.c:97:1: warning: duplicate const 
arch/x86/pci/fixup.c:148:1: warning: duplicate const 
arch/x86/pci/fixup.c:149:1: warning: duplicate const 
arch/x86/pci/fixup.c:150:1: warning: duplicate const 
arch/x86/pci/fixup.c:151:1: warning: duplicate const 
arch/x86/pci/fixup.c:152:1: warning: duplicate const 
arch/x86/pci/fixup.c:153:1: warning: duplicate const 
arch/x86/pci/fixup.c:154:1: warning: duplicate const 
arch/x86/pci/fixup.c:155:1: warning: duplicate const 
arch/x86/pci/fixup.c:171:1: warning: duplicate const 
arch/x86/pci/fixup.c:208:1: warning: duplicate const 
arch/x86/pci/fixup.c:209:1: warning: duplicate const 
arch/x86/pci/fixup.c:297:1: warning: duplicate const 
arch/x86/pci/fixup.c:298:1: warning: duplicate const 
arch/x86/pci/fixup.c:299:1: warning: duplicate const 
arch/x86/pci/fixup.c:300:1: warning: duplicate const 
arch/x86/pci/fixup.c:301:1: warning: duplicate const 
arch/x86/pci/fixup.c:302:1: warning: duplicate const 
arch/x86/pci/fixup.c:356:1: warning: duplicate const 
arch/x86/pci/fixup.c:401:1: warning: duplicate const 
arch/x86/pci/fixup.c:403:1: warning: duplicate const 
arch/x86/pci/fixup.c:450:1: warning: duplicate const 
arch/x86/pci/fixup.c:466:1: warning: duplicate const 
arch/x86/pci/fixup.c:482:1: warning: duplicate const 
arch/x86/pci/fixup.c:484:1: warning: duplicate const 
arch/x86/pci/fixup.c:495:1: warning: duplicate const 
arch/x86/pci/fixup.c:524:1: warning: duplicate const 
arch/x86/pci/fixup.c:541:1: warning: duplicate const 
arch/x86/pci/legacy.c:59:12: warning: symbol 'pci_subsys_init' was not declared. Should it be static?
arch/x86/pci/common.c:24:14: warning: symbol 'pci_early_dump_regs' was not declared. Should it be static?
arch/x86/power/cpu.c:34:22: warning: symbol 'saved_context' was not declared. Should it be static?
arch/x86/power/hibernate_64.c:30:15: warning: symbol 'restore_jump_address' was not declared. Should it be static?
arch/x86/power/hibernate_64.c:36:15: warning: symbol 'restore_cr3' was not declared. Should it be static?
arch/x86/power/hibernate_64.c:38:7: warning: symbol 'temp_level4_pgt' was not declared. Should it be static?
arch/x86/power/hibernate_64.c:40:6: warning: symbol 'relocated_restore_code' was not declared. Should it be static?
arch/x86/power/hibernate_64.c:105:5: warning: symbol 'swsusp_arch_resume' was not declared. Should it be static?
arch/x86/power/hibernate_64.c:127:5: warning: symbol 'pfn_is_nosave' was not declared. Should it be static?
arch/x86/power/hibernate_64.c:147:5: warning: symbol 'arch_hibernation_header_save' was not declared. Should it be static?
arch/x86/power/hibernate_64.c:164:5: warning: symbol 'arch_hibernation_header_restore' was not declared. Should it be static?
arch/x86/video/fbdev.c:14:5: warning: symbol 'fb_is_primary_device' was not declared. Should it be static?
net/socket.c:2605:42: warning: incorrect type in argument 1 (different address spaces)
net/socket.c:2605:47: warning: incorrect type in argument 2 (different address spaces)
net/socket.c:2621:43: warning: incorrect type in argument 1 (different address spaces)
net/socket.c:2621:48: warning: incorrect type in argument 2 (different address spaces)
net/socket.c:2761:18: warning: cast removes address space of expression
net/socket.c:2761:15: warning: incorrect type in assignment (different address spaces)
net/socket.c:2785:35: warning: cast removes address space of expression
net/socket.c:2786:35: warning: cast removes address space of expression
net/socket.c:2789:35: warning: cast removes address space of expression
net/socket.c:2790:35: warning: cast removes address space of expression
net/socket.c:2802:35: warning: cast removes address space of expression
net/socket.c:2803:35: warning: cast removes address space of expression
net/socket.c:2806:35: warning: cast removes address space of expression
net/socket.c:2807:35: warning: cast removes address space of expression
net/core/sock.c:189:19: warning: symbol 'memcg_socket_limit_enabled' was not declared. Should it be static?
net/core/sock.c:1389:9: warning: context imbalance in 'sk_clone_lock' - different lock contexts for basic block
net/core/sock.c:2174:6: warning: context imbalance in 'lock_sock_fast' - different lock contexts for basic block
net/core/sock.c:2551:13: warning: context imbalance in 'proto_seq_start' - wrong count at exit
net/core/sock.c:2563:13: warning: context imbalance in 'proto_seq_stop' - wrong count at exit
include/linux/mm.h:405:9: error: undefined identifier 'BUILD_BUG_ON_INVALID'
include/linux/mm.h:405:9: error: not a function <noident>
include/linux/mm.h:405:9: error: not a function <noident>
include/linux/mm.h:405:9: error: not a function <noident>
include/linux/mm.h:405:9: error: not a function <noident>
include/linux/mm.h:405:9: error: not a function <noident>
include/linux/mm.h:405:9: error: not a function <noident>
include/linux/mm.h:405:9: error: not a function <noident>
include/linux/mm.h:405:9: error: not a function <noident>
include/net/sock.h:1409:31: warning: context imbalance in 'skb_free_datagram_locked' - unexpected unlock
net/core/scm.c:245:26: warning: cast removes address space of expression
net/core/scm.c:245:26: warning: incorrect type in argument 1 (different address spaces)
net/core/scm.c:281:48: warning: cast removes address space of expression
net/core/gen_stats.c:58:1: warning: context imbalance in 'gnet_stats_start_copy_compat' - wrong count at exit
net/core/gen_stats.c:35:23: warning: context imbalance in 'gnet_stats_copy_basic' - unexpected unlock
net/core/gen_stats.c:35:23: warning: context imbalance in 'gnet_stats_copy_rate_est' - unexpected unlock
net/core/gen_stats.c:35:23: warning: context imbalance in 'gnet_stats_copy_queue' - unexpected unlock
net/core/gen_stats.c:35:23: warning: context imbalance in 'gnet_stats_copy_app' - unexpected unlock
net/core/gen_stats.c:35:23: warning: context imbalance in 'gnet_stats_finish_copy' - unexpected unlock
net/core/dev.c:2439:9: warning: context imbalance in 'dev_queue_xmit' - different lock contexts for basic block
net/core/dev.c:2981:17: warning: context imbalance in 'net_tx_action' - different lock contexts for basic block
net/core/dev.c:3867:36: warning: context imbalance in 'net_rx_action' - different lock contexts for basic block
net/core/rtnetlink.c:1757:41: warning: Variable length array is used.
net/core/filter.c:47:6: warning: symbol 'bpf_internal_load_pointer_neg_helper' was not declared. Should it be static?
net/core/filter.c:640:32: warning: incorrect type in argument 2 (different address spaces)
include/linux/rtnetlink.h:738:15: warning: memset with byte count of 0
net/core/netpoll.c:344:25: warning: context imbalance in 'netpoll_send_skb_on_dev' - different lock contexts for basic block
include/trace/events/skb.h:14:1: error: incompatible types for operation (<)
include/trace/events/skb.h:14:1: error: incompatible types for operation (<)
include/trace/events/skb.h:36:1: error: incompatible types for operation (<)
include/trace/events/skb.h:53:1: error: incompatible types for operation (<)
include/trace/events/net.h:12:1: error: incompatible types for operation (<)
include/trace/events/net.h:39:1: error: incompatible types for operation (<)
include/trace/events/napi.h:13:1: error: incompatible types for operation (<)
include/trace/events/sock.h:32:1: error: incompatible types for operation (<)
net/ipv4/route.c:326:22: warning: context imbalance in 'rt_cache_get_first' - wrong count at exit
include/linux/rcupdate.h:793:9: warning: context imbalance in '__rt_cache_get_next' - unexpected unlock
include/linux/rcupdate.h:793:9: warning: context imbalance in 'rt_cache_seq_stop' - unexpected unlock
include/linux/mm.h:405:9: error: undefined identifier 'BUILD_BUG_ON_INVALID'
include/linux/mm.h:405:9: error: not a function <noident>
net/ipv4/ip_sockglue.c:1276:33: warning: incorrect type in assignment (different address spaces)
include/net/inet_timewait_sock.h:162:20: warning: context imbalance in 'inet_twdr_do_twkill_work' - unexpected unlock
net/ipv4/inet_connection_sock.c:206:9: warning: context imbalance in 'inet_csk_get_port' - different lock contexts for basic block
include/linux/mm.h:405:9: error: undefined identifier 'BUILD_BUG_ON_INVALID'
include/linux/mm.h:405:9: error: not a function <noident>
include/linux/mm.h:405:9: error: not a function <noident>
net/ipv4/tcp_ipv4.c:1050:6: warning: symbol 'tcp_clear_md5_list' was not declared. Should it be static?
net/ipv4/tcp_ipv4.c:598:13: warning: context imbalance in 'tcp_v4_send_reset' - different lock contexts for basic block
net/ipv4/tcp_ipv4.c:1541:30: warning: context imbalance in 'tcp_v4_syn_recv_sock' - unexpected unlock
net/ipv4/tcp_ipv4.c:1549:20: warning: context imbalance in 'tcp_v4_hnd_req' - different lock contexts for basic block
include/net/sock.h:452:54: warning: context imbalance in 'listening_get_next' - unexpected unlock
net/ipv4/tcp_ipv4.c:2129:9: warning: context imbalance in 'established_get_first' - wrong count at exit
net/ipv4/tcp_ipv4.c:2154:48: warning: context imbalance in 'established_get_next' - unexpected unlock
net/ipv4/tcp_ipv4.c:2311:69: warning: context imbalance in 'tcp_seq_stop' - unexpected unlock
net/ipv4/tcp_minisocks.c:791:9: warning: context imbalance in 'tcp_child_process' - unexpected unlock
net/ipv4/raw.c:952:21: warning: context imbalance in 'raw_seq_start' - wrong count at exit
net/ipv4/raw.c:969:6: warning: context imbalance in 'raw_seq_stop' - unexpected unlock
include/net/sock.h:1409:31: warning: context imbalance in 'first_packet_length' - unexpected unlock
include/net/sock.h:1409:31: warning: context imbalance in 'udp_recvmsg' - unexpected unlock
include/net/sock.h:1409:31: warning: context imbalance in 'udp_destroy_sock' - unexpected unlock
net/ipv4/udp.c:1990:9: warning: context imbalance in 'udp_get_first' - wrong count at exit
net/ipv4/udp.c:2004:39: warning: context imbalance in 'udp_get_next' - unexpected unlock
net/ipv4/udp.c:2046:31: warning: context imbalance in 'udp_seq_stop' - unexpected unlock
net/ipv4/arp.c:321:13: warning: context imbalance in 'arp_solicit' - different lock contexts for basic block
net/ipv4/icmp.c:329:13: warning: context imbalance in 'icmp_reply' - different lock contexts for basic block
net/ipv4/icmp.c:478:6: warning: context imbalance in 'icmp_send' - different lock contexts for basic block
net/ipv4/igmp.c:2526:31: warning: context imbalance in 'igmp_mcf_get_next' - unexpected unlock
net/ipv4/igmp.c:2554:9: warning: context imbalance in 'igmp_mcf_get_idx' - wrong count at exit
net/ipv4/igmp.c:2571:9: warning: context imbalance in 'igmp_mcf_seq_next' - wrong count at exit
net/ipv4/igmp.c:2583:9: warning: context imbalance in 'igmp_mcf_seq_stop' - unexpected unlock
net/ipv4/ping.c:811:21: warning: context imbalance in 'ping_seq_start' - wrong count at exit
net/ipv4/ping.c:827:13: warning: context imbalance in 'ping_seq_stop' - unexpected unlock
net/ipv4/ipmr.c:2215:13: warning: context imbalance in 'ipmr_vif_seq_start' - wrong count at exit
net/ipv4/ipmr.c:2308:25: warning: context imbalance in 'ipmr_mfc_seq_idx' - wrong count at exit
net/ipv4/ipmr.c:2389:23: warning: context imbalance in 'ipmr_mfc_seq_next' - unexpected unlock
net/ipv4/ipmr.c:2401:31: warning: context imbalance in 'ipmr_mfc_seq_stop' - unexpected unlock
net/ipv4/ipconfig.c:144:8: warning: symbol 'ic_dev_xid' was not declared. Should it be static?
net/ipv4/netfilter/nf_nat_standalone.c:287:9: error: cannot dereference this type
net/ipv4/netfilter/nf_nat_core.c:728:9: error: cannot dereference this type
net/ipv4/netfilter/nf_nat_core.c:730:9: error: cannot dereference this type
net/ipv4/netfilter/nf_nat_core.c:733:9: error: cannot dereference this type
net/ipv4/netfilter/nf_nat_ftp.c:123:9: error: cannot dereference this type
net/ipv4/netfilter/nf_nat_irc.c:85:9: error: cannot dereference this type
net/ipv4/netfilter/nf_nat_sip.c:556:9: error: cannot dereference this type
net/ipv4/netfilter/nf_nat_sip.c:557:9: error: cannot dereference this type
net/ipv4/netfilter/nf_nat_sip.c:558:9: error: cannot dereference this type
net/ipv4/netfilter/nf_nat_sip.c:559:9: error: cannot dereference this type
net/ipv4/netfilter/nf_nat_sip.c:560:9: error: cannot dereference this type
net/ipv4/netfilter/nf_nat_sip.c:561:9: error: cannot dereference this type
net/ipv4/netfilter/nf_nat_sip.c:562:9: error: cannot dereference this type
net/ipv4/netfilter/ip_tables.c:67:16: warning: Variable length array is used.
net/ipv4/netfilter/ip_tables.c:348:27: warning: incorrect type in assignment (different modifiers)
net/ipv4/netfilter/ip_tables.c:391:43: warning: incorrect type in assignment (different modifiers)
net/ipv4/netfilter/ip_tables.c:417:27: warning: incorrect type in assignment (different modifiers)
net/ipv6/anycast.c:423:25: warning: context imbalance in 'ac6_get_next' - unexpected unlock
net/ipv6/anycast.c:445:9: warning: context imbalance in 'ac6_get_idx' - wrong count at exit
include/linux/rcupdate.h:753:9: warning: context imbalance in 'ac6_seq_stop' - unexpected unlock
include/linux/mm.h:405:9: error: undefined identifier 'BUILD_BUG_ON_INVALID'
net/ipv6/ipv6_sockglue.c:992:33: warning: incorrect type in assignment (different address spaces)
include/net/sock.h:1409:31: warning: context imbalance in 'udpv6_recvmsg' - unexpected unlock
net/ipv6/icmp.c:370:6: warning: context imbalance in 'icmpv6_send' - different lock contexts for basic block
net/ipv6/icmp.c:520:13: warning: context imbalance in 'icmpv6_echo_reply' - wrong count at exit
net/ipv6/mcast.c:248:25: warning: context imbalance in 'ip6_mc_find_dev_rcu' - different lock contexts for basic block
net/ipv6/mcast.c:440:9: warning: context imbalance in 'ip6_mc_source' - unexpected unlock
net/ipv6/mcast.c:529:9: warning: context imbalance in 'ip6_mc_msfilter' - unexpected unlock
net/ipv6/mcast.c:577:21: warning: context imbalance in 'ip6_mc_msfget' - unexpected unlock
net/ipv6/mcast.c:2340:25: warning: context imbalance in 'igmp6_mc_get_next' - unexpected unlock
net/ipv6/mcast.c:2362:9: warning: context imbalance in 'igmp6_mc_get_idx' - wrong count at exit
net/ipv6/mcast.c:2389:9: warning: context imbalance in 'igmp6_mc_seq_stop' - unexpected unlock
net/ipv6/mcast.c:2475:31: warning: context imbalance in 'igmp6_mcf_get_next' - unexpected unlock
net/ipv6/mcast.c:2507:9: warning: context imbalance in 'igmp6_mcf_get_idx' - wrong count at exit
net/ipv6/mcast.c:2524:9: warning: context imbalance in 'igmp6_mcf_seq_next' - wrong count at exit
net/ipv6/mcast.c:2537:17: warning: context imbalance in 'igmp6_mcf_seq_stop' - unexpected unlock
net/ipv6/tcp_ipv6.c:921:13: warning: context imbalance in 'tcp_v6_send_reset' - different lock contexts for basic block
net/ipv6/tcp_ipv6.c:1013:20: warning: context imbalance in 'tcp_v6_hnd_req' - different lock contexts for basic block
net/ipv6/xfrm6_state.c:64:19: warning: Variable length array is used.
net/ipv6/xfrm6_state.c:66:26: error: cannot size expression
net/ipv6/netfilter/ip6_tables.c:68:16: warning: Variable length array is used.
net/ipv6/netfilter/ip6_tables.c:368:27: warning: incorrect type in assignment (different modifiers)
net/ipv6/netfilter/ip6_tables.c:406:43: warning: incorrect type in assignment (different modifiers)
net/ipv6/netfilter/ip6_tables.c:427:27: warning: incorrect type in assignment (different modifiers)
net/netfilter/nf_conntrack_core.c:1631:17: error: cannot dereference this type
net/netfilter/nf_conntrack_core.c:1632:17: error: cannot dereference this type
net/netfilter/nfnetlink.c:166:61: warning: Variable length array is used.
include/linux/rcupdate.h:753:9: warning: context imbalance in 'ctnetlink_parse_nat_setup' - unexpected unlock
net/netfilter/nf_conntrack_netlink.c:1199:31: warning: context imbalance in 'ctnetlink_change_conntrack' - unexpected unlock
net/packet/af_packet.c:1089:24: warning: Using plain integer as NULL pointer
net/packet/af_packet.c:398:39: warning: incorrect type in return expression (different modifiers)
net/packet/af_packet.c:399:16: warning: incorrect type in return expression (different modifiers)
net/packet/af_packet.c:2039:22: warning: incorrect type in assignment (different modifiers)
include/linux/mm.h:405:9: error: undefined identifier 'BUILD_BUG_ON_INVALID'
net/sched/sch_generic.c:113:5: warning: context imbalance in 'sch_direct_xmit' - unexpected unlock
net/sunrpc/clnt.c:1849:25: warning: context imbalance in 'call_timeout' - different lock contexts for basic block
include/trace/events/sunrpc.h:11:1: error: incompatible types for operation (<)
include/trace/events/sunrpc.h:11:1: error: incompatible types for operation (<)
include/trace/events/sunrpc.h:44:1: error: incompatible types for operation (<)
include/trace/events/sunrpc.h:44:1: error: incompatible types for operation (<)
include/trace/events/sunrpc.h:64:1: error: incompatible types for operation (<)
include/trace/events/sunrpc.h:64:1: error: incompatible types for operation (<)
include/trace/events/sunrpc.h:64:1: error: incompatible types for operation (<)
include/trace/events/sunrpc.h:122:1: error: incompatible types for operation (<)
include/trace/events/sunrpc.h:122:1: error: incompatible types for operation (<)
net/sunrpc/sysctl.c:28:17: warning: symbol 'rpc_debug' was not declared. Should it be static?
net/sunrpc/sysctl.c:31:17: warning: symbol 'nfs_debug' was not declared. Should it be static?
net/sunrpc/sysctl.c:34:17: warning: symbol 'nfsd_debug' was not declared. Should it be static?
net/sunrpc/sysctl.c:37:17: warning: symbol 'nlm_debug' was not declared. Should it be static?
net/sunrpc/auth_gss/gss_mech_switch.c:143:21: warning: symbol '_gss_mech_get_by_name' was not declared. Should it be static?
net/sunrpc/auth_gss/gss_mech_switch.c:208:21: warning: symbol '_gss_mech_get_by_pseudoflavor' was not declared. Should it be static?
net/unix/af_unix.c:936:13: warning: context imbalance in 'unix_state_double_lock' - wrong count at exit
/cmpt816/linux/arch/x86/include/asm/spinlock.h:82:9: warning: context imbalance in 'unix_state_double_unlock' - unexpected unlock
net/unix/af_unix.c:1044:54: warning: context imbalance in 'unix_wait_for_peer' - unexpected unlock
net/unix/af_unix.c:1223:9: warning: context imbalance in 'unix_stream_connect' - different lock contexts for basic block
net/unix/af_unix.c:1595:9: warning: context imbalance in 'unix_dgram_sendmsg' - different lock contexts for basic block
net/xfrm/xfrm_policy.c:2520:9: warning: context imbalance in 'xfrm_policy_get_afinfo' - different lock contexts for basic block
net/xfrm/xfrm_policy.c:2523:13: warning: context imbalance in 'xfrm_policy_put_afinfo' - unexpected unlock
net/xfrm/xfrm_state.c:180:9: warning: context imbalance in 'xfrm_state_lock_afinfo' - different lock contexts for basic block
net/xfrm/xfrm_state.c:203:9: warning: context imbalance in 'xfrm_register_type' - unexpected unlock
net/xfrm/xfrm_state.c:222:9: warning: context imbalance in 'xfrm_unregister_type' - unexpected unlock
net/xfrm/xfrm_state.c:286:9: warning: context imbalance in 'xfrm_register_mode' - unexpected unlock
net/xfrm/xfrm_state.c:312:9: warning: context imbalance in 'xfrm_unregister_mode' - unexpected unlock
net/xfrm/xfrm_state.c:1876:9: warning: context imbalance in 'xfrm_state_get_afinfo' - different lock contexts for basic block
net/xfrm/xfrm_state.c:1930:9: warning: context imbalance in '__xfrm_init_state' - unexpected unlock
net/compat.c:74:24: warning: incorrect type in assignment (different address spaces)
net/compat.c:75:23: warning: incorrect type in assignment (different address spaces)
net/compat.c:76:27: warning: incorrect type in assignment (different address spaces)
net/compat.c:88:63: warning: incorrect type in argument 1 (different address spaces)
net/compat.c:159:22: warning: cast removes address space of expression
net/compat.c:187:22: warning: cast removes address space of expression
net/compat.c:367:54: warning: incorrect type in argument 4 (different address spaces)
net/compat.c:428:54: warning: incorrect type in argument 4 (different address spaces)
net/compat.c:428:71: warning: incorrect type in argument 5 (different address spaces)
net/compat.c:571:57: warning: cast removes address space of expression
net/compat.c:571:57: warning: incorrect type in initializer (different address spaces)
net/compat.c:592:65: warning: cast removes address space of expression
net/compat.c:592:65: warning: incorrect type in initializer (different address spaces)
net/compat.c:613:60: warning: cast removes address space of expression
net/compat.c:613:60: warning: incorrect type in initializer (different address spaces)
net/compat.c:651:52: warning: cast removes address space of expression
net/compat.c:651:52: warning: incorrect type in initializer (different address spaces)
net/compat.c:775:40: warning: cast removes address space of expression
lib/bcd.c:4:10: error: symbol 'bcd2bin' redeclared with different type (originally declared at include/linux/bcd.h:6) - different modifiers
lib/bcd.c:10:15: error: symbol 'bin2bcd' redeclared with different type (originally declared at include/linux/bcd.h:7) - different modifiers
lib/gcd.c:6:15: error: symbol 'gcd' redeclared with different type (originally declared at include/linux/gcd.h:6) - different modifiers
lib/lcm.c:7:15: error: symbol 'lcm' redeclared with different type (originally declared at include/linux/lcm.h:6) - different modifiers
lib/devres.c:82:9: warning: cast removes address space of expression
lib/devres.c:194:9: warning: cast removes address space of expression
lib/crc32.c:187:12: error: symbol 'crc32_le' redeclared with different type (originally declared at include/linux/crc32.h:11) - different modifiers
lib/crc32.c:191:12: error: symbol '__crc32c_le' redeclared with different type (originally declared at include/linux/crc32.h:14) - different modifiers
lib/crc32.c:252:12: error: symbol 'crc32_be' redeclared with different type (originally declared at include/linux/crc32.h:12) - different modifiers
lib/xz/xz_dec_stream.c:734:23: warning: function 'xz_dec_run' with external linkage has definition
lib/xz/xz_dec_stream.c:770:25: warning: function 'xz_dec_init' with external linkage has definition
lib/xz/xz_dec_stream.c:800:16: warning: function 'xz_dec_reset' with external linkage has definition
lib/xz/xz_dec_stream.c:812:16: warning: function 'xz_dec_end' with external linkage has definition
lib/xz/xz_dec_lzma2.c:931:23: warning: function 'xz_dec_lzma2_run' with external linkage has definition
lib/xz/xz_dec_lzma2.c:1104:31: warning: function 'xz_dec_lzma2_create' with external linkage has definition
lib/xz/xz_dec_lzma2.c:1128:23: warning: function 'xz_dec_lzma2_reset' with external linkage has definition
lib/xz/xz_dec_lzma2.c:1165:16: warning: function 'xz_dec_lzma2_end' with external linkage has definition
lib/xz/xz_dec_bcj.c:417:23: warning: function 'xz_dec_bcj_run' with external linkage has definition
lib/xz/xz_dec_bcj.c:527:29: warning: function 'xz_dec_bcj_create' with external linkage has definition
lib/xz/xz_dec_bcj.c:536:23: warning: function 'xz_dec_bcj_reset' with external linkage has definition
lib/xz/xz_dec_bcj.c:91:21: warning: Initializer entry defined twice
lib/swiotlb.c:174:1: warning: symbol 'swiotlb_init_with_default_size' was not declared. Should it be static?
lib/swiotlb.c:207:1: warning: symbol 'swiotlb_late_init_with_default_size' was not declared. Should it be static?
lib/iommu-helper.c:9:5: warning: symbol 'iommu_is_span_boundary' was not declared. Should it be static?
lib/iommu-helper.c:19:15: warning: symbol 'iommu_area_alloc' was not declared. Should it be static?
lib/dec_and_lock.c:20:5: warning: context imbalance in '_atomic_dec_and_lock' - different lock contexts for basic block
lib/decompress_inflate.c:35:17: warning: symbol 'gunzip' was not declared. Should it be static?
lib/decompress_unxz.c:251:17: warning: symbol 'unxz' was not declared. Should it be static?
lib/prio_tree.c:71:13: warning: symbol 'prio_tree_init' was not declared. Should it be static?
lib/radix-tree.c:1227:9: warning: context imbalance in 'radix_tree_locate_item' - wrong count at exit
lib/string.c:793:20: warning: constant 0x0101010101010101 is so big it is long
lib/vsprintf.c:605:18: warning: Variable length array is used.
lib/vsprintf.c:608:38: error: cannot size expression
arch/x86/lib/msr-smp.c:13:23: warning: incorrect type in initializer (different address spaces)
arch/x86/lib/msr-smp.c:27:23: warning: incorrect type in initializer (different address spaces)
arch/x86/lib/msr.c:9:14: warning: incorrect type in assignment (different address spaces)
arch/x86/lib/msr.c:21:21: warning: incorrect type in argument 1 (different address spaces)
arch/x86/lib/inat-tables.c:1080:25: warning: duplicate const 
arch/x86/lib/inat-tables.c:1095:25: warning: duplicate const 
arch/x86/lib/inat-tables.c:1118:25: warning: duplicate const 
arch/x86/lib/inat-tables.c:5:19: warning: symbol 'inat_primary_table' was not declared. Should it be static?
arch/x86/lib/inat-tables.c:205:19: warning: symbol 'inat_escape_table_1' was not declared. Should it be static?
arch/x86/lib/inat-tables.c:416:19: warning: symbol 'inat_escape_table_1_1' was not declared. Should it be static?
arch/x86/lib/inat-tables.c:524:19: warning: symbol 'inat_escape_table_1_2' was not declared. Should it be static?
arch/x86/lib/inat-tables.c:554:19: warning: symbol 'inat_escape_table_1_3' was not declared. Should it be static?
arch/x86/lib/inat-tables.c:582:19: warning: symbol 'inat_escape_table_2' was not declared. Should it be static?
arch/x86/lib/inat-tables.c:703:19: warning: symbol 'inat_escape_table_2_1' was not declared. Should it be static?
arch/x86/lib/inat-tables.c:820:19: warning: symbol 'inat_escape_table_2_2' was not declared. Should it be static?
arch/x86/lib/inat-tables.c:824:19: warning: symbol 'inat_escape_table_2_3' was not declared. Should it be static?
arch/x86/lib/inat-tables.c:833:19: warning: symbol 'inat_escape_table_3' was not declared. Should it be static?
arch/x86/lib/inat-tables.c:875:19: warning: symbol 'inat_escape_table_3_1' was not declared. Should it be static?
arch/x86/lib/inat-tables.c:916:19: warning: symbol 'inat_escape_table_3_3' was not declared. Should it be static?
arch/x86/lib/inat-tables.c:927:19: warning: symbol 'inat_group_table_5' was not declared. Should it be static?
arch/x86/lib/inat-tables.c:938:19: warning: symbol 'inat_group_table_6' was not declared. Should it be static?
arch/x86/lib/inat-tables.c:949:19: warning: symbol 'inat_group_table_7' was not declared. Should it be static?
arch/x86/lib/inat-tables.c:955:19: warning: symbol 'inat_group_table_8' was not declared. Should it be static?
arch/x86/lib/inat-tables.c:966:19: warning: symbol 'inat_group_table_9' was not declared. Should it be static?
arch/x86/lib/inat-tables.c:976:19: warning: symbol 'inat_group_table_10' was not declared. Should it be static?
arch/x86/lib/inat-tables.c:989:19: warning: symbol 'inat_group_table_21' was not declared. Should it be static?
arch/x86/lib/inat-tables.c:994:19: warning: symbol 'inat_group_table_21_1' was not declared. Should it be static?
arch/x86/lib/inat-tables.c:997:19: warning: symbol 'inat_group_table_21_2' was not declared. Should it be static?
arch/x86/lib/inat-tables.c:1007:19: warning: symbol 'inat_group_table_13' was not declared. Should it be static?
arch/x86/lib/inat-tables.c:1012:19: warning: symbol 'inat_group_table_13_1' was not declared. Should it be static?
arch/x86/lib/inat-tables.c:1019:19: warning: symbol 'inat_group_table_14' was not declared. Should it be static?
arch/x86/lib/inat-tables.c:1024:19: warning: symbol 'inat_group_table_14_1' was not declared. Should it be static?
arch/x86/lib/inat-tables.c:1031:19: warning: symbol 'inat_group_table_15' was not declared. Should it be static?
arch/x86/lib/inat-tables.c:1037:19: warning: symbol 'inat_group_table_15_1' was not declared. Should it be static?
arch/x86/lib/inat-tables.c:1045:19: warning: symbol 'inat_group_table_18' was not declared. Should it be static?
arch/x86/lib/inat-tables.c:1051:19: warning: symbol 'inat_group_table_18_2' was not declared. Should it be static?
arch/x86/lib/inat-tables.c:1059:19: warning: symbol 'inat_group_table_12' was not declared. Should it be static?
arch/x86/lib/inat-tables.c:1067:19: warning: symbol 'inat_group_table_22' was not declared. Should it be static?
arch/x86/lib/inat-tables.c:1080:25: warning: symbol 'inat_escape_tables' was not declared. Should it be static?
arch/x86/lib/inat-tables.c:1095:25: warning: symbol 'inat_group_tables' was not declared. Should it be static?
arch/x86/lib/inat-tables.c:1118:25: warning: symbol 'inat_avx_tables' was not declared. Should it be static?
arch/x86/lib/usercopy_64.c:76:21: warning: incorrect type in argument 1 (different address spaces)
arch/x86/lib/usercopy_64.c:78:21: warning: incorrect type in argument 1 (different address spaces)
arch/x86/lib/usercopy_64.c:83:21: warning: incorrect type in argument 1 (different address spaces)
init/main.c:152:12: warning: symbol 'envp_init' was not declared. Should it be static?
init/do_mounts.c:8:2: warning: "Sparse checking disabled for this file"
init/do_mounts_rd.c:8:2: warning: "Sparse checking disabled for this file"
init/do_mounts_initrd.c:8:2: warning: "Sparse checking disabled for this file"
init/do_mounts_md.c:8:2: warning: "Sparse checking disabled for this file"
init/initramfs.c:8:2: warning: "Sparse checking disabled for this file"
init/calibrate.c:257:47: warning: symbol 'calibrate_delay_is_known' was not declared. Should it be static?
init/init_task.c:12:44: warning: implicit cast to nocast type
init/init_task.c:12:44: warning: implicit cast to nocast type
arch/x86/boot/compressed/misc.c:328:17: warning: symbol 'decompress_kernel' was not declared. Should it be static?
arch/x86/boot/compressed/../string.c:60:14: warning: symbol 'atou' was not declared. Should it be static?
arch/x86/boot/compressed/../cmdline.c:30:5: warning: symbol '__cmdline_find_option' was not declared. Should it be static?
arch/x86/boot/compressed/../cmdline.c:102:5: warning: symbol '__cmdline_find_option_bool' was not declared. Should it be static?
arch/x86/boot/main.c:38:9: error: cannot size expression
arch/x86/boot/pm.c:104:6: error: symbol 'go_to_protected_mode' redeclared with different type (originally declared at arch/x86/boot/boot.h:328) - different modifiers
arch/x86/boot/string.c:119:8: warning: symbol 'strlen' was not declared. Should it be static?
arch/x86/boot/string.c:133:6: warning: symbol 'strstr' was not declared. Should it be static?
arch/x86/boot/version.c:19:12: warning: symbol 'kernel_version' was not declared. Should it be static?
