init/main.c:157:12: warning: symbol 'envp_init' was not declared. Should it be static?
init/do_mounts.c:8:2: warning: "Sparse checking disabled for this file"
init/do_mounts_initrd.c:8:2: warning: "Sparse checking disabled for this file"
init/do_mounts_md.c:8:2: warning: "Sparse checking disabled for this file"
init/initramfs.c:8:2: warning: "Sparse checking disabled for this file"
init/calibrate.c:257:47: warning: symbol 'calibrate_delay_is_known' was not declared. Should it be static?
init/init_task.c:14:44: warning: implicit cast to nocast type
init/init_task.c:14:44: warning: implicit cast to nocast type
arch/x86/ia32/nosyscall.c:4:6: warning: symbol 'compat_ni_syscall' was not declared. Should it be static?
arch/x86/ia32/syscall_ia32.c:18:22: warning: symbol 'ia32_sys_call_table' was not declared. Should it be static?
arch/x86/ia32/syscall_ia32.c:23:10: warning: Initializer entry defined twice
arch/x86/ia32/audit.c:3:10: warning: symbol 'ia32_dir_class' was not declared. Should it be static?
arch/x86/ia32/audit.c:8:10: warning: symbol 'ia32_chattr_class' was not declared. Should it be static?
arch/x86/ia32/audit.c:13:10: warning: symbol 'ia32_write_class' was not declared. Should it be static?
arch/x86/ia32/audit.c:18:10: warning: symbol 'ia32_read_class' was not declared. Should it be static?
arch/x86/ia32/audit.c:23:10: warning: symbol 'ia32_signal_class' was not declared. Should it be static?
arch/x86/ia32/audit.c:28:5: warning: symbol 'ia32_classify_syscall' was not declared. Should it be static?
arch/x86/kernel/traps.c:605:39: warning: symbol 'smp_threshold_interrupt' was not declared. Should it be static?
arch/x86/kernel/irq.c:231:6: warning: symbol 'smp_kvm_posted_intr_ipi' was not declared. Should it be static?
arch/x86/kernel/time.c:69:13: warning: symbol 'setup_default_timer_irq' was not declared. Should it be static?
arch/x86/kernel/ioport.c:96:1: warning: symbol 'SyS_iopl' was not declared. Should it be static?
arch/x86/kernel/nmi.c:283:17: warning: expression using sizeof bool
arch/x86/kernel/nmi.c:283:17: warning: expression using sizeof bool
arch/x86/kernel/nmi.c:283:17: warning: expression using sizeof bool
arch/x86/kernel/nmi.c:283:17: warning: expression using sizeof bool
arch/x86/kernel/nmi.c:283:17: warning: expression using sizeof bool
arch/x86/kernel/nmi.c:299:25: warning: expression using sizeof bool
arch/x86/kernel/nmi.c:299:25: warning: expression using sizeof bool
arch/x86/kernel/nmi.c:299:25: warning: expression using sizeof bool
arch/x86/kernel/nmi.c:299:25: warning: expression using sizeof bool
arch/x86/kernel/nmi.c:299:25: warning: expression using sizeof bool
arch/x86/kernel/nmi.c:355:20: warning: expression using sizeof bool
arch/x86/kernel/nmi.c:355:20: warning: expression using sizeof bool
arch/x86/kernel/nmi.c:355:20: warning: expression using sizeof bool
arch/x86/kernel/nmi.c:355:20: warning: expression using sizeof bool
arch/x86/kernel/nmi.c:355:20: warning: expression using sizeof bool
arch/x86/kernel/setup.c:353:19: warning: incorrect type in assignment (different address spaces)
arch/x86/kernel/setup.c:355:31: warning: incorrect type in argument 1 (different address spaces)
arch/x86/kernel/setup.c:437:22: warning: incorrect type in assignment (different address spaces)
arch/x86/kernel/setup.c:440:39: warning: incorrect type in argument 1 (different address spaces)
arch/x86/kernel/setup.c:441:30: warning: incorrect type in assignment (different address spaces)
arch/x86/kernel/setup.c:456:31: warning: incorrect type in argument 1 (different address spaces)
arch/x86/kernel/setup.c:468:22: warning: incorrect type in assignment (different address spaces)
arch/x86/kernel/setup.c:473:31: warning: incorrect type in argument 1 (different address spaces)
arch/x86/kernel/setup.c:491:22: warning: incorrect type in assignment (different address spaces)
arch/x86/kernel/setup.c:494:31: warning: incorrect type in argument 1 (different address spaces)
arch/x86/kernel/x86_init.c:30:12: warning: symbol 'iommu_init_noop' was not declared. Should it be static?
arch/x86/kernel/x86_init.c:31:6: warning: symbol 'iommu_shutdown_noop' was not declared. Should it be static?
arch/x86/kernel/i8259.c:379:19: warning: symbol 'default_legacy_pic' was not declared. Should it be static?
arch/x86/kernel/irqinit.c:85:13: warning: symbol 'init_IRQ' was not declared. Should it be static?
arch/x86/kernel/irq_work.c:12:6: warning: symbol 'smp_irq_work_interrupt' was not declared. Should it be static?
arch/x86/kernel/irq_work.c:21:6: warning: symbol 'arch_irq_work_raise' was not declared. Should it be static?
arch/x86/kernel/sys_x86_64.c:70:1: warning: symbol 'SyS_mmap' was not declared. Should it be static?
arch/x86/kernel/syscall_64.c:26:22: warning: symbol 'sys_call_table' was not declared. Should it be static?
arch/x86/kernel/syscall_64.c:31:10: warning: Initializer entry defined twice
arch/x86/kernel/kdebugfs.c:52:19: warning: incorrect type in assignment (different address spaces)
arch/x86/kernel/kdebugfs.c:61:25: warning: incorrect type in argument 1 (different address spaces)
arch/x86/kernel/kdebugfs.c:131:30: warning: incorrect type in assignment (different address spaces)
arch/x86/kernel/kdebugfs.c:147:33: warning: incorrect type in argument 1 (different address spaces)
arch/x86/kernel/tsc.c:1023:25: warning: symbol 'calibrate_delay_is_known' was not declared. Should it be static?
arch/x86/kernel/rtc.c:176:42: warning: duplicate const 
arch/x86/kernel/pci-iommu_table.c:62:37: warning: Using plain integer as NULL pointer
arch/x86/kernel/process.c:197:6: warning: symbol '__switch_to_xtra' was not declared. Should it be static?
arch/x86/kernel/xsave.c:172:16: warning: cast removes address space of expression
arch/x86/kernel/xsave.c:172:16: warning: incorrect type in argument 1 (different address spaces)
arch/x86/kernel/xsave.c:172:16: warning: cast removes address space of expression
arch/x86/kernel/xsave.c:172:16: warning: cast removes address space of expression
arch/x86/kernel/xsave.c:172:16: warning: cast removes address space of expression
arch/x86/kernel/xsave.c:172:16: warning: cast removes address space of expression
arch/x86/kernel/xsave.c:172:16: warning: cast removes address space of expression
arch/x86/kernel/xsave.c:172:16: warning: cast removes address space of expression
arch/x86/kernel/xsave.c:172:16: warning: cast removes address space of expression
arch/x86/kernel/xsave.c:172:16: warning: cast removes address space of expression
arch/x86/kernel/xsave.c:172:16: warning: cast removes address space of expression
arch/x86/kernel/xsave.c:172:16: warning: cast removes address space of expression
arch/x86/kernel/xsave.c:178:16: warning: cast removes address space of expression
arch/x86/kernel/xsave.c:178:16: warning: incorrect type in argument 1 (different address spaces)
arch/x86/kernel/xsave.c:178:16: warning: cast removes address space of expression
arch/x86/kernel/xsave.c:178:16: warning: cast removes address space of expression
arch/x86/kernel/xsave.c:178:16: warning: cast removes address space of expression
arch/x86/kernel/xsave.c:178:16: warning: cast removes address space of expression
arch/x86/kernel/xsave.c:178:16: warning: cast removes address space of expression
arch/x86/kernel/xsave.c:178:16: warning: cast removes address space of expression
arch/x86/kernel/xsave.c:193:16: warning: cast removes address space of expression
arch/x86/kernel/xsave.c:193:16: warning: incorrect type in argument 1 (different address spaces)
arch/x86/kernel/xsave.c:193:16: warning: cast removes address space of expression
arch/x86/kernel/xsave.c:193:16: warning: cast removes address space of expression
arch/x86/kernel/xsave.c:193:16: warning: cast removes address space of expression
arch/x86/kernel/xsave.c:193:16: warning: cast removes address space of expression
arch/x86/kernel/xsave.c:193:16: warning: cast removes address space of expression
arch/x86/kernel/xsave.c:193:16: warning: cast removes address space of expression
arch/x86/kernel/xsave.c:193:16: warning: cast removes address space of expression
arch/x86/kernel/xsave.c:193:16: warning: cast removes address space of expression
arch/x86/kernel/xsave.c:193:16: warning: cast removes address space of expression
arch/x86/kernel/xsave.c:193:16: warning: cast removes address space of expression
arch/x86/kernel/tls.c:92:1: warning: symbol 'SyS_set_thread_area' was not declared. Should it be static?
arch/x86/kernel/tls.c:140:1: warning: symbol 'SyS_get_thread_area' was not declared. Should it be static?
arch/x86/kernel/acpi/boot.c:160:29: warning: incorrect type in return expression (different address spaces)
arch/x86/kernel/acpi/boot.c:167:23: warning: incorrect type in argument 1 (different address spaces)
arch/x86/kernel/acpi/boot.c:583:13: warning: symbol 'acpi_set_irq_model_pic' was not declared. Should it be static?
arch/x86/kernel/acpi/boot.c:590:13: warning: symbol 'acpi_set_irq_model_ioapic' was not declared. Should it be static?
arch/x86/kernel/acpi/cstate.c:166:21: warning: cast removes address space of expression
arch/x86/kernel/acpi/cstate.c:166:21: warning: incorrect type in argument 2 (different address spaces)
/cmpt816/linux/arch/x86/include/asm/percpu.h:519:34: warning: cast removes address space of expression
arch/x86/kernel/acpi/cstate.c:166:21: warning: cast removes address space of expression
arch/x86/kernel/acpi/cstate.c:166:21: warning: incorrect type in argument 2 (different address spaces)
/cmpt816/linux/arch/x86/include/asm/percpu.h:502:38: warning: cast removes address space of expression
/cmpt816/linux/arch/x86/include/asm/percpu.h:502:59: warning: incorrect type in initializer (different address spaces)
arch/x86/kernel/acpi/cstate.c:163:6: warning: symbol 'mwait_idle_with_hints' was not declared. Should it be static?
arch/x86/kernel/apic/apic.c:550:13: warning: cast removes address space of expression
arch/x86/kernel/apic/apic.c:550:13: warning: incorrect type in argument 2 (different address spaces)
/cmpt816/linux/arch/x86/include/asm/percpu.h:519:34: warning: cast removes address space of expression
arch/x86/kernel/apic/apic.c:550:13: warning: cast removes address space of expression
arch/x86/kernel/apic/apic.c:550:13: warning: incorrect type in argument 2 (different address spaces)
/cmpt816/linux/arch/x86/include/asm/percpu.h:502:38: warning: cast removes address space of expression
/cmpt816/linux/arch/x86/include/asm/percpu.h:502:59: warning: incorrect type in initializer (different address spaces)
arch/x86/kernel/apic/apic.c:559:13: warning: cast removes address space of expression
arch/x86/kernel/apic/apic.c:559:13: warning: incorrect type in argument 2 (different address spaces)
/cmpt816/linux/arch/x86/include/asm/percpu.h:519:34: warning: cast removes address space of expression
arch/x86/kernel/apic/apic.c:559:13: warning: cast removes address space of expression
arch/x86/kernel/apic/apic.c:559:13: warning: incorrect type in argument 2 (different address spaces)
/cmpt816/linux/arch/x86/include/asm/percpu.h:502:38: warning: cast removes address space of expression
/cmpt816/linux/arch/x86/include/asm/percpu.h:502:59: warning: incorrect type in initializer (different address spaces)
arch/x86/kernel/apic/apic.c:1552:12: warning: symbol 'enable_IR' was not declared. Should it be static?
arch/x86/kernel/apic/apic.c:2148:6: warning: symbol 'default_init_apic_ldr' was not declared. Should it be static?
arch/x86/kernel/apic/io_apic.c:315:55: warning: incorrect type in initializer (different modifiers)
arch/x86/kernel/apic/io_apic.c:321:55: warning: incorrect type in initializer (different modifiers)
arch/x86/kernel/apic/io_apic.c:328:55: warning: incorrect type in initializer (different modifiers)
arch/x86/kernel/apic/io_apic.c:342:55: warning: incorrect type in initializer (different modifiers)
arch/x86/kernel/apic/io_apic.c:507:17: warning: incorrect type in assignment (different modifiers)
arch/x86/kernel/apic/io_apic.c:1063:6: warning: context imbalance in 'lock_vector_lock' - wrong count at exit
arch/x86/kernel/apic/io_apic.c:1071:6: warning: context imbalance in 'unlock_vector_lock' - unexpected unlock
arch/x86/kernel/apic/apic_flat_64.c:46:6: warning: symbol 'flat_init_apic_ldr' was not declared. Should it be static?
arch/x86/kernel/cpu/intel_cacheinfo.c:167:33: warning: symbol 'num_cache_leaves' was not declared. Should it be static?
arch/x86/kernel/cpu/intel_cacheinfo.c:349:5: warning: symbol 'amd_get_l3_disable_slot' was not declared. Should it be static?
arch/x86/kernel/cpu/intel_cacheinfo.c:427:5: warning: symbol 'amd_set_l3_disable_slot' was not declared. Should it be static?
arch/x86/kernel/cpu/common.c:482:16: warning: symbol 'cpu_detect_tlb' was not declared. Should it be static?
arch/x86/kernel/cpu/common.c:1276:33: warning: incorrect type in initializer (different modifiers)
arch/x86/kernel/cpu/common.c:1121:9: warning: cast truncates bits from constant value (23001000000000 becomes 0)
arch/x86/kernel/cpu/perf_event.c:1847:6: warning: symbol 'arch_perf_update_userpage' was not declared. Should it be static?
arch/x86/kernel/cpu/perf_event.c:2013:20: warning: incorrect type in assignment (different address spaces)
arch/x86/kernel/cpu/perf_event_p4.c:593:3: warning: symbol 'p4_event_aliases' was not declared. Should it be static?
arch/x86/kernel/cpu/perf_event_intel.c:182:18: warning: symbol 'nhm_events_attrs' was not declared. Should it be static?
arch/x86/kernel/cpu/perf_event_intel.c:187:18: warning: symbol 'snb_events_attrs' was not declared. Should it be static?
arch/x86/kernel/cpu/perf_event_intel_uncore.c:539:16: warning: Using plain integer as NULL pointer
arch/x86/kernel/cpu/perf_event_intel_uncore.c:2602:25: warning: symbol 'uncore_alloc_box' was not declared. Should it be static?
arch/x86/kernel/cpu/perf_event_intel_uncore.c:2629:16: warning: incorrect type in initializer (different address spaces)
arch/x86/kernel/cpu/perf_event_intel_uncore.c:2637:26: warning: incorrect type in initializer (different address spaces)
arch/x86/kernel/cpu/perf_event_intel_uncore.c:2643:17: warning: incorrect type in initializer (different address spaces)
arch/x86/kernel/cpu/perf_event_intel_uncore.c:3079:42: warning: incorrect type in argument 1 (different address spaces)
arch/x86/kernel/cpu/perf_event_intel_uncore.c:3113:29: warning: incorrect type in assignment (different address spaces)
arch/x86/kernel/cpu/perf_event_intel_uncore.c:3231:22: warning: incorrect type in initializer (different address spaces)
arch/x86/kernel/cpu/perf_event_intel_uncore.c:3232:26: warning: incorrect type in initializer (different address spaces)
arch/x86/kernel/cpu/perf_event_intel_uncore.c:3321:32: warning: incorrect type in initializer (different address spaces)
arch/x86/kernel/cpu/perf_event_intel_uncore.c:3322:26: warning: incorrect type in initializer (different address spaces)
arch/x86/kernel/cpu/perf_event_intel_uncore.c:3342:32: warning: incorrect type in initializer (different address spaces)
arch/x86/kernel/cpu/perf_event_intel_uncore.c:3350:42: warning: incorrect type in initializer (different address spaces)
arch/x86/kernel/cpu/perf_event_intel_uncore.c:3353:42: warning: incorrect type in initializer (different address spaces)
arch/x86/kernel/cpu/perf_event_intel_uncore.c:3392:26: warning: incorrect type in initializer (different address spaces)
arch/x86/kernel/cpu/perf_event_intel_uncore.c:1423:9: warning: cast truncates bits from constant value (1000000ff becomes ff)
arch/x86/kernel/cpu/perf_event_intel_uncore.c:1765:17: warning: cast truncates bits from constant value (8000000000000000 becomes 0)
arch/x86/kernel/cpu/perf_event_intel_uncore.c:2151:25: warning: cast truncates bits from constant value (8000000000000000 becomes 0)
arch/x86/kernel/cpu/perf_event_intel_uncore.c:3079:39: warning: dereference of noderef expression
arch/x86/kernel/cpu/perf_event_intel_uncore.c:3114:26: warning: dereference of noderef expression
arch/x86/kernel/cpu/mcheck/mce.c:105:1: warning: symbol 'x86_mce_decoder_chain' was not declared. Should it be static?
arch/x86/kernel/cpu/mcheck/mce.c:519:1: warning: symbol 'mce_irq_work' was not declared. Should it be static?
arch/x86/kernel/cpu/mcheck/mce.c:957:3: warning: symbol 'mce_info' was not declared. Should it be static?
arch/x86/kernel/cpu/mcheck/mce.c:1865:13: error: cannot dereference this type
arch/x86/kernel/cpu/mcheck/mce.c:1865:13: error: incompatible types for operation (==)
arch/x86/kernel/cpu/mcheck/threshold.c:20:17: warning: symbol 'smp_threshold_interrupt' was not declared. Should it be static?
arch/x86/kernel/cpu/mcheck/therm_throt.c:355:13: warning: cast removes address space of expression
arch/x86/kernel/cpu/mcheck/therm_throt.c:355:13: warning: incorrect type in argument 2 (different address spaces)
/cmpt816/linux/arch/x86/include/asm/percpu.h:519:34: warning: cast removes address space of expression
arch/x86/kernel/cpu/mcheck/therm_throt.c:355:13: warning: cast removes address space of expression
arch/x86/kernel/cpu/mcheck/therm_throt.c:355:13: warning: incorrect type in argument 2 (different address spaces)
/cmpt816/linux/arch/x86/include/asm/percpu.h:502:38: warning: cast removes address space of expression
/cmpt816/linux/arch/x86/include/asm/percpu.h:502:59: warning: incorrect type in initializer (different address spaces)
arch/x86/kernel/cpu/mcheck/therm_throt.c:360:13: warning: cast removes address space of expression
arch/x86/kernel/cpu/mcheck/therm_throt.c:360:13: warning: incorrect type in argument 2 (different address spaces)
/cmpt816/linux/arch/x86/include/asm/percpu.h:519:34: warning: cast removes address space of expression
arch/x86/kernel/cpu/mcheck/therm_throt.c:360:13: warning: cast removes address space of expression
arch/x86/kernel/cpu/mcheck/therm_throt.c:360:13: warning: incorrect type in argument 2 (different address spaces)
/cmpt816/linux/arch/x86/include/asm/percpu.h:502:38: warning: cast removes address space of expression
/cmpt816/linux/arch/x86/include/asm/percpu.h:502:59: warning: incorrect type in initializer (different address spaces)
arch/x86/kernel/cpu/mcheck/therm_throt.c:365:21: warning: cast removes address space of expression
arch/x86/kernel/cpu/mcheck/therm_throt.c:365:21: warning: incorrect type in argument 2 (different address spaces)
/cmpt816/linux/arch/x86/include/asm/percpu.h:519:34: warning: cast removes address space of expression
arch/x86/kernel/cpu/mcheck/therm_throt.c:365:21: warning: cast removes address space of expression
arch/x86/kernel/cpu/mcheck/therm_throt.c:365:21: warning: incorrect type in argument 2 (different address spaces)
/cmpt816/linux/arch/x86/include/asm/percpu.h:502:38: warning: cast removes address space of expression
/cmpt816/linux/arch/x86/include/asm/percpu.h:502:59: warning: incorrect type in initializer (different address spaces)
arch/x86/kernel/cpu/mcheck/therm_throt.c:381:17: warning: symbol 'smp_thermal_interrupt' was not declared. Should it be static?
arch/x86/kernel/kprobes/opt.c:443:13: warning: function 'arch_unoptimize_kprobes' with external linkage has definition
arch/x86/kernel/smp.c:170:17: warning: symbol 'smp_reboot_interrupt' was not declared. Should it be static?
arch/x86/kernel/smpboot.c:1152:6: warning: symbol 'arch_enable_nonboot_cpus_begin' was not declared. Should it be static?
arch/x86/kernel/smpboot.c:1157:6: warning: symbol 'arch_enable_nonboot_cpus_end' was not declared. Should it be static?
arch/x86/kernel/smpboot.c:1371:14: warning: cast removes address space of expression
arch/x86/kernel/smpboot.c:1371:14: warning: incorrect type in argument 2 (different address spaces)
/cmpt816/linux/arch/x86/include/asm/percpu.h:519:34: warning: cast removes address space of expression
arch/x86/kernel/smpboot.c:1371:14: warning: cast removes address space of expression
arch/x86/kernel/smpboot.c:1371:14: warning: incorrect type in argument 2 (different address spaces)
/cmpt816/linux/arch/x86/include/asm/percpu.h:502:38: warning: cast removes address space of expression
/cmpt816/linux/arch/x86/include/asm/percpu.h:502:59: warning: incorrect type in initializer (different address spaces)
arch/x86/kernel/smpboot.c:1373:14: warning: cast removes address space of expression
arch/x86/kernel/smpboot.c:1373:14: warning: incorrect type in argument 2 (different address spaces)
/cmpt816/linux/arch/x86/include/asm/percpu.h:519:34: warning: cast removes address space of expression
arch/x86/kernel/smpboot.c:1373:14: warning: cast removes address space of expression
arch/x86/kernel/smpboot.c:1373:14: warning: incorrect type in argument 2 (different address spaces)
/cmpt816/linux/arch/x86/include/asm/percpu.h:502:38: warning: cast removes address space of expression
/cmpt816/linux/arch/x86/include/asm/percpu.h:502:59: warning: incorrect type in initializer (different address spaces)
arch/x86/kernel/mpparse.c:442:13: warning: incorrect type in assignment (different address spaces)
arch/x86/kernel/mpparse.c:444:23: warning: incorrect type in argument 1 (different address spaces)
arch/x86/kernel/mpparse.c:456:13: warning: incorrect type in assignment (different address spaces)
arch/x86/kernel/mpparse.c:467:31: warning: incorrect type in argument 1 (different address spaces)
arch/x86/kernel/mpparse.c:470:23: warning: incorrect type in argument 1 (different address spaces)
arch/x86/kernel/crash_dump_64.c:34:15: warning: incorrect type in assignment (different address spaces)
arch/x86/kernel/crash_dump_64.c:39:34: warning: incorrect type in argument 1 (different address spaces)
arch/x86/kernel/crash_dump_64.c:40:33: warning: incorrect type in argument 1 (different address spaces)
arch/x86/kernel/crash_dump_64.c:47:17: warning: incorrect type in argument 1 (different address spaces)
arch/x86/kernel/microcode_intel_early.c:31:15: warning: symbol 'mc_saved_in_initrd' was not declared. Should it be static?
arch/x86/kernel/microcode_intel_early.c:35:3: warning: symbol 'mc_saved_data' was not declared. Should it be static?
arch/x86/kernel/microcode_intel.c:130:5: warning: symbol 'apply_microcode' was not declared. Should it be static?
arch/x86/kernel/microcode_intel.c:296:35: warning: incorrect type in argument 2 (different address spaces)
arch/x86/kernel/microcode_intel.c:302:45: warning: cast removes address space of expression
arch/x86/kernel/check.c:71:13: warning: symbol 'setup_bios_corruption_check' was not declared. Should it be static?
arch/x86/kernel/check.c:118:6: warning: symbol 'check_for_bios_corruption' was not declared. Should it be static?
include/linux/spinlock.h:340:9: warning: context imbalance in 'iommu_range_alloc' - unexpected unlock
arch/x86/kernel/head64.c:37:10: warning: symbol 'early_pmd_flags' was not declared. Should it be static?
arch/x86/kernel/head64.c:53:12: warning: symbol 'early_make_pgtable' was not declared. Should it be static?
arch/x86/platform/efi/efi.c:459:37: warning: incorrect type in argument 1 (different address spaces)
arch/x86/platform/efi/efi.c:496:26: warning: incorrect type in assignment (different address spaces)
arch/x86/platform/efi/efi.c:527:31: warning: incorrect type in argument 1 (different address spaces)
arch/x86/platform/efi/efi.c:537:26: warning: incorrect type in assignment (different address spaces)
arch/x86/platform/efi/efi.c:558:31: warning: incorrect type in argument 1 (different address spaces)
arch/x86/platform/efi/efi.c:592:23: warning: incorrect type in assignment (different address spaces)
arch/x86/platform/efi/efi.c:649:23: warning: incorrect type in argument 1 (different address spaces)
arch/x86/platform/efi/efi.c:663:17: warning: incorrect type in assignment (different address spaces)
arch/x86/platform/efi/efi.c:683:23: warning: incorrect type in argument 1 (different address spaces)
arch/x86/platform/efi/efi.c:691:20: warning: incorrect type in assignment (different address spaces)
arch/x86/platform/efi/efi.c:733:19: warning: incorrect type in assignment (different address spaces)
arch/x86/platform/efi/efi.c:740:23: warning: incorrect type in argument 1 (different address spaces)
arch/x86/platform/efi/efi.c:929:28: warning: incorrect type in assignment (different address spaces)
arch/x86/vdso/vma.c:67:41: warning: Using plain integer as NULL pointer
arch/x86/vdso/vclock_gettime.c:236:13: warning: symbol '__vdso_clock_gettime' was not declared. Should it be static?
arch/x86/vdso/vclock_gettime.c:260:13: warning: symbol '__vdso_gettimeofday' was not declared. Should it be static?
arch/x86/vdso/vclock_gettime.c:288:16: warning: symbol '__vdso_time' was not declared. Should it be static?
arch/x86/vdso/vgetcpu.c:16:1: warning: symbol '__vdso_getcpu' was not declared. Should it be static?
kernel/fork.c:93:5: warning: symbol 'max_threads' was not declared. Should it be static?
kernel/fork.c:136:13: warning: symbol 'arch_release_thread_info' was not declared. Should it be static?
kernel/fork.c:252:13: warning: symbol 'fork_init' was not declared. Should it be static?
kernel/fork.c:1088:1: warning: symbol 'SyS_set_tid_address' was not declared. Should it be static?
kernel/fork.c:1116:41: warning: implicit cast to nocast type
kernel/fork.c:1117:41: warning: implicit cast to nocast type
kernel/fork.c:1235:42: warning: implicit cast to nocast type
kernel/fork.c:1236:43: warning: implicit cast to nocast type
kernel/fork.c:1238:57: warning: implicit cast to nocast type
kernel/fork.c:1679:1: warning: symbol 'SyS_clone' was not declared. Should it be static?
kernel/fork.c:1802:1: warning: symbol 'SyS_unshare' was not declared. Should it be static?
kernel/exec_domain.c:182:1: warning: symbol 'SyS_personality' was not declared. Should it be static?
kernel/panic.c:54:13: warning: symbol 'panic_smp_self_stop' was not declared. Should it be static?
kernel/panic.c:68:6: error: symbol 'panic' redeclared with different type (originally declared at include/linux/kernel.h:208) - different modifiers
kernel/printk.c:220:1: warning: symbol 'log_wait' was not declared. Should it be static?
kernel/printk.c:1259:1: warning: symbol 'SyS_syslog' was not declared. Should it be static?
kernel/printk.c:786:15: warning: memcpy with byte count of 262144
kernel/cpu.c:252:34: warning: incorrect type in argument 2 (different modifiers)
kernel/cpu.c:252:34: warning: implicit cast to nocast type
kernel/cpu.c:252:42: warning: incorrect type in argument 3 (different modifiers)
kernel/cpu.c:252:42: warning: implicit cast to nocast type
kernel/cpu.c:518:13: warning: symbol 'arch_enable_nonboot_cpus_begin' was not declared. Should it be static?
kernel/cpu.c:522:13: warning: symbol 'arch_enable_nonboot_cpus_end' was not declared. Should it be static?
kernel/cpu.c:229:9: warning: context imbalance in 'clear_tasks_mm_cpumask' - different lock contexts for basic block
kernel/exit.c:127:36: warning: incorrect type in argument 2 (different modifiers)
kernel/exit.c:127:36: warning: implicit cast to nocast type
kernel/exit.c:127:44: warning: incorrect type in argument 3 (different modifiers)
kernel/exit.c:127:44: warning: implicit cast to nocast type
kernel/exit.c:707:6: error: symbol 'do_exit' redeclared with different type (originally declared at include/linux/kernel.h:214) - different modifiers
kernel/exit.c:889:6: error: symbol 'complete_and_exit' redeclared with different type (originally declared at include/linux/kernel.h:216) - different modifiers
kernel/itimer.c:103:1: warning: symbol 'SyS_getitimer' was not declared. Should it be static?
kernel/itimer.c:126:59: warning: implicit cast to nocast type
kernel/itimer.c:167:55: warning: incorrect type in argument 3 (different modifiers)
kernel/itimer.c:167:55: warning: implicit cast to nocast type
kernel/itimer.c:167:62: warning: incorrect type in argument 4 (different modifiers)
kernel/itimer.c:167:62: warning: implicit cast to nocast type
kernel/itimer.c:226:56: warning: implicit cast to nocast type
kernel/itimer.c:278:1: warning: symbol 'SyS_setitimer' was not declared. Should it be static?
kernel/time.c:62:1: warning: symbol 'SyS_time' was not declared. Should it be static?
kernel/time.c:81:1: warning: symbol 'SyS_stime' was not declared. Should it be static?
kernel/time.c:101:1: warning: symbol 'SyS_gettimeofday' was not declared. Should it be static?
kernel/time.c:188:1: warning: symbol 'SyS_settimeofday' was not declared. Should it be static?
kernel/time.c:209:1: warning: symbol 'SyS_adjtimex' was not declared. Should it be static?
kernel/softirq.c:855:36: warning: incorrect type in initializer (different address spaces)
kernel/resource.c:518:5: warning: symbol 'reallocate_resource' was not declared. Should it be static?
kernel/sysctl_binary.c:1420:1: warning: symbol 'SyS_sysctl' was not declared. Should it be static?
kernel/sysctl_binary.c:1462:1: warning: symbol 'compat_SyS_sysctl' was not declared. Should it be static?
kernel/capability.c:158:1: warning: symbol 'SyS_capget' was not declared. Should it be static?
kernel/capability.c:232:1: warning: symbol 'SyS_capset' was not declared. Should it be static?
kernel/ptrace.c:995:1: warning: symbol 'SyS_ptrace' was not declared. Should it be static?
kernel/ptrace.c:973:9: warning: context imbalance in 'ptrace_request' - different lock contexts for basic block
kernel/timer.c:1392:1: warning: symbol 'SyS_alarm' was not declared. Should it be static?
kernel/user.c:71:19: warning: symbol 'uidhash_table' was not declared. Should it be static?
kernel/signal.c:1678:28: warning: incorrect type in argument 2 (different modifiers)
kernel/signal.c:1678:28: warning: implicit cast to nocast type
kernel/signal.c:1678:36: warning: incorrect type in argument 3 (different modifiers)
kernel/signal.c:1678:36: warning: implicit cast to nocast type
kernel/signal.c:1763:28: warning: incorrect type in argument 2 (different modifiers)
kernel/signal.c:1763:28: warning: implicit cast to nocast type
kernel/signal.c:1763:36: warning: incorrect type in argument 3 (different modifiers)
kernel/signal.c:1763:36: warning: implicit cast to nocast type
kernel/signal.c:2604:1: warning: symbol 'SyS_rt_sigprocmask' was not declared. Should it be static?
kernel/signal.c:2635:1: warning: symbol 'compat_SyS_rt_sigprocmask' was not declared. Should it be static?
kernel/signal.c:2694:1: warning: symbol 'SyS_rt_sigpending' was not declared. Should it be static?
kernel/signal.c:2704:1: warning: symbol 'compat_SyS_rt_sigpending' was not declared. Should it be static?
kernel/signal.c:2873:1: warning: symbol 'SyS_rt_sigtimedwait' was not declared. Should it be static?
kernel/signal.c:2909:1: warning: symbol 'SyS_kill' was not declared. Should it be static?
kernel/signal.c:2975:1: warning: symbol 'SyS_tgkill' was not declared. Should it be static?
kernel/signal.c:2991:1: warning: symbol 'SyS_tkill' was not declared. Should it be static?
kernel/signal.c:3023:1: warning: symbol 'SyS_rt_sigqueueinfo' was not declared. Should it be static?
kernel/signal.c:3033:1: warning: symbol 'compat_SyS_rt_sigqueueinfo' was not declared. Should it be static?
kernel/signal.c:3066:1: warning: symbol 'SyS_rt_tgsigqueueinfo' was not declared. Should it be static?
kernel/signal.c:3078:1: warning: symbol 'compat_SyS_rt_tgsigqueueinfo' was not declared. Should it be static?
kernel/signal.c:3202:1: warning: symbol 'SyS_sigaltstack' was not declared. Should it be static?
kernel/signal.c:3223:1: warning: symbol 'compat_SyS_sigaltstack' was not declared. Should it be static?
kernel/signal.c:3279:1: warning: symbol 'SyS_sigpending' was not declared. Should it be static?
kernel/signal.c:3297:1: warning: symbol 'SyS_sigprocmask' was not declared. Should it be static?
kernel/signal.c:3345:1: warning: symbol 'SyS_rt_sigaction' was not declared. Should it be static?
kernel/signal.c:3372:1: warning: symbol 'compat_SyS_rt_sigaction' was not declared. Should it be static?
kernel/signal.c:3457:1: warning: symbol 'compat_SyS_sigaction' was not declared. Should it be static?
kernel/signal.c:3509:1: warning: symbol 'SyS_ssetmask' was not declared. Should it be static?
kernel/signal.c:3525:1: warning: symbol 'SyS_signal' was not declared. Should it be static?
kernel/signal.c:3570:1: warning: symbol 'SyS_rt_sigsuspend' was not declared. Should it be static?
kernel/signal.c:3584:1: warning: symbol 'compat_SyS_rt_sigsuspend' was not declared. Should it be static?
kernel/signal.c:3614:1: warning: symbol 'SyS_sigsuspend' was not declared. Should it be static?
kernel/signal.c:1283:23: warning: context imbalance in '__lock_task_sighand' - different lock contexts for basic block
kernel/signal.c:2008:13: warning: context imbalance in 'do_signal_stop' - different lock contexts for basic block
kernel/signal.c:2258:25: warning: context imbalance in 'get_signal_to_deliver' - unexpected unlock
kernel/sys.c:178:1: warning: symbol 'SyS_setpriority' was not declared. Should it be static?
kernel/sys.c:247:1: warning: symbol 'SyS_getpriority' was not declared. Should it be static?
kernel/sys.c:463:1: warning: symbol 'SyS_reboot' was not declared. Should it be static?
kernel/sys.c:589:1: warning: symbol 'SyS_setregid' was not declared. Should it be static?
kernel/sys.c:646:1: warning: symbol 'SyS_setgid' was not declared. Should it be static?
kernel/sys.c:722:1: warning: symbol 'SyS_setreuid' was not declared. Should it be static?
kernel/sys.c:793:1: warning: symbol 'SyS_setuid' was not declared. Should it be static?
kernel/sys.c:840:1: warning: symbol 'SyS_setresuid' was not declared. Should it be static?
kernel/sys.c:905:1: warning: symbol 'SyS_getresuid' was not declared. Should it be static?
kernel/sys.c:925:1: warning: symbol 'SyS_setresgid' was not declared. Should it be static?
kernel/sys.c:977:1: warning: symbol 'SyS_getresgid' was not declared. Should it be static?
kernel/sys.c:1001:1: warning: symbol 'SyS_setfsuid' was not declared. Should it be static?
kernel/sys.c:1040:1: warning: symbol 'SyS_setfsgid' was not declared. Should it be static?
kernel/sys.c:1141:49: warning: incorrect type in argument 2 (different modifiers)
kernel/sys.c:1141:49: warning: implicit cast to nocast type
kernel/sys.c:1141:59: warning: incorrect type in argument 3 (different modifiers)
kernel/sys.c:1141:59: warning: implicit cast to nocast type
kernel/sys.c:1151:1: warning: symbol 'SyS_times' was not declared. Should it be static?
kernel/sys.c:1176:1: warning: symbol 'SyS_setpgid' was not declared. Should it be static?
kernel/sys.c:1247:1: warning: symbol 'SyS_getpgid' was not declared. Should it be static?
kernel/sys.c:1284:1: warning: symbol 'SyS_getsid' was not declared. Should it be static?
kernel/sys.c:1386:1: warning: symbol 'SyS_newuname' was not declared. Should it be static?
kernel/sys.c:1406:1: warning: symbol 'SyS_uname' was not declared. Should it be static?
kernel/sys.c:1425:1: warning: symbol 'SyS_olduname' was not declared. Should it be static?
kernel/sys.c:1460:1: warning: symbol 'SyS_sethostname' was not declared. Should it be static?
kernel/sys.c:1486:1: warning: symbol 'SyS_gethostname' was not declared. Should it be static?
kernel/sys.c:1511:1: warning: symbol 'SyS_setdomainname' was not declared. Should it be static?
kernel/sys.c:1535:1: warning: symbol 'SyS_getrlimit' was not declared. Should it be static?
kernel/sys.c:1553:1: warning: symbol 'SyS_old_getrlimit' was not declared. Should it be static?
kernel/sys.c:1694:1: warning: symbol 'SyS_prlimit64' was not declared. Should it be static?
kernel/sys.c:1736:1: warning: symbol 'SyS_setrlimit' was not declared. Should it be static?
kernel/sys.c:1796:25: warning: implicit cast to nocast type
kernel/sys.c:1799:49: warning: incorrect type in argument 2 (different modifiers)
kernel/sys.c:1799:49: warning: implicit cast to nocast type
kernel/sys.c:1799:57: warning: incorrect type in argument 3 (different modifiers)
kernel/sys.c:1799:57: warning: implicit cast to nocast type
kernel/sys.c:1825:59: warning: incorrect type in argument 2 (different modifiers)
kernel/sys.c:1825:59: warning: implicit cast to nocast type
kernel/sys.c:1825:69: warning: incorrect type in argument 3 (different modifiers)
kernel/sys.c:1825:69: warning: implicit cast to nocast type
kernel/sys.c:1869:1: warning: symbol 'SyS_getrusage' was not declared. Should it be static?
kernel/sys.c:1878:1: warning: symbol 'compat_SyS_getrusage' was not declared. Should it be static?
kernel/sys.c:1891:1: warning: symbol 'SyS_umask' was not declared. Should it be static?
kernel/sys.c:2102:1: warning: symbol 'SyS_prctl' was not declared. Should it be static?
kernel/sys.c:2272:1: warning: symbol 'SyS_getcpu' was not declared. Should it be static?
kernel/sys.c:2413:1: warning: symbol 'SyS_sysinfo' was not declared. Should it be static?
kernel/sys.c:2443:1: warning: symbol 'compat_SyS_sysinfo' was not declared. Should it be static?
kernel/workqueue.c:300:25: warning: symbol 'system_highpri_wq' was not declared. Should it be static?
kernel/workqueue.c:4445:61: warning: expression using sizeof bool
kernel/pid.c:48:5: warning: symbol 'pid_max' was not declared. Should it be static?
kernel/pid.c:52:5: warning: symbol 'pid_max_min' was not declared. Should it be static?
kernel/pid.c:53:5: warning: symbol 'pid_max_max' was not declared. Should it be static?
kernel/rcupdate.c:428:5: warning: symbol 'rcu_cpu_stall_timeout' was not declared. Should it be static?
kernel/extable.c:39:16: warning: symbol 'main_extable_sort_needed' was not declared. Should it be static?
kernel/posix-timers.c:593:1: warning: symbol 'SyS_timer_create' was not declared. Should it be static?
kernel/posix-timers.c:767:1: warning: symbol 'SyS_timer_gettime' was not declared. Should it be static?
kernel/posix-timers.c:803:1: warning: symbol 'SyS_timer_getoverrun' was not declared. Should it be static?
kernel/posix-timers.c:871:1: warning: symbol 'SyS_timer_settime' was not declared. Should it be static?
kernel/posix-timers.c:934:1: warning: symbol 'SyS_timer_delete' was not declared. Should it be static?
kernel/posix-timers.c:1002:1: warning: symbol 'SyS_clock_settime' was not declared. Should it be static?
kernel/posix-timers.c:1017:1: warning: symbol 'SyS_clock_gettime' was not declared. Should it be static?
kernel/posix-timers.c:1035:1: warning: symbol 'SyS_clock_adjtime' was not declared. Should it be static?
kernel/posix-timers.c:1058:1: warning: symbol 'SyS_clock_getres' was not declared. Should it be static?
kernel/posix-timers.c:1087:1: warning: symbol 'SyS_clock_nanosleep' was not declared. Should it be static?
kernel/posix-timers.c:393:9: warning: context imbalance in 'do_schedule_next_timer' - different lock contexts for basic block
kernel/posix-timers.c:683:24: warning: context imbalance in '__lock_timer' - different lock contexts for basic block
kernel/posix-cpu-timers.c:27:53: warning: incorrect type in argument 3 (different modifiers)
kernel/posix-cpu-timers.c:27:53: warning: implicit cast to nocast type
kernel/posix-cpu-timers.c:177:26: warning: incorrect type in argument 2 (different modifiers)
kernel/posix-cpu-timers.c:177:26: warning: implicit cast to nocast type
kernel/posix-cpu-timers.c:177:34: warning: incorrect type in argument 3 (different modifiers)
kernel/posix-cpu-timers.c:177:34: warning: implicit cast to nocast type
kernel/posix-cpu-timers.c:185:26: warning: incorrect type in argument 2 (different modifiers)
kernel/posix-cpu-timers.c:185:26: warning: implicit cast to nocast type
kernel/posix-cpu-timers.c:465:46: warning: implicit cast to nocast type
kernel/posix-cpu-timers.c:475:46: warning: implicit cast to nocast type
kernel/posix-cpu-timers.c:503:28: warning: incorrect type in argument 2 (different modifiers)
kernel/posix-cpu-timers.c:503:28: warning: implicit cast to nocast type
kernel/posix-cpu-timers.c:503:36: warning: incorrect type in argument 3 (different modifiers)
kernel/posix-cpu-timers.c:503:36: warning: implicit cast to nocast type
kernel/posix-cpu-timers.c:513:28: warning: incorrect type in argument 2 (different modifiers)
kernel/posix-cpu-timers.c:513:28: warning: implicit cast to nocast type
kernel/posix-cpu-timers.c:513:36: warning: incorrect type in argument 3 (different modifiers)
kernel/posix-cpu-timers.c:513:36: warning: implicit cast to nocast type
kernel/posix-cpu-timers.c:944:41: warning: implicit cast to nocast type
kernel/posix-cpu-timers.c:177:26: warning: incorrect type in argument 2 (different modifiers)
kernel/posix-cpu-timers.c:177:26: warning: implicit cast to nocast type
kernel/posix-cpu-timers.c:177:34: warning: incorrect type in argument 3 (different modifiers)
kernel/posix-cpu-timers.c:177:34: warning: implicit cast to nocast type
kernel/posix-cpu-timers.c:959:41: warning: implicit cast to nocast type
kernel/posix-cpu-timers.c:185:26: warning: incorrect type in argument 2 (different modifiers)
kernel/posix-cpu-timers.c:185:26: warning: implicit cast to nocast type
kernel/posix-cpu-timers.c:1047:39: warning: implicit cast to nocast type
kernel/posix-cpu-timers.c:1085:24: warning: implicit cast to nocast type
kernel/posix-cpu-timers.c:1100:24: warning: implicit cast to nocast type
kernel/posix-cpu-timers.c:1131:57: warning: incorrect type in argument 3 (different modifiers)
kernel/posix-cpu-timers.c:1131:57: warning: implicit cast to nocast type
kernel/posix-cpu-timers.c:1133:57: warning: incorrect type in argument 3 (different modifiers)
kernel/posix-cpu-timers.c:1133:57: warning: implicit cast to nocast type
kernel/posix-cpu-timers.c:1279:28: warning: incorrect type in argument 2 (different modifiers)
kernel/posix-cpu-timers.c:1279:28: warning: implicit cast to nocast type
kernel/posix-cpu-timers.c:1279:36: warning: incorrect type in argument 3 (different modifiers)
kernel/posix-cpu-timers.c:1279:36: warning: implicit cast to nocast type
kernel/hrtimer.c:63:1: warning: symbol 'hrtimer_bases' was not declared. Should it be static?
kernel/hrtimer.c:1644:1: warning: symbol 'SyS_nanosleep' was not declared. Should it be static?
kernel/hrtimer.c:151:27: warning: context imbalance in 'lock_hrtimer_base' - wrong count at exit
kernel/hrtimer.c:1011:25: warning: context imbalance in '__hrtimer_start_range_ns' - unexpected unlock
kernel/hrtimer.c:821:9: warning: context imbalance in 'hrtimer_try_to_cancel' - unexpected unlock
kernel/hrtimer.c:1115:9: warning: context imbalance in 'hrtimer_get_remaining' - unexpected unlock
kernel/hrtimer.c:1239:36: warning: context imbalance in '__run_hrtimer' - unexpected unlock
kernel/nsproxy.c:239:1: warning: symbol 'SyS_setns' was not declared. Should it be static?
kernel/ksysfs.c:143:5: warning: symbol 'rcu_expedited' was not declared. Should it be static?
kernel/groups.c:202:1: warning: symbol 'SyS_getgroups' was not declared. Should it be static?
kernel/groups.c:231:1: warning: symbol 'SyS_setgroups' was not declared. Should it be static?
kernel/smpboot.c:168:36: warning: incorrect type in initializer (different address spaces)
kernel/smpboot.c:168:35: warning: incorrect type in initializer (different address spaces)
kernel/smpboot.c:187:10: warning: incorrect type in initializer (different address spaces)
kernel/smpboot.c:187:38: warning: incorrect type in assignment (different address spaces)
kernel/smpboot.c:220:36: warning: incorrect type in initializer (different address spaces)
kernel/smpboot.c:220:35: warning: incorrect type in initializer (different address spaces)
kernel/smpboot.c:239:36: warning: incorrect type in initializer (different address spaces)
kernel/smpboot.c:239:35: warning: incorrect type in initializer (different address spaces)
kernel/smpboot.c:261:44: warning: incorrect type in initializer (different address spaces)
kernel/smpboot.c:261:43: warning: incorrect type in initializer (different address spaces)
kernel/smpboot.c:266:26: warning: incorrect type in initializer (different address spaces)
kernel/events/core.c:201:26: warning: function 'perf_pmu_name' with external linkage has definition
kernel/events/core.c:632:1: warning: symbol 'perf_cgroup_switch' was not declared. Should it be static?
kernel/events/core.c:660:22: warning: incorrect type in initializer (different address spaces)
kernel/events/core.c:667:22: warning: incorrect type in initializer (different address spaces)
kernel/events/core.c:681:43: warning: incorrect type in initializer (different address spaces)
kernel/events/core.c:214:16: warning: incorrect type in initializer (different address spaces)
kernel/events/core.c:214:16: warning: incorrect type in initializer (different address spaces)
kernel/events/core.c:214:16: warning: incorrect type in initializer (different address spaces)
kernel/events/core.c:214:16: warning: incorrect type in initializer (different address spaces)
kernel/events/core.c:214:16: warning: incorrect type in initializer (different address spaces)
kernel/events/core.c:214:16: warning: incorrect type in initializer (different address spaces)
kernel/events/core.c:214:16: warning: incorrect type in initializer (different address spaces)
kernel/events/core.c:214:16: warning: incorrect type in initializer (different address spaces)
kernel/events/core.c:2299:26: warning: incorrect type in initializer (different address spaces)
kernel/events/core.c:214:16: warning: incorrect type in initializer (different address spaces)
kernel/events/core.c:2847:26: warning: incorrect type in initializer (different address spaces)
kernel/events/core.c:3417:13: warning: symbol 'arch_perf_update_userpage' was not declared. Should it be static?
kernel/events/internal.h:129:1: warning: incorrect type in argument 2 (different address spaces)
kernel/events/core.c:4506:26: warning: incorrect type in initializer (different address spaces)
kernel/events/core.c:5946:26: warning: incorrect type in initializer (different address spaces)
kernel/events/core.c:5968:24: warning: incorrect type in argument 1 (different address spaces)
kernel/events/core.c:6036:32: warning: incorrect type in assignment (different address spaces)
kernel/events/core.c:6066:30: warning: incorrect type in assignment (different address spaces)
kernel/events/core.c:6073:26: warning: incorrect type in initializer (different address spaces)
kernel/events/core.c:6126:24: warning: incorrect type in argument 1 (different address spaces)
kernel/events/core.c:6143:24: warning: incorrect type in argument 1 (different address spaces)
kernel/events/core.c:6151:12: warning: symbol 'perf_init_event' was not declared. Should it be static?
kernel/events/core.c:6533:1: warning: symbol 'SyS_perf_event_open' was not declared. Should it be static?
kernel/events/core.c:6845:20: warning: incorrect type in initializer (different address spaces)
kernel/events/core.c:6846:20: warning: incorrect type in initializer (different address spaces)
kernel/events/core.c:7250:5: warning: symbol 'perf_event_init_context' was not declared. Should it be static?
kernel/events/core.c:7392:43: warning: incorrect type in initializer (different address spaces)
kernel/events/core.c:7420:24: warning: incorrect type in initializer (different address spaces)
kernel/events/core.c:221:9: warning: context imbalance in 'perf_ctx_lock' - wrong count at exit
kernel/events/core.c:229:17: warning: context imbalance in 'perf_ctx_unlock' - unexpected unlock
include/linux/rcupdate.h:803:9: warning: context imbalance in 'perf_lock_task_context' - different lock contexts for basic block
kernel/events/core.c:806:17: warning: context imbalance in 'perf_pin_task_context' - unexpected unlock
kernel/events/core.c:1645:25: warning: context imbalance in '__perf_install_in_context' - unexpected unlock
kernel/events/core.c:2863:17: warning: context imbalance in 'find_get_context' - unexpected unlock
kernel/events/core.c:4519:17: warning: dereference of noderef expression
kernel/events/core.c:5933:32: warning: dereference of noderef expression
kernel/events/core.c:5962:21: warning: dereference of noderef expression
kernel/events/core.c:5962:43: warning: dereference of noderef expression
kernel/events/core.c:5968:21: warning: dereference of noderef expression
kernel/events/core.c:6037:14: warning: dereference of noderef expression
kernel/events/core.c:6061:9: warning: dereference of noderef expression
kernel/events/core.c:6062:13: warning: dereference of noderef expression
kernel/events/core.c:6067:14: warning: dereference of noderef expression
kernel/events/core.c:6126:21: warning: dereference of noderef expression
kernel/events/core.c:6143:21: warning: dereference of noderef expression
kernel/events/ring_buffer.c:112:5: warning: context imbalance in 'perf_output_begin' - different lock contexts for basic block
kernel/events/ring_buffer.c:209:6: warning: context imbalance in 'perf_output_end' - unexpected unlock
kernel/events/callchain.c:137:39: warning: incorrect type in argument 1 (different modifiers)
kernel/events/callchain.c:153:31: warning: incorrect type in argument 1 (different modifiers)
kernel/events/hw_breakpoint.c:80:12: warning: symbol 'hw_breakpoint_weight' was not declared. Should it be static?
kernel/events/hw_breakpoint.c:249:13: warning: symbol 'arch_unregister_hw_breakpoint' was not declared. Should it be static?
kernel/irq/irqdesc.c:427:17: warning: context imbalance in '__irq_get_desc_lock' - wrong count at exit
kernel/irq/irqdesc.c:451:6: warning: context imbalance in '__irq_put_desc_unlock' - unexpected unlock
kernel/irq/spurious.c:47:17: warning: context imbalance in 'irq_wait_for_poll' - unexpected unlock
kernel/power/main.c:49:5: warning: symbol 'pm_async_enabled' was not declared. Should it be static?
kernel/power/snapshot.c:73:12: warning: symbol 'restore_pblist' was not declared. Should it be static?
kernel/power/snapshot.c:1066:14: warning: symbol 'alloc_normal' was not declared. Should it be static?
kernel/power/snapshot.c:1066:28: warning: symbol 'alloc_highmem' was not declared. Should it be static?
kernel/power/snapshot.c:1579:16: warning: symbol 'swsusp_save' was not declared. Should it be static?
kernel/sched/core.c:855:6: warning: symbol 'sched_set_stop_task' was not declared. Should it be static?
kernel/sched/core.c:3720:1: warning: symbol 'SyS_nice' was not declared. Should it be static?
kernel/sched/core.c:4061:1: warning: symbol 'SyS_sched_setscheduler' was not declared. Should it be static?
kernel/sched/core.c:4076:1: warning: symbol 'SyS_sched_setparam' was not declared. Should it be static?
kernel/sched/core.c:4085:1: warning: symbol 'SyS_sched_getscheduler' was not declared. Should it be static?
kernel/sched/core.c:4111:1: warning: symbol 'SyS_sched_getparam' was not declared. Should it be static?
kernel/sched/core.c:4235:1: warning: symbol 'SyS_sched_setaffinity' was not declared. Should it be static?
kernel/sched/core.c:4286:1: warning: symbol 'SyS_sched_getaffinity' was not declared. Should it be static?
kernel/sched/core.c:4550:1: warning: symbol 'SyS_sched_get_priority_max' was not declared. Should it be static?
kernel/sched/core.c:4575:1: warning: symbol 'SyS_sched_get_priority_min' was not declared. Should it be static?
kernel/sched/core.c:4600:1: warning: symbol 'SyS_sched_rr_get_interval' was not declared. Should it be static?
kernel/sched/core.c:5781:28: warning: incorrect type in initializer (different address spaces)
kernel/sched/core.c:5816:26: warning: incorrect type in initializer (different address spaces)
kernel/sched/core.c:5837:28: warning: incorrect type in initializer (different address spaces)
kernel/sched/core.c:5876:36: warning: incorrect type in initializer (different address spaces)
kernel/sched/core.c:5883:24: warning: incorrect type in initializer (different address spaces)
kernel/sched/core.c:5884:31: warning: incorrect type in initializer (different address spaces)
kernel/sched/core.c:5977:12: warning: symbol 'arch_sd_sibling_asym_packing' was not declared. Should it be static?
kernel/sched/core.c:6004:1: warning: incorrect type in initializer (different address spaces)
kernel/sched/core.c:6006:2: warning: incorrect type in initializer (different address spaces)
kernel/sched/core.c:6009:2: warning: incorrect type in initializer (different address spaces)
kernel/sched/core.c:6485:39: warning: incorrect type in initializer (different address spaces)
kernel/sched/core.c:6488:40: warning: incorrect type in initializer (different address spaces)
kernel/sched/core.c:6492:40: warning: incorrect type in initializer (different address spaces)
kernel/sched/core.c:6494:40: warning: incorrect type in initializer (different address spaces)
kernel/sched/core.c:6496:32: warning: incorrect type in argument 1 (different address spaces)
kernel/sched/core.c:6498:32: warning: incorrect type in argument 1 (different address spaces)
kernel/sched/core.c:6500:32: warning: incorrect type in argument 1 (different address spaces)
kernel/sched/core.c:6428:25: warning: incorrect type in assignment (different address spaces)
kernel/sched/core.c:6432:25: warning: incorrect type in assignment (different address spaces)
kernel/sched/core.c:6436:26: warning: incorrect type in assignment (different address spaces)
kernel/sched/core.c:6450:26: warning: incorrect type in initializer (different address spaces)
kernel/sched/core.c:6459:26: warning: incorrect type in initializer (different address spaces)
kernel/sched/core.c:6466:26: warning: incorrect type in initializer (different address spaces)
kernel/sched/core.c:6059:30: warning: incorrect type in argument 1 (different address spaces)
kernel/sched/core.c:6074:15: warning: incorrect type in assignment (different address spaces)
kernel/sched/core.c:6092:9: warning: incorrect type in initializer (different address spaces)
kernel/sched/core.c:6093:10: warning: incorrect type in initializer (different address spaces)
kernel/sched/core.c:6095:28: warning: incorrect type in initializer (different address spaces)
kernel/sched/core.c:6096:18: warning: incorrect type in initializer (different address spaces)
kernel/sched/core.c:6098:28: warning: incorrect type in initializer (different address spaces)
kernel/sched/core.c:6099:18: warning: incorrect type in initializer (different address spaces)
kernel/sched/core.c:6146:36: warning: incorrect type in initializer (different address spaces)
kernel/sched/core.c:6505:21: warning: symbol 'build_sched_domain' was not declared. Should it be static?
kernel/sched/core.c:6558:18: warning: incorrect type in initializer (different address spaces)
kernel/sched/core.c:6563:28: warning: incorrect type in initializer (different address spaces)
kernel/sched/core.c:6580:28: warning: incorrect type in initializer (different address spaces)
kernel/sched/core.c:6589:23: warning: incorrect type in initializer (different address spaces)
kernel/sched/core.c:6890:26: warning: symbol 'sysctl_timer_migration' was not declared. Should it be static?
kernel/sched/core.c:4320:1: warning: context imbalance in 'sys_sched_yield' - unexpected unlock
kernel/sched/core.c:6059:29: warning: dereference of noderef expression
kernel/sched/core.c:6075:14: warning: dereference of noderef expression
kernel/sched/core.c:6429:22: warning: dereference of noderef expression
kernel/sched/core.c:6433:22: warning: dereference of noderef expression
kernel/sched/core.c:6437:22: warning: dereference of noderef expression
kernel/sched/core.c:6484:29: warning: dereference of noderef expression
kernel/sched/core.c:6491:29: warning: dereference of noderef expression
kernel/sched/core.c:6493:29: warning: dereference of noderef expression
kernel/sched/core.c:6496:29: warning: dereference of noderef expression
kernel/sched/core.c:6497:17: warning: dereference of noderef expression
kernel/sched/core.c:6498:29: warning: dereference of noderef expression
kernel/sched/core.c:6499:17: warning: dereference of noderef expression
kernel/sched/core.c:6500:29: warning: dereference of noderef expression
kernel/sched/core.c:6501:17: warning: dereference of noderef expression
kernel/sched/clock.c:82:19: warning: symbol 'sched_clock_running' was not declared. Should it be static?
kernel/sched/cputime.c:297:34: warning: incorrect type in argument 2 (different modifiers)
kernel/sched/cputime.c:297:34: warning: implicit cast to nocast type
kernel/sched/cputime.c:297:42: warning: incorrect type in argument 3 (different modifiers)
kernel/sched/cputime.c:297:42: warning: implicit cast to nocast type
kernel/sched/cputime.c:598:25: warning: implicit cast to nocast type
kernel/sched/cputime.c:620:26: warning: incorrect type in argument 2 (different modifiers)
kernel/sched/cputime.c:620:26: warning: implicit cast to nocast type
kernel/sched/cputime.c:620:42: warning: incorrect type in argument 3 (different modifiers)
kernel/sched/cputime.c:620:42: warning: implicit cast to nocast type
kernel/sched/fair.c:50:14: warning: symbol 'normalized_sysctl_sched_latency' was not declared. Should it be static?
kernel/sched/fair.c:69:14: warning: symbol 'normalized_sysctl_sched_min_granularity' was not declared. Should it be static?
kernel/sched/fair.c:91:14: warning: symbol 'normalized_sysctl_sched_wakeup_granularity' was not declared. Should it be static?
kernel/sched/fair.c:100:28: warning: symbol 'sysctl_sched_shares_window' was not declared. Should it be static?
kernel/sched/fair.c:2712:35: error: marked inline, but without a definition
/cmpt816/linux/arch/x86/include/asm/spinlock.h:81:9: warning: context imbalance in 'find_lock_lowest_rq' - unexpected unlock
kernel/sched/rt.c:1690:9: warning: context imbalance in 'push_rt_task' - unexpected unlock
/cmpt816/linux/arch/x86/include/asm/spinlock.h:81:9: warning: context imbalance in 'pull_rt_task' - unexpected unlock
kernel/time/jiffies.c:101:20: warning: symbol 'refined_jiffies' was not declared. Should it be static?
kernel/time/tick-sched.c:373:5: warning: symbol 'tick_nohz_enabled' was not declared. Should it be static?
kernel/trace/ring_buffer.c:3857:9: warning: context imbalance in 'ring_buffer_peek' - different lock contexts for basic block
kernel/trace/ring_buffer.c:3933:9: warning: context imbalance in 'ring_buffer_consume' - different lock contexts for basic block
kernel/trace/ring_buffer.c:4228:17: warning: context imbalance in 'ring_buffer_empty' - different lock contexts for basic block
kernel/trace/ring_buffer.c:4262:9: warning: context imbalance in 'ring_buffer_empty_cpu' - different lock contexts for basic block
kernel/trace/trace.c:1397:14: warning: expression using sizeof bool
kernel/trace/trace.c:1397:14: warning: expression using sizeof bool
kernel/trace/trace.c:1397:14: warning: expression using sizeof bool
kernel/trace/trace.c:1397:14: warning: expression using sizeof bool
kernel/trace/trace.c:1397:14: warning: expression using sizeof bool
kernel/trace/trace.c:1400:9: warning: expression using sizeof bool
kernel/trace/trace.c:1400:9: warning: expression using sizeof bool
kernel/trace/trace.c:1400:9: warning: expression using sizeof bool
kernel/trace/trace.c:1400:9: warning: expression using sizeof bool
kernel/trace/trace.c:1400:9: warning: expression using sizeof bool
kernel/trace/trace.c:1447:9: warning: expression using sizeof bool
kernel/trace/trace.c:1447:9: warning: expression using sizeof bool
kernel/trace/trace.c:1447:9: warning: expression using sizeof bool
kernel/trace/trace.c:1447:9: warning: expression using sizeof bool
kernel/trace/trace.c:1447:9: warning: expression using sizeof bool
kernel/trace/trace.c:1792:16: warning: incorrect type in initializer (different address spaces)
kernel/trace/trace.c:1802:17: warning: incorrect type in assignment (different address spaces)
kernel/trace/trace.c:1806:22: warning: incorrect type in assignment (different address spaces)
kernel/trace/trace.c:1810:21: warning: incorrect type in assignment (different address spaces)
kernel/trace/trace.c:1814:21: warning: incorrect type in assignment (different address spaces)
kernel/trace/trace.c:1826:21: warning: incorrect type in argument 1 (different address spaces)
kernel/trace/trace.c:1828:21: warning: incorrect type in argument 1 (different address spaces)
kernel/trace/trace.c:1830:21: warning: incorrect type in argument 1 (different address spaces)
kernel/trace/trace.c:5668:15: warning: symbol 'trace_instance_dir' was not declared. Should it be static?
kernel/trace/trace.c:1162:15: warning: memset with byte count of 131076
kernel/trace/trace_entries.h:58:1: warning: symbol 'event_class_ftrace_function' was not declared. Should it be static?
kernel/trace/trace_entries.h:58:1: warning: symbol '__event_function' was not declared. Should it be static?
kernel/trace/trace_entries.h:75:1: warning: symbol 'event_class_ftrace_funcgraph_entry' was not declared. Should it be static?
kernel/trace/trace_entries.h:75:1: warning: symbol '__event_funcgraph_entry' was not declared. Should it be static?
kernel/trace/trace_entries.h:91:1: warning: symbol 'event_class_ftrace_funcgraph_exit' was not declared. Should it be static?
kernel/trace/trace_entries.h:91:1: warning: symbol '__event_funcgraph_exit' was not declared. Should it be static?
kernel/trace/trace_entries.h:127:1: warning: symbol 'event_class_ftrace_context_switch' was not declared. Should it be static?
kernel/trace/trace_entries.h:127:1: warning: symbol '__event_context_switch' was not declared. Should it be static?
kernel/trace/trace_entries.h:147:1: warning: symbol 'event_class_ftrace_wakeup' was not declared. Should it be static?
kernel/trace/trace_entries.h:147:1: warning: symbol '__event_wakeup' was not declared. Should it be static?
kernel/trace/trace_entries.h:175:1: warning: symbol 'event_class_ftrace_kernel_stack' was not declared. Should it be static?
kernel/trace/trace_entries.h:175:1: warning: symbol '__event_kernel_stack' was not declared. Should it be static?
kernel/trace/trace_entries.h:194:1: warning: symbol 'event_class_ftrace_user_stack' was not declared. Should it be static?
kernel/trace/trace_entries.h:194:1: warning: symbol '__event_user_stack' was not declared. Should it be static?
kernel/trace/trace_entries.h:216:1: warning: symbol 'event_class_ftrace_bprint' was not declared. Should it be static?
kernel/trace/trace_entries.h:216:1: warning: symbol '__event_bprint' was not declared. Should it be static?
kernel/trace/trace_entries.h:232:1: warning: symbol 'event_class_ftrace_print' was not declared. Should it be static?
kernel/trace/trace_entries.h:232:1: warning: symbol '__event_print' was not declared. Should it be static?
kernel/trace/trace_entries.h:247:1: warning: symbol 'event_class_ftrace_bputs' was not declared. Should it be static?
kernel/trace/trace_entries.h:247:1: warning: symbol '__event_bputs' was not declared. Should it be static?
kernel/trace/trace_entries.h:262:1: warning: symbol 'event_class_ftrace_mmiotrace_rw' was not declared. Should it be static?
kernel/trace/trace_entries.h:262:1: warning: symbol '__event_mmiotrace_rw' was not declared. Should it be static?
kernel/trace/trace_entries.h:283:1: warning: symbol 'event_class_ftrace_mmiotrace_map' was not declared. Should it be static?
kernel/trace/trace_entries.h:283:1: warning: symbol '__event_mmiotrace_map' was not declared. Should it be static?
kernel/trace/trace_entries.h:307:1: warning: symbol 'event_class_ftrace_branch' was not declared. Should it be static?
kernel/trace/trace_entries.h:307:1: warning: symbol '__event_branch' was not declared. Should it be static?
kernel/trace/trace_probe.c:27:12: warning: symbol 'reserved_field_names' was not declared. Should it be static?
kernel/trace/trace_probe.c:183:59: warning: incorrect type in argument 2 (different address spaces)
kernel/trace/trace_probe.c:212:64: warning: incorrect type in argument 2 (different address spaces)
kernel/futex.c:2442:1: warning: symbol 'SyS_set_robust_list' was not declared. Should it be static?
kernel/futex.c:2464:1: warning: symbol 'SyS_get_robust_list' was not declared. Should it be static?
kernel/futex.c:2698:1: warning: symbol 'SyS_futex' was not declared. Should it be static?
kernel/futex.c:1054:33: warning: context imbalance in 'futex_wake_op' - different lock contexts for basic block
kernel/futex.c:1325:41: warning: context imbalance in 'futex_requeue' - different lock contexts for basic block
/cmpt816/linux/arch/x86/include/asm/current.h:14:16: warning: context imbalance in 'futex_wait_queue_me' - unexpected unlock
kernel/futex.c:1886:9: warning: context imbalance in 'futex_wait_setup' - different lock contexts for basic block
kernel/futex_compat.c:120:1: warning: symbol 'compat_SyS_set_robust_list' was not declared. Should it be static?
kernel/futex_compat.c:135:1: warning: symbol 'compat_SyS_get_robust_list' was not declared. Should it be static?
kernel/futex_compat.c:174:1: warning: symbol 'compat_SyS_futex' was not declared. Should it be static?
/cmpt816/linux/arch/x86/include/asm/spinlock.h:62:9: warning: context imbalance in '_raw_spin_lock' - wrong count at exit
/cmpt816/linux/arch/x86/include/asm/spinlock.h:62:9: warning: context imbalance in '_raw_spin_lock_irqsave' - wrong count at exit
/cmpt816/linux/arch/x86/include/asm/spinlock.h:62:9: warning: context imbalance in '_raw_spin_lock_irq' - wrong count at exit
/cmpt816/linux/arch/x86/include/asm/spinlock.h:62:9: warning: context imbalance in '_raw_spin_lock_bh' - wrong count at exit
kernel/spinlock.c:175:17: warning: context imbalance in '_raw_spin_unlock_irqrestore' - unexpected unlock
kernel/spinlock.c:191:17: warning: context imbalance in '_raw_spin_unlock_bh' - unexpected unlock
kernel/spinlock.c:207:17: warning: context imbalance in '_raw_read_lock' - wrong count at exit
kernel/spinlock.c:215:26: warning: context imbalance in '_raw_read_lock_irqsave' - wrong count at exit
kernel/spinlock.c:223:17: warning: context imbalance in '_raw_read_lock_irq' - wrong count at exit
kernel/spinlock.c:231:17: warning: context imbalance in '_raw_read_lock_bh' - wrong count at exit
kernel/spinlock.c:247:17: warning: context imbalance in '_raw_read_unlock_irqrestore' - unexpected unlock
kernel/spinlock.c:263:17: warning: context imbalance in '_raw_read_unlock_bh' - unexpected unlock
kernel/spinlock.c:279:17: warning: context imbalance in '_raw_write_lock' - wrong count at exit
kernel/spinlock.c:287:26: warning: context imbalance in '_raw_write_lock_irqsave' - wrong count at exit
kernel/spinlock.c:295:17: warning: context imbalance in '_raw_write_lock_irq' - wrong count at exit
kernel/spinlock.c:303:17: warning: context imbalance in '_raw_write_lock_bh' - wrong count at exit
kernel/spinlock.c:319:17: warning: context imbalance in '_raw_write_unlock_irqrestore' - unexpected unlock
kernel/spinlock.c:335:17: warning: context imbalance in '_raw_write_unlock_bh' - unexpected unlock
kernel/uid16.c:19:1: warning: symbol 'SyS_chown16' was not declared. Should it be static?
kernel/uid16.c:24:1: warning: symbol 'SyS_lchown16' was not declared. Should it be static?
kernel/uid16.c:29:1: warning: symbol 'SyS_fchown16' was not declared. Should it be static?
kernel/uid16.c:34:1: warning: symbol 'SyS_setregid16' was not declared. Should it be static?
kernel/uid16.c:39:1: warning: symbol 'SyS_setgid16' was not declared. Should it be static?
kernel/uid16.c:44:1: warning: symbol 'SyS_setreuid16' was not declared. Should it be static?
kernel/uid16.c:49:1: warning: symbol 'SyS_setuid16' was not declared. Should it be static?
kernel/uid16.c:54:1: warning: symbol 'SyS_setresuid16' was not declared. Should it be static?
kernel/uid16.c:60:1: warning: symbol 'SyS_getresuid16' was not declared. Should it be static?
kernel/uid16.c:77:1: warning: symbol 'SyS_setresgid16' was not declared. Should it be static?
kernel/uid16.c:84:1: warning: symbol 'SyS_getresgid16' was not declared. Should it be static?
kernel/uid16.c:101:1: warning: symbol 'SyS_setfsuid16' was not declared. Should it be static?
kernel/uid16.c:106:1: warning: symbol 'SyS_setfsgid16' was not declared. Should it be static?
kernel/uid16.c:151:1: warning: symbol 'SyS_getgroups16' was not declared. Should it be static?
kernel/uid16.c:174:1: warning: symbol 'SyS_setgroups16' was not declared. Should it be static?
include/trace/events/module.h:104:1: warning: expression using sizeof bool
kernel/module.c:211:6: error: symbol '__module_put_and_exit' redeclared with different type (originally declared at include/linux/module.h:449) - different modifiers
kernel/acct.c:559:34: warning: incorrect type in argument 2 (different address spaces)
kernel/acct.c:255:1: warning: symbol 'SyS_acct' was not declared. Should it be static?
kernel/acct.c:604:32: warning: incorrect type in argument 2 (different modifiers)
kernel/acct.c:604:32: warning: implicit cast to nocast type
kernel/acct.c:604:40: warning: incorrect type in argument 3 (different modifiers)
kernel/acct.c:604:40: warning: implicit cast to nocast type
kernel/kexec.c:935:1: warning: symbol 'SyS_kexec_load' was not declared. Should it be static?
kernel/compat.c:293:1: warning: symbol 'compat_SyS_getitimer' was not declared. Should it be static?
kernel/compat.c:305:1: warning: symbol 'compat_SyS_setitimer' was not declared. Should it be static?
kernel/compat.c:357:17: warning: symbol 'compat_sys_sigpending' was not declared. Should it be static?
kernel/compat.c:384:1: warning: symbol 'compat_SyS_sigprocmask' was not declared. Should it be static?
kernel/compat.c:454:44: warning: incorrect type in argument 2 (different address spaces)
kernel/compat.c:446:17: warning: symbol 'compat_sys_old_getrlimit' was not declared. Should it be static?
kernel/compat.c:519:1: warning: symbol 'compat_SyS_wait4' was not declared. Should it be static?
kernel/compat.c:550:1: warning: symbol 'compat_SyS_waitid' was not declared. Should it be static?
kernel/compat.c:802:58: warning: incorrect type in initializer (different address spaces)
kernel/compat.c:811:38: warning: incorrect type in argument 2 (different address spaces)
kernel/compat.c:816:48: warning: incorrect type in assignment (different address spaces)
kernel/compat.c:977:1: warning: symbol 'compat_SyS_rt_sigtimedwait' was not declared. Should it be static?
kernel/compat.c:1122:1: warning: symbol 'compat_SyS_sched_rr_get_interval' was not declared. Should it be static?
kernel/cgroup.c:2752:13: warning: context imbalance in 'cgroup_cfts_prepare' - wrong count at exit
kernel/cgroup.c:2801:9: warning: context imbalance in 'cgroup_cfts_commit' - wrong count at exit
kernel/cgroup_freezer.c:115:12: warning: context imbalance in 'freezer_css_online' - different lock contexts for basic block
kernel/stop_machine.c:332:36: warning: incorrect type in initializer (different address spaces)
kernel/auditfilter.c:426:63: warning: constant 4294967295 is so big it is long
kernel/audit_tree.c:216:13: warning: context imbalance in 'untag_chunk' - unexpected unlock
kernel/seccomp.c:296:6: warning: symbol 'seccomp_attach_user_filter' was not declared. Should it be static?
kernel/rcutree.c:208:1: warning: symbol 'rcu_dynticks' was not declared. Should it be static?
kernel/rcutree.c:1468:5: warning: symbol 'rcu_gp_fqs' was not declared. Should it be static?
kernel/rcutree.c:3123:21: warning: incorrect type in argument 1 (different modifiers)
kernel/rcutree.c:1181:9: warning: context imbalance in 'rcu_start_future_gp' - different lock contexts for basic block
kernel/rcutree.c:2010:17: warning: context imbalance in 'rcu_cleanup_dead_cpu' - unexpected unlock
kernel/rcutree.c:2188:9: warning: context imbalance in 'force_qs_rnp' - different lock contexts for basic block
kernel/rcutree.c:2239:25: warning: context imbalance in 'force_quiescent_state' - unexpected unlock
kernel/rcutree_plugin.h:988:13: warning: context imbalance in 'rcu_report_unblock_qs_rnp' - unexpected unlock
kernel/rcutree_plugin.h:1497:13: warning: context imbalance in 'rcu_initiate_boost' - unexpected unlock
kernel/delayacct.c:118:28: warning: incorrect type in argument 2 (different modifiers)
kernel/delayacct.c:118:28: warning: implicit cast to nocast type
kernel/delayacct.c:118:36: warning: incorrect type in argument 3 (different modifiers)
kernel/delayacct.c:118:36: warning: implicit cast to nocast type
kernel/delayacct.c:124:35: warning: incorrect type in argument 2 (different modifiers)
kernel/delayacct.c:124:35: warning: implicit cast to nocast type
kernel/delayacct.c:124:49: warning: incorrect type in argument 3 (different modifiers)
kernel/delayacct.c:124:49: warning: implicit cast to nocast type
kernel/tsacct.c:70:28: warning: incorrect type in argument 2 (different modifiers)
kernel/tsacct.c:70:28: warning: implicit cast to nocast type
kernel/tsacct.c:70:36: warning: incorrect type in argument 3 (different modifiers)
kernel/tsacct.c:70:36: warning: implicit cast to nocast type
kernel/tsacct.c:74:35: warning: incorrect type in argument 2 (different modifiers)
kernel/tsacct.c:74:35: warning: implicit cast to nocast type
kernel/tsacct.c:74:49: warning: incorrect type in argument 3 (different modifiers)
kernel/tsacct.c:74:49: warning: implicit cast to nocast type
kernel/tsacct.c:158:28: warning: incorrect type in argument 2 (different modifiers)
kernel/tsacct.c:158:28: warning: implicit cast to nocast type
kernel/tsacct.c:158:36: warning: incorrect type in argument 3 (different modifiers)
kernel/tsacct.c:158:36: warning: implicit cast to nocast type
kernel/tsacct.c:177:29: warning: implicit cast to nocast type
kernel/tracepoint.c:326:6: warning: symbol 'module_update_tracepoints' was not declared. Should it be static?
kernel/tracepoint.c:702:5: warning: symbol 'tracepoint_module_notify' was not declared. Should it be static?
kernel/tracepoint.c:721:23: warning: symbol 'tracepoint_module_nb' was not declared. Should it be static?
kernel/tracepoint.c:738:6: warning: symbol 'syscall_regfunc' was not declared. Should it be static?
kernel/tracepoint.c:755:6: warning: symbol 'syscall_unregfunc' was not declared. Should it be static?
kernel/elfcore.c:8:17: warning: symbol 'elf_core_extra_phdrs' was not declared. Should it be static?
kernel/elfcore.c:13:12: warning: symbol 'elf_core_write_extra_phdrs' was not declared. Should it be static?
kernel/elfcore.c:19:12: warning: symbol 'elf_core_write_extra_data' was not declared. Should it be static?
kernel/elfcore.c:25:15: warning: symbol 'elf_core_extra_data_size' was not declared. Should it be static?
kernel/irq_work.c:51:13: warning: symbol 'arch_irq_work_raise' was not declared. Should it be static?
mm/filemap.c:1756:35: warning: symbol 'generic_file_vm_ops' was not declared. Should it be static?
mm/oom_kill.c:98:20: warning: context imbalance in 'find_lock_task_mm' - wrong count at exit
mm/oom_kill.c:156:28: warning: context imbalance in 'oom_badness' - unexpected unlock
mm/oom_kill.c:353:9: warning: context imbalance in 'dump_tasks' - different lock contexts for basic block
include/linux/rcupdate.h:803:9: warning: context imbalance in 'oom_kill_process' - unexpected unlock
mm/fadvise.c:28:1: warning: symbol 'SyS_fadvise64_64' was not declared. Should it be static?
mm/fadvise.c:151:1: warning: symbol 'SyS_fadvise64' was not declared. Should it be static?
mm/page_alloc.c:113:5: warning: symbol 'percpu_pagelist_fraction' was not declared. Should it be static?
mm/page_alloc.c:4188:15: warning: symbol '__early_pfn_to_nid' was not declared. Should it be static?
mm/page_alloc.c:5825:6: warning: symbol 'is_pageblock_removable_nolock' was not declared. Should it be static?
mm/readahead.c:579:1: warning: symbol 'SyS_readahead' was not declared. Should it be static?
mm/swap.c:307:55: warning: context imbalance in 'pagevec_lru_move_fn' - unexpected unlock
mm/swap.c:684:55: warning: context imbalance in 'release_pages' - unexpected unlock
include/trace/events/vmscan.h:99:1: warning: cast from restricted gfp_t
include/trace/events/vmscan.h:99:1: warning: cast from restricted gfp_t
include/trace/events/vmscan.h:99:1: warning: cast from restricted gfp_t
include/trace/events/vmscan.h:99:1: warning: cast from restricted gfp_t
include/trace/events/vmscan.h:99:1: warning: cast from restricted gfp_t
include/trace/events/vmscan.h:99:1: warning: cast from restricted gfp_t
include/trace/events/vmscan.h:99:1: warning: cast from restricted gfp_t
include/trace/events/vmscan.h:99:1: warning: cast from restricted gfp_t
include/trace/events/vmscan.h:99:1: warning: cast from restricted gfp_t
include/trace/events/vmscan.h:99:1: warning: cast from restricted gfp_t
include/trace/events/vmscan.h:99:1: warning: cast from restricted gfp_t
include/trace/events/vmscan.h:99:1: warning: cast from restricted gfp_t
include/trace/events/vmscan.h:99:1: warning: cast from restricted gfp_t
include/trace/events/vmscan.h:99:1: warning: cast from restricted gfp_t
include/trace/events/vmscan.h:99:1: warning: cast from restricted gfp_t
include/trace/events/vmscan.h:99:1: warning: cast from restricted gfp_t
include/trace/events/vmscan.h:99:1: warning: cast from restricted gfp_t
include/trace/events/vmscan.h:99:1: warning: cast from restricted gfp_t
include/trace/events/vmscan.h:99:1: warning: cast from restricted gfp_t
include/trace/events/vmscan.h:99:1: warning: cast from restricted gfp_t
include/trace/events/vmscan.h:99:1: warning: cast from restricted gfp_t
include/trace/events/vmscan.h:99:1: warning: cast from restricted gfp_t
include/trace/events/vmscan.h:99:1: warning: cast from restricted gfp_t
include/trace/events/vmscan.h:99:1: warning: cast from restricted gfp_t
include/trace/events/vmscan.h:99:1: warning: cast from restricted gfp_t
include/trace/events/vmscan.h:99:1: warning: cast from restricted gfp_t
include/trace/events/vmscan.h:99:1: warning: cast from restricted gfp_t
include/trace/events/vmscan.h:99:1: warning: cast from restricted gfp_t
include/trace/events/vmscan.h:99:1: warning: cast from restricted gfp_t
include/trace/events/vmscan.h:99:1: warning: incorrect type in argument 3 (different base types)
include/trace/events/vmscan.h:182:1: warning: cast from restricted gfp_t
include/trace/events/vmscan.h:182:1: warning: cast from restricted gfp_t
include/trace/events/vmscan.h:182:1: warning: cast from restricted gfp_t
include/trace/events/vmscan.h:182:1: warning: cast from restricted gfp_t
include/trace/events/vmscan.h:182:1: warning: cast from restricted gfp_t
include/trace/events/vmscan.h:182:1: warning: cast from restricted gfp_t
include/trace/events/vmscan.h:182:1: warning: cast from restricted gfp_t
include/trace/events/vmscan.h:182:1: warning: cast from restricted gfp_t
include/trace/events/vmscan.h:182:1: warning: cast from restricted gfp_t
include/trace/events/vmscan.h:182:1: warning: cast from restricted gfp_t
include/trace/events/vmscan.h:182:1: warning: cast from restricted gfp_t
include/trace/events/vmscan.h:182:1: warning: cast from restricted gfp_t
include/trace/events/vmscan.h:182:1: warning: cast from restricted gfp_t
include/trace/events/vmscan.h:182:1: warning: cast from restricted gfp_t
include/trace/events/vmscan.h:182:1: warning: cast from restricted gfp_t
include/trace/events/vmscan.h:182:1: warning: cast from restricted gfp_t
include/trace/events/vmscan.h:182:1: warning: cast from restricted gfp_t
include/trace/events/vmscan.h:182:1: warning: cast from restricted gfp_t
include/trace/events/vmscan.h:182:1: warning: cast from restricted gfp_t
include/trace/events/vmscan.h:182:1: warning: cast from restricted gfp_t
include/trace/events/vmscan.h:182:1: warning: cast from restricted gfp_t
include/trace/events/vmscan.h:182:1: warning: cast from restricted gfp_t
include/trace/events/vmscan.h:182:1: warning: cast from restricted gfp_t
include/trace/events/vmscan.h:182:1: warning: cast from restricted gfp_t
include/trace/events/vmscan.h:182:1: warning: cast from restricted gfp_t
include/trace/events/vmscan.h:182:1: warning: cast from restricted gfp_t
include/trace/events/vmscan.h:182:1: warning: cast from restricted gfp_t
include/trace/events/vmscan.h:182:1: warning: cast from restricted gfp_t
include/trace/events/vmscan.h:182:1: warning: cast from restricted gfp_t
include/trace/events/vmscan.h:182:1: warning: incorrect type in argument 3 (different base types)
include/trace/events/vmscan.h:99:1: warning: cast to restricted gfp_t
include/trace/events/vmscan.h:99:1: warning: cast to restricted gfp_t
include/trace/events/vmscan.h:99:1: warning: restricted gfp_t degrades to integer
include/trace/events/vmscan.h:99:1: warning: restricted gfp_t degrades to integer
include/trace/events/vmscan.h:182:1: warning: cast to restricted gfp_t
include/trace/events/vmscan.h:182:1: warning: cast to restricted gfp_t
include/trace/events/vmscan.h:182:1: warning: restricted gfp_t degrades to integer
include/trace/events/vmscan.h:182:1: warning: restricted gfp_t degrades to integer
include/trace/events/vmscan.h:260:1: warning: cast to restricted isolate_mode_t
include/trace/events/vmscan.h:260:1: warning: cast to restricted isolate_mode_t
include/trace/events/vmscan.h:260:1: warning: restricted isolate_mode_t degrades to integer
include/trace/events/vmscan.h:260:1: warning: restricted isolate_mode_t degrades to integer
mm/vmscan.c:3483:48: warning: context imbalance in 'check_move_unevictable_pages' - unexpected unlock
include/trace/events/kmem.h:11:1: warning: cast from restricted gfp_t
include/trace/events/kmem.h:11:1: warning: cast from restricted gfp_t
include/trace/events/kmem.h:11:1: warning: cast from restricted gfp_t
include/trace/events/kmem.h:11:1: warning: cast from restricted gfp_t
include/trace/events/kmem.h:11:1: warning: cast from restricted gfp_t
include/trace/events/kmem.h:11:1: warning: cast from restricted gfp_t
include/trace/events/kmem.h:11:1: warning: cast from restricted gfp_t
include/trace/events/kmem.h:11:1: warning: cast from restricted gfp_t
include/trace/events/kmem.h:11:1: warning: cast from restricted gfp_t
include/trace/events/kmem.h:11:1: warning: cast from restricted gfp_t
include/trace/events/kmem.h:11:1: warning: cast from restricted gfp_t
include/trace/events/kmem.h:11:1: warning: cast from restricted gfp_t
include/trace/events/kmem.h:11:1: warning: cast from restricted gfp_t
include/trace/events/kmem.h:11:1: warning: cast from restricted gfp_t
include/trace/events/kmem.h:11:1: warning: cast from restricted gfp_t
include/trace/events/kmem.h:11:1: warning: cast from restricted gfp_t
include/trace/events/kmem.h:11:1: warning: cast from restricted gfp_t
include/trace/events/kmem.h:11:1: warning: cast from restricted gfp_t
include/trace/events/kmem.h:11:1: warning: cast from restricted gfp_t
include/trace/events/kmem.h:11:1: warning: cast from restricted gfp_t
include/trace/events/kmem.h:11:1: warning: cast from restricted gfp_t
include/trace/events/kmem.h:11:1: warning: cast from restricted gfp_t
include/trace/events/kmem.h:11:1: warning: cast from restricted gfp_t
include/trace/events/kmem.h:11:1: warning: cast from restricted gfp_t
include/trace/events/kmem.h:11:1: warning: cast from restricted gfp_t
include/trace/events/kmem.h:11:1: warning: cast from restricted gfp_t
include/trace/events/kmem.h:11:1: warning: cast from restricted gfp_t
include/trace/events/kmem.h:11:1: warning: cast from restricted gfp_t
include/trace/events/kmem.h:11:1: warning: cast from restricted gfp_t
include/trace/events/kmem.h:11:1: warning: incorrect type in argument 3 (different base types)
include/trace/events/kmem.h:61:1: warning: cast from restricted gfp_t
include/trace/events/kmem.h:61:1: warning: cast from restricted gfp_t
include/trace/events/kmem.h:61:1: warning: cast from restricted gfp_t
include/trace/events/kmem.h:61:1: warning: cast from restricted gfp_t
include/trace/events/kmem.h:61:1: warning: cast from restricted gfp_t
include/trace/events/kmem.h:61:1: warning: cast from restricted gfp_t
include/trace/events/kmem.h:61:1: warning: cast from restricted gfp_t
include/trace/events/kmem.h:61:1: warning: cast from restricted gfp_t
include/trace/events/kmem.h:61:1: warning: cast from restricted gfp_t
include/trace/events/kmem.h:61:1: warning: cast from restricted gfp_t
include/trace/events/kmem.h:61:1: warning: cast from restricted gfp_t
include/trace/events/kmem.h:61:1: warning: cast from restricted gfp_t
include/trace/events/kmem.h:61:1: warning: cast from restricted gfp_t
include/trace/events/kmem.h:61:1: warning: cast from restricted gfp_t
include/trace/events/kmem.h:61:1: warning: cast from restricted gfp_t
include/trace/events/kmem.h:61:1: warning: cast from restricted gfp_t
include/trace/events/kmem.h:61:1: warning: cast from restricted gfp_t
include/trace/events/kmem.h:61:1: warning: cast from restricted gfp_t
include/trace/events/kmem.h:61:1: warning: cast from restricted gfp_t
include/trace/events/kmem.h:61:1: warning: cast from restricted gfp_t
include/trace/events/kmem.h:61:1: warning: cast from restricted gfp_t
include/trace/events/kmem.h:61:1: warning: cast from restricted gfp_t
include/trace/events/kmem.h:61:1: warning: cast from restricted gfp_t
include/trace/events/kmem.h:61:1: warning: cast from restricted gfp_t
include/trace/events/kmem.h:61:1: warning: cast from restricted gfp_t
include/trace/events/kmem.h:61:1: warning: cast from restricted gfp_t
include/trace/events/kmem.h:61:1: warning: cast from restricted gfp_t
include/trace/events/kmem.h:61:1: warning: cast from restricted gfp_t
include/trace/events/kmem.h:61:1: warning: cast from restricted gfp_t
include/trace/events/kmem.h:61:1: warning: incorrect type in argument 3 (different base types)
include/trace/events/kmem.h:194:1: warning: cast from restricted gfp_t
include/trace/events/kmem.h:194:1: warning: cast from restricted gfp_t
include/trace/events/kmem.h:194:1: warning: cast from restricted gfp_t
include/trace/events/kmem.h:194:1: warning: cast from restricted gfp_t
include/trace/events/kmem.h:194:1: warning: cast from restricted gfp_t
include/trace/events/kmem.h:194:1: warning: cast from restricted gfp_t
include/trace/events/kmem.h:194:1: warning: cast from restricted gfp_t
include/trace/events/kmem.h:194:1: warning: cast from restricted gfp_t
include/trace/events/kmem.h:194:1: warning: cast from restricted gfp_t
include/trace/events/kmem.h:194:1: warning: cast from restricted gfp_t
include/trace/events/kmem.h:194:1: warning: cast from restricted gfp_t
include/trace/events/kmem.h:194:1: warning: cast from restricted gfp_t
include/trace/events/kmem.h:194:1: warning: cast from restricted gfp_t
include/trace/events/kmem.h:194:1: warning: cast from restricted gfp_t
include/trace/events/kmem.h:194:1: warning: cast from restricted gfp_t
include/trace/events/kmem.h:194:1: warning: cast from restricted gfp_t
include/trace/events/kmem.h:194:1: warning: cast from restricted gfp_t
include/trace/events/kmem.h:194:1: warning: cast from restricted gfp_t
include/trace/events/kmem.h:194:1: warning: cast from restricted gfp_t
include/trace/events/kmem.h:194:1: warning: cast from restricted gfp_t
include/trace/events/kmem.h:194:1: warning: cast from restricted gfp_t
include/trace/events/kmem.h:194:1: warning: cast from restricted gfp_t
include/trace/events/kmem.h:194:1: warning: cast from restricted gfp_t
include/trace/events/kmem.h:194:1: warning: cast from restricted gfp_t
include/trace/events/kmem.h:194:1: warning: cast from restricted gfp_t
include/trace/events/kmem.h:194:1: warning: cast from restricted gfp_t
include/trace/events/kmem.h:194:1: warning: cast from restricted gfp_t
include/trace/events/kmem.h:194:1: warning: cast from restricted gfp_t
include/trace/events/kmem.h:194:1: warning: cast from restricted gfp_t
include/trace/events/kmem.h:194:1: warning: incorrect type in argument 3 (different base types)
include/trace/events/kmem.h:11:1: warning: cast to restricted gfp_t
include/trace/events/kmem.h:11:1: warning: cast to restricted gfp_t
include/trace/events/kmem.h:11:1: warning: restricted gfp_t degrades to integer
include/trace/events/kmem.h:11:1: warning: restricted gfp_t degrades to integer
include/trace/events/kmem.h:61:1: warning: cast to restricted gfp_t
include/trace/events/kmem.h:61:1: warning: cast to restricted gfp_t
include/trace/events/kmem.h:61:1: warning: restricted gfp_t degrades to integer
include/trace/events/kmem.h:61:1: warning: restricted gfp_t degrades to integer
include/trace/events/kmem.h:194:1: warning: cast to restricted gfp_t
include/trace/events/kmem.h:194:1: warning: too many warnings
mm/backing-dev.c:45:9: warning: context imbalance in 'bdi_lock_two' - wrong count at exit
mm/backing-dev.c:490:28: warning: context imbalance in 'bdi_destroy' - unexpected unlock
mm/compaction.c:1055:37: warning: incorrect type in initializer (different base types)
mm/compaction.c:1056:39: warning: incorrect type in initializer (different base types)
mm/compaction.c:1181:9: warning: symbol 'sysfs_compact_node' was not declared. Should it be static?
mm/compaction.c:189:47: warning: context imbalance in 'compact_checklock_irqsave' - unexpected unlock
mm/compaction.c:319:39: warning: context imbalance in 'isolate_freepages_block' - unexpected unlock
mm/compaction.c:482:55: warning: context imbalance in 'isolate_migratepages_range' - unexpected unlock
mm/fremap.c:132:31: warning: implicit cast to nocast type
mm/fremap.c:124:1: warning: symbol 'SyS_remap_file_pages' was not declared. Should it be static?
mm/madvise.c:459:1: warning: symbol 'SyS_madvise' was not declared. Should it be static?
mm/memory.c:118:15: warning: symbol 'zero_pfn' was not declared. Should it be static?
mm/memory.c:906:5: warning: symbol 'copy_pte_range' was not declared. Should it be static?
mm/memory.c:3518:5: warning: symbol 'numa_migrate_prep' was not declared. Should it be static?
mm/memory.c:3530:5: warning: symbol 'do_numa_page' was not declared. Should it be static?
mm/memory.c:3695:5: warning: symbol 'handle_pte_fault' was not declared. Should it be static?
mm/memory.c:922:17: warning: context imbalance in 'copy_pte_range' - different lock contexts for basic block
mm/memory.c:2063:32: warning: context imbalance in '__get_locked_pte' - different lock contexts for basic block
mm/memory.c:2266:17: warning: context imbalance in 'remap_pte_range' - different lock contexts for basic block
mm/memory.c:2464:17: warning: context imbalance in 'apply_to_pte_range' - unexpected unlock
mm/memory.c:3941:12: warning: context imbalance in '__follow_pte' - different lock contexts for basic block
mm/mincore.c:267:1: warning: symbol 'SyS_mincore' was not declared. Should it be static?
mm/mlock.c:361:37: warning: implicit cast to nocast type
mm/mlock.c:447:1: warning: symbol 'SyS_mlock' was not declared. Should it be static?
mm/mlock.c:477:1: warning: symbol 'SyS_munlock' was not declared. Should it be static?
mm/mlock.c:505:37: warning: implicit cast to nocast type
mm/mlock.c:514:1: warning: symbol 'SyS_mlockall' was not declared. Should it be static?
mm/mmap.c:261:1: warning: symbol 'SyS_brk' was not declared. Should it be static?
mm/mmap.c:1289:47: warning: implicit cast to nocast type
mm/mmap.c:1291:45: warning: implicit cast to nocast type
mm/mmap.c:1300:45: warning: implicit cast to nocast type
mm/mmap.c:1317:47: warning: implicit cast to nocast type
mm/mmap.c:1337:37: warning: implicit cast to nocast type
mm/mmap.c:1341:37: warning: implicit cast to nocast type
mm/mmap.c:1384:33: warning: implicit cast to nocast type
mm/mmap.c:1352:1: warning: symbol 'SyS_mmap_pgoff' was not declared. Should it be static?
mm/mmap.c:1516:29: warning: implicit cast to nocast type
mm/mmap.c:2585:1: warning: symbol 'SyS_munmap' was not declared. Should it be static?
mm/mprotect.c:321:1: warning: symbol 'SyS_mprotect' was not declared. Should it be static?
mm/mremap.c:449:1: warning: symbol 'SyS_mremap' was not declared. Should it be static?
/cmpt816/linux/arch/x86/include/asm/spinlock.h:81:9: warning: context imbalance in 'move_ptes' - different lock contexts for basic block
mm/msync.c:31:1: warning: symbol 'SyS_msync' was not declared. Should it be static?
mm/rmap.c:1422:6: warning: symbol 'is_vma_temporary_stack' was not declared. Should it be static?
mm/rmap.c:595:7: warning: context imbalance in '__page_check_address' - wrong count at exit
mm/process_vm_access.c:398:1: warning: symbol 'SyS_process_vm_readv' was not declared. Should it be static?
mm/process_vm_access.c:405:1: warning: symbol 'SyS_process_vm_writev' was not declared. Should it be static?
mm/process_vm_access.c:416:1: warning: symbol 'compat_process_vm_rw' was not declared. Should it be static?
mm/init-mm.c:16:18: warning: symbol 'init_mm' was not declared. Should it be static?
mm/nobootmem.c:326:6: warning: symbol '___alloc_bootmem_node' was not declared. Should it be static?
mm/page_io.c:217:41: warning: incorrect type in initializer (different address spaces)
mm/swapfile.c:1560:1: warning: symbol 'SyS_swapoff' was not declared. Should it be static?
mm/swapfile.c:2019:1: warning: symbol 'SyS_swapon' was not declared. Should it be static?
mm/swapfile.c:379:20: warning: context imbalance in 'scan_swap_map' - unexpected unlock
mm/swapfile.c:508:32: warning: context imbalance in 'swap_info_get' - different lock contexts for basic block
mm/swapfile.c:632:17: warning: context imbalance in 'swap_free' - unexpected unlock
mm/swapfile.c:650:28: warning: context imbalance in 'swapcache_free' - unexpected unlock
mm/swapfile.c:668:35: warning: context imbalance in 'page_swapcount' - unexpected unlock
mm/swapfile.c:758:28: warning: context imbalance in 'free_swap_and_cache' - unexpected unlock
mm/swapfile.c:2437:20: warning: context imbalance in 'add_swap_count_continuation' - unexpected unlock
mm/hugetlb.c:1721:20: warning: symbol 'node_hstates' was not declared. Should it be static?
/cmpt816/linux/arch/x86/include/asm/spinlock.h:81:9: warning: context imbalance in 'gather_surplus_pages' - unexpected unlock
mm/hugetlb.c:2575:9: warning: context imbalance in 'hugetlb_cow' - unexpected unlock
mm/mempolicy.c:1345:1: warning: symbol 'SyS_mbind' was not declared. Should it be static?
mm/mempolicy.c:1367:1: warning: symbol 'SyS_set_mempolicy' was not declared. Should it be static?
mm/mempolicy.c:1386:1: warning: symbol 'SyS_migrate_pages' was not declared. Should it be static?
mm/mempolicy.c:1482:1: warning: symbol 'SyS_get_mempolicy' was not declared. Should it be static?
mm/slub.c:1068:40: warning: context imbalance in 'free_debug_processing' - different lock contexts for basic block
/cmpt816/linux/arch/x86/include/asm/spinlock.h:81:9: warning: context imbalance in 'deactivate_slab' - unexpected unlock
/cmpt816/linux/arch/x86/include/asm/spinlock.h:81:9: warning: context imbalance in 'unfreeze_partials' - unexpected unlock
mm/slub.c:2487:47: warning: context imbalance in '__slab_free' - unexpected unlock
mm/migrate.c:1367:1: warning: symbol 'SyS_move_pages' was not declared. Should it be static?
fs/open.c:139:1: warning: symbol 'SyS_truncate' was not declared. Should it be static?
fs/open.c:145:1: warning: symbol 'compat_SyS_truncate' was not declared. Should it be static?
fs/open.c:198:1: warning: symbol 'SyS_ftruncate' was not declared. Should it be static?
fs/open.c:204:1: warning: symbol 'compat_SyS_ftruncate' was not declared. Should it be static?
fs/open.c:282:1: warning: symbol 'SyS_fallocate' was not declared. Should it be static?
fs/open.c:299:1: warning: symbol 'SyS_faccessat' was not declared. Should it be static?
fs/open.c:375:1: warning: symbol 'SyS_access' was not declared. Should it be static?
fs/open.c:380:1: warning: symbol 'SyS_chdir' was not declared. Should it be static?
fs/open.c:406:1: warning: symbol 'SyS_fchdir' was not declared. Should it be static?
fs/open.c:431:1: warning: symbol 'SyS_chroot' was not declared. Should it be static?
fs/open.c:486:1: warning: symbol 'SyS_fchmod' was not declared. Should it be static?
fs/open.c:500:1: warning: symbol 'SyS_fchmodat' was not declared. Should it be static?
fs/open.c:518:1: warning: symbol 'SyS_chmod' was not declared. Should it be static?
fs/open.c:559:1: warning: symbol 'SyS_fchownat' was not declared. Should it be static?
fs/open.c:591:1: warning: symbol 'SyS_chown' was not declared. Should it be static?
fs/open.c:596:1: warning: symbol 'SyS_lchown' was not declared. Should it be static?
fs/open.c:602:1: warning: symbol 'SyS_fchown' was not declared. Should it be static?
fs/open.c:832:18: warning: restricted fmode_t degrades to integer
fs/open.c:956:1: warning: symbol 'SyS_open' was not declared. Should it be static?
fs/open.c:964:1: warning: symbol 'SyS_openat' was not declared. Should it be static?
fs/open.c:979:1: warning: symbol 'SyS_creat' was not declared. Should it be static?
fs/open.c:1017:1: warning: symbol 'SyS_close' was not declared. Should it be static?
fs/read_write.c:41:29: warning: incorrect type in return expression (different base types)
fs/read_write.c:41:29: warning: incorrect type in return expression (different base types)
fs/read_write.c:238:1: warning: symbol 'SyS_lseek' was not declared. Should it be static?
fs/read_write.c:257:1: warning: symbol 'compat_SyS_lseek' was not declared. Should it be static?
fs/read_write.c:264:1: warning: symbol 'SyS_llseek' was not declared. Should it be static?
fs/read_write.c:41:29: warning: incorrect type in return expression (different base types)
fs/read_write.c:41:29: warning: incorrect type in return expression (different base types)
fs/read_write.c:472:1: warning: symbol 'SyS_read' was not declared. Should it be static?
fs/read_write.c:486:1: warning: symbol 'SyS_write' was not declared. Should it be static?
fs/read_write.c:502:1: warning: symbol 'SyS_pread64' was not declared. Should it be static?
fs/read_write.c:522:1: warning: symbol 'SyS_pwrite64' was not declared. Should it be static?
fs/read_write.c:774:1: warning: symbol 'SyS_readv' was not declared. Should it be static?
fs/read_write.c:793:1: warning: symbol 'SyS_writev' was not declared. Should it be static?
fs/read_write.c:818:1: warning: symbol 'SyS_preadv' was not declared. Should it be static?
fs/read_write.c:842:1: warning: symbol 'SyS_pwritev' was not declared. Should it be static?
fs/read_write.c:950:1: warning: symbol 'compat_SyS_readv' was not declared. Should it be static?
fs/read_write.c:967:1: warning: symbol 'compat_SyS_preadv64' was not declared. Should it be static?
fs/read_write.c:986:1: warning: symbol 'compat_SyS_preadv' was not declared. Should it be static?
fs/read_write.c:1016:1: warning: symbol 'compat_SyS_writev' was not declared. Should it be static?
fs/read_write.c:1033:1: warning: symbol 'compat_SyS_pwritev64' was not declared. Should it be static?
fs/read_write.c:1052:1: warning: symbol 'compat_SyS_pwritev' was not declared. Should it be static?
fs/read_write.c:1159:1: warning: symbol 'SyS_sendfile' was not declared. Should it be static?
fs/read_write.c:1178:1: warning: symbol 'SyS_sendfile64' was not declared. Should it be static?
fs/read_write.c:1196:1: warning: symbol 'compat_SyS_sendfile' was not declared. Should it be static?
fs/read_write.c:1216:1: warning: symbol 'compat_SyS_sendfile64' was not declared. Should it be static?
fs/stat.c:158:1: warning: symbol 'SyS_stat' was not declared. Should it be static?
fs/stat.c:171:1: warning: symbol 'SyS_lstat' was not declared. Should it be static?
fs/stat.c:184:1: warning: symbol 'SyS_fstat' was not declared. Should it be static?
fs/stat.c:247:1: warning: symbol 'SyS_newstat' was not declared. Should it be static?
fs/stat.c:258:1: warning: symbol 'SyS_newlstat' was not declared. Should it be static?
fs/stat.c:272:1: warning: symbol 'SyS_newfstatat' was not declared. Should it be static?
fs/stat.c:285:1: warning: symbol 'SyS_newfstat' was not declared. Should it be static?
fs/stat.c:296:1: warning: symbol 'SyS_readlinkat' was not declared. Should it be static?
fs/stat.c:330:1: warning: symbol 'SyS_readlink' was not declared. Should it be static?
fs/exec.c:105:1: warning: symbol 'SyS_uselib' was not declared. Should it be static?
fs/exec.c:408:39: warning: incorrect type in return expression (different address spaces)
fs/exec.c:415:31: warning: incorrect type in return expression (different address spaces)
fs/exec.c:434:36: warning: incorrect type in argument 1 (different address spaces)
fs/exec.c:469:28: warning: incorrect type in argument 1 (different address spaces)
fs/exec.c:1677:1: warning: symbol 'SyS_execve' was not declared. Should it be static?
fs/pipe.c:969:1: warning: symbol 'SyS_pipe2' was not declared. Should it be static?
fs/pipe.c:991:1: warning: symbol 'SyS_pipe' was not declared. Should it be static?
fs/namei.c:3162:1: warning: symbol 'SyS_mknodat' was not declared. Should it be static?
fs/namei.c:3204:1: warning: symbol 'SyS_mknod' was not declared. Should it be static?
fs/namei.c:3234:1: warning: symbol 'SyS_mkdirat' was not declared. Should it be static?
fs/namei.c:3259:1: warning: symbol 'SyS_mkdir' was not declared. Should it be static?
fs/namei.c:3382:1: warning: symbol 'SyS_rmdir' was not declared. Should it be static?
fs/namei.c:3485:1: warning: symbol 'SyS_unlinkat' was not declared. Should it be static?
fs/namei.c:3496:1: warning: symbol 'SyS_unlink' was not declared. Should it be static?
fs/namei.c:3521:1: warning: symbol 'SyS_symlinkat' was not declared. Should it be static?
fs/namei.c:3552:1: warning: symbol 'SyS_symlink' was not declared. Should it be static?
fs/namei.c:3610:1: warning: symbol 'SyS_linkat' was not declared. Should it be static?
fs/namei.c:3666:1: warning: symbol 'SyS_link' was not declared. Should it be static?
fs/namei.c:3823:1: warning: symbol 'SyS_renameat' was not declared. Should it be static?
fs/namei.c:3930:1: warning: symbol 'SyS_rename' was not declared. Should it be static?
fs/namei.c:560:28: warning: context imbalance in 'unlazy_walk' - unexpected unlock
/cmpt816/linux/arch/x86/include/asm/spinlock.h:81:9: warning: context imbalance in 'complete_walk' - unexpected unlock
include/linux/rcupdate.h:803:9: warning: context imbalance in 'follow_dotdot_rcu' - unexpected unlock
include/linux/rcupdate.h:803:9: warning: context imbalance in 'terminate_walk' - unexpected unlock
fs/namei.c:1832:12: warning: context imbalance in 'path_init' - different lock contexts for basic block
fs/fcntl.c:349:1: warning: symbol 'SyS_fcntl' was not declared. Should it be static?
fs/ioctl.c:604:1: warning: symbol 'SyS_ioctl' was not declared. Should it be static?
fs/readdir.c:105:1: warning: symbol 'SyS_old_readdir' was not declared. Should it be static?
fs/readdir.c:189:1: warning: symbol 'SyS_getdents' was not declared. Should it be static?
fs/readdir.c:269:1: warning: symbol 'SyS_getdents64' was not declared. Should it be static?
fs/select.c:592:1: warning: symbol 'SyS_select' was not declared. Should it be static?
fs/select.c:670:1: warning: symbol 'SyS_pselect6' was not declared. Should it be static?
fs/select.c:904:1: warning: symbol 'SyS_poll' was not declared. Should it be static?
fs/select.c:938:1: warning: symbol 'SyS_ppoll' was not declared. Should it be static?
fs/dcache.c:2812:1: warning: symbol 'SyS_getcwd' was not declared. Should it be static?
fs/dcache.c:268:9: warning: context imbalance in 'dentry_iput' - different lock contexts for basic block
fs/dcache.c:378:9: warning: context imbalance in 'd_kill' - different lock contexts for basic block
/cmpt816/linux/arch/x86/include/asm/spinlock.h:81:9: warning: context imbalance in 'dput' - different lock contexts for basic block
/cmpt816/linux/arch/x86/include/asm/spinlock.h:81:9: warning: context imbalance in 'try_prune_one_dentry' - different lock contexts for basic block
include/linux/rcupdate.h:803:9: warning: context imbalance in 'try_to_ascend' - unexpected unlock
fs/dcache.c:1094:32: warning: context imbalance in 'have_submounts' - unexpected unlock
fs/dcache.c:1196:32: warning: context imbalance in 'select_parent' - unexpected unlock
fs/dcache.c:1406:9: warning: context imbalance in 'd_instantiate' - different lock contexts for basic block
fs/dcache.c:1473:9: warning: context imbalance in 'd_instantiate_unique' - different lock contexts for basic block
fs/dcache.c:2208:9: warning: context imbalance in 'dentry_lock_for_move' - wrong count at exit
fs/dcache.c:2221:28: warning: context imbalance in 'dentry_unlock_parents_for_move' - unexpected unlock
fs/dcache.c:2291:17: warning: context imbalance in '__d_move' - unexpected unlock
fs/dcache.c:2370:20: warning: context imbalance in '__d_unalias' - unexpected unlock
fs/dcache.c:2383:13: warning: context imbalance in '__d_materialise_dentry' - unexpected unlock
fs/dcache.c:2485:9: warning: context imbalance in 'd_materialise_unique' - unexpected unlock
fs/dcache.c:2773:6: warning: context imbalance in 'dentry_path' - wrong count at exit
fs/dcache.c:2916:9: warning: context imbalance in 'd_genocide' - different lock contexts for basic block
fs/inode.c:804:9: warning: context imbalance in 'find_inode' - different lock contexts for basic block
fs/inode.c:835:9: warning: context imbalance in 'find_inode_fast' - different lock contexts for basic block
fs/inode.c:1284:5: warning: context imbalance in 'insert_inode_locked' - wrong count at exit
fs/inode.c:1326:5: warning: context imbalance in 'insert_inode_locked4' - wrong count at exit
fs/inode.c:1418:20: warning: context imbalance in 'iput_final' - unexpected unlock
fs/inode.c:1434:9: warning: context imbalance in 'iput' - wrong count at exit
fs/inode.c:1714:13: warning: context imbalance in '__wait_on_freeing_inode' - unexpected unlock
fs/file.c:27:5: warning: symbol 'sysctl_nr_open_min' was not declared. Should it be static?
fs/file.c:28:5: warning: symbol 'sysctl_nr_open_max' was not declared. Should it be static?
fs/file.c:446:21: warning: symbol 'init_files' was not declared. Should it be static?
fs/file.c:845:1: warning: symbol 'SyS_dup3' was not declared. Should it be static?
fs/file.c:879:1: warning: symbol 'SyS_dup2' was not declared. Should it be static?
fs/file.c:894:1: warning: symbol 'SyS_dup' was not declared. Should it be static?
fs/file.c:811:20: warning: context imbalance in 'do_dup2' - unexpected unlock
fs/file.c:823:5: warning: context imbalance in 'replace_fd' - different lock contexts for basic block
fs/filesystems.c:183:1: warning: symbol 'SyS_sysfs' was not declared. Should it be static?
fs/namespace.c:1305:1: warning: symbol 'SyS_umount' was not declared. Should it be static?
fs/namespace.c:1345:1: warning: symbol 'SyS_oldumount' was not declared. Should it be static?
fs/namespace.c:2503:1: warning: symbol 'SyS_mount' was not declared. Should it be static?
fs/namespace.c:2594:1: warning: symbol 'SyS_pivot_root' was not declared. Should it be static?
fs/xattr.c:367:1: warning: symbol 'SyS_setxattr' was not declared. Should it be static?
fs/xattr.c:391:1: warning: symbol 'SyS_lsetxattr' was not declared. Should it be static?
fs/xattr.c:415:1: warning: symbol 'SyS_fsetxattr' was not declared. Should it be static?
fs/xattr.c:484:1: warning: symbol 'SyS_getxattr' was not declared. Should it be static?
fs/xattr.c:503:1: warning: symbol 'SyS_lgetxattr' was not declared. Should it be static?
fs/xattr.c:522:1: warning: symbol 'SyS_fgetxattr' was not declared. Should it be static?
fs/xattr.c:574:1: warning: symbol 'SyS_listxattr' was not declared. Should it be static?
fs/xattr.c:593:1: warning: symbol 'SyS_llistxattr' was not declared. Should it be static?
fs/xattr.c:612:1: warning: symbol 'SyS_flistxattr' was not declared. Should it be static?
fs/xattr.c:643:1: warning: symbol 'SyS_removexattr' was not declared. Should it be static?
fs/xattr.c:666:1: warning: symbol 'SyS_lremovexattr' was not declared. Should it be static?
fs/xattr.c:689:1: warning: symbol 'SyS_fremovexattr' was not declared. Should it be static?
fs/fs-writeback.c:1070:9: warning: context imbalance in 'block_dump___mark_inode_dirty' - different lock contexts for basic block
fs/splice.c:1675:1: warning: symbol 'SyS_vmsplice' was not declared. Should it be static?
fs/splice.c:1701:1: warning: symbol 'compat_SyS_vmsplice' was not declared. Should it be static?
fs/splice.c:1721:1: warning: symbol 'SyS_splice' was not declared. Should it be static?
fs/splice.c:2054:1: warning: symbol 'SyS_tee' was not declared. Should it be static?
fs/sync.c:149:1: warning: symbol 'SyS_syncfs' was not declared. Should it be static?
fs/sync.c:212:1: warning: symbol 'SyS_fsync' was not declared. Should it be static?
fs/sync.c:217:1: warning: symbol 'SyS_fdatasync' was not declared. Should it be static?
fs/sync.c:286:1: warning: symbol 'SyS_sync_file_range' was not declared. Should it be static?
fs/sync.c:371:1: warning: symbol 'SyS_sync_file_range2' was not declared. Should it be static?
fs/utimes.c:27:1: warning: symbol 'SyS_utime' was not declared. Should it be static?
fs/utimes.c:178:1: warning: symbol 'SyS_utimensat' was not declared. Should it be static?
fs/utimes.c:196:1: warning: symbol 'SyS_futimesat' was not declared. Should it be static?
fs/utimes.c:224:1: warning: symbol 'SyS_utimes' was not declared. Should it be static?
fs/fs_struct.c:161:18: warning: symbol 'init_fs' was not declared. Should it be static?
fs/statfs.c:172:1: warning: symbol 'SyS_statfs' was not declared. Should it be static?
fs/statfs.c:181:1: warning: symbol 'SyS_statfs64' was not declared. Should it be static?
fs/statfs.c:193:1: warning: symbol 'SyS_fstatfs' was not declared. Should it be static?
fs/statfs.c:202:1: warning: symbol 'SyS_fstatfs64' was not declared. Should it be static?
fs/statfs.c:228:1: warning: symbol 'SyS_ustat' was not declared. Should it be static?
fs/buffer.c:3220:1: warning: symbol 'SyS_bdflush' was not declared. Should it be static?
fs/bio.c:1495:33: warning: incorrect type in initializer (different address spaces)
/cmpt816/linux/arch/x86/include/asm/spinlock.h:81:9: warning: context imbalance in 'bdev_inode_switch_bdi' - unexpected unlock
fs/direct-io.c:1059:36: warning: Using plain integer as NULL pointer
fs/ioprio.c:61:1: warning: symbol 'SyS_ioprio_set' was not declared. Should it be static?
fs/ioprio.c:176:1: warning: symbol 'SyS_ioprio_get' was not declared. Should it be static?
fs/autofs4/waitq.c:73:45: warning: incorrect type in argument 2 (different address spaces)
fs/ext4/mballoc.c:4968:9: warning: context imbalance in 'ext4_trim_extent' - unexpected unlock
fs/isofs/compress.c:61:44: warning: Variable length array is used.
fs/isofs/compress.c:307:28: warning: Variable length array is used.
/cmpt816/linux/arch/x86/include/asm/spinlock.h:81:9: warning: context imbalance in '__jbd2_log_wait_for_space' - unexpected unlock
fs/jbd2/checkpoint.c:208:36: warning: context imbalance in '__wait_cp_io' - unexpected unlock
fs/jbd2/checkpoint.c:265:23: warning: context imbalance in '__process_buffer' - unexpected unlock
fs/jbd2/checkpoint.c:369:9: warning: context imbalance in 'jbd2_log_do_checkpoint' - different lock contexts for basic block
fs/jbd2/journal.c:107:5: warning: symbol 'jbd2_verify_csum_type' was not declared. Should it be static?
fs/jbd2/journal.c:127:5: warning: symbol 'jbd2_superblock_csum_verify' was not declared. Should it be static?
fs/jbd2/journal.c:135:6: warning: symbol 'jbd2_superblock_csum_set' was not declared. Should it be static?
include/net/netns/generic.h:34:20: warning: context imbalance in 'nfs_server_list_start' - wrong count at exit
include/net/netns/generic.h:34:20: warning: context imbalance in 'nfs_server_list_stop' - unexpected unlock
include/net/netns/generic.h:34:20: warning: context imbalance in 'nfs_volume_list_start' - wrong count at exit
include/net/netns/generic.h:34:20: warning: context imbalance in 'nfs_volume_list_stop' - unexpected unlock
fs/nfs/unlink.c:475:34: warning: Variable length array is used.
fs/nfs/nfs4proc.c:7014:31: warning: symbol 'nfs4_dir_inode_operations' was not declared. Should it be static?
fs/notify/fdinfo.c:103:5: warning: symbol 'inotify_show_fdinfo' was not declared. Should it be static?
fs/notify/inotify/inotify_user.c:705:1: warning: symbol 'SyS_inotify_init1' was not declared. Should it be static?
fs/notify/inotify/inotify_user.c:735:1: warning: symbol 'SyS_inotify_add_watch' was not declared. Should it be static?
fs/notify/inotify/inotify_user.c:780:1: warning: symbol 'SyS_inotify_rm_watch' was not declared. Should it be static?
fs/proc/task_mmu.c:540:18: error: bad integer constant expression
fs/proc/task_mmu.c:541:18: error: bad integer constant expression
fs/proc/task_mmu.c:542:18: error: bad integer constant expression
fs/proc/task_mmu.c:543:18: error: bad integer constant expression
fs/proc/task_mmu.c:544:18: error: bad integer constant expression
fs/proc/task_mmu.c:545:18: error: bad integer constant expression
fs/proc/task_mmu.c:546:18: error: bad integer constant expression
fs/proc/task_mmu.c:547:18: error: bad integer constant expression
fs/proc/task_mmu.c:548:18: error: bad integer constant expression
fs/proc/task_mmu.c:549:18: error: bad integer constant expression
fs/proc/task_mmu.c:550:18: error: bad integer constant expression
fs/proc/task_mmu.c:551:18: error: bad integer constant expression
fs/proc/task_mmu.c:552:18: error: bad integer constant expression
fs/proc/task_mmu.c:553:18: error: bad integer constant expression
fs/proc/task_mmu.c:554:18: error: bad integer constant expression
fs/proc/task_mmu.c:555:18: error: bad integer constant expression
fs/proc/task_mmu.c:556:18: error: bad integer constant expression
fs/proc/task_mmu.c:557:18: error: bad integer constant expression
fs/proc/task_mmu.c:558:18: error: bad integer constant expression
fs/proc/task_mmu.c:559:18: error: bad integer constant expression
fs/proc/task_mmu.c:560:18: error: bad integer constant expression
fs/proc/task_mmu.c:561:18: error: bad integer constant expression
fs/proc/task_mmu.c:562:18: error: bad integer constant expression
fs/proc/task_mmu.c:563:18: error: bad integer constant expression
fs/proc/task_mmu.c:564:18: error: bad integer constant expression
fs/proc/task_mmu.c:565:18: error: bad integer constant expression
fs/proc/task_mmu.c:566:18: error: bad integer constant expression
fs/proc/array.c:424:43: warning: implicit cast to nocast type
fs/proc/array.c:425:26: warning: implicit cast to nocast type
fs/proc/array.c:459:62: warning: incorrect type in argument 2 (different modifiers)
fs/proc/array.c:459:62: warning: implicit cast to nocast type
fs/proc/array.c:459:70: warning: incorrect type in argument 3 (different modifiers)
fs/proc/array.c:459:70: warning: implicit cast to nocast type
fs/proc/array.c:475:46: warning: incorrect type in argument 2 (different modifiers)
fs/proc/array.c:475:46: warning: implicit cast to nocast type
fs/proc/array.c:475:54: warning: incorrect type in argument 3 (different modifiers)
fs/proc/array.c:475:54: warning: implicit cast to nocast type
fs/proc/fd.c:96:55: warning: incorrect type in initializer (different base types)
fs/proc/fd.c:114:54: warning: restricted fmode_t degrades to integer
fs/proc/fd.c:116:54: warning: restricted fmode_t degrades to integer
fs/proc/proc_tty.c:175:13: warning: symbol 'proc_tty_init' was not declared. Should it be static?
fs/proc/namespaces.c:60:32: warning: symbol 'ns_dentry_operations' was not declared. Should it be static?
fs/proc/kcore.c:611:19: warning: symbol 'kcore_modules' was not declared. Should it be static?
fs/proc/vmcore.c:189:40: warning: incorrect type in argument 1 (different address spaces)
fs/proc/vmcore.c:697:6: warning: symbol 'vmcore_cleanup' was not declared. Should it be static?
fs/quota/quota.c:366:1: warning: symbol 'SyS_quotactl' was not declared. Should it be static?
fs/quota/compat.c:43:17: warning: symbol 'sys32_quotactl' was not declared. Should it be static?
fs/eventpoll.c:1732:1: warning: symbol 'SyS_epoll_create1' was not declared. Should it be static?
fs/eventpoll.c:1775:1: warning: symbol 'SyS_epoll_create' was not declared. Should it be static?
fs/eventpoll.c:1788:1: warning: symbol 'SyS_epoll_ctl' was not declared. Should it be static?
fs/eventpoll.c:1916:1: warning: symbol 'SyS_epoll_wait' was not declared. Should it be static?
fs/eventpoll.c:1962:1: warning: symbol 'SyS_epoll_pwait' was not declared. Should it be static?
fs/eventpoll.c:2003:1: warning: symbol 'compat_SyS_epoll_pwait' was not declared. Should it be static?
fs/signalfd.c:107:25: warning: cast removes address space of expression
fs/signalfd.c:107:25: warning: cast removes address space of expression
fs/signalfd.c:107:25: warning: cast removes address space of expression
fs/signalfd.c:107:25: warning: cast removes address space of expression
fs/signalfd.c:115:24: warning: cast removes address space of expression
fs/signalfd.c:115:24: warning: cast removes address space of expression
fs/signalfd.c:115:24: warning: cast removes address space of expression
fs/signalfd.c:115:24: warning: cast removes address space of expression
fs/signalfd.c:141:24: warning: cast removes address space of expression
fs/signalfd.c:141:24: warning: cast removes address space of expression
fs/signalfd.c:141:24: warning: cast removes address space of expression
fs/signalfd.c:141:24: warning: cast removes address space of expression
fs/signalfd.c:150:24: warning: cast removes address space of expression
fs/signalfd.c:150:24: warning: cast removes address space of expression
fs/signalfd.c:150:24: warning: cast removes address space of expression
fs/signalfd.c:150:24: warning: cast removes address space of expression
fs/signalfd.c:256:1: warning: symbol 'SyS_signalfd4' was not declared. Should it be static?
fs/signalfd.c:310:1: warning: symbol 'SyS_signalfd' was not declared. Should it be static?
fs/signalfd.c:317:1: warning: symbol 'compat_SyS_signalfd4' was not declared. Should it be static?
fs/signalfd.c:338:1: warning: symbol 'compat_SyS_signalfd' was not declared. Should it be static?
fs/timerfd.c:251:1: warning: symbol 'SyS_timerfd_create' was not declared. Should it be static?
fs/timerfd.c:359:1: warning: symbol 'SyS_timerfd_settime' was not declared. Should it be static?
fs/timerfd.c:377:1: warning: symbol 'SyS_timerfd_gettime' was not declared. Should it be static?
fs/timerfd.c:387:1: warning: symbol 'compat_SyS_timerfd_settime' was not declared. Should it be static?
fs/timerfd.c:404:1: warning: symbol 'compat_SyS_timerfd_gettime' was not declared. Should it be static?
fs/eventfd.c:426:1: warning: symbol 'SyS_eventfd2' was not declared. Should it be static?
fs/eventfd.c:451:1: warning: symbol 'SyS_eventfd' was not declared. Should it be static?
fs/aio.c:833:1: warning: symbol 'SyS_io_setup' was not declared. Should it be static?
fs/aio.c:869:1: warning: symbol 'SyS_io_destroy' was not declared. Should it be static?
fs/aio.c:1212:1: warning: symbol 'SyS_io_submit' was not declared. Should it be static?
fs/aio.c:1250:1: warning: symbol 'SyS_io_cancel' was not declared. Should it be static?
fs/aio.c:1302:1: warning: symbol 'SyS_io_getevents' was not declared. Should it be static?
fs/locks.c:1341:5: warning: symbol 'generic_add_lease' was not declared. Should it be static?
fs/locks.c:1406:5: warning: symbol 'generic_delete_lease' was not declared. Should it be static?
fs/locks.c:1626:1: warning: symbol 'SyS_flock' was not declared. Should it be static?
fs/locks.c:163:6: warning: context imbalance in 'lock_flocks' - wrong count at exit
fs/locks.c:169:6: warning: context imbalance in 'unlock_flocks' - unexpected unlock
fs/compat.c:57:5: warning: symbol 'compat_log' was not declared. Should it be static?
fs/compat.c:1074:1: warning: symbol 'compat_SyS_open' was not declared. Should it be static?
fs/compat.c:1083:1: warning: symbol 'compat_SyS_openat' was not declared. Should it be static?
fs/compat.c:1218:5: warning: symbol 'compat_core_sys_select' was not declared. Should it be static?
fs/compat_ioctl.c:625:31: warning: incorrect type in assignment (different address spaces)
fs/compat_ioctl.c:707:21: warning: incorrect type in assignment (different address spaces)
fs/binfmt_elf.c:1335:34: warning: incorrect type in argument 2 (different modifiers)
fs/binfmt_elf.c:1335:34: warning: implicit cast to nocast type
fs/binfmt_elf.c:1335:42: warning: incorrect type in argument 3 (different modifiers)
fs/binfmt_elf.c:1335:42: warning: implicit cast to nocast type
fs/binfmt_elf.c:1335:34: warning: incorrect type in argument 2 (different modifiers)
fs/binfmt_elf.c:1335:34: warning: implicit cast to nocast type
fs/binfmt_elf.c:1335:42: warning: incorrect type in argument 3 (different modifiers)
fs/binfmt_elf.c:1335:42: warning: implicit cast to nocast type
fs/coredump.c:47:5: warning: symbol 'core_uses_pid' was not declared. Should it be static?
fs/coredump.c:48:6: warning: symbol 'core_pattern' was not declared. Should it be static?
fs/coredump.c:49:14: warning: symbol 'core_pipe_limit' was not declared. Should it be static?
fs/coredump.c:689:17: warning: incorrect type in argument 1 (different address spaces)
fs/coredump.c:690:41: warning: incorrect type in argument 2 (different address spaces)
include/linux/sched.h:2230:37: warning: context imbalance in 'zap_threads' - different lock contexts for basic block
fs/dcookies.c:149:1: warning: symbol 'SyS_lookup_dcookie' was not declared. Should it be static?
fs/dcookies.c:207:1: warning: symbol 'compat_SyS_lookup_dcookie' was not declared. Should it be static?
ipc/compat.c:402:24: warning: cast removes address space of expression
ipc/compat.c:402:24: warning: cast removes address space of expression
ipc/compat.c:402:24: warning: incorrect type in argument 1 (different address spaces)
ipc/compat.c:402:24: warning: cast removes address space of expression
ipc/compat.c:402:24: warning: cast removes address space of expression
ipc/compat.c:402:24: warning: cast removes address space of expression
ipc/compat.c:402:24: warning: cast removes address space of expression
ipc/compat.c:402:24: warning: cast removes address space of expression
ipc/compat.c:402:24: warning: cast removes address space of expression
ipc/compat.c:402:24: warning: cast removes address space of expression
ipc/compat.c:402:24: warning: cast removes address space of expression
ipc/compat.c:402:24: warning: cast removes address space of expression
ipc/compat.c:402:24: warning: cast removes address space of expression
ipc/compat.c:402:24: warning: cast removes address space of expression
ipc/compat.c:332:1: warning: symbol 'compat_SyS_ipc' was not declared. Should it be static?
ipc/compat.c:416:1: warning: symbol 'compat_SyS_semctl' was not declared. Should it be static?
ipc/compat.c:421:1: warning: symbol 'compat_SyS_msgsnd' was not declared. Should it be static?
ipc/compat.c:432:1: warning: symbol 'compat_SyS_msgrcv' was not declared. Should it be static?
ipc/compat.c:555:1: warning: symbol 'compat_SyS_shmat' was not declared. Should it be static?
ipc/util.c:183:29: warning: context imbalance in 'ipc_findkey' - wrong count at exit
ipc/util.c:252:5: warning: context imbalance in 'ipc_addid' - different lock contexts for basic block
/cmpt816/linux/arch/x86/include/asm/spinlock.h:81:9: warning: context imbalance in 'ipcget_public' - unexpected unlock
ipc/util.c:633:22: warning: context imbalance in 'ipc_lock' - different lock contexts for basic block
/cmpt816/linux/arch/x86/include/asm/spinlock.h:81:9: warning: context imbalance in 'ipc_lock_check' - unexpected unlock
ipc/util.c:753:22: warning: context imbalance in 'ipcctl_pre_down' - different lock contexts for basic block
ipc/util.c:768:22: warning: context imbalance in 'ipcctl_pre_down_nolock' - different lock contexts for basic block
ipc/util.c:839:29: warning: context imbalance in 'sysvipc_find_ipc' - different lock contexts for basic block
/cmpt816/linux/arch/x86/include/asm/spinlock.h:81:9: warning: context imbalance in 'sysvipc_proc_next' - unexpected unlock
/cmpt816/linux/arch/x86/include/asm/spinlock.h:81:9: warning: context imbalance in 'sysvipc_proc_stop' - unexpected unlock
ipc/msg.c:299:1: warning: symbol 'SyS_msgget' was not declared. Should it be static?
ipc/msg.c:459:1: warning: symbol 'SyS_msgctl' was not declared. Should it be static?
ipc/msg.c:717:1: warning: symbol 'SyS_msgsnd' was not declared. Should it be static?
ipc/msg.c:967:1: warning: symbol 'SyS_msgrcv' was not declared. Should it be static?
ipc/msg.c:212:9: warning: context imbalance in 'newque' - unexpected unlock
ipc/msg.c:270:13: warning: context imbalance in 'freeque' - unexpected unlock
/cmpt816/linux/arch/x86/include/asm/spinlock.h:81:9: warning: context imbalance in 'msgctl_down' - unexpected unlock
/cmpt816/linux/arch/x86/include/asm/spinlock.h:81:9: warning: context imbalance in 'SyS_msgctl' - unexpected unlock
/cmpt816/linux/arch/x86/include/asm/spinlock.h:81:9: warning: context imbalance in 'do_msgsnd' - unexpected unlock
/cmpt816/linux/arch/x86/include/asm/spinlock.h:81:9: warning: context imbalance in 'do_msgrcv' - unexpected unlock
ipc/sem.c:463:1: warning: symbol 'SyS_semget' was not declared. Should it be static?
ipc/sem.c:1331:1: warning: symbol 'SyS_semctl' was not declared. Should it be static?
ipc/sem.c:1537:1: warning: symbol 'SyS_semtimedop' was not declared. Should it be static?
ipc/sem.c:1747:1: warning: symbol 'SyS_semop' was not declared. Should it be static?
ipc/sem.c:425:9: warning: context imbalance in 'newary' - unexpected unlock
ipc/sem.c:900:17: warning: context imbalance in 'freeary' - unexpected unlock
include/linux/rcupdate.h:803:9: warning: context imbalance in 'semctl_down' - unexpected unlock
ipc/sem.c:1432:24: warning: context imbalance in 'find_alloc_undo' - wrong count at exit
include/linux/rcupdate.h:803:9: warning: context imbalance in 'SyS_semtimedop' - unexpected unlock
ipc/shm.c:469:31: warning: implicit cast to nocast type
ipc/shm.c:506:36: warning: implicit cast to nocast type
ipc/shm.c:517:36: warning: implicit cast to nocast type
ipc/shm.c:585:1: warning: symbol 'SyS_shmget' was not declared. Should it be static?
ipc/shm.c:787:1: warning: symbol 'SyS_shmctl' was not declared. Should it be static?
ipc/shm.c:1122:1: warning: symbol 'SyS_shmat' was not declared. Should it be static?
ipc/shm.c:1138:1: warning: symbol 'SyS_shmdt' was not declared. Should it be static?
ipc/shm.c:92:17: warning: context imbalance in 'do_shm_rmid' - unexpected unlock
ipc/shm.c:173:9: warning: context imbalance in 'shm_open' - unexpected unlock
ipc/shm.c:188:13: warning: context imbalance in 'shm_destroy' - unexpected unlock
/cmpt816/linux/arch/x86/include/asm/spinlock.h:81:9: warning: context imbalance in 'shm_close' - unexpected unlock
ipc/shm.c:248:12: warning: context imbalance in 'shm_try_destroy_current' - different lock contexts for basic block
ipc/shm.c:279:12: warning: context imbalance in 'shm_try_destroy_orphaned' - different lock contexts for basic block
/cmpt816/linux/arch/x86/include/asm/current.h:14:16: warning: context imbalance in 'newseg' - unexpected unlock
/cmpt816/linux/arch/x86/include/asm/spinlock.h:81:9: warning: context imbalance in 'shmctl_down' - unexpected unlock
ipc/shm.c:957:9: warning: context imbalance in 'SyS_shmctl' - unexpected unlock
/cmpt816/linux/arch/x86/include/asm/spinlock.h:81:9: warning: context imbalance in 'do_shmat' - unexpected unlock
ipc/mqueue.c:778:1: warning: symbol 'SyS_mq_open' was not declared. Should it be static?
ipc/mqueue.c:858:1: warning: symbol 'SyS_mq_unlink' was not declared. Should it be static?
ipc/mqueue.c:952:1: warning: symbol 'SyS_mq_timedsend' was not declared. Should it be static?
ipc/mqueue.c:1072:1: warning: symbol 'SyS_mq_timedreceive' was not declared. Should it be static?
ipc/mqueue.c:1180:1: warning: symbol 'SyS_mq_notify' was not declared. Should it be static?
ipc/mqueue.c:1312:1: warning: symbol 'SyS_mq_getsetattr' was not declared. Should it be static?
/cmpt816/linux/arch/x86/include/asm/spinlock.h:81:9: warning: context imbalance in 'wq_sleep' - unexpected unlock
ipc/mqueue.c:1064:9: warning: context imbalance in 'SyS_mq_timedsend' - different lock contexts for basic block
ipc/mqueue.c:1170:14: warning: context imbalance in 'SyS_mq_timedreceive' - different lock contexts for basic block
ipc/namespace.c:88:61: warning: context imbalance in 'free_ipcs' - different lock contexts for basic block
security/keys/key.c:1035:15: warning: memset with byte count of 0
security/keys/keyring.c:749:5: warning: context imbalance in '__key_link_begin' - wrong count at exit
security/keys/keyring.c:978:9: warning: context imbalance in '__key_link_end' - wrong count at exit
security/keys/keyring.c:1017:9: warning: context imbalance in 'key_link' - different lock contexts for basic block
security/keys/keyctl.c:58:1: warning: symbol 'SyS_add_key' was not declared. Should it be static?
security/keys/keyctl.c:158:1: warning: symbol 'SyS_request_key' was not declared. Should it be static?
security/keys/keyctl.c:1570:1: warning: symbol 'SyS_keyctl' was not declared. Should it be static?
crypto/cipher.c:70:24: warning: Variable length array is used.
crypto/shash.c:81:40: warning: Variable length array is used.
crypto/shash.c:117:40: warning: Variable length array is used.
crypto/hmac.c:57:47: warning: Variable length array is used.
crypto/cbc.c:149:20: warning: Variable length array is used.
block/blk-core.c:2840:5: warning: symbol 'kblockd_schedule_delayed_work' was not declared. Should it be static?
block/blk-core.c:974:24: warning: context imbalance in '__get_request' - unexpected unlock
block/blk-core.c:1112:16: warning: context imbalance in 'blk_get_request' - wrong count at exit
block/blk-core.c:1465:6: warning: context imbalance in 'blk_queue_bio' - different lock contexts for basic block
block/blk-core.c:3019:17: warning: context imbalance in 'blk_flush_plug_list' - unexpected unlock
block/blk-lib.c:223:5: warning: symbol '__blkdev_issue_zeroout' was not declared. Should it be static?
block/genhd.c:1397:10: error: bad integer constant expression
block/genhd.c:1398:10: error: bad integer constant expression
block/genhd.c:1402:10: error: bad integer constant expression
block/genhd.c:1403:10: error: bad integer constant expression
block/compat_ioctl.c:343:25: warning: incorrect type in assignment (different address spaces)
drivers/acpi/tables.c:263:37: warning: incorrect type in argument 1 (different address spaces)
drivers/acpi/tables.c:266:37: warning: incorrect type in argument 1 (different address spaces)
drivers/acpi/tables.c:306:44: warning: incorrect type in argument 1 (different address spaces)
drivers/acpi/tables.c:331:44: warning: incorrect type in argument 1 (different address spaces)
drivers/acpi/osl.c:372:40: warning: incorrect type in return expression (different address spaces)
drivers/acpi/osl.c:431:36: warning: incorrect type in argument 1 (different address spaces)
drivers/acpi/osl.c:452:36: warning: incorrect type in argument 1 (different address spaces)
drivers/acpi/osl.c:1728:20: warning: symbol 'acpi_os_initialize1' was not declared. Should it be static?
drivers/acpi/osl.c:909:1: warning: context imbalance in 'acpi_os_read_memory' - wrong count at exit
drivers/acpi/osl.c:968:1: warning: context imbalance in 'acpi_os_write_memory' - wrong count at exit
drivers/acpi/osl.c:1617:16: warning: context imbalance in 'acpi_os_acquire_lock' - wrong count at exit
drivers/acpi/osl.c:1628:6: warning: context imbalance in 'acpi_os_release_lock' - unexpected unlock
drivers/acpi/nvs.c:139:54: warning: incorrect type in argument 1 (different address spaces)
drivers/acpi/nvs.c:142:67: warning: incorrect type in argument 1 (different address spaces)
drivers/acpi/nvs.c:129:6: warning: symbol 'suspend_nvs_free' was not declared. Should it be static?
drivers/acpi/nvs.c:153:5: warning: symbol 'suspend_nvs_alloc' was not declared. Should it be static?
drivers/acpi/nvs.c:181:38: warning: incorrect type in assignment (different address spaces)
drivers/acpi/nvs.c:183:46: warning: incorrect type in assignment (different address spaces)
drivers/acpi/nvs.c:170:5: warning: symbol 'suspend_nvs_save' was not declared. Should it be static?
drivers/acpi/nvs.c:202:6: warning: symbol 'suspend_nvs_restore' was not declared. Should it be static?
drivers/acpi/proc.c:431:12: warning: symbol 'acpi_sleep_proc_init' was not declared. Should it be static?
drivers/acpi/bus.c:51:20: warning: symbol 'acpi_root' was not declared. Should it be static?
drivers/acpi/bus.c:356:1: warning: symbol 'acpi_bus_event_list' was not declared. Should it be static?
drivers/acpi/bus.c:357:1: warning: symbol 'acpi_bus_event_queue' was not declared. Should it be static?
drivers/acpi/scan.c:36:1: warning: symbol 'acpi_device_lock' was not declared. Should it be static?
drivers/acpi/scan.c:37:1: warning: symbol 'acpi_wakeup_device_list' was not declared. Should it be static?
drivers/acpi/ec.c:120:16: warning: symbol 'boot_ec' was not declared. Should it be static?
drivers/acpi/ec.c:394:5: warning: symbol 'ec_burst_enable' was not declared. Should it be static?
drivers/acpi/ec.c:403:5: warning: symbol 'ec_burst_disable' was not declared. Should it be static?
drivers/acpi/ec.c:532:5: warning: symbol 'acpi_ec_add_query_handler' was not declared. Should it be static?
drivers/acpi/ec.c:553:6: warning: symbol 'acpi_ec_remove_query_handler' was not declared. Should it be static?
drivers/acpi/dock.c:1067:12: warning: symbol 'acpi_dock_init' was not declared. Should it be static?
drivers/acpi/pci_root.c:575:13: warning: symbol 'acpi_pci_root_init' was not declared. Should it be static?
drivers/acpi/pci_root.c:712:13: warning: symbol 'acpi_pci_root_hp_init' was not declared. Should it be static?
drivers/acpi/pci_link.c:874:13: warning: symbol 'acpi_pci_link_init' was not declared. Should it be static?
drivers/acpi/event.c:27:5: warning: symbol 'event_is_open' was not declared. Should it be static?
drivers/acpi/debugfs.c:13:15: warning: symbol 'acpi_debugfs_dir' was not declared. Should it be static?
drivers/acpi/debugfs.c:16:13: warning: symbol 'acpi_debugfs_init' was not declared. Should it be static?
drivers/acpi/processor_throttling.c:721:18: warning: cast removes address space of expression
drivers/acpi/processor_throttling.c:721:18: warning: incorrect type in argument 2 (different address spaces)
/cmpt816/linux/arch/x86/include/asm/percpu.h:519:34: warning: cast removes address space of expression
drivers/acpi/processor_throttling.c:721:18: warning: cast removes address space of expression
drivers/acpi/processor_throttling.c:721:18: warning: incorrect type in argument 2 (different address spaces)
/cmpt816/linux/arch/x86/include/asm/percpu.h:502:38: warning: cast removes address space of expression
/cmpt816/linux/arch/x86/include/asm/percpu.h:502:59: warning: incorrect type in initializer (different address spaces)
drivers/acpi/processor_throttling.c:742:18: warning: cast removes address space of expression
drivers/acpi/processor_throttling.c:742:18: warning: incorrect type in argument 2 (different address spaces)
/cmpt816/linux/arch/x86/include/asm/percpu.h:519:34: warning: cast removes address space of expression
drivers/acpi/processor_throttling.c:742:18: warning: cast removes address space of expression
drivers/acpi/processor_throttling.c:742:18: warning: incorrect type in argument 2 (different address spaces)
/cmpt816/linux/arch/x86/include/asm/percpu.h:502:38: warning: cast removes address space of expression
/cmpt816/linux/arch/x86/include/asm/percpu.h:502:59: warning: incorrect type in initializer (different address spaces)
drivers/acpi/processor_idle.c:217:5: warning: symbol 'acpi_processor_suspend' was not declared. Should it be static?
drivers/acpi/processor_idle.c:223:6: warning: symbol 'acpi_processor_resume' was not declared. Should it be static?
drivers/acpi/acpica/evhandler.c:60:4: warning: symbol 'acpi_gbl_default_address_spaces' was not declared. Should it be static?
drivers/acpi/acpica/evrgnini.c:89:74: warning: incorrect type in argument 1 (different address spaces)
drivers/acpi/acpica/exregion.c:140:54: warning: incorrect type in argument 1 (different address spaces)
drivers/acpi/acpica/exregion.c:175:50: warning: incorrect type in assignment (different address spaces)
drivers/acpi/acpica/acpredef.h:207:34: warning: symbol 'acpi_gbl_predefined_methods' was not declared. Should it be static?
drivers/acpi/acpica/tbfadt.c:248:15: warning: incorrect type in assignment (different address spaces)
drivers/acpi/acpica/tbfadt.c:267:30: warning: incorrect type in argument 1 (different address spaces)
drivers/acpi/acpica/tbinstal.c:74:45: warning: incorrect type in assignment (different address spaces)
drivers/acpi/acpica/tbinstal.c:299:27: warning: incorrect type in assignment (different address spaces)
drivers/acpi/acpica/tbinstal.c:474:48: warning: incorrect type in argument 1 (different address spaces)
drivers/acpi/acpica/tbutils.c:86:15: warning: incorrect type in assignment (different address spaces)
drivers/acpi/acpica/tbutils.c:91:30: warning: incorrect type in argument 1 (different address spaces)
drivers/acpi/acpica/tbutils.c:95:15: warning: incorrect type in assignment (different address spaces)
drivers/acpi/acpica/tbutils.c:113:30: warning: incorrect type in argument 1 (different address spaces)
drivers/acpi/acpica/tbutils.c:474:15: warning: incorrect type in assignment (different address spaces)
drivers/acpi/acpica/tbutils.c:546:30: warning: incorrect type in argument 1 (different address spaces)
drivers/acpi/acpica/tbutils.c:641:14: warning: incorrect type in assignment (different address spaces)
drivers/acpi/acpica/tbutils.c:674:30: warning: incorrect type in argument 1 (different address spaces)
drivers/acpi/acpica/tbutils.c:687:15: warning: incorrect type in assignment (different address spaces)
drivers/acpi/acpica/tbutils.c:697:30: warning: incorrect type in argument 1 (different address spaces)
drivers/acpi/acpica/tbutils.c:706:15: warning: incorrect type in assignment (different address spaces)
drivers/acpi/acpica/tbutils.c:715:38: warning: incorrect type in argument 1 (different address spaces)
drivers/acpi/acpica/tbutils.c:767:30: warning: incorrect type in argument 1 (different address spaces)
drivers/acpi/acpica/tbxface.c:232:40: warning: incorrect type in assignment (different address spaces)
drivers/acpi/acpica/tbxface.c:242:54: warning: incorrect type in argument 1 (different address spaces)
drivers/acpi/acpica/tbxfroot.c:131:19: warning: incorrect type in assignment (different address spaces)
drivers/acpi/acpica/tbxfroot.c:147:30: warning: incorrect type in argument 1 (different address spaces)
drivers/acpi/acpica/tbxfroot.c:156:27: warning: incorrect type in assignment (different address spaces)
drivers/acpi/acpica/tbxfroot.c:170:38: warning: incorrect type in argument 1 (different address spaces)
drivers/acpi/acpica/tbxfroot.c:187:19: warning: incorrect type in assignment (different address spaces)
drivers/acpi/acpica/tbxfroot.c:202:30: warning: incorrect type in argument 1 (different address spaces)
drivers/acpi/acpica/acglobal.h:154:16: warning: symbol 'acpi_gbl_no_resource_disassembly' was not declared. Should it be static?
drivers/acpi/acpica/acglobal.h:166:36: warning: symbol 'acpi_gbl_root_table_list' was not declared. Should it be static?
drivers/acpi/acpica/acglobal.h:169:36: warning: symbol 'acpi_gbl_FACS' was not declared. Should it be static?
drivers/acpi/acpica/acglobal.h:175:41: warning: symbol 'acpi_gbl_xpm1a_status' was not declared. Should it be static?
drivers/acpi/acpica/acglobal.h:176:41: warning: symbol 'acpi_gbl_xpm1a_enable' was not declared. Should it be static?
drivers/acpi/acpica/acglobal.h:178:41: warning: symbol 'acpi_gbl_xpm1b_status' was not declared. Should it be static?
drivers/acpi/acpica/acglobal.h:179:41: warning: symbol 'acpi_gbl_xpm1b_enable' was not declared. Should it be static?
drivers/acpi/acpica/acglobal.h:183:38: warning: symbol 'acpi_gbl_DSDT' was not declared. Should it be static?
drivers/acpi/acpica/acglobal.h:184:38: warning: symbol 'acpi_gbl_original_dsdt_header' was not declared. Should it be static?
drivers/acpi/acpica/acglobal.h:191:16: warning: symbol 'acpi_gbl_integer_bit_width' was not declared. Should it be static?
drivers/acpi/acpica/acglobal.h:192:16: warning: symbol 'acpi_gbl_integer_byte_width' was not declared. Should it be static?
drivers/acpi/acpica/acglobal.h:193:16: warning: symbol 'acpi_gbl_integer_nybble_width' was not declared. Should it be static?
drivers/acpi/acpica/acglobal.h:206:36: warning: symbol 'acpi_gbl_mutex_info' was not declared. Should it be static?
drivers/acpi/acpica/acglobal.h:213:39: warning: symbol 'acpi_gbl_global_lock_mutex' was not declared. Should it be static?
drivers/acpi/acpica/acglobal.h:214:13: warning: symbol 'acpi_gbl_global_lock_semaphore' was not declared. Should it be static?
drivers/acpi/acpica/acglobal.h:215:13: warning: symbol 'acpi_gbl_global_lock_pending_lock' was not declared. Should it be static?
drivers/acpi/acpica/acglobal.h:216:17: warning: symbol 'acpi_gbl_global_lock_handle' was not declared. Should it be static?
drivers/acpi/acpica/acglobal.h:217:16: warning: symbol 'acpi_gbl_global_lock_acquired' was not declared. Should it be static?
drivers/acpi/acpica/acglobal.h:218:16: warning: symbol 'acpi_gbl_global_lock_present' was not declared. Should it be static?
drivers/acpi/acpica/acglobal.h:219:16: warning: symbol 'acpi_gbl_global_lock_pending' was not declared. Should it be static?
drivers/acpi/acpica/acglobal.h:225:13: warning: symbol 'acpi_gbl_gpe_lock' was not declared. Should it be static?
drivers/acpi/acpica/acglobal.h:226:13: warning: symbol 'acpi_gbl_hardware_lock' was not declared. Should it be static?
drivers/acpi/acpica/acglobal.h:227:13: warning: symbol 'acpi_gbl_reference_count_lock' was not declared. Should it be static?
drivers/acpi/acpica/acglobal.h:231:13: warning: symbol 'acpi_gbl_osi_mutex' was not declared. Should it be static?
drivers/acpi/acpica/acglobal.h:235:33: warning: symbol 'acpi_gbl_namespace_rw_lock' was not declared. Should it be static?
drivers/acpi/acpica/acglobal.h:245:26: warning: symbol 'acpi_gbl_namespace_cache' was not declared. Should it be static?
drivers/acpi/acpica/acglobal.h:246:26: warning: symbol 'acpi_gbl_state_cache' was not declared. Should it be static?
drivers/acpi/acpica/acglobal.h:247:26: warning: symbol 'acpi_gbl_ps_node_cache' was not declared. Should it be static?
drivers/acpi/acpica/acglobal.h:248:26: warning: symbol 'acpi_gbl_ps_node_ext_cache' was not declared. Should it be static?
drivers/acpi/acpica/acglobal.h:249:26: warning: symbol 'acpi_gbl_operand_cache' was not declared. Should it be static?
drivers/acpi/acpica/acglobal.h:253:47: warning: symbol 'acpi_gbl_global_notify' was not declared. Should it be static?
drivers/acpi/acpica/acglobal.h:254:36: warning: symbol 'acpi_gbl_exception_handler' was not declared. Should it be static?
drivers/acpi/acpica/acglobal.h:255:31: warning: symbol 'acpi_gbl_init_handler' was not declared. Should it be static?
drivers/acpi/acpica/acglobal.h:256:32: warning: symbol 'acpi_gbl_table_handler' was not declared. Should it be static?
drivers/acpi/acpica/acglobal.h:257:18: warning: symbol 'acpi_gbl_table_handler_context' was not declared. Should it be static?
drivers/acpi/acpica/acglobal.h:258:36: warning: symbol 'acpi_gbl_breakpoint_walk' was not declared. Should it be static?
drivers/acpi/acpica/acglobal.h:259:36: warning: symbol 'acpi_gbl_interface_handler' was not declared. Should it be static?
drivers/acpi/acpica/acglobal.h:263:17: warning: symbol 'acpi_gbl_owner_id_mask' was not declared. Should it be static?
drivers/acpi/acpica/acglobal.h:264:16: warning: symbol 'acpi_gbl_last_owner_id_index' was not declared. Should it be static?
drivers/acpi/acpica/acglobal.h:265:16: warning: symbol 'acpi_gbl_next_owner_id_offset' was not declared. Should it be static?
drivers/acpi/acpica/acglobal.h:269:16: warning: symbol 'acpi_gbl_reg_methods_executed' was not declared. Should it be static?
drivers/acpi/acpica/acglobal.h:273:17: warning: symbol 'acpi_gbl_original_mode' was not declared. Should it be static?
drivers/acpi/acpica/acglobal.h:274:17: warning: symbol 'acpi_gbl_rsdp_original_location' was not declared. Should it be static?
drivers/acpi/acpica/acglobal.h:275:17: warning: symbol 'acpi_gbl_ns_lookup_count' was not declared. Should it be static?
drivers/acpi/acpica/acglobal.h:276:17: warning: symbol 'acpi_gbl_ps_find_count' was not declared. Should it be static?
drivers/acpi/acpica/acglobal.h:277:17: warning: symbol 'acpi_gbl_pm1_enable_register_save' was not declared. Should it be static?
drivers/acpi/acpica/acglobal.h:278:16: warning: symbol 'acpi_gbl_debugger_configuration' was not declared. Should it be static?
drivers/acpi/acpica/acglobal.h:279:16: warning: symbol 'acpi_gbl_step_to_next_call' was not declared. Should it be static?
drivers/acpi/acpica/acglobal.h:280:16: warning: symbol 'acpi_gbl_acpi_hardware_present' was not declared. Should it be static?
drivers/acpi/acpica/acglobal.h:281:16: warning: symbol 'acpi_gbl_events_initialized' was not declared. Should it be static?
drivers/acpi/acpica/acglobal.h:282:16: warning: symbol 'acpi_gbl_osi_data' was not declared. Should it be static?
drivers/acpi/acpica/acglobal.h:283:40: warning: symbol 'acpi_gbl_supported_interfaces' was not declared. Should it be static?
drivers/acpi/acpica/acglobal.h:285:5: warning: symbol 'acpi_gbl_address_range_list' was not declared. Should it be static?
drivers/acpi/acpica/acglobal.h:323:40: warning: symbol 'acpi_gbl_root_node_struct' was not declared. Should it be static?
drivers/acpi/acpica/acglobal.h:324:40: warning: symbol 'acpi_gbl_root_node' was not declared. Should it be static?
drivers/acpi/acpica/acglobal.h:325:40: warning: symbol 'acpi_gbl_fadt_gpe_device' was not declared. Should it be static?
drivers/acpi/acpica/acglobal.h:326:39: warning: symbol 'acpi_gbl_module_code_list' was not declared. Should it be static?
drivers/acpi/acpica/acglobal.h:347:38: warning: symbol 'acpi_gbl_current_walk_list' was not declared. Should it be static?
drivers/acpi/acpica/acglobal.h:351:16: warning: symbol 'acpi_gbl_cm_single_step' was not declared. Should it be static?
drivers/acpi/acpica/acglobal.h:361:16: warning: symbol 'acpi_gbl_sleep_type_a' was not declared. Should it be static?
drivers/acpi/acpica/acglobal.h:362:16: warning: symbol 'acpi_gbl_sleep_type_b' was not declared. Should it be static?
drivers/acpi/acpica/acglobal.h:372:16: warning: symbol 'acpi_gbl_all_gpes_initialized' was not declared. Should it be static?
drivers/acpi/acpica/acglobal.h:373:40: warning: symbol 'acpi_gbl_gpe_xrupt_list_head' was not declared. Should it be static?
drivers/acpi/acpica/acglobal.h:375:5: warning: symbol 'acpi_gbl_gpe_fadt_blocks' was not declared. Should it be static?
drivers/acpi/acpica/acglobal.h:376:36: warning: symbol 'acpi_gbl_global_event_handler' was not declared. Should it be static?
drivers/acpi/acpica/acglobal.h:377:18: warning: symbol 'acpi_gbl_global_event_handler_context' was not declared. Should it be static?
drivers/acpi/acpica/acglobal.h:379:5: warning: symbol 'acpi_gbl_fixed_event_handlers' was not declared. Should it be static?
drivers/acpi/acpica/acglobal.h:397:17: warning: symbol 'acpi_gpe_count' was not declared. Should it be static?
drivers/acpi/acpica/acglobal.h:398:17: warning: symbol 'acpi_fixed_event_count' was not declared. Should it be static?
drivers/acpi/acpica/acglobal.h:402:17: warning: symbol 'acpi_gbl_original_dbg_level' was not declared. Should it be static?
drivers/acpi/acpica/acglobal.h:403:17: warning: symbol 'acpi_gbl_original_dbg_layer' was not declared. Should it be static?
drivers/acpi/acpica/acglobal.h:404:17: warning: symbol 'acpi_gbl_trace_dbg_level' was not declared. Should it be static?
drivers/acpi/acpica/acglobal.h:405:17: warning: symbol 'acpi_gbl_trace_dbg_layer' was not declared. Should it be static?
drivers/acpi/acpica/acglobal.h:413:16: warning: symbol 'acpi_gbl_db_output_flags' was not declared. Should it be static?
drivers/acpi/acpica/utglobal.c:72:4: warning: symbol 'acpi_gbl_db_terminate_threads' was not declared. Should it be static?
drivers/acpi/acpica/utglobal.c:73:4: warning: symbol 'acpi_gbl_abort_method' was not declared. Should it be static?
drivers/acpi/acpica/utglobal.c:74:4: warning: symbol 'acpi_gbl_method_executing' was not declared. Should it be static?
drivers/acpi/acpica/utglobal.c:78:5: warning: symbol 'acpi_gbl_startup_flags' was not declared. Should it be static?
drivers/acpi/acpica/utglobal.c:82:4: warning: symbol 'acpi_gbl_shutdown' was not declared. Should it be static?
drivers/acpi/acpica/utglobal.c:84:12: warning: symbol 'acpi_gbl_sleep_state_names' was not declared. Should it be static?
drivers/acpi/acpica/utglobal.c:93:12: warning: symbol 'acpi_gbl_lowest_dstate_names' was not declared. Should it be static?
drivers/acpi/acpica/utglobal.c:101:12: warning: symbol 'acpi_gbl_highest_dstate_names' was not declared. Should it be static?
drivers/acpi/acpica/utstate.c:64:1: warning: symbol 'acpi_ut_create_pkg_state_and_push' was not declared. Should it be static?
drivers/ata/libata-scsi.c:1891:9: warning: context imbalance in 'ata_scsi_rbuf_get' - wrong count at exit
drivers/ata/libata-scsi.c:1912:31: warning: context imbalance in 'ata_scsi_rbuf_fill' - unexpected unlock
drivers/ata/libata-scsi.c:1910:48: warning: context imbalance in 'atapi_qc_complete' - unexpected unlock
drivers/ata/libata-sff.c:1302:9: warning: context imbalance in 'ata_sff_hsm_move' - different lock contexts for basic block
drivers/ata/ahci.c:1092:5: warning: symbol 'ahci_init_interrupts' was not declared. Should it be static?
drivers/ata/ahci.c:94:9: warning: Initializer entry defined twice
drivers/ata/libahci.c:191:5: warning: symbol 'ahci_em_messages' was not declared. Should it be static?
drivers/ata/libahci.c:198:5: warning: symbol 'devslp_idle_timeout' was not declared. Should it be static?
drivers/ata/libahci.c:1365:5: warning: symbol 'ahci_pmp_retry_softreset' was not declared. Should it be static?
drivers/ata/libahci.c:1743:6: warning: symbol 'ahci_port_intr' was not declared. Should it be static?
drivers/ata/libahci.c:1776:6: warning: symbol 'ahci_hw_port_interrupt' was not declared. Should it be static?
drivers/base/firmware_class.c:227:13: warning: context imbalance in '__fw_free_buf' - unexpected unlock
drivers/base/firmware_class.c:256:9: warning: context imbalance in 'fw_free_buf' - wrong count at exit
drivers/block/loop.c:235:38: warning: incorrect type in argument 2 (different address spaces)
drivers/char/mem.c:382:44: warning: incorrect type in argument 2 (different address spaces)
drivers/char/agp/frontend.c:46:23: warning: symbol 'agp_fe' was not declared. Should it be static?
drivers/char/agp/frontend.c:48:19: warning: symbol 'agp_find_mem_by_key' was not declared. Should it be static?
drivers/char/agp/frontend.c:164:5: warning: symbol 'agp_create_segment' was not declared. Should it be static?
drivers/char/agp/frontend.c:216:25: warning: symbol 'agp_find_private' was not declared. Should it be static?
drivers/char/agp/frontend.c:271:6: warning: symbol 'agp_free_memory_wrap' was not declared. Should it be static?
drivers/char/agp/frontend.c:277:19: warning: symbol 'agp_allocate_memory_wrap' was not declared. Should it be static?
drivers/char/agp/frontend.c:489:19: warning: symbol 'agp_find_client_by_pid' was not declared. Should it be static?
drivers/char/agp/frontend.c:514:19: warning: symbol 'agp_create_client' was not declared. Should it be static?
drivers/char/agp/frontend.c:527:5: warning: symbol 'agp_remove_client' was not declared. Should it be static?
drivers/char/agp/frontend.c:748:5: warning: symbol 'agpioc_acquire_wrap' was not declared. Should it be static?
drivers/char/agp/frontend.c:791:5: warning: symbol 'agpioc_release_wrap' was not declared. Should it be static?
drivers/char/agp/frontend.c:798:5: warning: symbol 'agpioc_setup_wrap' was not declared. Should it be static?
drivers/char/agp/frontend.c:878:5: warning: symbol 'agpioc_protect_wrap' was not declared. Should it be static?
drivers/char/agp/frontend.c:912:5: warning: symbol 'agpioc_deallocate_wrap' was not declared. Should it be static?
drivers/char/agp/generic.c:47:7: warning: symbol 'agp_gatt_table' was not declared. Should it be static?
drivers/char/agp/generic.c:48:5: warning: symbol 'agp_memory_reserved' was not declared. Should it be static?
drivers/char/agp/intel-agp.c:17:5: warning: symbol 'intel_agp_enabled' was not declared. Should it be static?
drivers/cpufreq/cpufreq.c:252:6: warning: symbol '__cpufreq_notify_transition' was not declared. Should it be static?
drivers/cpufreq/acpi-cpufreq.c:123:42: warning: incorrect type in argument 3 (different address spaces)
drivers/cpufreq/acpi-cpufreq.c:133:42: warning: incorrect type in argument 3 (different address spaces)
drivers/cpufreq/acpi-cpufreq.c:928:22: warning: incorrect type in assignment (different address spaces)
drivers/cpufreq/acpi-cpufreq.c:963:27: warning: incorrect type in argument 1 (different address spaces)
drivers/cpuidle/cpuidle.c:27:1: warning: symbol 'cpuidle_dev' was not declared. Should it be static?
drivers/firmware/dmi_scan.c:113:13: warning: incorrect type in assignment (different address spaces)
drivers/firmware/dmi_scan.c:121:21: warning: incorrect type in argument 1 (different address spaces)
drivers/firmware/dmi_scan.c:785:13: warning: incorrect type in assignment (different address spaces)
drivers/firmware/dmi_scan.c:791:17: warning: incorrect type in argument 1 (different address spaces)
drivers/firmware/efi/vars.c:415:33: warning: context imbalance in 'efivar_init' - different lock contexts for basic block
drivers/firmware/efi/vars.c:484:9: warning: context imbalance in 'efivar_entry_list_del_unlock' - unexpected unlock
drivers/firmware/efi/vars.c:531:5: warning: context imbalance in 'efivar_entry_delete' - wrong count at exit
drivers/firmware/efi/vars.c:789:5: warning: context imbalance in 'efivar_entry_set_get_size' - different lock contexts for basic block
drivers/firmware/efi/vars.c:869:6: warning: context imbalance in 'efivar_entry_iter_begin' - wrong count at exit
drivers/firmware/efi/vars.c:880:6: warning: context imbalance in 'efivar_entry_iter_end' - unexpected unlock
drivers/firmware/efi/efivars.c:230:66: warning: Using plain integer as NULL pointer
drivers/firmware/efi/efivars.c:567:6: warning: symbol 'efivars_sysfs_exit' was not declared. Should it be static?
drivers/gpu/drm/drm_bufs.c:218:37: warning: incorrect type in assignment (different address spaces)
drivers/gpu/drm/drm_bufs.c:336:36: warning: incorrect type in argument 1 (different address spaces)
drivers/gpu/drm/drm_bufs.c:353:36: warning: incorrect type in argument 1 (different address spaces)
drivers/gpu/drm/drm_bufs.c:451:28: warning: incorrect type in argument 1 (different address spaces)
drivers/gpu/drm/drm_drv.c:64:9: error: bad integer constant expression
drivers/gpu/drm/drm_drv.c:65:9: error: bad integer constant expression
drivers/gpu/drm/drm_drv.c:66:9: error: bad integer constant expression
drivers/gpu/drm/drm_drv.c:67:9: error: bad integer constant expression
drivers/gpu/drm/drm_drv.c:68:9: error: bad integer constant expression
drivers/gpu/drm/drm_drv.c:69:9: error: bad integer constant expression
drivers/gpu/drm/drm_drv.c:70:9: error: bad integer constant expression
drivers/gpu/drm/drm_drv.c:71:9: error: bad integer constant expression
drivers/gpu/drm/drm_drv.c:72:9: error: bad integer constant expression
drivers/gpu/drm/drm_drv.c:74:9: error: bad integer constant expression
drivers/gpu/drm/drm_drv.c:75:9: error: bad integer constant expression
drivers/gpu/drm/drm_drv.c:76:9: error: bad integer constant expression
drivers/gpu/drm/drm_drv.c:77:9: error: bad integer constant expression
drivers/gpu/drm/drm_drv.c:79:9: error: bad integer constant expression
drivers/gpu/drm/drm_drv.c:80:9: error: bad integer constant expression
drivers/gpu/drm/drm_drv.c:82:9: error: bad integer constant expression
drivers/gpu/drm/drm_drv.c:83:9: error: bad integer constant expression
drivers/gpu/drm/drm_drv.c:88:9: error: bad integer constant expression
drivers/gpu/drm/drm_drv.c:89:9: error: bad integer constant expression
drivers/gpu/drm/drm_drv.c:90:9: error: bad integer constant expression
drivers/gpu/drm/drm_drv.c:91:9: error: bad integer constant expression
drivers/gpu/drm/drm_drv.c:92:9: error: bad integer constant expression
drivers/gpu/drm/drm_drv.c:93:9: error: bad integer constant expression
drivers/gpu/drm/drm_drv.c:94:9: error: bad integer constant expression
drivers/gpu/drm/drm_drv.c:96:9: error: bad integer constant expression
drivers/gpu/drm/drm_drv.c:97:9: error: bad integer constant expression
drivers/gpu/drm/drm_drv.c:99:9: error: bad integer constant expression
drivers/gpu/drm/drm_drv.c:100:9: error: bad integer constant expression
drivers/gpu/drm/drm_drv.c:102:9: error: bad integer constant expression
drivers/gpu/drm/drm_drv.c:104:9: error: bad integer constant expression
drivers/gpu/drm/drm_drv.c:105:9: error: bad integer constant expression
drivers/gpu/drm/drm_drv.c:106:9: error: bad integer constant expression
drivers/gpu/drm/drm_drv.c:107:9: error: bad integer constant expression
drivers/gpu/drm/drm_drv.c:108:9: error: bad integer constant expression
drivers/gpu/drm/drm_drv.c:110:9: error: bad integer constant expression
drivers/gpu/drm/drm_drv.c:112:9: error: bad integer constant expression
drivers/gpu/drm/drm_drv.c:117:9: error: bad integer constant expression
drivers/gpu/drm/drm_drv.c:118:9: error: bad integer constant expression
drivers/gpu/drm/drm_drv.c:119:9: error: bad integer constant expression
drivers/gpu/drm/drm_drv.c:120:9: error: bad integer constant expression
drivers/gpu/drm/drm_drv.c:121:9: error: bad integer constant expression
drivers/gpu/drm/drm_drv.c:122:9: error: bad integer constant expression
drivers/gpu/drm/drm_drv.c:125:9: error: bad integer constant expression
drivers/gpu/drm/drm_drv.c:126:9: error: bad integer constant expression
drivers/gpu/drm/drm_drv.c:128:9: error: bad integer constant expression
drivers/gpu/drm/drm_drv.c:130:9: error: bad integer constant expression
drivers/gpu/drm/drm_drv.c:132:9: error: bad integer constant expression
drivers/gpu/drm/drm_drv.c:134:9: error: bad integer constant expression
drivers/gpu/drm/drm_drv.c:135:9: error: bad integer constant expression
drivers/gpu/drm/drm_drv.c:136:9: error: bad integer constant expression
drivers/gpu/drm/drm_drv.c:138:9: error: bad integer constant expression
drivers/gpu/drm/drm_drv.c:140:9: error: bad integer constant expression
drivers/gpu/drm/drm_drv.c:141:9: error: bad integer constant expression
drivers/gpu/drm/drm_drv.c:143:9: error: bad integer constant expression
drivers/gpu/drm/drm_drv.c:144:9: error: bad integer constant expression
drivers/gpu/drm/drm_drv.c:145:9: error: bad integer constant expression
drivers/gpu/drm/drm_drv.c:146:9: error: bad integer constant expression
drivers/gpu/drm/drm_drv.c:147:9: error: bad integer constant expression
drivers/gpu/drm/drm_drv.c:148:9: error: bad integer constant expression
drivers/gpu/drm/drm_drv.c:149:9: error: bad integer constant expression
drivers/gpu/drm/drm_drv.c:150:9: error: bad integer constant expression
drivers/gpu/drm/drm_drv.c:151:9: error: bad integer constant expression
drivers/gpu/drm/drm_drv.c:152:9: error: bad integer constant expression
drivers/gpu/drm/drm_drv.c:153:9: error: bad integer constant expression
drivers/gpu/drm/drm_drv.c:154:9: error: bad integer constant expression
drivers/gpu/drm/drm_drv.c:155:9: error: bad integer constant expression
drivers/gpu/drm/drm_drv.c:156:9: error: bad integer constant expression
drivers/gpu/drm/drm_drv.c:157:9: error: bad integer constant expression
drivers/gpu/drm/drm_drv.c:158:9: error: bad integer constant expression
drivers/gpu/drm/drm_drv.c:159:9: error: bad integer constant expression
drivers/gpu/drm/drm_drv.c:160:9: error: bad integer constant expression
drivers/gpu/drm/drm_drv.c:161:9: error: bad integer constant expression
drivers/gpu/drm/drm_drv.c:162:9: error: bad integer constant expression
drivers/gpu/drm/drm_drv.c:163:9: error: bad integer constant expression
drivers/gpu/drm/drm_drv.c:164:9: error: bad integer constant expression
drivers/gpu/drm/drm_drv.c:165:9: error: bad integer constant expression
drivers/gpu/drm/drm_drv.c:166:9: error: bad integer constant expression
drivers/gpu/drm/drm_drv.c:167:9: error: bad integer constant expression
drivers/gpu/drm/drm_drv.c:168:9: error: bad integer constant expression
drivers/gpu/drm/drm_memory.c:119:29: warning: incorrect type in assignment (different address spaces)
drivers/gpu/drm/drm_memory.c:129:29: warning: incorrect type in assignment (different address spaces)
drivers/gpu/drm/drm_memory.c:142:28: warning: incorrect type in argument 1 (different address spaces)
drivers/gpu/drm/drm_vm.c:260:44: warning: incorrect type in argument 1 (different address spaces)
drivers/gpu/drm/drm_ioc32.c:1020:10: error: bad integer constant expression
drivers/gpu/drm/drm_ioc32.c:1021:10: error: bad integer constant expression
drivers/gpu/drm/drm_ioc32.c:1022:10: error: bad integer constant expression
drivers/gpu/drm/drm_ioc32.c:1023:10: error: bad integer constant expression
drivers/gpu/drm/drm_ioc32.c:1024:10: error: bad integer constant expression
drivers/gpu/drm/drm_ioc32.c:1025:10: error: bad integer constant expression
drivers/gpu/drm/drm_ioc32.c:1026:10: error: bad integer constant expression
drivers/gpu/drm/drm_ioc32.c:1027:10: error: bad integer constant expression
drivers/gpu/drm/drm_ioc32.c:1028:10: error: bad integer constant expression
drivers/gpu/drm/drm_ioc32.c:1029:10: error: bad integer constant expression
drivers/gpu/drm/drm_ioc32.c:1030:10: error: bad integer constant expression
drivers/gpu/drm/drm_ioc32.c:1031:10: error: bad integer constant expression
drivers/gpu/drm/drm_ioc32.c:1032:10: error: bad integer constant expression
drivers/gpu/drm/drm_ioc32.c:1033:10: error: bad integer constant expression
drivers/gpu/drm/drm_ioc32.c:1034:10: error: bad integer constant expression
drivers/gpu/drm/drm_ioc32.c:1035:10: error: bad integer constant expression
drivers/gpu/drm/drm_ioc32.c:1036:10: error: bad integer constant expression
drivers/gpu/drm/drm_ioc32.c:1038:10: error: bad integer constant expression
drivers/gpu/drm/drm_ioc32.c:1039:10: error: bad integer constant expression
drivers/gpu/drm/drm_ioc32.c:1040:10: error: bad integer constant expression
drivers/gpu/drm/drm_ioc32.c:1041:10: error: bad integer constant expression
drivers/gpu/drm/drm_ioc32.c:1042:10: error: bad integer constant expression
drivers/gpu/drm/drm_ioc32.c:1043:10: error: bad integer constant expression
drivers/gpu/drm/drm_ioc32.c:1045:10: error: bad integer constant expression
drivers/gpu/drm/drm_ioc32.c:1046:10: error: bad integer constant expression
drivers/gpu/drm/drm_ioc32.c:1048:10: error: bad integer constant expression
drivers/gpu/drm/drm_ioc32.c:1050:10: error: bad integer constant expression
drivers/gpu/drm/drm_fb_helper.c:1413:27: warning: expression using sizeof bool
drivers/gpu/drm/i915/i915_drv.c:286:9: warning: Initializer entry defined twice
drivers/gpu/drm/i915/i915_drv.c:292:9: warning: Initializer entry defined twice
drivers/gpu/drm/i915/i915_drv.c:301:9: warning: Initializer entry defined twice
drivers/gpu/drm/i915/intel_bios.c:704:60: warning: incorrect type in initializer (different address spaces)
drivers/gpu/drm/i915/intel_bios.c:724:42: warning: incorrect type in argument 1 (different address spaces)
drivers/gpu/drm/i915/intel_bios.c:725:40: warning: cast removes address space of expression
drivers/gpu/drm/i915/intel_bios.c:736:24: warning: cast removes address space of expression
drivers/i2c/i2c-core.c:1861:36: warning: dubious: x | !y
drivers/input/mouse/sentelic.h:126:12: warning: symbol 'fsp_detect' was not declared. Should it be static?
drivers/iommu/dmar.c:487:12: warning: symbol 'check_zero_address' was not declared. Should it be static?
drivers/iommu/dmar.c:564:36: warning: incorrect type in argument 1 (different address spaces)
drivers/iommu/dmar.c:1049:29: warning: Using plain integer as NULL pointer
drivers/iommu/dmar.c:1059:29: warning: Using plain integer as NULL pointer
drivers/iommu/dmar.c:1112:12: warning: symbol 'dmar_get_fault_reason' was not declared. Should it be static?
drivers/iommu/intel-iommu.c:409:1: warning: symbol 'unmap_timer' was not declared. Should it be static?
drivers/iommu/intel-iommu.c:445:5: warning: symbol 'intel_iommu_gfx_mapped' was not declared. Should it be static?
drivers/iommu/intel-iommu.c:3183:20: warning: symbol 'intel_dma_ops' was not declared. Should it be static?
drivers/md/dm-raid1.c:258:34: warning: Variable length array is used.
drivers/md/dm-raid1.c:628:34: warning: Variable length array is used.
drivers/md/dm-raid1.c:1359:36: warning: Variable length array is used.
drivers/md/dm.c:1703:17: warning: context imbalance in 'dm_request_fn' - unexpected unlock
drivers/md/dm-stripe.c:320:33: warning: Variable length array is used.
drivers/md/dm-stripe.c:443:12: warning: symbol 'dm_stripe_init' was not declared. Should it be static?
drivers/md/dm-stripe.c:456:6: warning: symbol 'dm_stripe_exit' was not declared. Should it be static?
include/linux/blkdev.h:1467:16: warning: Using plain integer as NULL pointer
include/linux/blkdev.h:1467:16: warning: Using plain integer as NULL pointer
include/linux/blkdev.h:1467:16: warning: Using plain integer as NULL pointer
drivers/net/ethernet/nvidia/forcedeth.c:4676:9: warning: context imbalance in 'nv_set_ringparam' - different lock contexts for basic block
drivers/pci/pci.c:34:5: warning: symbol 'isa_dma_bridge_buggy' was not declared. Should it be static?
drivers/pci/pci.c:3841:1: warning: symbol 'bus_attr_resource_alignment' was not declared. Should it be static?
drivers/pci/pci-driver.c:1085:25: warning: symbol 'pci_dev_pm_ops' was not declared. Should it be static?
drivers/pci/pci-sysfs.c:535:25: warning: symbol 'vga_attr' was not declared. Should it be static?
drivers/pci/rom.c:218:36: warning: incorrect type in return expression (different address spaces)
drivers/pci/pcie/portdrv_core.c:22:6: warning: symbol 'pciehp_msi_disabled' was not declared. Should it be static?
drivers/pcmcia/cistpl.c:1288:5: warning: symbol 'pcmcia_parse_tuple' was not declared. Should it be static?
drivers/pcmcia/cardbus.c:67:11: warning: symbol 'cb_alloc' was not declared. Should it be static?
drivers/pcmcia/cardbus.c:106:6: warning: symbol 'cb_free' was not declared. Should it be static?
drivers/pnp/resource.c:34:19: warning: symbol 'pnp_build_option' was not declared. Should it be static?
drivers/scsi/scsi_lib.c:472:6: warning: symbol 'scsi_requeue_run_queue' was not declared. Should it be static?
drivers/scsi/scsi_lib.c:2235:6: warning: symbol 'scsi_evt_thread' was not declared. Should it be static?
drivers/scsi/scsi_lib.c:1569:17: warning: context imbalance in 'scsi_request_fn' - unexpected unlock
drivers/scsi/scsi_sysfs.c:201:25: warning: symbol 'dev_attr_hstate' was not declared. Should it be static?
drivers/scsi/scsi_sysfs.c:314:24: warning: symbol 'scsi_shost_attr_group' was not declared. Should it be static?
drivers/scsi/sg.c:1105:41: warning: incorrect type in argument 5 (different address spaces)
drivers/tty/tty_io.c:119:17: warning: too long initializer-string for array of char
drivers/tty/tty_io.c:1042:6: warning: context imbalance in 'tty_write_unlock' - wrong count at exit
drivers/tty/tty_io.c:1049:5: warning: context imbalance in 'tty_write_lock' - wrong count at exit
drivers/tty/tty_io.c:1170:17: warning: context imbalance in 'tty_write_message' - unexpected unlock
drivers/tty/tty_io.c:1192:16: warning: context imbalance in 'tty_write' - different lock contexts for basic block
drivers/tty/tty_io.c:2582:12: warning: context imbalance in 'send_break' - different lock contexts for basic block
drivers/tty/sysrq.c:55:16: warning: symbol 'platform_sysrq_reset_seq' was not declared. Should it be static?
drivers/tty/sysrq.c:56:5: warning: symbol 'sysrq_reset_downtime_ms' was not declared. Should it be static?
drivers/tty/serial/serial_core.c:618:22: warning: invalid assignment: |=
drivers/tty/serial/serial_core.c:620:22: warning: invalid assignment: |=
drivers/tty/serial/serial_core.c:622:17: warning: restricted upf_t degrades to integer
drivers/tty/serial/serial_core.c:624:22: warning: invalid assignment: &=
drivers/tty/serial/serial_core.c:627:20: warning: restricted upf_t degrades to integer
drivers/tty/serial/serial_core.c:630:20: warning: restricted upf_t degrades to integer
drivers/tty/serial/serial_core.c:641:22: warning: invalid assignment: |=
drivers/tty/serial/serial_core.c:643:22: warning: invalid assignment: |=
drivers/tty/serial/serial_core.c:645:17: warning: restricted upf_t degrades to integer
drivers/tty/serial/serial_core.c:647:22: warning: invalid assignment: &=
drivers/tty/serial/serial_core.c:650:20: warning: restricted upf_t degrades to integer
drivers/tty/serial/serial_core.c:657:20: warning: restricted upf_t degrades to integer
drivers/tty/serial/serial_core.c:675:29: warning: incorrect type in assignment (different base types)
drivers/tty/serial/serial_core.c:749:19: warning: incorrect type in assignment (different base types)
drivers/tty/serial/8250/8250_core.c:2790:32: warning: incorrect type in assignment (different base types)
drivers/tty/serial/8250/8250_core.c:2792:32: warning: incorrect type in assignment (different address spaces)
/cmpt816/linux/arch/x86/include/asm/spinlock.h:81:9: warning: context imbalance in 'serial8250_console_write' - unexpected unlock
drivers/tty/vt/consolemap_deftbl.c:10:4: warning: symbol 'dfont_unicount' was not declared. Should it be static?
drivers/tty/vt/consolemap_deftbl.c:46:5: warning: symbol 'dfont_unitable' was not declared. Should it be static?
drivers/tty/vt/vt.c:223:5: warning: symbol 'console_blank_hook' was not declared. Should it be static?
drivers/tty/vt/vt.c:2389:19: warning: symbol 'console_driver' was not declared. Should it be static?
drivers/tty/vt/defkeymap.c:27:9: warning: symbol 'shift_map' was not declared. Should it be static?
drivers/tty/vt/defkeymap.c:46:9: warning: symbol 'altgr_map' was not declared. Should it be static?
drivers/tty/vt/defkeymap.c:65:9: warning: symbol 'ctrl_map' was not declared. Should it be static?
drivers/tty/vt/defkeymap.c:84:9: warning: symbol 'shift_ctrl_map' was not declared. Should it be static?
drivers/tty/vt/defkeymap.c:103:9: warning: symbol 'alt_map' was not declared. Should it be static?
drivers/tty/vt/defkeymap.c:122:9: warning: symbol 'ctrl_alt_map' was not declared. Should it be static?
drivers/tty/vt/defkeymap.c:148:14: warning: symbol 'keymap_count' was not declared. Should it be static?
drivers/tty/vt/defkeymap.c:156:6: warning: symbol 'func_buf' was not declared. Should it be static?
drivers/tty/vt/defkeymap.c:187:6: warning: symbol 'funcbufptr' was not declared. Should it be static?
drivers/tty/vt/defkeymap.c:188:5: warning: symbol 'funcbufsize' was not declared. Should it be static?
drivers/tty/vt/defkeymap.c:189:5: warning: symbol 'funcbufleft' was not declared. Should it be static?
drivers/tty/vt/defkeymap.c:191:6: warning: symbol 'func_table' was not declared. Should it be static?
drivers/tty/vt/defkeymap.c:225:18: warning: symbol 'accent_table' was not declared. Should it be static?
drivers/tty/vt/defkeymap.c:262:14: warning: symbol 'accent_table_size' was not declared. Should it be static?
drivers/usb/host/pci-quirks.c:728:6: warning: symbol 'usb_is_intel_ppt_switchable_xhci' was not declared. Should it be static?
drivers/usb/host/pci-quirks.c:736:6: warning: symbol 'usb_is_intel_lpt_switchable_xhci' was not declared. Should it be static?
drivers/usb/host/ohci-hub.c:247:9: warning: context imbalance in 'ohci_rh_resume' - different lock contexts for basic block
drivers/video/backlight/generic_bl.c:59:6: warning: symbol 'genericbl_limit_intensity' was not declared. Should it be static?
sound/core/pcm_native.c:172:37: warning: Variable length array is used.
sound/core/pcm_compat.c:34:41: warning: incorrect type in argument 2 (different address spaces)
sound/core/pcm_native.c:752:17: warning: context imbalance in 'snd_pcm_action_group' - different lock contexts for basic block
sound/core/oss/pcm_oss.c:1670:61: warning: Variable length array is used.
sound/core/oss/pcm_plugin.c:283:36: warning: cast truncates bits from constant value (f00003fff becomes 3fff)
sound/core/oss/pcm_plugin.c:284:41: warning: cast truncates bits from constant value (f00003fff becomes 3fff)
sound/core/seq/seq_compat.c:62:45: warning: incorrect type in argument 3 (different address spaces)
sound/core/seq/seq_clientmgr.c:698:9: warning: context imbalance in 'deliver_to_subscribers' - different lock contexts for basic block
sound/pci/hda/patch_ca0132.c:762:14: warning: symbol 'codec_send_command' was not declared. Should it be static?
sound/pci/hda/hda_codec.c:2613:57: warning: incorrect type in argument 4 (different address spaces)
sound/pci/hda/hda_codec.c:4846:27: warning: context imbalance in '__snd_hda_power_up' - unexpected unlock
sound/pci/hda/hda_proc.c:450:18: error: bad integer constant expression
sound/pci/hda/hda_proc.c:451:18: error: bad integer constant expression
sound/pci/hda/hda_proc.c:452:18: error: bad integer constant expression
sound/pci/hda/hda_proc.c:453:18: error: bad integer constant expression
sound/pci/hda/hda_proc.c:454:18: error: bad integer constant expression
sound/pci/hda/hda_proc.c:455:18: error: bad integer constant expression
sound/pci/hda/hda_proc.c:456:18: error: bad integer constant expression
sound/pci/hda/hda_proc.c:457:18: error: bad integer constant expression
sound/pci/hda/hda_intel.c:90:1: warning: expression using sizeof bool
sound/pci/hda/hda_intel.c:90:1: warning: expression using sizeof bool
sound/pci/hda/hda_intel.c:2647:33: warning: incorrect type in assignment (different address spaces)
arch/x86/pci/legacy.c:59:12: warning: symbol 'pci_subsys_init' was not declared. Should it be static?
arch/x86/pci/common.c:26:14: warning: symbol 'pci_early_dump_regs' was not declared. Should it be static?
arch/x86/pci/common.c:631:22: warning: incorrect type in assignment (different address spaces)
arch/x86/pci/common.c:650:25: warning: incorrect type in argument 1 (different address spaces)
arch/x86/power/cpu.c:33:22: warning: symbol 'saved_context' was not declared. Should it be static?
arch/x86/power/hibernate_64.c:32:15: warning: symbol 'restore_jump_address' was not declared. Should it be static?
arch/x86/power/hibernate_64.c:38:15: warning: symbol 'restore_cr3' was not declared. Should it be static?
arch/x86/power/hibernate_64.c:40:7: warning: symbol 'temp_level4_pgt' was not declared. Should it be static?
arch/x86/power/hibernate_64.c:42:6: warning: symbol 'relocated_restore_code' was not declared. Should it be static?
arch/x86/power/hibernate_64.c:83:5: warning: symbol 'swsusp_arch_resume' was not declared. Should it be static?
arch/x86/power/hibernate_64.c:105:5: warning: symbol 'pfn_is_nosave' was not declared. Should it be static?
arch/x86/power/hibernate_64.c:125:5: warning: symbol 'arch_hibernation_header_save' was not declared. Should it be static?
arch/x86/power/hibernate_64.c:142:5: warning: symbol 'arch_hibernation_header_restore' was not declared. Should it be static?
arch/x86/video/fbdev.c:14:5: warning: symbol 'fb_is_primary_device' was not declared. Should it be static?
net/socket.c:1360:1: warning: symbol 'SyS_socket' was not declared. Should it be static?
net/socket.c:1401:1: warning: symbol 'SyS_socketpair' was not declared. Should it be static?
net/socket.c:1497:1: warning: symbol 'SyS_bind' was not declared. Should it be static?
net/socket.c:1526:1: warning: symbol 'SyS_listen' was not declared. Should it be static?
net/socket.c:1559:1: warning: symbol 'SyS_accept4' was not declared. Should it be static?
net/socket.c:1640:1: warning: symbol 'SyS_accept' was not declared. Should it be static?
net/socket.c:1658:1: warning: symbol 'SyS_connect' was not declared. Should it be static?
net/socket.c:1690:1: warning: symbol 'SyS_getsockname' was not declared. Should it be static?
net/socket.c:1721:1: warning: symbol 'SyS_getpeername' was not declared. Should it be static?
net/socket.c:1753:1: warning: symbol 'SyS_sendto' was not declared. Should it be static?
net/socket.c:1800:1: warning: symbol 'SyS_send' was not declared. Should it be static?
net/socket.c:1812:1: warning: symbol 'SyS_recvfrom' was not declared. Should it be static?
net/socket.c:1868:1: warning: symbol 'SyS_setsockopt' was not declared. Should it be static?
net/socket.c:1902:1: warning: symbol 'SyS_getsockopt' was not declared. Should it be static?
net/socket.c:1932:1: warning: symbol 'SyS_shutdown' was not declared. Should it be static?
net/socket.c:2091:1: warning: symbol 'SyS_sendmsg' was not declared. Should it be static?
net/socket.c:2158:1: warning: symbol 'SyS_sendmmsg' was not declared. Should it be static?
net/socket.c:2275:1: warning: symbol 'SyS_recvmsg' was not declared. Should it be static?
net/socket.c:2391:1: warning: symbol 'SyS_recvmmsg' was not declared. Should it be static?
net/socket.c:2436:1: warning: symbol 'SyS_socketcall' was not declared. Should it be static?
net/core/sock.c:1503:9: warning: context imbalance in 'sk_clone_lock' - different lock contexts for basic block
net/core/sock.c:2331:6: warning: context imbalance in 'lock_sock_fast' - different lock contexts for basic block
net/core/sock.c:2714:13: warning: context imbalance in 'proto_seq_start' - wrong count at exit
net/core/sock.c:2726:13: warning: context imbalance in 'proto_seq_stop' - wrong count at exit
include/net/sock.h:1487:31: warning: context imbalance in 'skb_free_datagram_locked' - unexpected unlock
net/core/scm.c:236:26: warning: cast removes address space of expression
net/core/scm.c:236:26: warning: incorrect type in argument 1 (different address spaces)
net/core/scm.c:272:48: warning: cast removes address space of expression
net/core/gen_stats.c:58:1: warning: context imbalance in 'gnet_stats_start_copy_compat' - wrong count at exit
net/core/gen_stats.c:35:23: warning: context imbalance in 'gnet_stats_copy_basic' - unexpected unlock
net/core/gen_stats.c:35:23: warning: context imbalance in 'gnet_stats_copy_rate_est' - unexpected unlock
net/core/gen_stats.c:35:23: warning: context imbalance in 'gnet_stats_copy_queue' - unexpected unlock
net/core/gen_stats.c:35:23: warning: context imbalance in 'gnet_stats_copy_app' - unexpected unlock
net/core/gen_stats.c:35:23: warning: context imbalance in 'gnet_stats_finish_copy' - unexpected unlock
net/core/dev.c:143:18: warning: symbol 'ptype_base' was not declared. Should it be static?
net/core/dev.c:144:18: warning: symbol 'ptype_all' was not declared. Should it be static?
net/core/dev.c:2714:9: warning: context imbalance in 'dev_queue_xmit' - different lock contexts for basic block
net/core/dev.c:3245:17: warning: context imbalance in 'net_tx_action' - different lock contexts for basic block
net/core/dev.c:4223:36: warning: context imbalance in 'net_rx_action' - different lock contexts for basic block
net/core/rtnetlink.c:1743:41: warning: Variable length array is used.
net/core/filter.c:48:6: warning: symbol 'bpf_internal_load_pointer_neg_helper' was not declared. Should it be static?
net/core/filter.c:689:32: warning: incorrect type in argument 2 (different address spaces)
net/core/netpoll.c:411:17: warning: context imbalance in 'netpoll_send_skb_on_dev' - different lock contexts for basic block
net/ipv4/ip_input.c:362:17: warning: incorrect type in initializer (different address spaces)
net/ipv4/ip_input.c:362:17: warning: incorrect type in initializer (different address spaces)
net/ipv4/ip_input.c:362:17: warning: incorrect type in initializer (different address spaces)
net/ipv4/ip_input.c:365:17: warning: incorrect type in initializer (different address spaces)
net/ipv4/ip_input.c:365:17: warning: incorrect type in initializer (different address spaces)
net/ipv4/ip_input.c:365:17: warning: incorrect type in initializer (different address spaces)
net/ipv4/ip_input.c:390:9: warning: incorrect type in initializer (different address spaces)
net/ipv4/ip_input.c:390:9: warning: incorrect type in initializer (different address spaces)
net/ipv4/ip_input.c:390:9: warning: incorrect type in initializer (different address spaces)
net/ipv4/ip_output.c:176:17: warning: incorrect type in initializer (different address spaces)
net/ipv4/ip_output.c:176:17: warning: incorrect type in initializer (different address spaces)
net/ipv4/ip_output.c:176:17: warning: incorrect type in initializer (different address spaces)
net/ipv4/ip_output.c:178:17: warning: incorrect type in initializer (different address spaces)
net/ipv4/ip_output.c:178:17: warning: incorrect type in initializer (different address spaces)
net/ipv4/ip_output.c:178:17: warning: incorrect type in initializer (different address spaces)
net/ipv4/ip_output.c:246:9: warning: incorrect type in initializer (different address spaces)
net/ipv4/ip_output.c:246:9: warning: incorrect type in initializer (different address spaces)
net/ipv4/ip_output.c:246:9: warning: incorrect type in initializer (different address spaces)
net/ipv4/ip_output.c:302:9: warning: incorrect type in initializer (different address spaces)
net/ipv4/ip_output.c:302:9: warning: incorrect type in initializer (different address spaces)
net/ipv4/ip_output.c:302:9: warning: incorrect type in initializer (different address spaces)
net/ipv4/ip_output.c:176:17: warning: incorrect type in initializer (different address spaces)
net/ipv4/ip_output.c:176:17: warning: incorrect type in initializer (different address spaces)
net/ipv4/ip_output.c:176:17: warning: incorrect type in initializer (different address spaces)
net/ipv4/ip_output.c:178:17: warning: incorrect type in initializer (different address spaces)
net/ipv4/ip_output.c:178:17: warning: incorrect type in initializer (different address spaces)
net/ipv4/ip_output.c:178:17: warning: incorrect type in initializer (different address spaces)
net/ipv4/ip_sockglue.c:1286:33: warning: incorrect type in assignment (different address spaces)
net/ipv4/inet_connection_sock.c:217:9: warning: context imbalance in 'inet_csk_get_port' - different lock contexts for basic block
include/net/sock.h:1487:31: warning: context imbalance in 'tcp_ioctl' - unexpected unlock
net/ipv4/tcp_ipv4.c:604:13: warning: context imbalance in 'tcp_v4_send_reset' - different lock contexts for basic block
net/ipv4/tcp_ipv4.c:1458:9: warning: context imbalance in 'tcp_v4_conn_req_fastopen' - unexpected unlock
net/ipv4/tcp_ipv4.c:1739:20: warning: context imbalance in 'tcp_v4_hnd_req' - different lock contexts for basic block
include/net/sock.h:475:54: warning: context imbalance in 'listening_get_next' - unexpected unlock
net/ipv4/tcp_ipv4.c:2387:9: warning: context imbalance in 'established_get_first' - wrong count at exit
net/ipv4/tcp_ipv4.c:2412:48: warning: context imbalance in 'established_get_next' - unexpected unlock
net/ipv4/tcp_ipv4.c:2569:69: warning: context imbalance in 'tcp_seq_stop' - unexpected unlock
net/ipv4/tcp_minisocks.c:765:9: warning: context imbalance in 'tcp_child_process' - unexpected unlock
net/ipv4/raw.c:956:21: warning: context imbalance in 'raw_seq_start' - wrong count at exit
net/ipv4/raw.c:973:6: warning: context imbalance in 'raw_seq_stop' - unexpected unlock
include/net/sock.h:1487:31: warning: context imbalance in 'first_packet_length' - unexpected unlock
include/net/sock.h:1487:31: warning: context imbalance in 'udp_recvmsg' - unexpected unlock
include/net/sock.h:1487:31: warning: context imbalance in 'udp_destroy_sock' - unexpected unlock
net/ipv4/udp.c:2042:9: warning: context imbalance in 'udp_get_first' - wrong count at exit
net/ipv4/udp.c:2056:39: warning: context imbalance in 'udp_get_next' - unexpected unlock
net/ipv4/udp.c:2098:31: warning: context imbalance in 'udp_seq_stop' - unexpected unlock
net/ipv4/icmp.c:331:13: warning: context imbalance in 'icmp_reply' - different lock contexts for basic block
net/ipv4/icmp.c:481:6: warning: context imbalance in 'icmp_send' - different lock contexts for basic block
net/ipv4/igmp.c:2538:31: warning: context imbalance in 'igmp_mcf_get_next' - unexpected unlock
net/ipv4/igmp.c:2566:9: warning: context imbalance in 'igmp_mcf_get_idx' - wrong count at exit
net/ipv4/igmp.c:2583:9: warning: context imbalance in 'igmp_mcf_seq_next' - wrong count at exit
net/ipv4/igmp.c:2595:9: warning: context imbalance in 'igmp_mcf_seq_stop' - unexpected unlock
net/ipv4/ping.c:807:21: warning: context imbalance in 'ping_seq_start' - wrong count at exit
net/ipv4/ping.c:823:13: warning: context imbalance in 'ping_seq_stop' - unexpected unlock
net/ipv4/ipmr.c:2431:13: warning: context imbalance in 'ipmr_vif_seq_start' - wrong count at exit
net/ipv4/ipmr.c:2524:25: warning: context imbalance in 'ipmr_mfc_seq_idx' - wrong count at exit
net/ipv4/ipmr.c:2605:23: warning: context imbalance in 'ipmr_mfc_seq_next' - unexpected unlock
net/ipv4/ipmr.c:2617:31: warning: context imbalance in 'ipmr_mfc_seq_stop' - unexpected unlock
net/ipv4/ipconfig.c:139:8: warning: symbol 'ic_addrservaddr' was not declared. Should it be static?
net/ipv4/ipconfig.c:146:8: warning: symbol 'ic_dev_xid' was not declared. Should it be static?
net/ipv4/netfilter/ip_tables.c:68:16: warning: Variable length array is used.
net/ipv4/netfilter/ip_tables.c:349:27: warning: incorrect type in assignment (different modifiers)
net/ipv4/netfilter/ip_tables.c:391:43: warning: incorrect type in assignment (different modifiers)
net/ipv4/netfilter/ip_tables.c:417:27: warning: incorrect type in assignment (different modifiers)
net/ipv6/anycast.c:426:25: warning: context imbalance in 'ac6_get_next' - unexpected unlock
net/ipv6/anycast.c:448:9: warning: context imbalance in 'ac6_get_idx' - wrong count at exit
include/linux/rcupdate.h:803:9: warning: context imbalance in 'ac6_seq_stop' - unexpected unlock
net/ipv6/ip6_output.c:121:17: warning: incorrect type in initializer (different address spaces)
net/ipv6/ip6_output.c:121:17: warning: incorrect type in initializer (different address spaces)
net/ipv6/ip6_output.c:121:17: warning: incorrect type in initializer (different address spaces)
net/ipv6/ip6_output.c:121:17: warning: incorrect type in initializer (different address spaces)
net/ipv6/ip6_output.c:121:17: warning: incorrect type in initializer (different address spaces)
net/ipv6/ip6_output.c:121:17: warning: incorrect type in initializer (different address spaces)
net/ipv6/ip6_output.c:246:17: warning: incorrect type in initializer (different address spaces)
net/ipv6/ip6_output.c:246:17: warning: incorrect type in initializer (different address spaces)
net/ipv6/ip6_output.c:246:17: warning: incorrect type in initializer (different address spaces)
net/ipv6/ip6_output.c:246:17: warning: incorrect type in initializer (different address spaces)
net/ipv6/ip6_output.c:246:17: warning: incorrect type in initializer (different address spaces)
net/ipv6/ip6_output.c:246:17: warning: incorrect type in initializer (different address spaces)
net/ipv6/ip6_output.c:1546:9: warning: incorrect type in initializer (different address spaces)
net/ipv6/ip6_output.c:1546:9: warning: incorrect type in initializer (different address spaces)
net/ipv6/ip6_output.c:1546:9: warning: incorrect type in initializer (different address spaces)
net/ipv6/ip6_output.c:1546:9: warning: incorrect type in initializer (different address spaces)
net/ipv6/ip6_output.c:1546:9: warning: incorrect type in initializer (different address spaces)
net/ipv6/ip6_output.c:1546:9: warning: incorrect type in initializer (different address spaces)
net/ipv6/ip6_input.c:81:9: warning: incorrect type in initializer (different address spaces)
net/ipv6/ip6_input.c:81:9: warning: incorrect type in initializer (different address spaces)
net/ipv6/ip6_input.c:81:9: warning: incorrect type in initializer (different address spaces)
net/ipv6/ip6_input.c:81:9: warning: incorrect type in initializer (different address spaces)
net/ipv6/ip6_input.c:81:9: warning: incorrect type in initializer (different address spaces)
net/ipv6/ip6_input.c:81:9: warning: incorrect type in initializer (different address spaces)
net/ipv6/ip6_input.c:284:9: warning: incorrect type in initializer (different address spaces)
net/ipv6/ip6_input.c:284:9: warning: incorrect type in initializer (different address spaces)
net/ipv6/ip6_input.c:284:9: warning: incorrect type in initializer (different address spaces)
net/ipv6/ip6_input.c:284:9: warning: incorrect type in initializer (different address spaces)
net/ipv6/ip6_input.c:284:9: warning: incorrect type in initializer (different address spaces)
net/ipv6/ip6_input.c:284:9: warning: incorrect type in initializer (different address spaces)
net/ipv6/ipv6_sockglue.c:994:33: warning: incorrect type in assignment (different address spaces)
net/ipv6/ndisc.c:453:9: warning: incorrect type in initializer (different address spaces)
net/ipv6/ndisc.c:453:9: warning: incorrect type in initializer (different address spaces)
net/ipv6/ndisc.c:453:9: warning: incorrect type in initializer (different address spaces)
net/ipv6/ndisc.c:453:9: warning: incorrect type in initializer (different address spaces)
net/ipv6/ndisc.c:453:9: warning: incorrect type in initializer (different address spaces)
net/ipv6/ndisc.c:453:9: warning: incorrect type in initializer (different address spaces)
include/net/sock.h:1487:31: warning: context imbalance in 'udpv6_recvmsg' - unexpected unlock
net/ipv6/raw.c:647:9: warning: incorrect type in initializer (different address spaces)
net/ipv6/raw.c:647:9: warning: incorrect type in initializer (different address spaces)
net/ipv6/raw.c:647:9: warning: incorrect type in initializer (different address spaces)
net/ipv6/raw.c:647:9: warning: incorrect type in initializer (different address spaces)
net/ipv6/raw.c:647:9: warning: incorrect type in initializer (different address spaces)
net/ipv6/raw.c:647:9: warning: incorrect type in initializer (different address spaces)
net/ipv6/icmp.c:375:13: warning: context imbalance in 'icmp6_send' - different lock contexts for basic block
net/ipv6/icmp.c:532:13: warning: context imbalance in 'icmpv6_echo_reply' - wrong count at exit
net/ipv6/mcast.c:1410:9: warning: incorrect type in initializer (different address spaces)
net/ipv6/mcast.c:1410:9: warning: incorrect type in initializer (different address spaces)
net/ipv6/mcast.c:1410:9: warning: incorrect type in initializer (different address spaces)
net/ipv6/mcast.c:1410:9: warning: incorrect type in initializer (different address spaces)
net/ipv6/mcast.c:1410:9: warning: incorrect type in initializer (different address spaces)
net/ipv6/mcast.c:1410:9: warning: incorrect type in initializer (different address spaces)
net/ipv6/mcast.c:1443:17: warning: incorrect type in initializer (different address spaces)
net/ipv6/mcast.c:1443:17: warning: incorrect type in initializer (different address spaces)
net/ipv6/mcast.c:1443:17: warning: incorrect type in initializer (different address spaces)
net/ipv6/mcast.c:1443:17: warning: incorrect type in initializer (different address spaces)
net/ipv6/mcast.c:1443:17: warning: incorrect type in initializer (different address spaces)
net/ipv6/mcast.c:1443:17: warning: incorrect type in initializer (different address spaces)
net/ipv6/mcast.c:1748:9: warning: incorrect type in initializer (different address spaces)
net/ipv6/mcast.c:1748:9: warning: incorrect type in initializer (different address spaces)
net/ipv6/mcast.c:1748:9: warning: incorrect type in initializer (different address spaces)
net/ipv6/mcast.c:1748:9: warning: incorrect type in initializer (different address spaces)
net/ipv6/mcast.c:1748:9: warning: incorrect type in initializer (different address spaces)
net/ipv6/mcast.c:1748:9: warning: incorrect type in initializer (different address spaces)
net/ipv6/mcast.c:1805:17: warning: incorrect type in initializer (different address spaces)
net/ipv6/mcast.c:1805:17: warning: incorrect type in initializer (different address spaces)
net/ipv6/mcast.c:1805:17: warning: incorrect type in initializer (different address spaces)
net/ipv6/mcast.c:1805:17: warning: incorrect type in initializer (different address spaces)
net/ipv6/mcast.c:1805:17: warning: incorrect type in initializer (different address spaces)
net/ipv6/mcast.c:1805:17: warning: incorrect type in initializer (different address spaces)
net/ipv6/mcast.c:251:25: warning: context imbalance in 'ip6_mc_find_dev_rcu' - different lock contexts for basic block
net/ipv6/mcast.c:443:9: warning: context imbalance in 'ip6_mc_source' - unexpected unlock
net/ipv6/mcast.c:532:9: warning: context imbalance in 'ip6_mc_msfilter' - unexpected unlock
net/ipv6/mcast.c:580:21: warning: context imbalance in 'ip6_mc_msfget' - unexpected unlock
net/ipv6/mcast.c:2349:25: warning: context imbalance in 'igmp6_mc_get_next' - unexpected unlock
net/ipv6/mcast.c:2371:9: warning: context imbalance in 'igmp6_mc_get_idx' - wrong count at exit
net/ipv6/mcast.c:2398:9: warning: context imbalance in 'igmp6_mc_seq_stop' - unexpected unlock
net/ipv6/mcast.c:2484:31: warning: context imbalance in 'igmp6_mcf_get_next' - unexpected unlock
net/ipv6/mcast.c:2516:9: warning: context imbalance in 'igmp6_mcf_get_idx' - wrong count at exit
net/ipv6/mcast.c:2533:9: warning: context imbalance in 'igmp6_mcf_seq_next' - wrong count at exit
net/ipv6/mcast.c:2546:17: warning: context imbalance in 'igmp6_mcf_seq_stop' - unexpected unlock
net/ipv6/tcp_ipv6.c:815:13: warning: context imbalance in 'tcp_v6_send_reset' - different lock contexts for basic block
net/ipv6/tcp_ipv6.c:911:20: warning: context imbalance in 'tcp_v6_hnd_req' - different lock contexts for basic block
net/ipv6/xfrm6_state.c:64:19: warning: Variable length array is used.
net/ipv6/xfrm6_state.c:66:26: error: cannot size expression
net/ipv6/netfilter/ip6_tables.c:69:16: warning: Variable length array is used.
net/ipv6/netfilter/ip6_tables.c:369:27: warning: incorrect type in assignment (different modifiers)
net/ipv6/netfilter/ip6_tables.c:406:43: warning: incorrect type in assignment (different modifiers)
net/ipv6/netfilter/ip6_tables.c:427:27: warning: incorrect type in assignment (different modifiers)
net/ipv6/addrconf_core.c:83:5: warning: symbol 'register_inet6addr_notifier' was not declared. Should it be static?
net/ipv6/addrconf_core.c:89:5: warning: symbol 'unregister_inet6addr_notifier' was not declared. Should it be static?
net/ipv6/addrconf_core.c:95:5: warning: symbol 'inet6addr_notifier_call_chain' was not declared. Should it be static?
net/netfilter/core.c:33:32: warning: symbol 'nf_ipv6_ops' was not declared. Should it be static?
net/netfilter/nf_conntrack_core.c:1603:9: error: cannot dereference this type
net/netfilter/nf_conntrack_core.c:1604:9: error: cannot dereference this type
net/netfilter/nfnetlink.c:184:61: warning: Variable length array is used.
include/linux/rcupdate.h:803:9: warning: context imbalance in 'ctnetlink_parse_nat_setup' - unexpected unlock
net/netfilter/nf_conntrack_netlink.c:1376:31: warning: context imbalance in 'ctnetlink_change_conntrack' - unexpected unlock
net/netfilter/nf_nat_core.c:791:9: error: cannot dereference this type
net/netfilter/nf_nat_core.c:793:9: error: cannot dereference this type
net/netfilter/nf_nat_core.c:796:9: error: cannot dereference this type
net/netfilter/nf_nat_core.c:800:9: error: cannot dereference this type
net/netfilter/nf_nat_ftp.c:132:9: error: cannot dereference this type
net/netfilter/nf_nat_irc.c:83:9: error: cannot dereference this type
net/netfilter/nf_nat_sip.c:647:9: error: cannot dereference this type
net/netfilter/nf_nat_sip.c:648:9: error: cannot dereference this type
net/netfilter/nf_nat_sip.c:649:9: error: cannot dereference this type
net/netfilter/nf_nat_sip.c:650:9: error: cannot dereference this type
net/netfilter/nf_nat_sip.c:651:9: error: cannot dereference this type
net/netfilter/nf_nat_sip.c:652:9: error: cannot dereference this type
net/netfilter/nf_nat_sip.c:653:9: error: cannot dereference this type
net/packet/af_packet.c:293:39: warning: incorrect type in return expression (different modifiers)
net/packet/af_packet.c:294:16: warning: incorrect type in return expression (different modifiers)
net/packet/af_packet.c:2030:22: warning: incorrect type in assignment (different modifiers)
net/packet/af_packet.c:293:39: warning: incorrect type in return expression (different modifiers)
net/packet/af_packet.c:294:16: warning: incorrect type in return expression (different modifiers)
net/packet/af_packet.c:3754:38: warning: incorrect type in assignment (different modifiers)
net/sched/sch_generic.c:113:5: warning: context imbalance in 'sch_direct_xmit' - unexpected unlock
net/sunrpc/svc_xprt.c:574:5: warning: symbol 'svc_alloc_arg' was not declared. Should it be static?
net/sunrpc/svc_xprt.c:615:17: warning: symbol 'svc_get_next_xprt' was not declared. Should it be static?
net/sunrpc/svc_xprt.c:694:6: warning: symbol 'svc_add_new_temp_xprt' was not declared. Should it be static?
net/sunrpc/sysctl.c:28:17: warning: symbol 'rpc_debug' was not declared. Should it be static?
net/sunrpc/sysctl.c:31:17: warning: symbol 'nfs_debug' was not declared. Should it be static?
net/sunrpc/sysctl.c:34:17: warning: symbol 'nfsd_debug' was not declared. Should it be static?
net/sunrpc/sysctl.c:37:17: warning: symbol 'nlm_debug' was not declared. Should it be static?
net/sunrpc/auth_gss/svcauth_gss.c:1270:1: warning: symbol 'use_gssp_lock' was not declared. Should it be static?
net/unix/af_unix.c:932:13: warning: context imbalance in 'unix_state_double_lock' - wrong count at exit
/cmpt816/linux/arch/x86/include/asm/spinlock.h:81:9: warning: context imbalance in 'unix_state_double_unlock' - unexpected unlock
net/unix/af_unix.c:1040:54: warning: context imbalance in 'unix_wait_for_peer' - unexpected unlock
net/unix/af_unix.c:1219:9: warning: context imbalance in 'unix_stream_connect' - different lock contexts for basic block
net/unix/af_unix.c:1590:9: warning: context imbalance in 'unix_dgram_sendmsg' - different lock contexts for basic block
net/xfrm/xfrm_policy.c:111:9: warning: context imbalance in 'xfrm_policy_get_afinfo' - different lock contexts for basic block
net/xfrm/xfrm_policy.c:114:13: warning: context imbalance in 'xfrm_policy_put_afinfo' - unexpected unlock
net/xfrm/xfrm_state.c:1872:9: warning: context imbalance in 'xfrm_state_get_afinfo' - different lock contexts for basic block
net/xfrm/xfrm_state.c:1875:13: warning: context imbalance in 'xfrm_state_put_afinfo' - unexpected unlock
net/compat.c:74:24: warning: incorrect type in assignment (different address spaces)
net/compat.c:75:23: warning: incorrect type in assignment (different address spaces)
net/compat.c:76:27: warning: incorrect type in assignment (different address spaces)
net/compat.c:88:63: warning: incorrect type in argument 1 (different address spaces)
net/compat.c:159:22: warning: cast removes address space of expression
net/compat.c:187:22: warning: cast removes address space of expression
net/compat.c:366:54: warning: incorrect type in argument 4 (different address spaces)
net/compat.c:427:54: warning: incorrect type in argument 4 (different address spaces)
net/compat.c:427:71: warning: incorrect type in argument 5 (different address spaces)
net/compat.c:570:57: warning: cast removes address space of expression
net/compat.c:570:57: warning: incorrect type in initializer (different address spaces)
net/compat.c:591:65: warning: cast removes address space of expression
net/compat.c:591:65: warning: incorrect type in initializer (different address spaces)
net/compat.c:612:60: warning: cast removes address space of expression
net/compat.c:612:60: warning: incorrect type in initializer (different address spaces)
net/compat.c:650:52: warning: cast removes address space of expression
net/compat.c:650:52: warning: incorrect type in initializer (different address spaces)
net/compat.c:783:40: warning: cast removes address space of expression
lib/usercopy.c:5:6: warning: symbol 'copy_from_user_overflow' was not declared. Should it be static?
lib/bcd.c:4:10: error: symbol '_bcd2bin' redeclared with different type (originally declared at include/linux/bcd.h:19) - different modifiers
lib/bcd.c:10:15: error: symbol '_bin2bcd' redeclared with different type (originally declared at include/linux/bcd.h:20) - different modifiers
lib/gcd.c:6:15: error: symbol 'gcd' redeclared with different type (originally declared at include/linux/gcd.h:6) - different modifiers
lib/lcm.c:7:15: error: symbol 'lcm' redeclared with different type (originally declared at include/linux/lcm.h:6) - different modifiers
lib/devres.c:83:9: warning: cast removes address space of expression
lib/devres.c:117:31: warning: incorrect type in return expression (different address spaces)
lib/devres.c:125:31: warning: incorrect type in return expression (different address spaces)
lib/devres.c:136:26: warning: incorrect type in assignment (different address spaces)
lib/devres.c:164:20: warning: incorrect type in argument 1 (different address spaces)
lib/devres.c:226:9: warning: cast removes address space of expression
lib/crc32.c:189:12: error: symbol 'crc32_le' redeclared with different type (originally declared at include/linux/crc32.h:11) - different modifiers
lib/crc32.c:194:12: error: symbol '__crc32c_le' redeclared with different type (originally declared at include/linux/crc32.h:14) - different modifiers
lib/crc32.c:256:12: error: symbol 'crc32_be' redeclared with different type (originally declared at include/linux/crc32.h:12) - different modifiers
lib/xz/xz_dec_stream.c:734:23: warning: function 'xz_dec_run' with external linkage has definition
lib/xz/xz_dec_stream.c:770:25: warning: function 'xz_dec_init' with external linkage has definition
lib/xz/xz_dec_stream.c:800:16: warning: function 'xz_dec_reset' with external linkage has definition
lib/xz/xz_dec_stream.c:812:16: warning: function 'xz_dec_end' with external linkage has definition
lib/xz/xz_dec_lzma2.c:931:23: warning: function 'xz_dec_lzma2_run' with external linkage has definition
lib/xz/xz_dec_lzma2.c:1104:31: warning: function 'xz_dec_lzma2_create' with external linkage has definition
lib/xz/xz_dec_lzma2.c:1128:23: warning: function 'xz_dec_lzma2_reset' with external linkage has definition
lib/xz/xz_dec_lzma2.c:1165:16: warning: function 'xz_dec_lzma2_end' with external linkage has definition
lib/xz/xz_dec_bcj.c:417:23: warning: function 'xz_dec_bcj_run' with external linkage has definition
lib/xz/xz_dec_bcj.c:527:29: warning: function 'xz_dec_bcj_create' with external linkage has definition
lib/xz/xz_dec_bcj.c:536:23: warning: function 'xz_dec_bcj_reset' with external linkage has definition
lib/xz/xz_dec_bcj.c:91:21: warning: Initializer entry defined twice
lib/swiotlb.c:232:1: warning: symbol 'swiotlb_late_init_with_default_size' was not declared. Should it be static?
lib/swiotlb.c:527:13: warning: symbol 'map_single' was not declared. Should it be static?
lib/iommu-helper.c:9:5: warning: symbol 'iommu_is_span_boundary' was not declared. Should it be static?
lib/iommu-helper.c:19:15: warning: symbol 'iommu_area_alloc' was not declared. Should it be static?
lib/dec_and_lock.c:20:5: warning: context imbalance in '_atomic_dec_and_lock' - different lock contexts for basic block
lib/decompress_inflate.c:35:17: warning: symbol 'gunzip' was not declared. Should it be static?
lib/decompress_unxz.c:251:17: warning: symbol 'unxz' was not declared. Should it be static?
lib/radix-tree.c:1227:9: warning: context imbalance in 'radix_tree_locate_item' - wrong count at exit
lib/string.c:793:20: warning: constant 0x0101010101010101 is so big it is long
lib/vsprintf.c:617:18: warning: Variable length array is used.
lib/vsprintf.c:620:38: error: cannot size expression
arch/x86/lib/msr-smp.c:13:23: warning: incorrect type in initializer (different address spaces)
arch/x86/lib/msr-smp.c:27:23: warning: incorrect type in initializer (different address spaces)
arch/x86/lib/msr.c:9:14: warning: incorrect type in assignment (different address spaces)
arch/x86/lib/msr.c:21:21: warning: incorrect type in argument 1 (different address spaces)
arch/x86/lib/inat-tables.c:5:19: warning: symbol 'inat_primary_table' was not declared. Should it be static?
arch/x86/lib/inat-tables.c:205:19: warning: symbol 'inat_escape_table_1' was not declared. Should it be static?
arch/x86/lib/inat-tables.c:416:19: warning: symbol 'inat_escape_table_1_1' was not declared. Should it be static?
arch/x86/lib/inat-tables.c:524:19: warning: symbol 'inat_escape_table_1_2' was not declared. Should it be static?
arch/x86/lib/inat-tables.c:554:19: warning: symbol 'inat_escape_table_1_3' was not declared. Should it be static?
arch/x86/lib/inat-tables.c:582:19: warning: symbol 'inat_escape_table_2' was not declared. Should it be static?
arch/x86/lib/inat-tables.c:703:19: warning: symbol 'inat_escape_table_2_1' was not declared. Should it be static?
arch/x86/lib/inat-tables.c:820:19: warning: symbol 'inat_escape_table_2_2' was not declared. Should it be static?
arch/x86/lib/inat-tables.c:824:19: warning: symbol 'inat_escape_table_2_3' was not declared. Should it be static?
arch/x86/lib/inat-tables.c:833:19: warning: symbol 'inat_escape_table_3' was not declared. Should it be static?
arch/x86/lib/inat-tables.c:875:19: warning: symbol 'inat_escape_table_3_1' was not declared. Should it be static?
arch/x86/lib/inat-tables.c:916:19: warning: symbol 'inat_escape_table_3_3' was not declared. Should it be static?
arch/x86/lib/inat-tables.c:927:19: warning: symbol 'inat_group_table_5' was not declared. Should it be static?
arch/x86/lib/inat-tables.c:938:19: warning: symbol 'inat_group_table_6' was not declared. Should it be static?
arch/x86/lib/inat-tables.c:949:19: warning: symbol 'inat_group_table_7' was not declared. Should it be static?
arch/x86/lib/inat-tables.c:955:19: warning: symbol 'inat_group_table_8' was not declared. Should it be static?
arch/x86/lib/inat-tables.c:966:19: warning: symbol 'inat_group_table_9' was not declared. Should it be static?
arch/x86/lib/inat-tables.c:976:19: warning: symbol 'inat_group_table_10' was not declared. Should it be static?
arch/x86/lib/inat-tables.c:989:19: warning: symbol 'inat_group_table_21' was not declared. Should it be static?
arch/x86/lib/inat-tables.c:994:19: warning: symbol 'inat_group_table_21_1' was not declared. Should it be static?
arch/x86/lib/inat-tables.c:997:19: warning: symbol 'inat_group_table_21_2' was not declared. Should it be static?
arch/x86/lib/inat-tables.c:1007:19: warning: symbol 'inat_group_table_13' was not declared. Should it be static?
arch/x86/lib/inat-tables.c:1012:19: warning: symbol 'inat_group_table_13_1' was not declared. Should it be static?
arch/x86/lib/inat-tables.c:1019:19: warning: symbol 'inat_group_table_14' was not declared. Should it be static?
arch/x86/lib/inat-tables.c:1024:19: warning: symbol 'inat_group_table_14_1' was not declared. Should it be static?
arch/x86/lib/inat-tables.c:1031:19: warning: symbol 'inat_group_table_15' was not declared. Should it be static?
arch/x86/lib/inat-tables.c:1037:19: warning: symbol 'inat_group_table_15_1' was not declared. Should it be static?
arch/x86/lib/inat-tables.c:1045:19: warning: symbol 'inat_group_table_18' was not declared. Should it be static?
arch/x86/lib/inat-tables.c:1051:19: warning: symbol 'inat_group_table_18_2' was not declared. Should it be static?
arch/x86/lib/inat-tables.c:1059:19: warning: symbol 'inat_group_table_12' was not declared. Should it be static?
arch/x86/lib/inat-tables.c:1067:19: warning: symbol 'inat_group_table_22' was not declared. Should it be static?
arch/x86/lib/inat-tables.c:1080:19: warning: symbol 'inat_escape_tables' was not declared. Should it be static?
arch/x86/lib/inat-tables.c:1095:19: warning: symbol 'inat_group_tables' was not declared. Should it be static?
arch/x86/lib/inat-tables.c:1118:19: warning: symbol 'inat_avx_tables' was not declared. Should it be static?
arch/x86/lib/usercopy_64.c:78:21: warning: incorrect type in argument 1 (different address spaces)
arch/x86/lib/usercopy_64.c:80:21: warning: incorrect type in argument 1 (different address spaces)
arch/x86/lib/usercopy_64.c:85:21: warning: incorrect type in argument 1 (different address spaces)
init/main.c:157:12: warning: symbol 'envp_init' was not declared. Should it be static?
init/do_mounts.c:8:2: warning: "Sparse checking disabled for this file"
init/do_mounts_initrd.c:8:2: warning: "Sparse checking disabled for this file"
init/do_mounts_md.c:8:2: warning: "Sparse checking disabled for this file"
init/initramfs.c:8:2: warning: "Sparse checking disabled for this file"
init/calibrate.c:257:47: warning: symbol 'calibrate_delay_is_known' was not declared. Should it be static?
init/init_task.c:14:44: warning: implicit cast to nocast type
init/init_task.c:14:44: warning: implicit cast to nocast type
arch/x86/boot/compressed/misc.c:321:17: warning: symbol 'decompress_kernel' was not declared. Should it be static?
arch/x86/boot/compressed/../string.c:60:14: warning: symbol 'atou' was not declared. Should it be static?
arch/x86/boot/compressed/../cmdline.c:30:5: warning: symbol '__cmdline_find_option' was not declared. Should it be static?
arch/x86/boot/compressed/../cmdline.c:102:5: warning: symbol '__cmdline_find_option_bool' was not declared. Should it be static?
arch/x86/boot/main.c:38:9: error: cannot size expression
arch/x86/boot/pm.c:104:6: error: symbol 'go_to_protected_mode' redeclared with different type (originally declared at arch/x86/boot/boot.h:338) - different modifiers
arch/x86/boot/string.c:119:8: warning: symbol 'strlen' was not declared. Should it be static?
arch/x86/boot/string.c:133:6: warning: symbol 'strstr' was not declared. Should it be static?
arch/x86/boot/version.c:19:12: warning: symbol 'kernel_version' was not declared. Should it be static?
