scripts/kconfig/conf -s arch/x86/Kconfig
  CHK     include/linux/version.h
  UPD     include/linux/version.h
  CHK     include/linux/utsrelease.h
  UPD     include/linux/utsrelease.h
  SYMLINK include/asm -> include/asm-x86
  CC      arch/x86/kernel/asm-offsets.s
  GEN     include/asm-x86/asm-offsets.h
  CALL    scripts/checksyscalls.sh
  CHECK   scripts/mod/empty.c
  CC      scripts/mod/empty.o
  HOSTCC  scripts/mod/mk_elfconfig
  MKELF   scripts/mod/elfconfig.h
  HOSTCC  scripts/mod/file2alias.o
  HOSTCC  scripts/mod/modpost.o
  HOSTCC  scripts/mod/sumversion.o
  HOSTLD  scripts/mod/modpost
  HOSTCC  scripts/kallsyms
scripts/kallsyms.c: In function ‘read_symbol’:
scripts/kallsyms.c:81:9: warning: ignoring return value of ‘fgets’, declared with attribute warn_unused_result [-Wunused-result]
    fgets(str, 500, in);
         ^
  HOSTCC  scripts/conmakehash
  HOSTCC  scripts/bin2c
  CHECK   init/main.c
init/main.c:116:6: warning: symbol 'late_time_init' was not declared. Should it be static?
init/main.c:191:6: warning: symbol 'envp_init' was not declared. Should it be static?
init/main.c:767:21: warning: context imbalance in 'init_post' - unexpected unlock
init/main.c:855:9: warning: context imbalance in 'kernel_init' - wrong count at exit
  CC      init/main.o
In file included from include/linux/buffer_head.h:13:0,
                 from init/main.c:53:
include/linux/pagemap.h: In function ‘fault_in_pages_readable’:
include/linux/pagemap.h:248:16: warning: variable ‘c’ set but not used [-Wunused-but-set-variable]
  volatile char c;
                ^
init/main.c: In function ‘start_kernel’:
init/main.c:535:2: warning: format not a string literal and no format arguments [-Wformat-security]
  printk(linux_banner);
  ^
  CHK     include/linux/compile.h
  UPD     include/linux/compile.h
  CHECK   init/version.c
init/version.c:19:5: warning: symbol 'Version_132632' was not declared. Should it be static?
  CC      init/version.o
  CHECK   init/do_mounts.c
init/do_mounts.c:23:16: warning: symbol 'rd_doload' was not declared. Should it be static?
init/do_mounts.c:72:23: warning: incorrect type in argument 1 (different address spaces)
init/do_mounts.c:72:23:    expected char const [noderef] <asn:1>*filename
init/do_mounts.c:72:23:    got char *<noident>
init/do_mounts.c:75:28: warning: incorrect type in argument 2 (different address spaces)
init/do_mounts.c:75:28:    expected char [noderef] <asn:1>*buf
init/do_mounts.c:75:28:    got char *<noident>
init/do_mounts.c:102:23: warning: incorrect type in argument 1 (different address spaces)
init/do_mounts.c:102:23:    expected char const [noderef] <asn:1>*filename
init/do_mounts.c:102:23:    got char *<noident>
init/do_mounts.c:105:28: warning: incorrect type in argument 2 (different address spaces)
init/do_mounts.c:105:28:    expected char [noderef] <asn:1>*buf
init/do_mounts.c:105:28:    got char *<noident>
init/do_mounts.c:148:35: warning: incorrect type in argument 1 (different address spaces)
init/do_mounts.c:148:35:    expected char const [noderef] <asn:1>*pathname
init/do_mounts.c:148:35:    got char static *<noident>
init/do_mounts.c:149:23: warning: incorrect type in argument 1 (different address spaces)
init/do_mounts.c:149:23:    expected char [noderef] <asn:1>*dev_name
init/do_mounts.c:149:23:    got char static *<noident>
init/do_mounts.c:149:32: warning: incorrect type in argument 2 (different address spaces)
init/do_mounts.c:149:32:    expected char [noderef] <asn:1>*dir_name
init/do_mounts.c:149:32:    got char static *<noident>
init/do_mounts.c:149:40: warning: incorrect type in argument 3 (different address spaces)
init/do_mounts.c:149:40:    expected char [noderef] <asn:1>*type
init/do_mounts.c:149:40:    got char static *<noident>
init/do_mounts.c:201:20: warning: incorrect type in argument 1 (different address spaces)
init/do_mounts.c:201:20:    expected char [noderef] <asn:1>*name
init/do_mounts.c:201:20:    got char static *<noident>
init/do_mounts.c:204:27: warning: incorrect type in argument 1 (different address spaces)
init/do_mounts.c:204:27:    expected char const [noderef] <asn:1>*pathname
init/do_mounts.c:204:27:    got char static *<noident>
init/do_mounts.c:284:29: warning: incorrect type in argument 1 (different address spaces)
init/do_mounts.c:284:29:    expected char [noderef] <asn:1>*dev_name
init/do_mounts.c:284:29:    got char *name
init/do_mounts.c:284:35: warning: incorrect type in argument 2 (different address spaces)
init/do_mounts.c:284:35:    expected char [noderef] <asn:1>*dir_name
init/do_mounts.c:284:35:    got char static *<noident>
init/do_mounts.c:284:44: warning: incorrect type in argument 3 (different address spaces)
init/do_mounts.c:284:44:    expected char [noderef] <asn:1>*type
init/do_mounts.c:284:44:    got char *fs
init/do_mounts.c:284:55: warning: incorrect type in argument 5 (different address spaces)
init/do_mounts.c:284:55:    expected void [noderef] <asn:1>*data
init/do_mounts.c:284:55:    got void *data
init/do_mounts.c:288:19: warning: incorrect type in argument 1 (different address spaces)
init/do_mounts.c:288:19:    expected char const [noderef] <asn:1>*filename
init/do_mounts.c:288:19:    got char static *<noident>
init/do_mounts.h:18:20: warning: incorrect type in argument 1 (different address spaces)
init/do_mounts.h:18:20:    expected char const [noderef] <asn:1>*pathname
init/do_mounts.h:18:20:    got char *name
init/do_mounts.h:19:26: warning: incorrect type in argument 1 (different address spaces)
init/do_mounts.h:19:26:    expected char const [noderef] <asn:1>*filename
init/do_mounts.h:19:26:    got char *name
init/do_mounts.c:374:23: warning: incorrect type in argument 1 (different address spaces)
init/do_mounts.c:374:23:    expected char const [noderef] <asn:1>*filename
init/do_mounts.c:374:23:    got char static *<noident>
init/do_mounts.c:380:23: warning: incorrect type in argument 1 (different address spaces)
init/do_mounts.c:380:23:    expected char const [noderef] <asn:1>*filename
init/do_mounts.c:380:23:    got char static *<noident>
init/do_mounts.c:385:31: warning: incorrect type in argument 2 (different address spaces)
init/do_mounts.c:385:31:    expected char [noderef] <asn:1>*buf
init/do_mounts.c:385:31:    got char *<noident>
init/do_mounts.h:18:20: warning: incorrect type in argument 1 (different address spaces)
init/do_mounts.h:18:20:    expected char const [noderef] <asn:1>*pathname
init/do_mounts.h:18:20:    got char *name
init/do_mounts.h:19:26: warning: incorrect type in argument 1 (different address spaces)
init/do_mounts.h:19:26:    expected char const [noderef] <asn:1>*filename
init/do_mounts.h:19:26:    got char *name
init/do_mounts.c:471:19: warning: incorrect type in argument 1 (different address spaces)
init/do_mounts.c:471:19:    expected char [noderef] <asn:1>*dev_name
init/do_mounts.c:471:19:    got char static *<noident>
init/do_mounts.c:471:24: warning: incorrect type in argument 2 (different address spaces)
init/do_mounts.c:471:24:    expected char [noderef] <asn:1>*dir_name
init/do_mounts.c:471:24:    got char static *<noident>
init/do_mounts.c:472:20: warning: incorrect type in argument 1 (different address spaces)
init/do_mounts.c:472:20:    expected char const [noderef] <asn:1>*filename
init/do_mounts.c:472:20:    got char static *<noident>
  CC      init/do_mounts.o
In file included from include/linux/nfs_fs.h:36:0,
                 from init/do_mounts.c:15:
include/linux/pagemap.h: In function ‘fault_in_pages_readable’:
include/linux/pagemap.h:248:16: warning: variable ‘c’ set but not used [-Wunused-but-set-variable]
  volatile char c;
                ^
  CHECK   init/do_mounts_rd.c
init/do_mounts_rd.c:73:22: warning: incorrect type in argument 2 (different address spaces)
init/do_mounts_rd.c:73:22:    expected char [noderef] <asn:1>*buf
init/do_mounts_rd.c:73:22:    got unsigned char *[assigned] buf
init/do_mounts_rd.c:108:22: warning: incorrect type in argument 2 (different address spaces)
init/do_mounts_rd.c:108:22:    expected char [noderef] <asn:1>*buf
init/do_mounts_rd.c:108:22:    got unsigned char *[assigned] buf
init/do_mounts_rd.c:152:27: warning: incorrect type in argument 1 (different address spaces)
init/do_mounts_rd.c:152:27:    expected char const [noderef] <asn:1>*filename
init/do_mounts_rd.c:152:27:    got char static *<noident>
init/do_mounts_rd.c:156:26: warning: incorrect type in argument 1 (different address spaces)
init/do_mounts_rd.c:156:26:    expected char const [noderef] <asn:1>*filename
init/do_mounts_rd.c:156:26:    got char *from
init/do_mounts_rd.c:215:20: warning: Using plain integer as NULL pointer
init/do_mounts_rd.c:231:42: warning: incorrect type in argument 1 (different address spaces)
init/do_mounts_rd.c:231:42:    expected char const [noderef] <asn:1>*filename
init/do_mounts_rd.c:231:42:    got char *from
init/do_mounts_rd.c:238:33: warning: incorrect type in argument 2 (different address spaces)
init/do_mounts_rd.c:238:33:    expected char [noderef] <asn:1>*buf
init/do_mounts_rd.c:238:33:    got char *[assigned] buf
init/do_mounts_rd.c:239:35: warning: incorrect type in argument 2 (different address spaces)
init/do_mounts_rd.c:239:35:    expected char const [noderef] <asn:1>*buf
init/do_mounts_rd.c:239:35:    got char *[assigned] buf
init/do_mounts_rd.c:257:20: warning: incorrect type in argument 1 (different address spaces)
init/do_mounts_rd.c:257:20:    expected char const [noderef] <asn:1>*pathname
init/do_mounts_rd.c:257:20:    got char static *<noident>
init/do_mounts.h:18:20: warning: incorrect type in argument 1 (different address spaces)
init/do_mounts.h:18:20:    expected char const [noderef] <asn:1>*pathname
init/do_mounts.h:18:20:    got char *name
init/do_mounts.h:19:26: warning: incorrect type in argument 1 (different address spaces)
init/do_mounts.h:19:26:    expected char const [noderef] <asn:1>*filename
init/do_mounts.h:19:26:    got char *name
init/do_mounts.h:18:20: warning: incorrect type in argument 1 (different address spaces)
init/do_mounts.h:18:20:    expected char const [noderef] <asn:1>*pathname
init/do_mounts.h:18:20:    got char *name
init/do_mounts.h:19:26: warning: incorrect type in argument 1 (different address spaces)
init/do_mounts.h:19:26:    expected char const [noderef] <asn:1>*filename
init/do_mounts.h:19:26:    got char *name
init/do_mounts_rd.c:352:37: warning: incorrect type in argument 2 (different address spaces)
init/do_mounts_rd.c:352:37:    expected char [noderef] <asn:1>*buf
init/do_mounts_rd.c:352:37:    got unsigned char [usertype] *static [toplevel] [assigned] inbuf
init/do_mounts_rd.c:373:36: warning: incorrect type in argument 2 (different address spaces)
init/do_mounts_rd.c:373:36:    expected char const [noderef] <asn:1>*buf
init/do_mounts_rd.c:373:36:    got unsigned char [usertype] *static [toplevel] [assigned] window
  CC      init/do_mounts_rd.o
  CHECK   init/do_mounts_initrd.c
init/do_mounts_initrd.c:35:25: warning: incorrect type in argument 1 (different address spaces)
init/do_mounts_initrd.c:35:25:    expected char const [noderef] <asn:1>*filename
init/do_mounts_initrd.c:35:25:    got char static *<noident>
init/do_mounts.h:18:20: warning: incorrect type in argument 1 (different address spaces)
init/do_mounts.h:18:20:    expected char const [noderef] <asn:1>*pathname
init/do_mounts.h:18:20:    got char *name
init/do_mounts.h:19:26: warning: incorrect type in argument 1 (different address spaces)
init/do_mounts.h:19:26:    expected char const [noderef] <asn:1>*filename
init/do_mounts.h:19:26:    got char *name
init/do_mounts_initrd.c:50:19: warning: incorrect type in argument 1 (different address spaces)
init/do_mounts_initrd.c:50:19:    expected char const [noderef] <asn:1>*pathname
init/do_mounts_initrd.c:50:19:    got char static *<noident>
init/do_mounts_initrd.c:51:28: warning: incorrect type in argument 1 (different address spaces)
init/do_mounts_initrd.c:51:28:    expected char const [noderef] <asn:1>*filename
init/do_mounts_initrd.c:51:28:    got char static *<noident>
init/do_mounts_initrd.c:52:27: warning: incorrect type in argument 1 (different address spaces)
init/do_mounts_initrd.c:52:27:    expected char const [noderef] <asn:1>*filename
init/do_mounts_initrd.c:52:27:    got char static *<noident>
init/do_mounts_initrd.c:54:19: warning: incorrect type in argument 1 (different address spaces)
init/do_mounts_initrd.c:54:19:    expected char const [noderef] <asn:1>*filename
init/do_mounts_initrd.c:54:19:    got char static *<noident>
init/do_mounts_initrd.c:55:19: warning: incorrect type in argument 1 (different address spaces)
init/do_mounts_initrd.c:55:19:    expected char [noderef] <asn:1>*dev_name
init/do_mounts_initrd.c:55:19:    got char static *<noident>
init/do_mounts_initrd.c:55:24: warning: incorrect type in argument 2 (different address spaces)
init/do_mounts_initrd.c:55:24:    expected char [noderef] <asn:1>*dir_name
init/do_mounts_initrd.c:55:24:    got char static *<noident>
init/do_mounts_initrd.c:56:20: warning: incorrect type in argument 1 (different address spaces)
init/do_mounts_initrd.c:56:20:    expected char const [noderef] <asn:1>*filename
init/do_mounts_initrd.c:56:20:    got char static *<noident>
init/do_mounts_initrd.c:73:19: warning: incorrect type in argument 1 (different address spaces)
init/do_mounts_initrd.c:73:19:    expected char [noderef] <asn:1>*dev_name
init/do_mounts_initrd.c:73:19:    got char static *<noident>
init/do_mounts_initrd.c:73:24: warning: incorrect type in argument 2 (different address spaces)
init/do_mounts_initrd.c:73:24:    expected char [noderef] <asn:1>*dir_name
init/do_mounts_initrd.c:73:24:    got char static *<noident>
init/do_mounts_initrd.c:76:20: warning: incorrect type in argument 1 (different address spaces)
init/do_mounts_initrd.c:76:20:    expected char const [noderef] <asn:1>*filename
init/do_mounts_initrd.c:76:20:    got char static *<noident>
init/do_mounts_initrd.c:81:27: warning: incorrect type in argument 1 (different address spaces)
init/do_mounts_initrd.c:81:27:    expected char const [noderef] <asn:1>*filename
init/do_mounts_initrd.c:81:27:    got char static *<noident>
init/do_mounts_initrd.c:89:27: warning: incorrect type in argument 1 (different address spaces)
init/do_mounts_initrd.c:89:27:    expected char [noderef] <asn:1>*dev_name
init/do_mounts_initrd.c:89:27:    got char static *<noident>
init/do_mounts_initrd.c:89:35: warning: incorrect type in argument 2 (different address spaces)
init/do_mounts_initrd.c:89:35:    expected char [noderef] <asn:1>*dir_name
init/do_mounts_initrd.c:89:35:    got char static *<noident>
init/do_mounts_initrd.c:93:35: warning: incorrect type in argument 1 (different address spaces)
init/do_mounts_initrd.c:93:35:    expected char const [noderef] <asn:1>*filename
init/do_mounts_initrd.c:93:35:    got char static *<noident>
init/do_mounts_initrd.c:99:28: warning: incorrect type in argument 1 (different address spaces)
init/do_mounts_initrd.c:99:28:    expected char [noderef] <asn:1>*name
init/do_mounts_initrd.c:99:28:    got char static *<noident>
init/do_mounts.h:18:20: warning: incorrect type in argument 1 (different address spaces)
init/do_mounts.h:18:20:    expected char const [noderef] <asn:1>*pathname
init/do_mounts.h:18:20:    got char *name
init/do_mounts.h:19:26: warning: incorrect type in argument 1 (different address spaces)
init/do_mounts.h:19:26:    expected char const [noderef] <asn:1>*filename
init/do_mounts.h:19:26:    got char *name
init/do_mounts_initrd.c:122:36: warning: incorrect type in argument 1 (different address spaces)
init/do_mounts_initrd.c:122:36:    expected char const [noderef] <asn:1>*pathname
init/do_mounts_initrd.c:122:36:    got char static *<noident>
init/do_mounts_initrd.c:127:20: warning: incorrect type in argument 1 (different address spaces)
init/do_mounts_initrd.c:127:20:    expected char const [noderef] <asn:1>*pathname
init/do_mounts_initrd.c:127:20:    got char static *<noident>
  CC      init/do_mounts_initrd.o
  LD      init/mounts.o
  CHECK   init/initramfs.c
init/initramfs.c:243:42: warning: incorrect type in argument 1 (different address spaces)
init/initramfs.c:243:42:    expected char const [noderef] <asn:1>*oldname
init/initramfs.c:243:42:    got char *old
init/initramfs.c:243:47: warning: incorrect type in argument 2 (different address spaces)
init/initramfs.c:243:47:    expected char const [noderef] <asn:1>*newname
init/initramfs.c:243:47:    got char *static [toplevel] [assigned] collected
init/initramfs.c:252:27: warning: incorrect type in argument 1 (different address spaces)
init/initramfs.c:252:27:    expected char [noderef] <asn:1>*filename
init/initramfs.c:252:27:    got char *path
init/initramfs.c:252:34: warning: incorrect type in argument 2 (different address spaces)
init/initramfs.c:252:34:    expected struct stat [noderef] <asn:1>*statbuf
init/initramfs.c:252:34:    got struct stat *<noident>
init/initramfs.c:254:35: warning: incorrect type in argument 1 (different address spaces)
init/initramfs.c:254:35:    expected char const [noderef] <asn:1>*pathname
init/initramfs.c:254:35:    got char *path
init/initramfs.c:256:36: warning: incorrect type in argument 1 (different address spaces)
init/initramfs.c:256:36:    expected char const [noderef] <asn:1>*pathname
init/initramfs.c:256:36:    got char *path
init/initramfs.c:279:40: warning: incorrect type in argument 1 (different address spaces)
init/initramfs.c:279:40:    expected char const [noderef] <asn:1>*filename
init/initramfs.c:279:40:    got char *static [toplevel] [assigned] collected
init/initramfs.c:288:27: warning: incorrect type in argument 1 (different address spaces)
init/initramfs.c:288:27:    expected char const [noderef] <asn:1>*pathname
init/initramfs.c:288:27:    got char *static [toplevel] [assigned] collected
init/initramfs.c:289:27: warning: incorrect type in argument 1 (different address spaces)
init/initramfs.c:289:27:    expected char const [noderef] <asn:1>*filename
init/initramfs.c:289:27:    got char *static [toplevel] [assigned] collected
init/initramfs.c:290:27: warning: incorrect type in argument 1 (different address spaces)
init/initramfs.c:290:27:    expected char const [noderef] <asn:1>*filename
init/initramfs.c:290:27:    got char *static [toplevel] [assigned] collected
init/initramfs.c:294:35: warning: incorrect type in argument 1 (different address spaces)
init/initramfs.c:294:35:    expected char const [noderef] <asn:1>*filename
init/initramfs.c:294:35:    got char *static [toplevel] [assigned] collected
init/initramfs.c:295:35: warning: incorrect type in argument 1 (different address spaces)
init/initramfs.c:295:35:    expected char const [noderef] <asn:1>*filename
init/initramfs.c:295:35:    got char *static [toplevel] [assigned] collected
init/initramfs.c:296:35: warning: incorrect type in argument 1 (different address spaces)
init/initramfs.c:296:35:    expected char const [noderef] <asn:1>*filename
init/initramfs.c:296:35:    got char *static [toplevel] [assigned] collected
init/initramfs.c:305:32: warning: incorrect type in argument 2 (different address spaces)
init/initramfs.c:305:32:    expected char const [noderef] <asn:1>*buf
init/initramfs.c:305:32:    got char *static [toplevel] [assigned] victim
init/initramfs.c:311:32: warning: incorrect type in argument 2 (different address spaces)
init/initramfs.c:311:32:    expected char const [noderef] <asn:1>*buf
init/initramfs.c:311:32:    got char *static [toplevel] [assigned] victim
init/initramfs.c:322:31: warning: incorrect type in argument 1 (different address spaces)
init/initramfs.c:322:31:    expected char const [noderef] <asn:1>*old
init/initramfs.c:322:31:    got char *
init/initramfs.c:322:52: warning: incorrect type in argument 2 (different address spaces)
init/initramfs.c:322:52:    expected char const [noderef] <asn:1>*new
init/initramfs.c:322:52:    got char *static [toplevel] [assigned] collected
init/initramfs.c:323:20: warning: incorrect type in argument 1 (different address spaces)
init/initramfs.c:323:20:    expected char const [noderef] <asn:1>*filename
init/initramfs.c:323:20:    got char *static [toplevel] [assigned] collected
init/initramfs.c:565:31: warning: incorrect type in argument 1 (different address spaces)
init/initramfs.c:565:31:    expected char const [noderef] <asn:1>*filename
init/initramfs.c:565:31:    got char static *<noident>
init/initramfs.c:567:40: warning: incorrect type in argument 2 (different address spaces)
init/initramfs.c:567:40:    expected char const [noderef] <asn:1>*buf
init/initramfs.c:567:40:    got char *<noident>
  CC      init/initramfs.o
init/initramfs.c: In function ‘populate_rootfs’:
init/initramfs.c:549:3: warning: format not a string literal and no format arguments [-Wformat-security]
   panic(err);
   ^
  CHECK   init/calibrate.c
  CC      init/calibrate.o
  LD      init/built-in.o
  HOSTCC  usr/gen_init_cpio
  GEN     usr/initramfs_data.cpio.gz
  AS      usr/initramfs_data.o
  LD      usr/built-in.o
  CHECK   arch/x86/kernel/process_64.c
arch/x86/kernel/process_64.c:57:15: warning: symbol 'kernel_thread_flags' was not declared. Should it be static?
arch/x86/kernel/process_64.c:173:57: warning: Using plain integer as NULL pointer
arch/x86/kernel/process_64.c:595:20: warning: symbol '__switch_to' was not declared. Should it be static?
arch/x86/kernel/process_64.c:704:6: warning: symbol 'sys_execve' was not declared. Should it be static?
arch/x86/kernel/process_64.c:738:17: warning: symbol 'sys_fork' was not declared. Should it be static?
arch/x86/kernel/process_64.c:744:1: warning: symbol 'sys_clone' was not declared. Should it be static?
arch/x86/kernel/process_64.c:762:17: warning: symbol 'sys_vfork' was not declared. Should it be static?
arch/x86/kernel/process_64.c:888:6: warning: symbol 'sys_arch_prctl' was not declared. Should it be static?
  CC      arch/x86/kernel/process_64.o
In file included from include/asm/current_64.h:7:0,
                 from include/asm/current.h:4,
                 from include/asm/processor_64.h:17,
                 from include/asm/processor.h:4,
                 from include/linux/prefetch.h:14,
                 from include/linux/list.h:8,
                 from include/linux/kobject.h:23,
                 from include/linux/sysdev.h:24,
                 from include/linux/cpu.h:22,
                 from arch/x86/kernel/process_64.c:19:
include/asm/mmu_context_64.h: In function ‘enter_lazy_tlb’:
include/asm/pda.h:62:15: warning: variable ‘tmp__’ set but not used [-Wunused-but-set-variable]
  if (0) { T__ tmp__; tmp__ = (val); } /* type checking */ \
               ^
include/asm/pda.h:114:30: note: in expansion of macro ‘pda_to_op’
 #define write_pda(field,val) pda_to_op("mov",field,val)
                              ^
include/asm/mmu_context_64.h:22:3: note: in expansion of macro ‘write_pda’
   write_pda(mmu_state, TLBSTATE_LAZY);
   ^
include/asm/mmu_context_64.h: In function ‘switch_mm’:
include/asm/pda.h:62:15: warning: variable ‘tmp__’ set but not used [-Wunused-but-set-variable]
  if (0) { T__ tmp__; tmp__ = (val); } /* type checking */ \
               ^
include/asm/pda.h:114:30: note: in expansion of macro ‘pda_to_op’
 #define write_pda(field,val) pda_to_op("mov",field,val)
                              ^
include/asm/mmu_context_64.h:39:3: note: in expansion of macro ‘write_pda’
   write_pda(mmu_state, TLBSTATE_OK);
   ^
include/asm/pda.h:62:15: warning: variable ‘tmp__’ set but not used [-Wunused-but-set-variable]
  if (0) { T__ tmp__; tmp__ = (val); } /* type checking */ \
               ^
include/asm/pda.h:114:30: note: in expansion of macro ‘pda_to_op’
 #define write_pda(field,val) pda_to_op("mov",field,val)
                              ^
include/asm/mmu_context_64.h:40:3: note: in expansion of macro ‘write_pda’
   write_pda(active_mm, next);
   ^
include/asm/pda.h:62:15: warning: variable ‘tmp__’ set but not used [-Wunused-but-set-variable]
  if (0) { T__ tmp__; tmp__ = (val); } /* type checking */ \
               ^
include/asm/pda.h:114:30: note: in expansion of macro ‘pda_to_op’
 #define write_pda(field,val) pda_to_op("mov",field,val)
                              ^
include/asm/mmu_context_64.h:50:3: note: in expansion of macro ‘write_pda’
   write_pda(mmu_state, TLBSTATE_OK);
   ^
arch/x86/kernel/process_64.c: In function ‘enter_idle’:
include/asm/pda.h:62:15: warning: variable ‘tmp__’ set but not used [-Wunused-but-set-variable]
  if (0) { T__ tmp__; tmp__ = (val); } /* type checking */ \
               ^
include/asm/pda.h:114:30: note: in expansion of macro ‘pda_to_op’
 #define write_pda(field,val) pda_to_op("mov",field,val)
                              ^
arch/x86/kernel/process_64.c:85:2: note: in expansion of macro ‘write_pda’
  write_pda(isidle, 1);
  ^
arch/x86/kernel/process_64.c: In function ‘__switch_to’:
include/asm/pda.h:62:15: warning: variable ‘tmp__’ set but not used [-Wunused-but-set-variable]
  if (0) { T__ tmp__; tmp__ = (val); } /* type checking */ \
               ^
include/asm/pda.h:114:30: note: in expansion of macro ‘pda_to_op’
 #define write_pda(field,val) pda_to_op("mov",field,val)
                              ^
arch/x86/kernel/process_64.c:670:2: note: in expansion of macro ‘write_pda’
  write_pda(oldrsp, next->userrsp); 
  ^
include/asm/pda.h:62:15: warning: variable ‘tmp__’ set but not used [-Wunused-but-set-variable]
  if (0) { T__ tmp__; tmp__ = (val); } /* type checking */ \
               ^
include/asm/pda.h:114:30: note: in expansion of macro ‘pda_to_op’
 #define write_pda(field,val) pda_to_op("mov",field,val)
                              ^
arch/x86/kernel/process_64.c:671:2: note: in expansion of macro ‘write_pda’
  write_pda(pcurrent, next_p); 
  ^
include/asm/pda.h:62:15: warning: variable ‘tmp__’ set but not used [-Wunused-but-set-variable]
  if (0) { T__ tmp__; tmp__ = (val); } /* type checking */ \
               ^
include/asm/pda.h:114:30: note: in expansion of macro ‘pda_to_op’
 #define write_pda(field,val) pda_to_op("mov",field,val)
                              ^
arch/x86/kernel/process_64.c:673:2: note: in expansion of macro ‘write_pda’
  write_pda(kernelstack,
  ^
  CHECK   arch/x86/kernel/signal_64.c
arch/x86/kernel/signal_64.c:39:1: warning: symbol 'sys_sigaltstack' was not declared. Should it be static?
arch/x86/kernel/signal_64.c:118:17: warning: symbol 'sys_rt_sigreturn' was not declared. Should it be static?
arch/x86/kernel/signal_64.c:461:1: warning: symbol 'do_notify_resume' was not declared. Should it be static?
  CC      arch/x86/kernel/signal_64.o
  AS      arch/x86/kernel/entry_64.o
  CHECK   arch/x86/kernel/traps_64.c
arch/x86/kernel/traps_64.c:443:29: warning: incorrect type in argument 1 (different address spaces)
arch/x86/kernel/traps_64.c:443:29:    expected void const volatile [noderef] <asn:1>*<noident>
arch/x86/kernel/traps_64.c:443:29:    got unsigned char *
arch/x86/kernel/traps_64.c:646:1: warning: symbol 'do_divide_error' was not declared. Should it be static?
arch/x86/kernel/traps_64.c:647:1: warning: symbol 'do_overflow' was not declared. Should it be static?
arch/x86/kernel/traps_64.c:648:1: warning: symbol 'do_bounds' was not declared. Should it be static?
arch/x86/kernel/traps_64.c:649:1: warning: symbol 'do_invalid_op' was not declared. Should it be static?
arch/x86/kernel/traps_64.c:650:1: warning: symbol 'do_device_not_available' was not declared. Should it be static?
arch/x86/kernel/traps_64.c:651:1: warning: symbol 'do_coprocessor_segment_overrun' was not declared. Should it be static?
arch/x86/kernel/traps_64.c:652:1: warning: symbol 'do_invalid_TSS' was not declared. Should it be static?
arch/x86/kernel/traps_64.c:653:1: warning: symbol 'do_segment_not_present' was not declared. Should it be static?
arch/x86/kernel/traps_64.c:654:1: warning: symbol 'do_alignment_check' was not declared. Should it be static?
arch/x86/kernel/traps_64.c:655:1: warning: symbol 'do_reserved' was not declared. Should it be static?
arch/x86/kernel/traps_64.c:658:17: warning: symbol 'do_stack_segment' was not declared. Should it be static?
arch/x86/kernel/traps_64.c:668:17: warning: symbol 'do_double_fault' was not declared. Should it be static?
arch/x86/kernel/traps_64.c:685:27: warning: symbol 'do_general_protection' was not declared. Should it be static?
arch/x86/kernel/traps_64.c:816:27: warning: symbol 'do_int3' was not declared. Should it be static?
arch/x86/kernel/traps_64.c:831:37: warning: symbol 'sync_regs' was not declared. Should it be static?
arch/x86/kernel/traps_64.c:850:27: warning: symbol 'do_debug' was not declared. Should it be static?
arch/x86/kernel/traps_64.c:939:17: warning: symbol 'do_coprocessor_error' was not declared. Should it be static?
arch/x86/kernel/traps_64.c:1003:17: warning: symbol 'bad_intr' was not declared. Should it be static?
arch/x86/kernel/traps_64.c:1008:17: warning: symbol 'do_simd_coprocessor_error' was not declared. Should it be static?
arch/x86/kernel/traps_64.c:1062:17: warning: symbol 'do_spurious_interrupt_bug' was not declared. Should it be static?
arch/x86/kernel/traps_64.c:1066:39: warning: symbol 'smp_thermal_interrupt' was not declared. Should it be static?
arch/x86/kernel/traps_64.c:1070:39: warning: symbol 'mce_threshold_interrupt' was not declared. Should it be static?
  CC      arch/x86/kernel/traps_64.o
  CHECK   arch/x86/kernel/irq_64.c
arch/x86/kernel/irq_64.c:51:5: warning: symbol 'show_interrupts' was not declared. Should it be static?
arch/x86/kernel/irq_64.c:140:25: warning: symbol 'do_IRQ' was not declared. Should it be static?
  CC      arch/x86/kernel/irq_64.o
  CHECK   arch/x86/kernel/ptrace_64.c
arch/x86/kernel/ptrace_64.c:588:17: warning: symbol 'syscall_trace_enter' was not declared. Should it be static?
arch/x86/kernel/ptrace_64.c:612:17: warning: symbol 'syscall_trace_leave' was not declared. Should it be static?
  CC      arch/x86/kernel/ptrace_64.o
  CHECK   arch/x86/kernel/time_64.c
arch/x86/kernel/time_64.c:267:13: warning: symbol 'time_init' was not declared. Should it be static?
  CC      arch/x86/kernel/time_64.o
In file included from include/asm/thread_info_64.h:14:0,
                 from include/asm/thread_info.h:4,
                 from include/linux/thread_info.h:34,
                 from include/linux/preempt.h:9,
                 from include/linux/spinlock.h:49,
                 from include/linux/seqlock.h:29,
                 from include/linux/time.h:8,
                 from include/linux/timex.h:57,
                 from include/linux/sched.h:53,
                 from arch/x86/kernel/time_64.c:15:
arch/x86/kernel/time_64.c: In function ‘timer_event_interrupt’:
include/asm/pda.h:62:15: warning: variable ‘tmp__’ set but not used [-Wunused-but-set-variable]
  if (0) { T__ tmp__; tmp__ = (val); } /* type checking */ \
               ^
include/asm/pda.h:115:28: note: in expansion of macro ‘pda_to_op’
 #define add_pda(field,val) pda_to_op("add",field,val)
                            ^
arch/x86/kernel/time_64.c:150:2: note: in expansion of macro ‘add_pda’
  add_pda(irq0_irqs, 1);
  ^
  CHECK   arch/x86/kernel/ioport_64.c
arch/x86/kernel/ioport_64.c:104:17: warning: symbol 'sys_iopl' was not declared. Should it be static?
  CC      arch/x86/kernel/ioport_64.o
  CHECK   arch/x86/kernel/ldt_64.c
arch/x86/kernel/ldt_64.c:94:5: warning: symbol 'init_new_context' was not declared. Should it be static?
arch/x86/kernel/ldt_64.c:114:6: warning: symbol 'destroy_context' was not declared. Should it be static?
arch/x86/kernel/ldt_64.c:231:16: warning: symbol 'sys_modify_ldt' was not declared. Should it be static?
  CC      arch/x86/kernel/ldt_64.o
  CHECK   arch/x86/kernel/setup_64.c
arch/x86/kernel/setup_64.c:75:15: warning: symbol 'saved_video_mode' was not declared. Should it be static?
arch/x86/kernel/setup_64.c:100:17: warning: symbol 'command_line' was not declared. Should it be static?
arch/x86/kernel/setup_64.c:102:17: warning: symbol 'standard_io_resources' was not declared. Should it be static?
arch/x86/kernel/setup_64.c:125:17: warning: symbol 'data_resource' was not declared. Should it be static?
arch/x86/kernel/setup_64.c:131:17: warning: symbol 'code_resource' was not declared. Should it be static?
arch/x86/kernel/setup_64.c:137:17: warning: symbol 'bss_resource' was not declared. Should it be static?
arch/x86/kernel/setup_64.c:1187:23: warning: symbol 'cpuinfo_op' was not declared. Should it be static?
  CC      arch/x86/kernel/setup_64.o
In file included from include/asm/thread_info_64.h:14:0,
                 from include/asm/thread_info.h:4,
                 from include/linux/thread_info.h:34,
                 from include/linux/preempt.h:9,
                 from include/linux/spinlock.h:49,
                 from include/linux/seqlock.h:29,
                 from include/linux/time.h:8,
                 from include/linux/timex.h:57,
                 from include/linux/sched.h:53,
                 from arch/x86/kernel/setup_64.c:10:
include/asm/mmu_context_64.h: In function ‘enter_lazy_tlb’:
include/asm/pda.h:62:15: warning: variable ‘tmp__’ set but not used [-Wunused-but-set-variable]
  if (0) { T__ tmp__; tmp__ = (val); } /* type checking */ \
               ^
include/asm/pda.h:114:30: note: in expansion of macro ‘pda_to_op’
 #define write_pda(field,val) pda_to_op("mov",field,val)
                              ^
include/asm/mmu_context_64.h:22:3: note: in expansion of macro ‘write_pda’
   write_pda(mmu_state, TLBSTATE_LAZY);
   ^
include/asm/mmu_context_64.h: In function ‘switch_mm’:
include/asm/pda.h:62:15: warning: variable ‘tmp__’ set but not used [-Wunused-but-set-variable]
  if (0) { T__ tmp__; tmp__ = (val); } /* type checking */ \
               ^
include/asm/pda.h:114:30: note: in expansion of macro ‘pda_to_op’
 #define write_pda(field,val) pda_to_op("mov",field,val)
                              ^
include/asm/mmu_context_64.h:39:3: note: in expansion of macro ‘write_pda’
   write_pda(mmu_state, TLBSTATE_OK);
   ^
include/asm/pda.h:62:15: warning: variable ‘tmp__’ set but not used [-Wunused-but-set-variable]
  if (0) { T__ tmp__; tmp__ = (val); } /* type checking */ \
               ^
include/asm/pda.h:114:30: note: in expansion of macro ‘pda_to_op’
 #define write_pda(field,val) pda_to_op("mov",field,val)
                              ^
include/asm/mmu_context_64.h:40:3: note: in expansion of macro ‘write_pda’
   write_pda(active_mm, next);
   ^
include/asm/pda.h:62:15: warning: variable ‘tmp__’ set but not used [-Wunused-but-set-variable]
  if (0) { T__ tmp__; tmp__ = (val); } /* type checking */ \
               ^
include/asm/pda.h:114:30: note: in expansion of macro ‘pda_to_op’
 #define write_pda(field,val) pda_to_op("mov",field,val)
                              ^
include/asm/mmu_context_64.h:50:3: note: in expansion of macro ‘write_pda’
   write_pda(mmu_state, TLBSTATE_OK);
   ^
  CHECK   arch/x86/kernel/i8259_64.c
arch/x86/kernel/i8259_64.c:424:13: warning: symbol 'init_ISA_irqs' was not declared. Should it be static?
arch/x86/kernel/i8259_64.c:451:13: warning: symbol 'init_IRQ' was not declared. Should it be static?
  CC      arch/x86/kernel/i8259_64.o
  CHECK   arch/x86/kernel/sys_x86_64.c
arch/x86/kernel/sys_x86_64.c:23:17: warning: symbol 'sys_pipe' was not declared. Should it be static?
arch/x86/kernel/sys_x86_64.c:36:17: warning: symbol 'sys_mmap' was not declared. Should it be static?
arch/x86/kernel/sys_x86_64.c:146:17: warning: symbol 'sys_uname' was not declared. Should it be static?
  CC      arch/x86/kernel/sys_x86_64.o
  CHECK   arch/x86/kernel/x8664_ksyms_64.c
  CC      arch/x86/kernel/x8664_ksyms_64.o
  CHECK   arch/x86/kernel/i387_64.c
arch/x86/kernel/i387_64.c:128:5: warning: symbol 'dump_fpu' was not declared. Should it be static?
arch/x86/kernel/i387_64.c:140:5: warning: symbol 'dump_task_fpu' was not declared. Should it be static?
  CC      arch/x86/kernel/i387_64.o
  CHECK   arch/x86/kernel/syscall_64.c
arch/x86/kernel/syscall_64.c:22:22: warning: symbol 'sys_call_table' was not declared. Should it be static?
arch/x86/kernel/syscall_64.c:24:10: warning: Initializer entry defined twice
include/asm/unistd_64.h:16:1:   also defined here
  CC      arch/x86/kernel/syscall_64.o
  CHECK   arch/x86/kernel/vsyscall_64.c
arch/x86/kernel/vsyscall_64.c:157:19: warning: symbol 'vgettimeofday' was not declared. Should it be static?
arch/x86/kernel/vsyscall_64.c:168:22: warning: symbol 'vtime' was not declared. Should it be static?
arch/x86/kernel/vsyscall_64.c:191:1: warning: symbol 'vgetcpu' was not declared. Should it be static?
arch/x86/kernel/vsyscall_64.c:224:20: warning: symbol 'venosys_1' was not declared. Should it be static?
  CC      arch/x86/kernel/vsyscall_64.o
  CHECK   arch/x86/kernel/setup64.c
arch/x86/kernel/setup64.c:37:6: warning: symbol 'boot_cpu_stack' was not declared. Should it be static?
arch/x86/kernel/setup64.c:63:5: warning: symbol 'force_personality32' was not declared. Should it be static?
arch/x86/kernel/setup64.c:150:6: warning: symbol 'boot_exception_stacks' was not declared. Should it be static?
arch/x86/kernel/setup64.c:185:15: warning: symbol 'kernel_eflags' was not declared. Should it be static?
  CC      arch/x86/kernel/setup64.o
In file included from include/asm/thread_info_64.h:14:0,
                 from include/asm/thread_info.h:4,
                 from include/linux/thread_info.h:34,
                 from include/linux/preempt.h:9,
                 from include/linux/spinlock.h:49,
                 from include/linux/seqlock.h:29,
                 from include/linux/time.h:8,
                 from include/linux/timex.h:57,
                 from include/linux/sched.h:53,
                 from arch/x86/kernel/setup64.c:9:
include/asm/mmu_context_64.h: In function ‘enter_lazy_tlb’:
include/asm/pda.h:62:15: warning: variable ‘tmp__’ set but not used [-Wunused-but-set-variable]
  if (0) { T__ tmp__; tmp__ = (val); } /* type checking */ \
               ^
include/asm/pda.h:114:30: note: in expansion of macro ‘pda_to_op’
 #define write_pda(field,val) pda_to_op("mov",field,val)
                              ^
include/asm/mmu_context_64.h:22:3: note: in expansion of macro ‘write_pda’
   write_pda(mmu_state, TLBSTATE_LAZY);
   ^
include/asm/mmu_context_64.h: In function ‘switch_mm’:
include/asm/pda.h:62:15: warning: variable ‘tmp__’ set but not used [-Wunused-but-set-variable]
  if (0) { T__ tmp__; tmp__ = (val); } /* type checking */ \
               ^
include/asm/pda.h:114:30: note: in expansion of macro ‘pda_to_op’
 #define write_pda(field,val) pda_to_op("mov",field,val)
                              ^
include/asm/mmu_context_64.h:39:3: note: in expansion of macro ‘write_pda’
   write_pda(mmu_state, TLBSTATE_OK);
   ^
include/asm/pda.h:62:15: warning: variable ‘tmp__’ set but not used [-Wunused-but-set-variable]
  if (0) { T__ tmp__; tmp__ = (val); } /* type checking */ \
               ^
include/asm/pda.h:114:30: note: in expansion of macro ‘pda_to_op’
 #define write_pda(field,val) pda_to_op("mov",field,val)
                              ^
include/asm/mmu_context_64.h:40:3: note: in expansion of macro ‘write_pda’
   write_pda(active_mm, next);
   ^
include/asm/pda.h:62:15: warning: variable ‘tmp__’ set but not used [-Wunused-but-set-variable]
  if (0) { T__ tmp__; tmp__ = (val); } /* type checking */ \
               ^
include/asm/pda.h:114:30: note: in expansion of macro ‘pda_to_op’
 #define write_pda(field,val) pda_to_op("mov",field,val)
                              ^
include/asm/mmu_context_64.h:50:3: note: in expansion of macro ‘write_pda’
   write_pda(mmu_state, TLBSTATE_OK);
   ^
  CHECK   arch/x86/kernel/bootflag.c
  CC      arch/x86/kernel/bootflag.o
  CHECK   arch/x86/kernel/e820_64.c
arch/x86/kernel/e820_64.c:590:6: warning: symbol 'early_panic' was not declared. Should it be static?
arch/x86/kernel/e820_64.c:673:15: warning: symbol 'pci_mem_start' was not declared. Should it be static?
arch/x86/kernel/e820_64.c:734:12: warning: symbol 'arch_get_ram_range' was not declared. Should it be static?
  CC      arch/x86/kernel/e820_64.o
arch/x86/kernel/e820_64.c: In function ‘early_panic’:
arch/x86/kernel/e820_64.c:592:2: warning: format not a string literal and no format arguments [-Wformat-security]
  early_printk(msg);
  ^
arch/x86/kernel/e820_64.c:593:2: warning: format not a string literal and no format arguments [-Wformat-security]
  panic(msg);
  ^
  CHECK   arch/x86/kernel/reboot_64.c
arch/x86/kernel/reboot_64.c:35:5: warning: symbol 'reboot_force' was not declared. Should it be static?
  CC      arch/x86/kernel/reboot_64.o
  CHECK   arch/x86/kernel/quirks.c
  CC      arch/x86/kernel/quirks.o
  CHECK   arch/x86/kernel/i8237.c
  CC      arch/x86/kernel/i8237.o
  CHECK   arch/x86/kernel/pci-dma_64.c
  CC      arch/x86/kernel/pci-dma_64.o
  CHECK   arch/x86/kernel/pci-nommu_64.c
arch/x86/kernel/pci-nommu_64.c:83:30: warning: symbol 'nommu_dma_ops' was not declared. Should it be static?
  CC      arch/x86/kernel/pci-nommu_64.o
  CHECK   arch/x86/kernel/alternative.c
  CC      arch/x86/kernel/alternative.o
  CHECK   arch/x86/kernel/hpet.c
arch/x86/kernel/hpet.c:140:33: warning: dereference of noderef expression
  CC      arch/x86/kernel/hpet.o
  CHECK   arch/x86/kernel/tsc_64.c
arch/x86/kernel/tsc_64.c:197:34: warning: constant 0x100000000 is so big it is long
arch/x86/kernel/tsc_64.c:241:12: warning: symbol 'notsc_setup' was not declared. Should it be static?
  CC      arch/x86/kernel/tsc_64.o
  CHECK   arch/x86/kernel/bugs_64.c
  CC      arch/x86/kernel/bugs_64.o
  CHECK   arch/x86/kernel/i8253.c
arch/x86/kernel/i8253.c:93:27: warning: symbol 'pit_clockevent' was not declared. Should it be static?
  CC      arch/x86/kernel/i8253.o
  CHECK   arch/x86/kernel/acpi/boot.c
arch/x86/kernel/acpi/boot.c:83:4: warning: symbol 'acpi_sci_flags' was not declared. Should it be static?
arch/x86/kernel/acpi/boot.c:84:5: warning: symbol 'acpi_sci_override_gsi' was not declared. Should it be static?
arch/x86/kernel/acpi/boot.c:421:13: warning: symbol 'acpi_pic_sci_set_trigger' was not declared. Should it be static?
  CC      arch/x86/kernel/acpi/boot.o
  CHECK   arch/x86/kernel/acpi/sleep_64.c
  CC      arch/x86/kernel/acpi/sleep_64.o
  AS      arch/x86/kernel/acpi/wakeup_64.o
  CHECK   arch/x86/kernel/acpi/cstate.c
include/linux/cpuidle.h:82:42: error: dubious one-bit signed bitfield
  CC      arch/x86/kernel/acpi/cstate.o
  CHECK   arch/x86/kernel/acpi/processor.c
include/linux/cpuidle.h:82:42: error: dubious one-bit signed bitfield
  CC      arch/x86/kernel/acpi/processor.o
  LD      arch/x86/kernel/acpi/built-in.o
  CHECK   arch/x86/kernel/cpu/intel_cacheinfo.c
  CC      arch/x86/kernel/cpu/intel_cacheinfo.o
  CHECK   arch/x86/kernel/cpu/addon_cpuid_features.c
  CC      arch/x86/kernel/cpu/addon_cpuid_features.o
  CHECK   arch/x86/kernel/cpu/cpufreq/powernow-k8.c
include/linux/cpuidle.h:82:42: error: dubious one-bit signed bitfield
  CC      arch/x86/kernel/cpu/cpufreq/powernow-k8.o
  CHECK   arch/x86/kernel/cpu/cpufreq/acpi-cpufreq.c
include/linux/cpuidle.h:82:42: error: dubious one-bit signed bitfield
  CC      arch/x86/kernel/cpu/cpufreq/acpi-cpufreq.o
  LD      arch/x86/kernel/cpu/cpufreq/built-in.o
  CHECK   arch/x86/kernel/cpu/mcheck/mce_64.c
arch/x86/kernel/cpu/mcheck/mce_64.c:66:16: warning: symbol 'mcelog' was not declared. Should it be static?
arch/x86/kernel/cpu/mcheck/mce_64.c:503:16: warning: symbol 'mcheck_init' was not declared. Should it be static?
  CC      arch/x86/kernel/cpu/mcheck/mce_64.o
arch/x86/kernel/cpu/mcheck/mce_64.c: In function ‘mce_panic’:
arch/x86/kernel/cpu/mcheck/mce_64.c:148:2: warning: format not a string literal and no format arguments [-Wformat-security]
  panic(msg);
  ^
  CHECK   arch/x86/kernel/cpu/mcheck/therm_throt.c
  CC      arch/x86/kernel/cpu/mcheck/therm_throt.o
  CHECK   arch/x86/kernel/cpu/mcheck/mce_intel_64.c
arch/x86/kernel/cpu/mcheck/mce_intel_64.c:16:17: warning: symbol 'smp_thermal_interrupt' was not declared. Should it be static?
  CC      arch/x86/kernel/cpu/mcheck/mce_intel_64.o
In file included from include/asm/thread_info_64.h:14:0,
                 from include/asm/thread_info.h:4,
                 from include/linux/thread_info.h:34,
                 from include/linux/preempt.h:9,
                 from include/linux/interrupt.h:8,
                 from arch/x86/kernel/cpu/mcheck/mce_intel_64.c:7:
arch/x86/kernel/cpu/mcheck/mce_intel_64.c: In function ‘smp_thermal_interrupt’:
include/asm/pda.h:62:15: warning: variable ‘tmp__’ set but not used [-Wunused-but-set-variable]
  if (0) { T__ tmp__; tmp__ = (val); } /* type checking */ \
               ^
include/asm/pda.h:115:28: note: in expansion of macro ‘pda_to_op’
 #define add_pda(field,val) pda_to_op("add",field,val)
                            ^
arch/x86/kernel/cpu/mcheck/mce_intel_64.c:29:2: note: in expansion of macro ‘add_pda’
  add_pda(irq_thermal_count, 1);
  ^
  CHECK   arch/x86/kernel/cpu/mcheck/mce_amd_64.c
arch/x86/kernel/cpu/mcheck/mce_amd_64.c:179:17: warning: symbol 'mce_threshold_interrupt' was not declared. Should it be static?
  CC      arch/x86/kernel/cpu/mcheck/mce_amd_64.o
In file included from include/asm/current_64.h:7:0,
                 from include/asm/current.h:4,
                 from include/asm/processor_64.h:17,
                 from include/asm/processor.h:4,
                 from include/linux/prefetch.h:14,
                 from include/linux/list.h:8,
                 from include/linux/kobject.h:23,
                 from include/linux/sysdev.h:24,
                 from include/linux/cpu.h:22,
                 from arch/x86/kernel/cpu/mcheck/mce_amd_64.c:17:
arch/x86/kernel/cpu/mcheck/mce_amd_64.c: In function ‘mce_threshold_interrupt’:
include/asm/pda.h:62:15: warning: variable ‘tmp__’ set but not used [-Wunused-but-set-variable]
  if (0) { T__ tmp__; tmp__ = (val); } /* type checking */ \
               ^
include/asm/pda.h:115:28: note: in expansion of macro ‘pda_to_op’
 #define add_pda(field,val) pda_to_op("add",field,val)
                            ^
arch/x86/kernel/cpu/mcheck/mce_amd_64.c:240:2: note: in expansion of macro ‘add_pda’
  add_pda(irq_threshold_count, 1);
  ^
  LD      arch/x86/kernel/cpu/mcheck/built-in.o
  CHECK   arch/x86/kernel/cpu/mtrr/main.c
arch/x86/kernel/cpu/mtrr/main.c:50:14: warning: symbol 'usage_table' was not declared. Should it be static?
  CC      arch/x86/kernel/cpu/mtrr/main.o
  CHECK   arch/x86/kernel/cpu/mtrr/if.c
  CC      arch/x86/kernel/cpu/mtrr/if.o
  CHECK   arch/x86/kernel/cpu/mtrr/generic.c
  CC      arch/x86/kernel/cpu/mtrr/generic.o
  CHECK   arch/x86/kernel/cpu/mtrr/state.c
  CC      arch/x86/kernel/cpu/mtrr/state.o
  LD      arch/x86/kernel/cpu/mtrr/built-in.o
  CHECK   arch/x86/kernel/cpu/perfctr-watchdog.c
  CC      arch/x86/kernel/cpu/perfctr-watchdog.o
  LD      arch/x86/kernel/cpu/built-in.o
  CHECK   arch/x86/kernel/msr.c
  CC      arch/x86/kernel/msr.o
  CHECK   arch/x86/kernel/cpuid.c
  CC      arch/x86/kernel/cpuid.o
  CHECK   arch/x86/kernel/smp_64.c
arch/x86/kernel/smp_64.c:129:17: warning: symbol 'smp_invalidate_interrupt' was not declared. Should it be static?
arch/x86/kernel/smp_64.c:202:15: warning: symbol 'init_smp_flush' was not declared. Should it be static?
arch/x86/kernel/smp_64.c:501:17: warning: symbol 'smp_reschedule_interrupt' was not declared. Should it be static?
arch/x86/kernel/smp_64.c:507:17: warning: symbol 'smp_call_function_interrupt' was not declared. Should it be static?
arch/x86/kernel/smp_64.c:314:6: warning: context imbalance in 'lock_ipi_call_lock' - wrong count at exit
arch/x86/kernel/smp_64.c:319:6: warning: context imbalance in 'unlock_ipi_call_lock' - unexpected unlock
arch/x86/kernel/smp_64.c:478:6: warning: context imbalance in 'smp_send_stop' - different lock contexts for basic block
  CC      arch/x86/kernel/smp_64.o
In file included from include/asm/thread_info_64.h:14:0,
                 from include/asm/thread_info.h:4,
                 from include/linux/thread_info.h:34,
                 from include/linux/preempt.h:9,
                 from include/linux/spinlock.h:49,
                 from include/linux/mmzone.h:7,
                 from include/linux/gfp.h:4,
                 from include/linux/mm.h:8,
                 from arch/x86/kernel/smp_64.c:14:
include/asm/mmu_context_64.h: In function ‘enter_lazy_tlb’:
include/asm/pda.h:62:15: warning: variable ‘tmp__’ set but not used [-Wunused-but-set-variable]
  if (0) { T__ tmp__; tmp__ = (val); } /* type checking */ \
               ^
include/asm/pda.h:114:30: note: in expansion of macro ‘pda_to_op’
 #define write_pda(field,val) pda_to_op("mov",field,val)
                              ^
include/asm/mmu_context_64.h:22:3: note: in expansion of macro ‘write_pda’
   write_pda(mmu_state, TLBSTATE_LAZY);
   ^
include/asm/mmu_context_64.h: In function ‘switch_mm’:
include/asm/pda.h:62:15: warning: variable ‘tmp__’ set but not used [-Wunused-but-set-variable]
  if (0) { T__ tmp__; tmp__ = (val); } /* type checking */ \
               ^
include/asm/pda.h:114:30: note: in expansion of macro ‘pda_to_op’
 #define write_pda(field,val) pda_to_op("mov",field,val)
                              ^
include/asm/mmu_context_64.h:39:3: note: in expansion of macro ‘write_pda’
   write_pda(mmu_state, TLBSTATE_OK);
   ^
include/asm/pda.h:62:15: warning: variable ‘tmp__’ set but not used [-Wunused-but-set-variable]
  if (0) { T__ tmp__; tmp__ = (val); } /* type checking */ \
               ^
include/asm/pda.h:114:30: note: in expansion of macro ‘pda_to_op’
 #define write_pda(field,val) pda_to_op("mov",field,val)
                              ^
include/asm/mmu_context_64.h:40:3: note: in expansion of macro ‘write_pda’
   write_pda(active_mm, next);
   ^
include/asm/pda.h:62:15: warning: variable ‘tmp__’ set but not used [-Wunused-but-set-variable]
  if (0) { T__ tmp__; tmp__ = (val); } /* type checking */ \
               ^
include/asm/pda.h:114:30: note: in expansion of macro ‘pda_to_op’
 #define write_pda(field,val) pda_to_op("mov",field,val)
                              ^
include/asm/mmu_context_64.h:50:3: note: in expansion of macro ‘write_pda’
   write_pda(mmu_state, TLBSTATE_OK);
   ^
arch/x86/kernel/smp_64.c: In function ‘smp_invalidate_interrupt’:
include/asm/pda.h:62:15: warning: variable ‘tmp__’ set but not used [-Wunused-but-set-variable]
  if (0) { T__ tmp__; tmp__ = (val); } /* type checking */ \
               ^
include/asm/pda.h:115:28: note: in expansion of macro ‘pda_to_op’
 #define add_pda(field,val) pda_to_op("add",field,val)
                            ^
arch/x86/kernel/smp_64.c:166:2: note: in expansion of macro ‘add_pda’
  add_pda(irq_tlb_count, 1);
  ^
arch/x86/kernel/smp_64.c: In function ‘smp_reschedule_interrupt’:
include/asm/pda.h:62:15: warning: variable ‘tmp__’ set but not used [-Wunused-but-set-variable]
  if (0) { T__ tmp__; tmp__ = (val); } /* type checking */ \
               ^
include/asm/pda.h:115:28: note: in expansion of macro ‘pda_to_op’
 #define add_pda(field,val) pda_to_op("add",field,val)
                            ^
arch/x86/kernel/smp_64.c:504:2: note: in expansion of macro ‘add_pda’
  add_pda(irq_resched_count, 1);
  ^
arch/x86/kernel/smp_64.c: In function ‘smp_call_function_interrupt’:
include/asm/pda.h:62:15: warning: variable ‘tmp__’ set but not used [-Wunused-but-set-variable]
  if (0) { T__ tmp__; tmp__ = (val); } /* type checking */ \
               ^
include/asm/pda.h:115:28: note: in expansion of macro ‘pda_to_op’
 #define add_pda(field,val) pda_to_op("add",field,val)
                            ^
arch/x86/kernel/smp_64.c:526:2: note: in expansion of macro ‘add_pda’
  add_pda(irq_call_count, 1);
  ^
  CHECK   arch/x86/kernel/smpboot_64.c
arch/x86/kernel/smpboot_64.c:79:11: warning: symbol 'cpu_callin_map' was not declared. Should it be static?
arch/x86/kernel/smpboot_64.c:91:5: warning: symbol 'smp_threads_ready' was not declared. Should it be static?
arch/x86/kernel/smpboot_64.c:109:1: warning: symbol 'per_cpu__cpu_state' was not declared. Should it be static?
arch/x86/kernel/smpboot_64.c:116:20: warning: symbol 'idle_thread_array' was not declared. Should it be static?
arch/x86/kernel/smpboot_64.c:155:16: warning: symbol 'smp_callin' was not declared. Should it be static?
arch/x86/kernel/smpboot_64.c:320:16: warning: symbol 'start_secondary' was not declared. Should it be static?
arch/x86/kernel/smpboot_64.c:705:10: warning: symbol 'cacheflush_time' was not declared. Should it be static?
arch/x86/kernel/smpboot_64.c:706:15: warning: symbol 'cache_decay_ticks' was not declared. Should it be static?
arch/x86/kernel/smpboot_64.c:744:5: warning: symbol 'additional_cpus' was not declared. Should it be static?
arch/x86/kernel/smpboot_64.c:850:13: warning: symbol 'smp_set_apicids' was not declared. Should it be static?
arch/x86/kernel/smpboot_64.c:1013:6: warning: symbol 'remove_cpu_from_maps' was not declared. Should it be static?
  CC      arch/x86/kernel/smpboot_64.o
  AS      arch/x86/kernel/trampoline_64.o
  CHECK   arch/x86/kernel/tsc_sync.c
  CC      arch/x86/kernel/tsc_sync.o
  CHECK   arch/x86/kernel/apic_64.c
arch/x86/kernel/apic_64.c:989:16: warning: symbol 'check_boot_apic_timer_broadcast' was not declared. Should it be static?
arch/x86/kernel/apic_64.c:1009:5: warning: symbol 'setup_profiling_timer' was not declared. Should it be static?
arch/x86/kernel/apic_64.c:1072:6: warning: symbol 'smp_apic_timer_interrupt' was not declared. Should it be static?
arch/x86/kernel/apic_64.c:1143:17: warning: symbol 'smp_spurious_interrupt' was not declared. Should it be static?
arch/x86/kernel/apic_64.c:1165:17: warning: symbol 'smp_error_interrupt' was not declared. Should it be static?
  CC      arch/x86/kernel/apic_64.o
In file included from include/asm/thread_info_64.h:14:0,
                 from include/asm/thread_info.h:4,
                 from include/linux/thread_info.h:34,
                 from include/linux/preempt.h:9,
                 from include/linux/spinlock.h:49,
                 from include/linux/mmzone.h:7,
                 from include/linux/gfp.h:4,
                 from include/linux/mm.h:8,
                 from arch/x86/kernel/apic_64.c:19:
arch/x86/kernel/apic_64.c: In function ‘smp_local_timer_interrupt’:
include/asm/pda.h:62:15: warning: variable ‘tmp__’ set but not used [-Wunused-but-set-variable]
  if (0) { T__ tmp__; tmp__ = (val); } /* type checking */ \
               ^
include/asm/pda.h:115:28: note: in expansion of macro ‘pda_to_op’
 #define add_pda(field,val) pda_to_op("add",field,val)
                            ^
arch/x86/kernel/apic_64.c:1059:2: note: in expansion of macro ‘add_pda’
  add_pda(apic_timer_irqs, 1);
  ^
arch/x86/kernel/apic_64.c: In function ‘smp_spurious_interrupt’:
include/asm/pda.h:62:15: warning: variable ‘tmp__’ set but not used [-Wunused-but-set-variable]
  if (0) { T__ tmp__; tmp__ = (val); } /* type checking */ \
               ^
include/asm/pda.h:115:28: note: in expansion of macro ‘pda_to_op’
 #define add_pda(field,val) pda_to_op("add",field,val)
                            ^
arch/x86/kernel/apic_64.c:1157:2: note: in expansion of macro ‘add_pda’
  add_pda(irq_spurious_count, 1);
  ^
  CHECK   arch/x86/kernel/nmi_64.c
arch/x86/kernel/nmi_64.c:388:27: warning: symbol 'do_nmi' was not declared. Should it be static?
  CC      arch/x86/kernel/nmi_64.o
In file included from include/asm/thread_info_64.h:14:0,
                 from include/asm/thread_info.h:4,
                 from include/linux/thread_info.h:34,
                 from include/linux/preempt.h:9,
                 from include/linux/spinlock.h:49,
                 from include/linux/seqlock.h:29,
                 from include/linux/time.h:8,
                 from include/linux/timex.h:57,
                 from include/linux/sched.h:53,
                 from include/linux/nmi.h:7,
                 from arch/x86/kernel/nmi_64.c:13:
arch/x86/kernel/nmi_64.c: In function ‘do_nmi’:
include/asm/pda.h:62:15: warning: variable ‘tmp__’ set but not used [-Wunused-but-set-variable]
  if (0) { T__ tmp__; tmp__ = (val); } /* type checking */ \
               ^
include/asm/pda.h:115:28: note: in expansion of macro ‘pda_to_op’
 #define add_pda(field,val) pda_to_op("add",field,val)
                            ^
arch/x86/kernel/nmi_64.c:391:2: note: in expansion of macro ‘add_pda’
  add_pda(__nmi_count,1);
  ^
  CHECK   arch/x86/kernel/io_apic_64.c
arch/x86/kernel/io_apic_64.c:60:16: warning: symbol 'irq_cfg' was not declared. Should it be static?
arch/x86/kernel/io_apic_64.c:134:55: warning: incorrect type in initializer (different modifiers)
arch/x86/kernel/io_apic_64.c:134:55:    expected struct io_apic [noderef] <asn:2>*io_apic
arch/x86/kernel/io_apic_64.c:134:55:    got struct io_apic [noderef] [pure] <asn:2>*
arch/x86/kernel/io_apic_64.c:134:55: warning: incorrect type in initializer (different modifiers)
arch/x86/kernel/io_apic_64.c:134:55:    expected struct io_apic [noderef] <asn:2>*io_apic
arch/x86/kernel/io_apic_64.c:134:55:    got struct io_apic [noderef] [pure] <asn:2>*
arch/x86/kernel/io_apic_64.c:134:55: warning: incorrect type in initializer (different modifiers)
arch/x86/kernel/io_apic_64.c:134:55:    expected struct io_apic [noderef] <asn:2>*io_apic
arch/x86/kernel/io_apic_64.c:134:55:    got struct io_apic [noderef] [pure] <asn:2>*
arch/x86/kernel/io_apic_64.c:141:55: warning: incorrect type in initializer (different modifiers)
arch/x86/kernel/io_apic_64.c:141:55:    expected struct io_apic [noderef] <asn:2>*io_apic
arch/x86/kernel/io_apic_64.c:141:55:    got struct io_apic [noderef] [pure] <asn:2>*
arch/x86/kernel/io_apic_64.c:141:55: warning: incorrect type in initializer (different modifiers)
arch/x86/kernel/io_apic_64.c:141:55:    expected struct io_apic [noderef] <asn:2>*io_apic
arch/x86/kernel/io_apic_64.c:141:55:    got struct io_apic [noderef] [pure] <asn:2>*
arch/x86/kernel/io_apic_64.c:141:55: warning: incorrect type in initializer (different modifiers)
arch/x86/kernel/io_apic_64.c:141:55:    expected struct io_apic [noderef] <asn:2>*io_apic
arch/x86/kernel/io_apic_64.c:141:55:    got struct io_apic [noderef] [pure] <asn:2>*
arch/x86/kernel/io_apic_64.c:141:55: warning: incorrect type in initializer (different modifiers)
arch/x86/kernel/io_apic_64.c:141:55:    expected struct io_apic [noderef] <asn:2>*io_apic
arch/x86/kernel/io_apic_64.c:141:55:    got struct io_apic [noderef] [pure] <asn:2>*
arch/x86/kernel/io_apic_64.c:141:55: warning: incorrect type in initializer (different modifiers)
arch/x86/kernel/io_apic_64.c:141:55:    expected struct io_apic [noderef] <asn:2>*io_apic
arch/x86/kernel/io_apic_64.c:141:55:    got struct io_apic [noderef] [pure] <asn:2>*
arch/x86/kernel/io_apic_64.c:134:55: warning: incorrect type in initializer (different modifiers)
arch/x86/kernel/io_apic_64.c:134:55:    expected struct io_apic [noderef] <asn:2>*io_apic
arch/x86/kernel/io_apic_64.c:134:55:    got struct io_apic [noderef] [pure] <asn:2>*
arch/x86/kernel/io_apic_64.c:152:55: warning: incorrect type in initializer (different modifiers)
arch/x86/kernel/io_apic_64.c:152:55:    expected struct io_apic [noderef] <asn:2>*io_apic
arch/x86/kernel/io_apic_64.c:152:55:    got struct io_apic [noderef] [pure] <asn:2>*
arch/x86/kernel/io_apic_64.c:134:55: warning: incorrect type in initializer (different modifiers)
arch/x86/kernel/io_apic_64.c:134:55:    expected struct io_apic [noderef] <asn:2>*io_apic
arch/x86/kernel/io_apic_64.c:134:55:    got struct io_apic [noderef] [pure] <asn:2>*
arch/x86/kernel/io_apic_64.c:152:55: warning: incorrect type in initializer (different modifiers)
arch/x86/kernel/io_apic_64.c:152:55:    expected struct io_apic [noderef] <asn:2>*io_apic
arch/x86/kernel/io_apic_64.c:152:55:    got struct io_apic [noderef] [pure] <asn:2>*
arch/x86/kernel/io_apic_64.c:188:55: warning: incorrect type in initializer (different modifiers)
arch/x86/kernel/io_apic_64.c:188:55:    expected struct io_apic [noderef] <asn:2>*io_apic
arch/x86/kernel/io_apic_64.c:188:55:    got struct io_apic [noderef] [pure] <asn:2>*
arch/x86/kernel/io_apic_64.c:134:55: warning: incorrect type in initializer (different modifiers)
arch/x86/kernel/io_apic_64.c:134:55:    expected struct io_apic [noderef] <asn:2>*io_apic
arch/x86/kernel/io_apic_64.c:134:55:    got struct io_apic [noderef] [pure] <asn:2>*
arch/x86/kernel/io_apic_64.c:152:55: warning: incorrect type in initializer (different modifiers)
arch/x86/kernel/io_apic_64.c:152:55:    expected struct io_apic [noderef] <asn:2>*io_apic
arch/x86/kernel/io_apic_64.c:152:55:    got struct io_apic [noderef] [pure] <asn:2>*
arch/x86/kernel/io_apic_64.c:141:55: warning: incorrect type in initializer (different modifiers)
arch/x86/kernel/io_apic_64.c:141:55:    expected struct io_apic [noderef] <asn:2>*io_apic
arch/x86/kernel/io_apic_64.c:141:55:    got struct io_apic [noderef] [pure] <asn:2>*
arch/x86/kernel/io_apic_64.c:141:55: warning: incorrect type in initializer (different modifiers)
arch/x86/kernel/io_apic_64.c:141:55:    expected struct io_apic [noderef] <asn:2>*io_apic
arch/x86/kernel/io_apic_64.c:141:55:    got struct io_apic [noderef] [pure] <asn:2>*
arch/x86/kernel/io_apic_64.c:134:55: warning: incorrect type in initializer (different modifiers)
arch/x86/kernel/io_apic_64.c:134:55:    expected struct io_apic [noderef] <asn:2>*io_apic
arch/x86/kernel/io_apic_64.c:134:55:    got struct io_apic [noderef] [pure] <asn:2>*
arch/x86/kernel/io_apic_64.c:134:55: warning: incorrect type in initializer (different modifiers)
arch/x86/kernel/io_apic_64.c:134:55:    expected struct io_apic [noderef] <asn:2>*io_apic
arch/x86/kernel/io_apic_64.c:134:55:    got struct io_apic [noderef] [pure] <asn:2>*
arch/x86/kernel/io_apic_64.c:134:55: warning: incorrect type in initializer (different modifiers)
arch/x86/kernel/io_apic_64.c:134:55:    expected struct io_apic [noderef] <asn:2>*io_apic
arch/x86/kernel/io_apic_64.c:134:55:    got struct io_apic [noderef] [pure] <asn:2>*
arch/x86/kernel/io_apic_64.c:134:55: warning: incorrect type in initializer (different modifiers)
arch/x86/kernel/io_apic_64.c:134:55:    expected struct io_apic [noderef] <asn:2>*io_apic
arch/x86/kernel/io_apic_64.c:134:55:    got struct io_apic [noderef] [pure] <asn:2>*
arch/x86/kernel/io_apic_64.c:1372:17: warning: symbol 'smp_irq_move_cleanup_interrupt' was not declared. Should it be static?
arch/x86/kernel/io_apic_64.c:134:55: warning: incorrect type in initializer (different modifiers)
arch/x86/kernel/io_apic_64.c:134:55:    expected struct io_apic [noderef] <asn:2>*io_apic
arch/x86/kernel/io_apic_64.c:134:55:    got struct io_apic [noderef] [pure] <asn:2>*
arch/x86/kernel/io_apic_64.c:134:55: warning: incorrect type in initializer (different modifiers)
arch/x86/kernel/io_apic_64.c:134:55:    expected struct io_apic [noderef] <asn:2>*io_apic
arch/x86/kernel/io_apic_64.c:134:55:    got struct io_apic [noderef] [pure] <asn:2>*
arch/x86/kernel/io_apic_64.c:141:55: warning: incorrect type in initializer (different modifiers)
arch/x86/kernel/io_apic_64.c:141:55:    expected struct io_apic [noderef] <asn:2>*io_apic
arch/x86/kernel/io_apic_64.c:141:55:    got struct io_apic [noderef] [pure] <asn:2>*
arch/x86/kernel/io_apic_64.c:141:55: warning: incorrect type in initializer (different modifiers)
arch/x86/kernel/io_apic_64.c:141:55:    expected struct io_apic [noderef] <asn:2>*io_apic
arch/x86/kernel/io_apic_64.c:141:55:    got struct io_apic [noderef] [pure] <asn:2>*
arch/x86/kernel/io_apic_64.c:141:55: warning: incorrect type in initializer (different modifiers)
arch/x86/kernel/io_apic_64.c:141:55:    expected struct io_apic [noderef] <asn:2>*io_apic
arch/x86/kernel/io_apic_64.c:141:55:    got struct io_apic [noderef] [pure] <asn:2>*
arch/x86/kernel/io_apic_64.c:141:55: warning: incorrect type in initializer (different modifiers)
arch/x86/kernel/io_apic_64.c:141:55:    expected struct io_apic [noderef] <asn:2>*io_apic
arch/x86/kernel/io_apic_64.c:141:55:    got struct io_apic [noderef] [pure] <asn:2>*
arch/x86/kernel/io_apic_64.c:134:55: warning: incorrect type in initializer (different modifiers)
arch/x86/kernel/io_apic_64.c:134:55:    expected struct io_apic [noderef] <asn:2>*io_apic
arch/x86/kernel/io_apic_64.c:134:55:    got struct io_apic [noderef] [pure] <asn:2>*
arch/x86/kernel/io_apic_64.c:141:55: warning: incorrect type in initializer (different modifiers)
arch/x86/kernel/io_apic_64.c:141:55:    expected struct io_apic [noderef] <asn:2>*io_apic
arch/x86/kernel/io_apic_64.c:141:55:    got struct io_apic [noderef] [pure] <asn:2>*
arch/x86/kernel/io_apic_64.c:134:55: warning: incorrect type in initializer (different modifiers)
arch/x86/kernel/io_apic_64.c:134:55:    expected struct io_apic [noderef] <asn:2>*io_apic
arch/x86/kernel/io_apic_64.c:134:55:    got struct io_apic [noderef] [pure] <asn:2>*
  CC      arch/x86/kernel/io_apic_64.o
  CHECK   arch/x86/kernel/mpparse_64.c
  CC      arch/x86/kernel/mpparse_64.o
  CHECK   arch/x86/kernel/genapic_64.c
  CC      arch/x86/kernel/genapic_64.o
  CHECK   arch/x86/kernel/genapic_flat_64.c
  CC      arch/x86/kernel/genapic_flat_64.o
  CHECK   arch/x86/kernel/suspend_64.c
arch/x86/kernel/suspend_64.c:20:22: warning: symbol 'saved_context' was not declared. Should it be static?
arch/x86/kernel/suspend_64.c:152:15: warning: symbol 'restore_jump_address' was not declared. Should it be static?
arch/x86/kernel/suspend_64.c:158:15: warning: symbol 'restore_cr3' was not declared. Should it be static?
arch/x86/kernel/suspend_64.c:160:7: warning: symbol 'temp_level4_pgt' was not declared. Should it be static?
arch/x86/kernel/suspend_64.c:162:6: warning: symbol 'relocated_restore_code' was not declared. Should it be static?
arch/x86/kernel/suspend_64.c:227:5: warning: symbol 'swsusp_arch_resume' was not declared. Should it be static?
arch/x86/kernel/suspend_64.c:249:5: warning: symbol 'pfn_is_nosave' was not declared. Should it be static?
arch/x86/kernel/suspend_64.c:269:5: warning: symbol 'arch_hibernation_header_save' was not declared. Should it be static?
arch/x86/kernel/suspend_64.c:286:5: warning: symbol 'arch_hibernation_header_restore' was not declared. Should it be static?
  CC      arch/x86/kernel/suspend_64.o
  AS      arch/x86/kernel/suspend_asm_64.o
  CHECK   arch/x86/kernel/early_printk.c
arch/x86/kernel/early_printk.c:196:16: warning: symbol 'early_console' was not declared. Should it be static?
arch/x86/kernel/early_printk.c:199:6: warning: symbol 'early_printk' was not declared. Should it be static?
  CC      arch/x86/kernel/early_printk.o
  CHECK   arch/x86/kernel/pci-gart_64.c
arch/x86/kernel/pci-gart_64.c:50:5: warning: symbol 'iommu_fullflush' was not declared. Should it be static?
  CC      arch/x86/kernel/pci-gart_64.o
  CHECK   arch/x86/kernel/aperture_64.c
  CC      arch/x86/kernel/aperture_64.o
  CHECK   arch/x86/kernel/pci-swiotlb_64.c
arch/x86/kernel/pci-swiotlb_64.c:15:30: warning: symbol 'swiotlb_dma_ops' was not declared. Should it be static?
  CC      arch/x86/kernel/pci-swiotlb_64.o
  CHECK   arch/x86/kernel/kprobes_64.c
arch/x86/kernel/kprobes_64.c:388:7: warning: symbol 'kretprobe_trampoline_holder' was not declared. Should it be static?
arch/x86/kernel/kprobes_64.c:398:15: warning: symbol 'trampoline_probe_handler' was not declared. Should it be static?
  CC      arch/x86/kernel/kprobes_64.o
  CHECK   arch/x86/kernel/pmtimer_64.c
  CC      arch/x86/kernel/pmtimer_64.o
  CHECK   arch/x86/kernel/k8.c
  CC      arch/x86/kernel/k8.o
  CHECK   arch/x86/kernel/module_64.c
  CC      arch/x86/kernel/module_64.o
  CHECK   arch/x86/kernel/early-quirks.c
arch/x86/kernel/early-quirks.c:98:13: warning: symbol 'early_quirks' was not declared. Should it be static?
  CC      arch/x86/kernel/early-quirks.o
  CHECK   arch/x86/kernel/topology.c
  CC      arch/x86/kernel/topology.o
  CHECK   arch/x86/kernel/pcspeaker.c
  CC      arch/x86/kernel/pcspeaker.o
  LD      arch/x86/kernel/built-in.o
  AS      arch/x86/kernel/head_64.o
  CHECK   arch/x86/kernel/head64.c
arch/x86/kernel/head64.c:49:13: warning: symbol 'x86_64_start_kernel' was not declared. Should it be static?
  CC      arch/x86/kernel/head64.o
  CHECK   arch/x86/kernel/init_task.c
  CC      arch/x86/kernel/init_task.o
  LDS     arch/x86/kernel/vmlinux.lds
  CHECK   arch/x86/mm/init_64.c
arch/x86/mm/init_64.c:100:5: warning: symbol 'after_bootmem' was not declared. Should it be static?
arch/x86/mm/init_64.c:442:6: warning: symbol 'online_page' was not declared. Should it be static?
arch/x86/mm/init_64.c:584:6: warning: symbol 'free_initmem' was not declared. Should it be static?
arch/x86/mm/init_64.c:629:6: warning: symbol 'free_initrd_mem' was not declared. Should it be static?
  CC      arch/x86/mm/init_64.o
In file included from arch/x86/mm/init_64.c:21:0:
include/linux/pagemap.h: In function ‘fault_in_pages_readable’:
include/linux/pagemap.h:248:16: warning: variable ‘c’ set but not used [-Wunused-but-set-variable]
  volatile char c;
                ^
In file included from include/asm/thread_info_64.h:14:0,
                 from include/asm/thread_info.h:4,
                 from include/linux/thread_info.h:34,
                 from include/linux/preempt.h:9,
                 from include/linux/spinlock.h:49,
                 from include/linux/seqlock.h:29,
                 from include/linux/time.h:8,
                 from include/asm/signal.h:6,
                 from include/linux/signal.h:4,
                 from arch/x86/mm/init_64.c:9:
include/asm/mmu_context_64.h: In function ‘enter_lazy_tlb’:
include/asm/pda.h:62:15: warning: variable ‘tmp__’ set but not used [-Wunused-but-set-variable]
  if (0) { T__ tmp__; tmp__ = (val); } /* type checking */ \
               ^
include/asm/pda.h:114:30: note: in expansion of macro ‘pda_to_op’
 #define write_pda(field,val) pda_to_op("mov",field,val)
                              ^
include/asm/mmu_context_64.h:22:3: note: in expansion of macro ‘write_pda’
   write_pda(mmu_state, TLBSTATE_LAZY);
   ^
include/asm/mmu_context_64.h: In function ‘switch_mm’:
include/asm/pda.h:62:15: warning: variable ‘tmp__’ set but not used [-Wunused-but-set-variable]
  if (0) { T__ tmp__; tmp__ = (val); } /* type checking */ \
               ^
include/asm/pda.h:114:30: note: in expansion of macro ‘pda_to_op’
 #define write_pda(field,val) pda_to_op("mov",field,val)
                              ^
include/asm/mmu_context_64.h:39:3: note: in expansion of macro ‘write_pda’
   write_pda(mmu_state, TLBSTATE_OK);
   ^
include/asm/pda.h:62:15: warning: variable ‘tmp__’ set but not used [-Wunused-but-set-variable]
  if (0) { T__ tmp__; tmp__ = (val); } /* type checking */ \
               ^
include/asm/pda.h:114:30: note: in expansion of macro ‘pda_to_op’
 #define write_pda(field,val) pda_to_op("mov",field,val)
                              ^
include/asm/mmu_context_64.h:40:3: note: in expansion of macro ‘write_pda’
   write_pda(active_mm, next);
   ^
include/asm/pda.h:62:15: warning: variable ‘tmp__’ set but not used [-Wunused-but-set-variable]
  if (0) { T__ tmp__; tmp__ = (val); } /* type checking */ \
               ^
include/asm/pda.h:114:30: note: in expansion of macro ‘pda_to_op’
 #define write_pda(field,val) pda_to_op("mov",field,val)
                              ^
include/asm/mmu_context_64.h:50:3: note: in expansion of macro ‘write_pda’
   write_pda(mmu_state, TLBSTATE_OK);
   ^
  CHECK   arch/x86/mm/fault_64.c
arch/x86/mm/fault_64.c:81:15: warning: incorrect type in assignment (different address spaces)
arch/x86/mm/fault_64.c:81:15:    expected unsigned char *instr
arch/x86/mm/fault_64.c:81:15:    got unsigned char [noderef] <asn:1>*<noident>
arch/x86/mm/fault_64.c:295:27: warning: symbol 'do_page_fault' was not declared. Should it be static?
  CC      arch/x86/mm/fault_64.o
  CHECK   arch/x86/mm/ioremap_64.c
arch/x86/mm/ioremap_64.c:175:18: error: incompatible types in comparison expression (different address spaces)
arch/x86/mm/ioremap_64.c:177:18: error: incompatible types in comparison expression (different address spaces)
arch/x86/mm/ioremap_64.c:189:29: error: incompatible types in comparison expression (different address spaces)
  CC      arch/x86/mm/ioremap_64.o
  CHECK   arch/x86/mm/extable_64.c
  CC      arch/x86/mm/extable_64.o
  CHECK   arch/x86/mm/pageattr_64.c
  CC      arch/x86/mm/pageattr_64.o
  CHECK   arch/x86/mm/mmap_64.c
  CC      arch/x86/mm/mmap_64.o
  CHECK   arch/x86/mm/hugetlbpage.c
  CC      arch/x86/mm/hugetlbpage.o
In file included from arch/x86/mm/hugetlbpage.c:11:0:
include/linux/pagemap.h: In function ‘fault_in_pages_readable’:
include/linux/pagemap.h:248:16: warning: variable ‘c’ set but not used [-Wunused-but-set-variable]
  volatile char c;
                ^
  CHECK   arch/x86/mm/numa_64.c
arch/x86/mm/numa_64.c:26:16: warning: symbol 'plat_node_bdata' was not declared. Should it be static?
arch/x86/mm/numa_64.c:231:13: warning: symbol 'setup_node_zones' was not declared. Should it be static?
arch/x86/mm/numa_64.c:276:6: warning: symbol 'cmdline' was not declared. Should it be static?
  CC      arch/x86/mm/numa_64.o
arch/x86/mm/numa_64.c: In function ‘setup_node_bootmem’:
arch/x86/mm/numa_64.c:180:51: warning: variable ‘bootmap_size’ set but not used [-Wunused-but-set-variable]
  unsigned long start_pfn, end_pfn, bootmap_pages, bootmap_size, bootmap_start; 
                                                   ^
  CHECK   arch/x86/mm/k8topology_64.c
  CC      arch/x86/mm/k8topology_64.o
  CHECK   arch/x86/mm/srat_64.c
arch/x86/mm/srat_64.c:210:5: warning: symbol 'update_end_of_memory' was not declared. Should it be static?
arch/x86/mm/srat_64.c:555:5: warning: symbol 'memory_add_physaddr_to_nid' was not declared. Should it be static?
  CC      arch/x86/mm/srat_64.o
arch/x86/mm/srat_64.c: In function ‘find_node_by_addr’:
arch/x86/mm/srat_64.c:446:6: warning: variable ‘ret’ set but not used [-Wunused-but-set-variable]
  int ret = NUMA_NO_NODE;
      ^
  LD      arch/x86/mm/built-in.o
  LD      arch/x86/crypto/built-in.o
  CHECK   arch/x86/vdso/vma.c
arch/x86/vdso/vma.c:16:5: warning: symbol 'vdso_enabled' was not declared. Should it be static?
arch/x86/vdso/vma.c:25:13: warning: symbol 'vdso_pages' was not declared. Should it be static?
arch/x86/vdso/vextern.h:14:1: warning: incorrect type in assignment (different modifiers)
arch/x86/vdso/vextern.h:14:1:    expected unsigned long *<noident>
arch/x86/vdso/vextern.h:14:1:    got unsigned long extern volatile [toplevel] *<noident>
arch/x86/vdso/vma.c:103:5: warning: symbol 'arch_setup_additional_pages' was not declared. Should it be static?
  CC      arch/x86/vdso/vma.o
  LDS     arch/x86/vdso/vdso.lds
  AS      arch/x86/vdso/vdso-start.o
  AS      arch/x86/vdso/vdso-note.o
  CHECK   arch/x86/vdso/vclock_gettime.c
arch/x86/vdso/vclock_gettime.c:86:5: warning: symbol '__vdso_clock_gettime' was not declared. Should it be static?
arch/x86/vdso/vclock_gettime.c:100:5: warning: symbol '__vdso_gettimeofday' was not declared. Should it be static?
  CC      arch/x86/vdso/vclock_gettime.o
  CHECK   arch/x86/vdso/vgetcpu.c
arch/x86/vdso/vgetcpu.c:16:6: warning: symbol '__vdso_getcpu' was not declared. Should it be static?
  CC      arch/x86/vdso/vgetcpu.o
  CHECK   arch/x86/vdso/vvar.c
arch/x86/vdso/vextern.h:14:1: warning: symbol 'vdso_jiffies' was not declared. Should it be static?
arch/x86/vdso/vextern.h:15:1: warning: symbol 'vdso_vgetcpu_mode' was not declared. Should it be static?
arch/x86/vdso/vextern.h:16:1: warning: symbol 'vdso_vsyscall_gtod_data' was not declared. Should it be static?
  CC      arch/x86/vdso/vvar.o
  SYSCALL arch/x86/vdso/vdso.so.dbg
gcc: error: elf_x86_64: No such file or directory
gcc: error: unrecognized command line option ‘-m’
make[1]: *** [arch/x86/vdso/vdso.so.dbg] Error 1
make: *** [arch/x86/vdso] Error 2
