scripts/kconfig/conf -s arch/x86_64/Kconfig
  CHK     include/linux/version.h
  UPD     include/linux/version.h
  CHK     include/linux/utsrelease.h
  UPD     include/linux/utsrelease.h
  SYMLINK include/asm -> include/asm-x86_64
  CC      arch/x86_64/kernel/asm-offsets.s
  GEN     include/asm-x86_64/asm-offsets.h
  CALL    scripts/checksyscalls.sh
  CHECK   scripts/mod/empty.c
  CC      scripts/mod/empty.o
  HOSTCC  scripts/mod/mk_elfconfig
  MKELF   scripts/mod/elfconfig.h
  HOSTCC  scripts/mod/file2alias.o
  HOSTCC  scripts/mod/modpost.o
  HOSTCC  scripts/mod/sumversion.o
  HOSTLD  scripts/mod/modpost
  HOSTCC  scripts/kallsyms
scripts/kallsyms.c: In function ‘read_symbol’:
scripts/kallsyms.c:81:9: warning: ignoring return value of ‘fgets’, declared with attribute warn_unused_result [-Wunused-result]
    fgets(str, 500, in);
         ^
  HOSTCC  scripts/conmakehash
  HOSTCC  scripts/bin2c
  CHECK   init/main.c
init/main.c:122:6: warning: symbol 'late_time_init' was not declared. Should it be static?
init/main.c:197:6: warning: symbol 'envp_init' was not declared. Should it be static?
init/main.c:774:21: warning: context imbalance in 'init_post' - unexpected unlock
init/main.c:862:9: warning: context imbalance in 'kernel_init' - wrong count at exit
  CC      init/main.o
In file included from include/linux/buffer_head.h:13:0,
                 from init/main.c:52:
include/linux/pagemap.h: In function ‘fault_in_pages_readable’:
include/linux/pagemap.h:242:16: warning: variable ‘c’ set but not used [-Wunused-but-set-variable]
  volatile char c;
                ^
init/main.c: In function ‘start_kernel’:
init/main.c:540:2: warning: format not a string literal and no format arguments [-Wformat-security]
  printk(linux_banner);
  ^
  CHK     include/linux/compile.h
  UPD     include/linux/compile.h
  CHECK   init/version.c
init/version.c:19:5: warning: symbol 'Version_132631' was not declared. Should it be static?
  CC      init/version.o
  CHECK   init/do_mounts.c
init/do_mounts.c:23:16: warning: symbol 'rd_doload' was not declared. Should it be static?
init/do_mounts.c:72:23: warning: incorrect type in argument 1 (different address spaces)
init/do_mounts.c:72:23:    expected char const [noderef] <asn:1>*filename
init/do_mounts.c:72:23:    got char *<noident>
init/do_mounts.c:75:28: warning: incorrect type in argument 2 (different address spaces)
init/do_mounts.c:75:28:    expected char [noderef] <asn:1>*buf
init/do_mounts.c:75:28:    got char *<noident>
init/do_mounts.c:102:23: warning: incorrect type in argument 1 (different address spaces)
init/do_mounts.c:102:23:    expected char const [noderef] <asn:1>*filename
init/do_mounts.c:102:23:    got char *<noident>
init/do_mounts.c:105:28: warning: incorrect type in argument 2 (different address spaces)
init/do_mounts.c:105:28:    expected char [noderef] <asn:1>*buf
init/do_mounts.c:105:28:    got char *<noident>
init/do_mounts.c:148:35: warning: incorrect type in argument 1 (different address spaces)
init/do_mounts.c:148:35:    expected char const [noderef] <asn:1>*pathname
init/do_mounts.c:148:35:    got char static *<noident>
init/do_mounts.c:149:23: warning: incorrect type in argument 1 (different address spaces)
init/do_mounts.c:149:23:    expected char [noderef] <asn:1>*dev_name
init/do_mounts.c:149:23:    got char static *<noident>
init/do_mounts.c:149:32: warning: incorrect type in argument 2 (different address spaces)
init/do_mounts.c:149:32:    expected char [noderef] <asn:1>*dir_name
init/do_mounts.c:149:32:    got char static *<noident>
init/do_mounts.c:149:40: warning: incorrect type in argument 3 (different address spaces)
init/do_mounts.c:149:40:    expected char [noderef] <asn:1>*type
init/do_mounts.c:149:40:    got char static *<noident>
init/do_mounts.c:201:20: warning: incorrect type in argument 1 (different address spaces)
init/do_mounts.c:201:20:    expected char [noderef] <asn:1>*name
init/do_mounts.c:201:20:    got char static *<noident>
init/do_mounts.c:204:27: warning: incorrect type in argument 1 (different address spaces)
init/do_mounts.c:204:27:    expected char const [noderef] <asn:1>*pathname
init/do_mounts.c:204:27:    got char static *<noident>
init/do_mounts.c:284:29: warning: incorrect type in argument 1 (different address spaces)
init/do_mounts.c:284:29:    expected char [noderef] <asn:1>*dev_name
init/do_mounts.c:284:29:    got char *name
init/do_mounts.c:284:35: warning: incorrect type in argument 2 (different address spaces)
init/do_mounts.c:284:35:    expected char [noderef] <asn:1>*dir_name
init/do_mounts.c:284:35:    got char static *<noident>
init/do_mounts.c:284:44: warning: incorrect type in argument 3 (different address spaces)
init/do_mounts.c:284:44:    expected char [noderef] <asn:1>*type
init/do_mounts.c:284:44:    got char *fs
init/do_mounts.c:284:55: warning: incorrect type in argument 5 (different address spaces)
init/do_mounts.c:284:55:    expected void [noderef] <asn:1>*data
init/do_mounts.c:284:55:    got void *data
init/do_mounts.c:288:19: warning: incorrect type in argument 1 (different address spaces)
init/do_mounts.c:288:19:    expected char const [noderef] <asn:1>*filename
init/do_mounts.c:288:19:    got char static *<noident>
init/do_mounts.h:18:20: warning: incorrect type in argument 1 (different address spaces)
init/do_mounts.h:18:20:    expected char const [noderef] <asn:1>*pathname
init/do_mounts.h:18:20:    got char *name
init/do_mounts.h:19:26: warning: incorrect type in argument 1 (different address spaces)
init/do_mounts.h:19:26:    expected char const [noderef] <asn:1>*filename
init/do_mounts.h:19:26:    got char *name
init/do_mounts.c:374:23: warning: incorrect type in argument 1 (different address spaces)
init/do_mounts.c:374:23:    expected char const [noderef] <asn:1>*filename
init/do_mounts.c:374:23:    got char static *<noident>
init/do_mounts.c:380:23: warning: incorrect type in argument 1 (different address spaces)
init/do_mounts.c:380:23:    expected char const [noderef] <asn:1>*filename
init/do_mounts.c:380:23:    got char static *<noident>
init/do_mounts.c:385:31: warning: incorrect type in argument 2 (different address spaces)
init/do_mounts.c:385:31:    expected char [noderef] <asn:1>*buf
init/do_mounts.c:385:31:    got char *<noident>
init/do_mounts.h:18:20: warning: incorrect type in argument 1 (different address spaces)
init/do_mounts.h:18:20:    expected char const [noderef] <asn:1>*pathname
init/do_mounts.h:18:20:    got char *name
init/do_mounts.h:19:26: warning: incorrect type in argument 1 (different address spaces)
init/do_mounts.h:19:26:    expected char const [noderef] <asn:1>*filename
init/do_mounts.h:19:26:    got char *name
init/do_mounts.c:471:19: warning: incorrect type in argument 1 (different address spaces)
init/do_mounts.c:471:19:    expected char [noderef] <asn:1>*dev_name
init/do_mounts.c:471:19:    got char static *<noident>
init/do_mounts.c:471:24: warning: incorrect type in argument 2 (different address spaces)
init/do_mounts.c:471:24:    expected char [noderef] <asn:1>*dir_name
init/do_mounts.c:471:24:    got char static *<noident>
init/do_mounts.c:472:20: warning: incorrect type in argument 1 (different address spaces)
init/do_mounts.c:472:20:    expected char const [noderef] <asn:1>*filename
init/do_mounts.c:472:20:    got char static *<noident>
  CC      init/do_mounts.o
In file included from include/linux/nfs_fs.h:36:0,
                 from init/do_mounts.c:15:
include/linux/pagemap.h: In function ‘fault_in_pages_readable’:
include/linux/pagemap.h:242:16: warning: variable ‘c’ set but not used [-Wunused-but-set-variable]
  volatile char c;
                ^
  CHECK   init/do_mounts_rd.c
init/do_mounts_rd.c:410:22: warning: Using plain integer as NULL pointer
init/do_mounts_rd.c:415:23: warning: Using plain integer as NULL pointer
init/do_mounts_rd.c:60:20: warning: Using plain integer as NULL pointer
init/do_mounts_rd.c:73:22: warning: incorrect type in argument 2 (different address spaces)
init/do_mounts_rd.c:73:22:    expected char [noderef] <asn:1>*buf
init/do_mounts_rd.c:73:22:    got unsigned char *[assigned] buf
init/do_mounts_rd.c:108:22: warning: incorrect type in argument 2 (different address spaces)
init/do_mounts_rd.c:108:22:    expected char [noderef] <asn:1>*buf
init/do_mounts_rd.c:108:22:    got unsigned char *[assigned] buf
init/do_mounts_rd.c:152:27: warning: incorrect type in argument 1 (different address spaces)
init/do_mounts_rd.c:152:27:    expected char const [noderef] <asn:1>*filename
init/do_mounts_rd.c:152:27:    got char static *<noident>
init/do_mounts_rd.c:156:26: warning: incorrect type in argument 1 (different address spaces)
init/do_mounts_rd.c:156:26:    expected char const [noderef] <asn:1>*filename
init/do_mounts_rd.c:156:26:    got char *from
init/do_mounts_rd.c:215:20: warning: Using plain integer as NULL pointer
init/do_mounts_rd.c:231:42: warning: incorrect type in argument 1 (different address spaces)
init/do_mounts_rd.c:231:42:    expected char const [noderef] <asn:1>*filename
init/do_mounts_rd.c:231:42:    got char *from
init/do_mounts_rd.c:238:33: warning: incorrect type in argument 2 (different address spaces)
init/do_mounts_rd.c:238:33:    expected char [noderef] <asn:1>*buf
init/do_mounts_rd.c:238:33:    got char *[assigned] buf
init/do_mounts_rd.c:239:35: warning: incorrect type in argument 2 (different address spaces)
init/do_mounts_rd.c:239:35:    expected char const [noderef] <asn:1>*buf
init/do_mounts_rd.c:239:35:    got char *[assigned] buf
init/do_mounts_rd.c:257:20: warning: incorrect type in argument 1 (different address spaces)
init/do_mounts_rd.c:257:20:    expected char const [noderef] <asn:1>*pathname
init/do_mounts_rd.c:257:20:    got char static *<noident>
init/do_mounts.h:18:20: warning: incorrect type in argument 1 (different address spaces)
init/do_mounts.h:18:20:    expected char const [noderef] <asn:1>*pathname
init/do_mounts.h:18:20:    got char *name
init/do_mounts.h:19:26: warning: incorrect type in argument 1 (different address spaces)
init/do_mounts.h:19:26:    expected char const [noderef] <asn:1>*filename
init/do_mounts.h:19:26:    got char *name
init/do_mounts.h:18:20: warning: incorrect type in argument 1 (different address spaces)
init/do_mounts.h:18:20:    expected char const [noderef] <asn:1>*pathname
init/do_mounts.h:18:20:    got char *name
init/do_mounts.h:19:26: warning: incorrect type in argument 1 (different address spaces)
init/do_mounts.h:19:26:    expected char const [noderef] <asn:1>*filename
init/do_mounts.h:19:26:    got char *name
init/do_mounts_rd.c:352:37: warning: incorrect type in argument 2 (different address spaces)
init/do_mounts_rd.c:352:37:    expected char [noderef] <asn:1>*buf
init/do_mounts_rd.c:352:37:    got unsigned char [usertype] *static [toplevel] [assigned] inbuf
init/do_mounts_rd.c:373:36: warning: incorrect type in argument 2 (different address spaces)
init/do_mounts_rd.c:373:36:    expected char const [noderef] <asn:1>*buf
init/do_mounts_rd.c:373:36:    got unsigned char [usertype] *static [toplevel] [assigned] window
  CC      init/do_mounts_rd.o
  CHECK   init/do_mounts_initrd.c
init/do_mounts_initrd.c:35:25: warning: incorrect type in argument 1 (different address spaces)
init/do_mounts_initrd.c:35:25:    expected char const [noderef] <asn:1>*filename
init/do_mounts_initrd.c:35:25:    got char static *<noident>
init/do_mounts.h:18:20: warning: incorrect type in argument 1 (different address spaces)
init/do_mounts.h:18:20:    expected char const [noderef] <asn:1>*pathname
init/do_mounts.h:18:20:    got char *name
init/do_mounts.h:19:26: warning: incorrect type in argument 1 (different address spaces)
init/do_mounts.h:19:26:    expected char const [noderef] <asn:1>*filename
init/do_mounts.h:19:26:    got char *name
init/do_mounts_initrd.c:50:19: warning: incorrect type in argument 1 (different address spaces)
init/do_mounts_initrd.c:50:19:    expected char const [noderef] <asn:1>*pathname
init/do_mounts_initrd.c:50:19:    got char static *<noident>
init/do_mounts_initrd.c:51:28: warning: incorrect type in argument 1 (different address spaces)
init/do_mounts_initrd.c:51:28:    expected char const [noderef] <asn:1>*filename
init/do_mounts_initrd.c:51:28:    got char static *<noident>
init/do_mounts_initrd.c:52:27: warning: incorrect type in argument 1 (different address spaces)
init/do_mounts_initrd.c:52:27:    expected char const [noderef] <asn:1>*filename
init/do_mounts_initrd.c:52:27:    got char static *<noident>
init/do_mounts_initrd.c:54:19: warning: incorrect type in argument 1 (different address spaces)
init/do_mounts_initrd.c:54:19:    expected char const [noderef] <asn:1>*filename
init/do_mounts_initrd.c:54:19:    got char static *<noident>
init/do_mounts_initrd.c:55:19: warning: incorrect type in argument 1 (different address spaces)
init/do_mounts_initrd.c:55:19:    expected char [noderef] <asn:1>*dev_name
init/do_mounts_initrd.c:55:19:    got char static *<noident>
init/do_mounts_initrd.c:55:24: warning: incorrect type in argument 2 (different address spaces)
init/do_mounts_initrd.c:55:24:    expected char [noderef] <asn:1>*dir_name
init/do_mounts_initrd.c:55:24:    got char static *<noident>
init/do_mounts_initrd.c:56:20: warning: incorrect type in argument 1 (different address spaces)
init/do_mounts_initrd.c:56:20:    expected char const [noderef] <asn:1>*filename
init/do_mounts_initrd.c:56:20:    got char static *<noident>
init/do_mounts_initrd.c:67:19: warning: incorrect type in argument 1 (different address spaces)
init/do_mounts_initrd.c:67:19:    expected char [noderef] <asn:1>*dev_name
init/do_mounts_initrd.c:67:19:    got char static *<noident>
init/do_mounts_initrd.c:67:24: warning: incorrect type in argument 2 (different address spaces)
init/do_mounts_initrd.c:67:24:    expected char [noderef] <asn:1>*dir_name
init/do_mounts_initrd.c:67:24:    got char static *<noident>
init/do_mounts_initrd.c:70:20: warning: incorrect type in argument 1 (different address spaces)
init/do_mounts_initrd.c:70:20:    expected char const [noderef] <asn:1>*filename
init/do_mounts_initrd.c:70:20:    got char static *<noident>
init/do_mounts_initrd.c:75:27: warning: incorrect type in argument 1 (different address spaces)
init/do_mounts_initrd.c:75:27:    expected char const [noderef] <asn:1>*filename
init/do_mounts_initrd.c:75:27:    got char static *<noident>
init/do_mounts_initrd.c:83:27: warning: incorrect type in argument 1 (different address spaces)
init/do_mounts_initrd.c:83:27:    expected char [noderef] <asn:1>*dev_name
init/do_mounts_initrd.c:83:27:    got char static *<noident>
init/do_mounts_initrd.c:83:35: warning: incorrect type in argument 2 (different address spaces)
init/do_mounts_initrd.c:83:35:    expected char [noderef] <asn:1>*dir_name
init/do_mounts_initrd.c:83:35:    got char static *<noident>
init/do_mounts_initrd.c:87:35: warning: incorrect type in argument 1 (different address spaces)
init/do_mounts_initrd.c:87:35:    expected char const [noderef] <asn:1>*filename
init/do_mounts_initrd.c:87:35:    got char static *<noident>
init/do_mounts_initrd.c:93:28: warning: incorrect type in argument 1 (different address spaces)
init/do_mounts_initrd.c:93:28:    expected char [noderef] <asn:1>*name
init/do_mounts_initrd.c:93:28:    got char static *<noident>
init/do_mounts.h:18:20: warning: incorrect type in argument 1 (different address spaces)
init/do_mounts.h:18:20:    expected char const [noderef] <asn:1>*pathname
init/do_mounts.h:18:20:    got char *name
init/do_mounts.h:19:26: warning: incorrect type in argument 1 (different address spaces)
init/do_mounts.h:19:26:    expected char const [noderef] <asn:1>*filename
init/do_mounts.h:19:26:    got char *name
init/do_mounts_initrd.c:116:36: warning: incorrect type in argument 1 (different address spaces)
init/do_mounts_initrd.c:116:36:    expected char const [noderef] <asn:1>*pathname
init/do_mounts_initrd.c:116:36:    got char static *<noident>
init/do_mounts_initrd.c:121:20: warning: incorrect type in argument 1 (different address spaces)
init/do_mounts_initrd.c:121:20:    expected char const [noderef] <asn:1>*pathname
init/do_mounts_initrd.c:121:20:    got char static *<noident>
  CC      init/do_mounts_initrd.o
  LD      init/mounts.o
  CHECK   init/initramfs.c
init/initramfs.c:243:42: warning: incorrect type in argument 1 (different address spaces)
init/initramfs.c:243:42:    expected char const [noderef] <asn:1>*oldname
init/initramfs.c:243:42:    got char *old
init/initramfs.c:243:47: warning: incorrect type in argument 2 (different address spaces)
init/initramfs.c:243:47:    expected char const [noderef] <asn:1>*newname
init/initramfs.c:243:47:    got char *static [toplevel] [assigned] collected
init/initramfs.c:252:27: warning: incorrect type in argument 1 (different address spaces)
init/initramfs.c:252:27:    expected char [noderef] <asn:1>*filename
init/initramfs.c:252:27:    got char *path
init/initramfs.c:252:34: warning: incorrect type in argument 2 (different address spaces)
init/initramfs.c:252:34:    expected struct stat [noderef] <asn:1>*statbuf
init/initramfs.c:252:34:    got struct stat *<noident>
init/initramfs.c:254:35: warning: incorrect type in argument 1 (different address spaces)
init/initramfs.c:254:35:    expected char const [noderef] <asn:1>*pathname
init/initramfs.c:254:35:    got char *path
init/initramfs.c:256:36: warning: incorrect type in argument 1 (different address spaces)
init/initramfs.c:256:36:    expected char const [noderef] <asn:1>*pathname
init/initramfs.c:256:36:    got char *path
init/initramfs.c:279:40: warning: incorrect type in argument 1 (different address spaces)
init/initramfs.c:279:40:    expected char const [noderef] <asn:1>*filename
init/initramfs.c:279:40:    got char *static [toplevel] [assigned] collected
init/initramfs.c:288:27: warning: incorrect type in argument 1 (different address spaces)
init/initramfs.c:288:27:    expected char const [noderef] <asn:1>*pathname
init/initramfs.c:288:27:    got char *static [toplevel] [assigned] collected
init/initramfs.c:289:27: warning: incorrect type in argument 1 (different address spaces)
init/initramfs.c:289:27:    expected char const [noderef] <asn:1>*filename
init/initramfs.c:289:27:    got char *static [toplevel] [assigned] collected
init/initramfs.c:290:27: warning: incorrect type in argument 1 (different address spaces)
init/initramfs.c:290:27:    expected char const [noderef] <asn:1>*filename
init/initramfs.c:290:27:    got char *static [toplevel] [assigned] collected
init/initramfs.c:294:35: warning: incorrect type in argument 1 (different address spaces)
init/initramfs.c:294:35:    expected char const [noderef] <asn:1>*filename
init/initramfs.c:294:35:    got char *static [toplevel] [assigned] collected
init/initramfs.c:295:35: warning: incorrect type in argument 1 (different address spaces)
init/initramfs.c:295:35:    expected char const [noderef] <asn:1>*filename
init/initramfs.c:295:35:    got char *static [toplevel] [assigned] collected
init/initramfs.c:296:35: warning: incorrect type in argument 1 (different address spaces)
init/initramfs.c:296:35:    expected char const [noderef] <asn:1>*filename
init/initramfs.c:296:35:    got char *static [toplevel] [assigned] collected
init/initramfs.c:305:32: warning: incorrect type in argument 2 (different address spaces)
init/initramfs.c:305:32:    expected char const [noderef] <asn:1>*buf
init/initramfs.c:305:32:    got char *static [toplevel] [assigned] victim
init/initramfs.c:311:32: warning: incorrect type in argument 2 (different address spaces)
init/initramfs.c:311:32:    expected char const [noderef] <asn:1>*buf
init/initramfs.c:311:32:    got char *static [toplevel] [assigned] victim
init/initramfs.c:322:31: warning: incorrect type in argument 1 (different address spaces)
init/initramfs.c:322:31:    expected char const [noderef] <asn:1>*old
init/initramfs.c:322:31:    got char *
init/initramfs.c:322:52: warning: incorrect type in argument 2 (different address spaces)
init/initramfs.c:322:52:    expected char const [noderef] <asn:1>*new
init/initramfs.c:322:52:    got char *static [toplevel] [assigned] collected
init/initramfs.c:323:20: warning: incorrect type in argument 1 (different address spaces)
init/initramfs.c:323:20:    expected char const [noderef] <asn:1>*filename
init/initramfs.c:323:20:    got char *static [toplevel] [assigned] collected
init/initramfs.c:565:31: warning: incorrect type in argument 1 (different address spaces)
init/initramfs.c:565:31:    expected char const [noderef] <asn:1>*filename
init/initramfs.c:565:31:    got char static *<noident>
init/initramfs.c:567:40: warning: incorrect type in argument 2 (different address spaces)
init/initramfs.c:567:40:    expected char const [noderef] <asn:1>*buf
init/initramfs.c:567:40:    got char *<noident>
  CC      init/initramfs.o
init/initramfs.c: In function ‘populate_rootfs’:
init/initramfs.c:549:3: warning: format not a string literal and no format arguments [-Wformat-security]
   panic(err);
   ^
  CHECK   init/calibrate.c
  CC      init/calibrate.o
  LD      init/built-in.o
  HOSTCC  usr/gen_init_cpio
  GEN     usr/initramfs_data.cpio.gz
  AS      usr/initramfs_data.o
  LD      usr/built-in.o
  CHECK   arch/x86_64/kernel/process.c
arch/x86_64/kernel/process.c:58:15: warning: symbol 'kernel_thread_flags' was not declared. Should it be static?
arch/x86_64/kernel/process.c:582:30: warning: symbol '__switch_to' was not declared. Should it be static?
arch/x86_64/kernel/process.c:691:6: warning: symbol 'sys_execve' was not declared. Should it be static?
arch/x86_64/kernel/process.c:725:17: warning: symbol 'sys_fork' was not declared. Should it be static?
arch/x86_64/kernel/process.c:731:1: warning: symbol 'sys_clone' was not declared. Should it be static?
arch/x86_64/kernel/process.c:749:17: warning: symbol 'sys_vfork' was not declared. Should it be static?
arch/x86_64/kernel/process.c:875:6: warning: symbol 'sys_arch_prctl' was not declared. Should it be static?
  CC      arch/x86_64/kernel/process.o
In file included from include/asm/current.h:7:0,
                 from include/asm/processor.h:17,
                 from include/linux/prefetch.h:14,
                 from include/linux/list.h:8,
                 from include/linux/kobject.h:21,
                 from include/linux/sysdev.h:24,
                 from include/linux/cpu.h:22,
                 from arch/x86_64/kernel/process.c:21:
include/asm/mmu_context.h: In function ‘enter_lazy_tlb’:
include/asm/pda.h:55:15: warning: variable ‘tmp__’ set but not used [-Wunused-but-set-variable]
  if (0) { T__ tmp__; tmp__ = (val); } /* type checking */ \
               ^
include/asm/pda.h:107:30: note: in expansion of macro ‘pda_to_op’
 #define write_pda(field,val) pda_to_op("mov",field,val)
                              ^
include/asm/mmu_context.h:22:3: note: in expansion of macro ‘write_pda’
   write_pda(mmu_state, TLBSTATE_LAZY);
   ^
include/asm/mmu_context.h: In function ‘switch_mm’:
include/asm/pda.h:55:15: warning: variable ‘tmp__’ set but not used [-Wunused-but-set-variable]
  if (0) { T__ tmp__; tmp__ = (val); } /* type checking */ \
               ^
include/asm/pda.h:107:30: note: in expansion of macro ‘pda_to_op’
 #define write_pda(field,val) pda_to_op("mov",field,val)
                              ^
include/asm/mmu_context.h:39:3: note: in expansion of macro ‘write_pda’
   write_pda(mmu_state, TLBSTATE_OK);
   ^
include/asm/pda.h:55:15: warning: variable ‘tmp__’ set but not used [-Wunused-but-set-variable]
  if (0) { T__ tmp__; tmp__ = (val); } /* type checking */ \
               ^
include/asm/pda.h:107:30: note: in expansion of macro ‘pda_to_op’
 #define write_pda(field,val) pda_to_op("mov",field,val)
                              ^
include/asm/mmu_context.h:40:3: note: in expansion of macro ‘write_pda’
   write_pda(active_mm, next);
   ^
include/asm/pda.h:55:15: warning: variable ‘tmp__’ set but not used [-Wunused-but-set-variable]
  if (0) { T__ tmp__; tmp__ = (val); } /* type checking */ \
               ^
include/asm/pda.h:107:30: note: in expansion of macro ‘pda_to_op’
 #define write_pda(field,val) pda_to_op("mov",field,val)
                              ^
include/asm/mmu_context.h:50:3: note: in expansion of macro ‘write_pda’
   write_pda(mmu_state, TLBSTATE_OK);
   ^
arch/x86_64/kernel/process.c: In function ‘enter_idle’:
include/asm/pda.h:55:15: warning: variable ‘tmp__’ set but not used [-Wunused-but-set-variable]
  if (0) { T__ tmp__; tmp__ = (val); } /* type checking */ \
               ^
include/asm/pda.h:107:30: note: in expansion of macro ‘pda_to_op’
 #define write_pda(field,val) pda_to_op("mov",field,val)
                              ^
arch/x86_64/kernel/process.c:86:2: note: in expansion of macro ‘write_pda’
  write_pda(isidle, 1);
  ^
arch/x86_64/kernel/process.c: In function ‘__switch_to’:
include/asm/pda.h:55:15: warning: variable ‘tmp__’ set but not used [-Wunused-but-set-variable]
  if (0) { T__ tmp__; tmp__ = (val); } /* type checking */ \
               ^
include/asm/pda.h:107:30: note: in expansion of macro ‘pda_to_op’
 #define write_pda(field,val) pda_to_op("mov",field,val)
                              ^
arch/x86_64/kernel/process.c:657:2: note: in expansion of macro ‘write_pda’
  write_pda(oldrsp, next->userrsp); 
  ^
include/asm/pda.h:55:15: warning: variable ‘tmp__’ set but not used [-Wunused-but-set-variable]
  if (0) { T__ tmp__; tmp__ = (val); } /* type checking */ \
               ^
include/asm/pda.h:107:30: note: in expansion of macro ‘pda_to_op’
 #define write_pda(field,val) pda_to_op("mov",field,val)
                              ^
arch/x86_64/kernel/process.c:658:2: note: in expansion of macro ‘write_pda’
  write_pda(pcurrent, next_p); 
  ^
include/asm/pda.h:55:15: warning: variable ‘tmp__’ set but not used [-Wunused-but-set-variable]
  if (0) { T__ tmp__; tmp__ = (val); } /* type checking */ \
               ^
include/asm/pda.h:107:30: note: in expansion of macro ‘pda_to_op’
 #define write_pda(field,val) pda_to_op("mov",field,val)
                              ^
arch/x86_64/kernel/process.c:660:2: note: in expansion of macro ‘write_pda’
  write_pda(kernelstack,
  ^
  CHECK   arch/x86_64/kernel/signal.c
arch/x86_64/kernel/signal.c:41:1: warning: symbol 'sys_sigaltstack' was not declared. Should it be static?
arch/x86_64/kernel/signal.c:120:17: warning: symbol 'sys_rt_sigreturn' was not declared. Should it be static?
arch/x86_64/kernel/signal.c:463:1: warning: symbol 'do_notify_resume' was not declared. Should it be static?
  CC      arch/x86_64/kernel/signal.o
  AS      arch/x86_64/kernel/entry.o
  CHECK   arch/x86_64/kernel/traps.c
arch/x86_64/kernel/traps.c:438:29: warning: incorrect type in argument 1 (different address spaces)
arch/x86_64/kernel/traps.c:438:29:    expected void const volatile [noderef] <asn:1>*<noident>
arch/x86_64/kernel/traps.c:438:29:    got unsigned char *
arch/x86_64/kernel/traps.c:642:1: warning: symbol 'do_divide_error' was not declared. Should it be static?
arch/x86_64/kernel/traps.c:643:1: warning: symbol 'do_overflow' was not declared. Should it be static?
arch/x86_64/kernel/traps.c:644:1: warning: symbol 'do_bounds' was not declared. Should it be static?
arch/x86_64/kernel/traps.c:645:1: warning: symbol 'do_invalid_op' was not declared. Should it be static?
arch/x86_64/kernel/traps.c:646:1: warning: symbol 'do_device_not_available' was not declared. Should it be static?
arch/x86_64/kernel/traps.c:647:1: warning: symbol 'do_coprocessor_segment_overrun' was not declared. Should it be static?
arch/x86_64/kernel/traps.c:648:1: warning: symbol 'do_invalid_TSS' was not declared. Should it be static?
arch/x86_64/kernel/traps.c:649:1: warning: symbol 'do_segment_not_present' was not declared. Should it be static?
arch/x86_64/kernel/traps.c:650:1: warning: symbol 'do_alignment_check' was not declared. Should it be static?
arch/x86_64/kernel/traps.c:651:1: warning: symbol 'do_reserved' was not declared. Should it be static?
arch/x86_64/kernel/traps.c:654:17: warning: symbol 'do_stack_segment' was not declared. Should it be static?
arch/x86_64/kernel/traps.c:664:17: warning: symbol 'do_double_fault' was not declared. Should it be static?
arch/x86_64/kernel/traps.c:681:27: warning: symbol 'do_general_protection' was not declared. Should it be static?
arch/x86_64/kernel/traps.c:812:27: warning: symbol 'do_int3' was not declared. Should it be static?
arch/x86_64/kernel/traps.c:825:37: warning: symbol 'sync_regs' was not declared. Should it be static?
arch/x86_64/kernel/traps.c:844:27: warning: symbol 'do_debug' was not declared. Should it be static?
arch/x86_64/kernel/traps.c:931:17: warning: symbol 'do_coprocessor_error' was not declared. Should it be static?
arch/x86_64/kernel/traps.c:995:17: warning: symbol 'bad_intr' was not declared. Should it be static?
arch/x86_64/kernel/traps.c:1000:17: warning: symbol 'do_simd_coprocessor_error' was not declared. Should it be static?
arch/x86_64/kernel/traps.c:1054:17: warning: symbol 'do_spurious_interrupt_bug' was not declared. Should it be static?
arch/x86_64/kernel/traps.c:1058:39: warning: symbol 'smp_thermal_interrupt' was not declared. Should it be static?
arch/x86_64/kernel/traps.c:1062:39: warning: symbol 'mce_threshold_interrupt' was not declared. Should it be static?
arch/x86_64/kernel/traps.c:489:24: warning: context imbalance in 'oops_begin' - wrong count at exit
arch/x86_64/kernel/traps.c:504:17: warning: context imbalance in 'oops_end' - unexpected unlock
  CC      arch/x86_64/kernel/traps.o
  CHECK   arch/x86_64/kernel/irq.c
arch/x86_64/kernel/irq.c:53:5: warning: symbol 'show_interrupts' was not declared. Should it be static?
arch/x86_64/kernel/irq.c:106:25: warning: symbol 'do_IRQ' was not declared. Should it be static?
  CC      arch/x86_64/kernel/irq.o
  CHECK   arch/x86_64/kernel/ptrace.c
arch/x86_64/kernel/ptrace.c:594:17: warning: symbol 'syscall_trace_enter' was not declared. Should it be static?
arch/x86_64/kernel/ptrace.c:618:17: warning: symbol 'syscall_trace_leave' was not declared. Should it be static?
  CC      arch/x86_64/kernel/ptrace.o
  CHECK   arch/x86_64/kernel/time.c
arch/x86_64/kernel/time.c:338:13: warning: symbol 'pit_init' was not declared. Should it be static?
arch/x86_64/kernel/time.c:343:6: warning: symbol 'pit_stop_interrupt' was not declared. Should it be static?
arch/x86_64/kernel/time.c:368:13: warning: symbol 'time_init' was not declared. Should it be static?
  CC      arch/x86_64/kernel/time.o
  CHECK   arch/x86_64/kernel/ioport.c
  CC      arch/x86_64/kernel/ioport.o
  CHECK   arch/x86_64/kernel/ldt.c
arch/x86_64/kernel/ldt.c:96:5: warning: symbol 'init_new_context' was not declared. Should it be static?
arch/x86_64/kernel/ldt.c:116:6: warning: symbol 'destroy_context' was not declared. Should it be static?
arch/x86_64/kernel/ldt.c:233:16: warning: symbol 'sys_modify_ldt' was not declared. Should it be static?
  CC      arch/x86_64/kernel/ldt.o
  CHECK   arch/x86_64/kernel/setup.c
arch/x86_64/kernel/setup.c:80:15: warning: symbol 'saved_video_mode' was not declared. Should it be static?
arch/x86_64/kernel/setup.c:105:17: warning: symbol 'command_line' was not declared. Should it be static?
arch/x86_64/kernel/setup.c:107:17: warning: symbol 'standard_io_resources' was not declared. Should it be static?
arch/x86_64/kernel/setup.c:130:17: warning: symbol 'data_resource' was not declared. Should it be static?
arch/x86_64/kernel/setup.c:136:17: warning: symbol 'code_resource' was not declared. Should it be static?
arch/x86_64/kernel/setup.c:1112:23: warning: symbol 'cpuinfo_op' was not declared. Should it be static?
  CC      arch/x86_64/kernel/setup.o
In file included from include/asm/current.h:7:0,
                 from include/linux/capability.h:47,
                 from include/linux/sched.h:49,
                 from arch/x86_64/kernel/setup.c:15:
include/asm/mmu_context.h: In function ‘enter_lazy_tlb’:
include/asm/pda.h:55:15: warning: variable ‘tmp__’ set but not used [-Wunused-but-set-variable]
  if (0) { T__ tmp__; tmp__ = (val); } /* type checking */ \
               ^
include/asm/pda.h:107:30: note: in expansion of macro ‘pda_to_op’
 #define write_pda(field,val) pda_to_op("mov",field,val)
                              ^
include/asm/mmu_context.h:22:3: note: in expansion of macro ‘write_pda’
   write_pda(mmu_state, TLBSTATE_LAZY);
   ^
include/asm/mmu_context.h: In function ‘switch_mm’:
include/asm/pda.h:55:15: warning: variable ‘tmp__’ set but not used [-Wunused-but-set-variable]
  if (0) { T__ tmp__; tmp__ = (val); } /* type checking */ \
               ^
include/asm/pda.h:107:30: note: in expansion of macro ‘pda_to_op’
 #define write_pda(field,val) pda_to_op("mov",field,val)
                              ^
include/asm/mmu_context.h:39:3: note: in expansion of macro ‘write_pda’
   write_pda(mmu_state, TLBSTATE_OK);
   ^
include/asm/pda.h:55:15: warning: variable ‘tmp__’ set but not used [-Wunused-but-set-variable]
  if (0) { T__ tmp__; tmp__ = (val); } /* type checking */ \
               ^
include/asm/pda.h:107:30: note: in expansion of macro ‘pda_to_op’
 #define write_pda(field,val) pda_to_op("mov",field,val)
                              ^
include/asm/mmu_context.h:40:3: note: in expansion of macro ‘write_pda’
   write_pda(active_mm, next);
   ^
include/asm/pda.h:55:15: warning: variable ‘tmp__’ set but not used [-Wunused-but-set-variable]
  if (0) { T__ tmp__; tmp__ = (val); } /* type checking */ \
               ^
include/asm/pda.h:107:30: note: in expansion of macro ‘pda_to_op’
 #define write_pda(field,val) pda_to_op("mov",field,val)
                              ^
include/asm/mmu_context.h:50:3: note: in expansion of macro ‘write_pda’
   write_pda(mmu_state, TLBSTATE_OK);
   ^
  CHECK   arch/x86_64/kernel/i8259.c
arch/x86_64/kernel/i8259.c:420:13: warning: symbol 'init_ISA_irqs' was not declared. Should it be static?
arch/x86_64/kernel/i8259.c:487:13: warning: symbol 'init_IRQ' was not declared. Should it be static?
  CC      arch/x86_64/kernel/i8259.o
  CHECK   arch/x86_64/kernel/sys_x86_64.c
arch/x86_64/kernel/sys_x86_64.c:27:17: warning: symbol 'sys_pipe' was not declared. Should it be static?
arch/x86_64/kernel/sys_x86_64.c:40:17: warning: symbol 'sys_mmap' was not declared. Should it be static?
arch/x86_64/kernel/sys_x86_64.c:150:17: warning: symbol 'sys_uname' was not declared. Should it be static?
  CC      arch/x86_64/kernel/sys_x86_64.o
  CHECK   arch/x86_64/kernel/x8664_ksyms.c
  CC      arch/x86_64/kernel/x8664_ksyms.o
  CHECK   arch/x86_64/kernel/i387.c
arch/x86_64/kernel/i387.c:129:5: warning: symbol 'dump_fpu' was not declared. Should it be static?
arch/x86_64/kernel/i387.c:141:5: warning: symbol 'dump_task_fpu' was not declared. Should it be static?
  CC      arch/x86_64/kernel/i387.o
  CHECK   arch/x86_64/kernel/syscall.c
arch/x86_64/kernel/syscall.c:22:22: warning: symbol 'sys_call_table' was not declared. Should it be static?
arch/x86_64/kernel/syscall.c:24:10: warning: Initializer entry defined twice
include/asm-x86_64/unistd.h:16:1:   also defined here
  CC      arch/x86_64/kernel/syscall.o
  CHECK   arch/x86_64/kernel/vsyscall.c
arch/x86_64/kernel/vsyscall.c:151:19: warning: symbol 'vgettimeofday' was not declared. Should it be static?
arch/x86_64/kernel/vsyscall.c:169:28: warning: Using plain integer as NULL pointer
arch/x86_64/kernel/vsyscall.c:162:22: warning: symbol 'vtime' was not declared. Should it be static?
arch/x86_64/kernel/vsyscall.c:185:1: warning: symbol 'vgetcpu' was not declared. Should it be static?
arch/x86_64/kernel/vsyscall.c:218:20: warning: symbol 'venosys_1' was not declared. Should it be static?
  CC      arch/x86_64/kernel/vsyscall.o
  CHECK   arch/x86_64/kernel/setup64.c
arch/x86_64/kernel/setup64.c:37:6: warning: symbol 'boot_cpu_stack' was not declared. Should it be static?
arch/x86_64/kernel/setup64.c:63:5: warning: symbol 'force_personality32' was not declared. Should it be static?
arch/x86_64/kernel/setup64.c:150:6: warning: symbol 'boot_exception_stacks' was not declared. Should it be static?
arch/x86_64/kernel/setup64.c:185:15: warning: symbol 'kernel_eflags' was not declared. Should it be static?
  CC      arch/x86_64/kernel/setup64.o
In file included from include/asm/current.h:7:0,
                 from include/linux/capability.h:47,
                 from include/linux/sched.h:49,
                 from arch/x86_64/kernel/setup64.c:9:
include/asm/mmu_context.h: In function ‘enter_lazy_tlb’:
include/asm/pda.h:55:15: warning: variable ‘tmp__’ set but not used [-Wunused-but-set-variable]
  if (0) { T__ tmp__; tmp__ = (val); } /* type checking */ \
               ^
include/asm/pda.h:107:30: note: in expansion of macro ‘pda_to_op’
 #define write_pda(field,val) pda_to_op("mov",field,val)
                              ^
include/asm/mmu_context.h:22:3: note: in expansion of macro ‘write_pda’
   write_pda(mmu_state, TLBSTATE_LAZY);
   ^
include/asm/mmu_context.h: In function ‘switch_mm’:
include/asm/pda.h:55:15: warning: variable ‘tmp__’ set but not used [-Wunused-but-set-variable]
  if (0) { T__ tmp__; tmp__ = (val); } /* type checking */ \
               ^
include/asm/pda.h:107:30: note: in expansion of macro ‘pda_to_op’
 #define write_pda(field,val) pda_to_op("mov",field,val)
                              ^
include/asm/mmu_context.h:39:3: note: in expansion of macro ‘write_pda’
   write_pda(mmu_state, TLBSTATE_OK);
   ^
include/asm/pda.h:55:15: warning: variable ‘tmp__’ set but not used [-Wunused-but-set-variable]
  if (0) { T__ tmp__; tmp__ = (val); } /* type checking */ \
               ^
include/asm/pda.h:107:30: note: in expansion of macro ‘pda_to_op’
 #define write_pda(field,val) pda_to_op("mov",field,val)
                              ^
include/asm/mmu_context.h:40:3: note: in expansion of macro ‘write_pda’
   write_pda(active_mm, next);
   ^
include/asm/pda.h:55:15: warning: variable ‘tmp__’ set but not used [-Wunused-but-set-variable]
  if (0) { T__ tmp__; tmp__ = (val); } /* type checking */ \
               ^
include/asm/pda.h:107:30: note: in expansion of macro ‘pda_to_op’
 #define write_pda(field,val) pda_to_op("mov",field,val)
                              ^
include/asm/mmu_context.h:50:3: note: in expansion of macro ‘write_pda’
   write_pda(mmu_state, TLBSTATE_OK);
   ^
  CHECK   arch/x86_64/kernel/../../i386/kernel/cpu/addon_cpuid_features.c
  CC      arch/x86_64/kernel/../../i386/kernel/cpu/addon_cpuid_features.o
  CHECK   arch/x86_64/kernel/../../i386/kernel/alternative.c
  CC      arch/x86_64/kernel/../../i386/kernel/alternative.o
  CHECK   arch/x86_64/kernel/../../i386/kernel/bootflag.c
  CC      arch/x86_64/kernel/../../i386/kernel/bootflag.o
  CHECK   arch/x86_64/kernel/../../i386/kernel/cpuid.c
  CC      arch/x86_64/kernel/../../i386/kernel/cpuid.o
  CHECK   arch/x86_64/kernel/../../i386/kernel/i8237.c
  CC      arch/x86_64/kernel/../../i386/kernel/i8237.o
  CHECK   arch/x86_64/kernel/../../i386/kernel/cpu/intel_cacheinfo.c
  CC      arch/x86_64/kernel/../../i386/kernel/cpu/intel_cacheinfo.o
  CHECK   arch/x86_64/kernel/../../i386/kernel/msr.c
  CC      arch/x86_64/kernel/../../i386/kernel/msr.o
  CHECK   arch/x86_64/kernel/../../i386/kernel/pcspeaker.c
  CC      arch/x86_64/kernel/../../i386/kernel/pcspeaker.o
  CHECK   arch/x86_64/kernel/../../i386/kernel/cpu/perfctr-watchdog.c
  CC      arch/x86_64/kernel/../../i386/kernel/cpu/perfctr-watchdog.o
  CHECK   arch/x86_64/kernel/../../i386/kernel/quirks.c
  CC      arch/x86_64/kernel/../../i386/kernel/quirks.o
  CHECK   arch/x86_64/kernel/../../i386/kernel/cpu/mcheck/therm_throt.c
  CC      arch/x86_64/kernel/../../i386/kernel/cpu/mcheck/therm_throt.o
  CHECK   arch/x86_64/kernel/../../i386/kernel/topology.c
  CC      arch/x86_64/kernel/../../i386/kernel/topology.o
  LD      arch/x86_64/kernel/bootflag.o
  CHECK   arch/x86_64/kernel/e820.c
arch/x86_64/kernel/e820.c:583:6: warning: symbol 'early_panic' was not declared. Should it be static?
arch/x86_64/kernel/e820.c:666:15: warning: symbol 'pci_mem_start' was not declared. Should it be static?
  CC      arch/x86_64/kernel/e820.o
arch/x86_64/kernel/e820.c: In function ‘early_panic’:
arch/x86_64/kernel/e820.c:585:2: warning: format not a string literal and no format arguments [-Wformat-security]
  early_printk(msg);
  ^
arch/x86_64/kernel/e820.c:586:2: warning: format not a string literal and no format arguments [-Wformat-security]
  panic(msg);
  ^
  CHECK   arch/x86_64/kernel/reboot.c
arch/x86_64/kernel/reboot.c:33:5: warning: symbol 'reboot_force' was not declared. Should it be static?
  CC      arch/x86_64/kernel/reboot.o
  LD      arch/x86_64/kernel/quirks.o
  LD      arch/x86_64/kernel/i8237.o
  CHECK   arch/x86_64/kernel/pci-dma.c
  CC      arch/x86_64/kernel/pci-dma.o
  CHECK   arch/x86_64/kernel/pci-nommu.c
arch/x86_64/kernel/pci-nommu.c:82:30: warning: symbol 'nommu_dma_ops' was not declared. Should it be static?
  CC      arch/x86_64/kernel/pci-nommu.o
  LD      arch/x86_64/kernel/alternative.o
  CHECK   arch/x86_64/kernel/hpet.c
arch/x86_64/kernel/hpet.c:21:5: warning: symbol 'nohpet' was not declared. Should it be static?
arch/x86_64/kernel/hpet.c:125:20: warning: symbol 'clocksource_hpet' was not declared. Should it be static?
  CC      arch/x86_64/kernel/hpet.o
  CHECK   arch/x86_64/kernel/tsc.c
arch/x86_64/kernel/tsc.c:150:12: warning: symbol 'notsc_setup' was not declared. Should it be static?
  CC      arch/x86_64/kernel/tsc.o
  CHECK   arch/x86_64/kernel/bugs.c
  CC      arch/x86_64/kernel/bugs.o
  LD      arch/x86_64/kernel/perfctr-watchdog.o
  CHECK   arch/x86_64/kernel/mce.c
arch/x86_64/kernel/mce.c:66:16: warning: symbol 'mcelog' was not declared. Should it be static?
arch/x86_64/kernel/mce.c:506:16: warning: symbol 'mcheck_init' was not declared. Should it be static?
  CC      arch/x86_64/kernel/mce.o
arch/x86_64/kernel/mce.c: In function ‘mce_panic’:
arch/x86_64/kernel/mce.c:151:2: warning: format not a string literal and no format arguments [-Wformat-security]
  panic(msg);
  ^
  LD      arch/x86_64/kernel/therm_throt.o
  CHECK   arch/x86_64/kernel/mce_intel.c
arch/x86_64/kernel/mce_intel.c:16:17: warning: symbol 'smp_thermal_interrupt' was not declared. Should it be static?
  CC      arch/x86_64/kernel/mce_intel.o
  CHECK   arch/x86_64/kernel/mce_amd.c
arch/x86_64/kernel/mce_amd.c:179:17: warning: symbol 'mce_threshold_interrupt' was not declared. Should it be static?
  CC      arch/x86_64/kernel/mce_amd.o
  CHECK   arch/x86_64/kernel/../../i386/kernel/cpu/mtrr/main.c
arch/x86_64/kernel/../../i386/kernel/cpu/mtrr/main.c:50:14: warning: symbol 'usage_table' was not declared. Should it be static?
  CC      arch/x86_64/kernel/../../i386/kernel/cpu/mtrr/main.o
  CHECK   arch/x86_64/kernel/../../i386/kernel/cpu/mtrr/if.c
  CC      arch/x86_64/kernel/../../i386/kernel/cpu/mtrr/if.o
  CHECK   arch/x86_64/kernel/../../i386/kernel/cpu/mtrr/generic.c
  CC      arch/x86_64/kernel/../../i386/kernel/cpu/mtrr/generic.o
  CHECK   arch/x86_64/kernel/../../i386/kernel/cpu/mtrr/state.c
  CC      arch/x86_64/kernel/../../i386/kernel/cpu/mtrr/state.o
  LD      arch/x86_64/kernel/../../i386/kernel/cpu/mtrr/built-in.o
  CHECK   arch/x86_64/kernel/acpi/../../../i386/kernel/acpi/boot.c
arch/x86_64/kernel/acpi/../../../i386/kernel/acpi/boot.c:83:4: warning: symbol 'acpi_sci_flags' was not declared. Should it be static?
arch/x86_64/kernel/acpi/../../../i386/kernel/acpi/boot.c:84:5: warning: symbol 'acpi_sci_override_gsi' was not declared. Should it be static?
arch/x86_64/kernel/acpi/../../../i386/kernel/acpi/boot.c:421:13: warning: symbol 'acpi_pic_sci_set_trigger' was not declared. Should it be static?
  CC      arch/x86_64/kernel/acpi/../../../i386/kernel/acpi/boot.o
  CHECK   arch/x86_64/kernel/acpi/../../../i386/kernel/acpi/processor.c
  CC      arch/x86_64/kernel/acpi/../../../i386/kernel/acpi/processor.o
  CHECK   arch/x86_64/kernel/acpi/../../../i386/kernel/acpi/cstate.c
  CC      arch/x86_64/kernel/acpi/../../../i386/kernel/acpi/cstate.o
  LD      arch/x86_64/kernel/acpi/boot.o
  CHECK   arch/x86_64/kernel/acpi/sleep.c
arch/x86_64/kernel/acpi/sleep.c:118:6: warning: symbol 'acpi_pci_link_exit' was not declared. Should it be static?
  CC      arch/x86_64/kernel/acpi/sleep.o
  AS      arch/x86_64/kernel/acpi/wakeup.o
  LD      arch/x86_64/kernel/acpi/processor.o
  LD      arch/x86_64/kernel/acpi/built-in.o
  CHECK   arch/x86_64/kernel/cpufreq/../../../i386/kernel/cpu/cpufreq/acpi-cpufreq.c
  CC      arch/x86_64/kernel/cpufreq/../../../i386/kernel/cpu/cpufreq/acpi-cpufreq.o
  CHECK   arch/x86_64/kernel/cpufreq/../../../i386/kernel/cpu/cpufreq/powernow-k8.c
  CC      arch/x86_64/kernel/cpufreq/../../../i386/kernel/cpu/cpufreq/powernow-k8.o
  LD      arch/x86_64/kernel/cpufreq/powernow-k8.o
  LD      arch/x86_64/kernel/cpufreq/acpi-cpufreq.o
  LD      arch/x86_64/kernel/cpufreq/built-in.o
  LD      arch/x86_64/kernel/msr.o
  LD      arch/x86_64/kernel/cpuid.o
  CHECK   arch/x86_64/kernel/smp.c
arch/x86_64/kernel/smp.c:129:17: warning: symbol 'smp_invalidate_interrupt' was not declared. Should it be static?
arch/x86_64/kernel/smp.c:201:15: warning: symbol 'init_smp_flush' was not declared. Should it be static?
arch/x86_64/kernel/smp.c:493:17: warning: symbol 'smp_reschedule_interrupt' was not declared. Should it be static?
arch/x86_64/kernel/smp.c:498:17: warning: symbol 'smp_call_function_interrupt' was not declared. Should it be static?
arch/x86_64/kernel/smp.c:313:6: warning: context imbalance in 'lock_ipi_call_lock' - wrong count at exit
arch/x86_64/kernel/smp.c:318:6: warning: context imbalance in 'unlock_ipi_call_lock' - unexpected unlock
arch/x86_64/kernel/smp.c:470:6: warning: context imbalance in 'smp_send_stop' - different lock contexts for basic block
  CC      arch/x86_64/kernel/smp.o
In file included from include/asm/thread_info.h:14:0,
                 from include/linux/thread_info.h:21,
                 from include/linux/preempt.h:9,
                 from include/linux/spinlock.h:49,
                 from include/linux/mmzone.h:7,
                 from include/linux/gfp.h:4,
                 from include/linux/mm.h:8,
                 from arch/x86_64/kernel/smp.c:14:
include/asm/mmu_context.h: In function ‘enter_lazy_tlb’:
include/asm/pda.h:55:15: warning: variable ‘tmp__’ set but not used [-Wunused-but-set-variable]
  if (0) { T__ tmp__; tmp__ = (val); } /* type checking */ \
               ^
include/asm/pda.h:107:30: note: in expansion of macro ‘pda_to_op’
 #define write_pda(field,val) pda_to_op("mov",field,val)
                              ^
include/asm/mmu_context.h:22:3: note: in expansion of macro ‘write_pda’
   write_pda(mmu_state, TLBSTATE_LAZY);
   ^
include/asm/mmu_context.h: In function ‘switch_mm’:
include/asm/pda.h:55:15: warning: variable ‘tmp__’ set but not used [-Wunused-but-set-variable]
  if (0) { T__ tmp__; tmp__ = (val); } /* type checking */ \
               ^
include/asm/pda.h:107:30: note: in expansion of macro ‘pda_to_op’
 #define write_pda(field,val) pda_to_op("mov",field,val)
                              ^
include/asm/mmu_context.h:39:3: note: in expansion of macro ‘write_pda’
   write_pda(mmu_state, TLBSTATE_OK);
   ^
include/asm/pda.h:55:15: warning: variable ‘tmp__’ set but not used [-Wunused-but-set-variable]
  if (0) { T__ tmp__; tmp__ = (val); } /* type checking */ \
               ^
include/asm/pda.h:107:30: note: in expansion of macro ‘pda_to_op’
 #define write_pda(field,val) pda_to_op("mov",field,val)
                              ^
include/asm/mmu_context.h:40:3: note: in expansion of macro ‘write_pda’
   write_pda(active_mm, next);
   ^
include/asm/pda.h:55:15: warning: variable ‘tmp__’ set but not used [-Wunused-but-set-variable]
  if (0) { T__ tmp__; tmp__ = (val); } /* type checking */ \
               ^
include/asm/pda.h:107:30: note: in expansion of macro ‘pda_to_op’
 #define write_pda(field,val) pda_to_op("mov",field,val)
                              ^
include/asm/mmu_context.h:50:3: note: in expansion of macro ‘write_pda’
   write_pda(mmu_state, TLBSTATE_OK);
   ^
  CHECK   arch/x86_64/kernel/smpboot.c
arch/x86_64/kernel/smpboot.c:79:11: warning: symbol 'cpu_callin_map' was not declared. Should it be static?
arch/x86_64/kernel/smpboot.c:91:5: warning: symbol 'smp_threads_ready' was not declared. Should it be static?
arch/x86_64/kernel/smpboot.c:109:1: warning: symbol 'per_cpu__cpu_state' was not declared. Should it be static?
arch/x86_64/kernel/smpboot.c:116:20: warning: symbol 'idle_thread_array' was not declared. Should it be static?
arch/x86_64/kernel/smpboot.c:154:16: warning: symbol 'smp_callin' was not declared. Should it be static?
arch/x86_64/kernel/smpboot.c:321:16: warning: symbol 'start_secondary' was not declared. Should it be static?
arch/x86_64/kernel/smpboot.c:535:6: warning: symbol 'do_fork_idle' was not declared. Should it be static?
arch/x86_64/kernel/smpboot.c:712:10: warning: symbol 'cacheflush_time' was not declared. Should it be static?
arch/x86_64/kernel/smpboot.c:713:15: warning: symbol 'cache_decay_ticks' was not declared. Should it be static?
arch/x86_64/kernel/smpboot.c:751:5: warning: symbol 'additional_cpus' was not declared. Should it be static?
arch/x86_64/kernel/smpboot.c:999:6: warning: symbol 'remove_cpu_from_maps' was not declared. Should it be static?
  CC      arch/x86_64/kernel/smpboot.o
  AS      arch/x86_64/kernel/trampoline.o
  CHECK   arch/x86_64/kernel/tsc_sync.c
  CC      arch/x86_64/kernel/tsc_sync.o
  CHECK   arch/x86_64/kernel/apic.c
arch/x86_64/kernel/apic.c:848:27: warning: constant 4000000000 is so big it is long
arch/x86_64/kernel/apic.c:45:5: warning: symbol 'apic_calibrate_pmtmr' was not declared. Should it be static?
arch/x86_64/kernel/apic.c:47:5: warning: symbol 'disable_apic_timer' was not declared. Should it be static?
arch/x86_64/kernel/apic.c:987:5: warning: symbol 'setup_profiling_timer' was not declared. Should it be static?
arch/x86_64/kernel/apic.c:1040:6: warning: symbol 'smp_apic_timer_interrupt' was not declared. Should it be static?
arch/x86_64/kernel/apic.c:1116:17: warning: symbol 'smp_spurious_interrupt' was not declared. Should it be static?
arch/x86_64/kernel/apic.c:1137:17: warning: symbol 'smp_error_interrupt' was not declared. Should it be static?
  CC      arch/x86_64/kernel/apic.o
In file included from include/asm/thread_info.h:14:0,
                 from include/linux/thread_info.h:21,
                 from include/linux/preempt.h:9,
                 from include/linux/spinlock.h:49,
                 from include/linux/mmzone.h:7,
                 from include/linux/gfp.h:4,
                 from include/linux/mm.h:8,
                 from arch/x86_64/kernel/apic.c:19:
arch/x86_64/kernel/apic.c: In function ‘smp_send_timer_broadcast_ipi’:
include/asm/pda.h:55:15: warning: variable ‘tmp__’ set but not used [-Wunused-but-set-variable]
  if (0) { T__ tmp__; tmp__ = (val); } /* type checking */ \
               ^
include/asm/pda.h:108:28: note: in expansion of macro ‘pda_to_op’
 #define add_pda(field,val) pda_to_op("add",field,val)
                            ^
arch/x86_64/kernel/apic.c:965:3: note: in expansion of macro ‘add_pda’
   add_pda(apic_timer_irqs, 1);
   ^
arch/x86_64/kernel/apic.c: In function ‘smp_apic_timer_interrupt’:
include/asm/pda.h:55:15: warning: variable ‘tmp__’ set but not used [-Wunused-but-set-variable]
  if (0) { T__ tmp__; tmp__ = (val); } /* type checking */ \
               ^
include/asm/pda.h:108:28: note: in expansion of macro ‘pda_to_op’
 #define add_pda(field,val) pda_to_op("add",field,val)
                            ^
arch/x86_64/kernel/apic.c:1047:2: note: in expansion of macro ‘add_pda’
  add_pda(apic_timer_irqs, 1);
  ^
  CHECK   arch/x86_64/kernel/nmi.c
arch/x86_64/kernel/nmi.c:389:27: warning: symbol 'do_nmi' was not declared. Should it be static?
  CC      arch/x86_64/kernel/nmi.o
In file included from include/asm/current.h:7:0,
                 from include/linux/capability.h:47,
                 from include/linux/sched.h:49,
                 from include/linux/nmi.h:7,
                 from arch/x86_64/kernel/nmi.c:15:
arch/x86_64/kernel/nmi.c: In function ‘do_nmi’:
include/asm/pda.h:55:15: warning: variable ‘tmp__’ set but not used [-Wunused-but-set-variable]
  if (0) { T__ tmp__; tmp__ = (val); } /* type checking */ \
               ^
include/asm/pda.h:108:28: note: in expansion of macro ‘pda_to_op’
 #define add_pda(field,val) pda_to_op("add",field,val)
                            ^
arch/x86_64/kernel/nmi.c:392:2: note: in expansion of macro ‘add_pda’
  add_pda(__nmi_count,1);
  ^
  CHECK   arch/x86_64/kernel/io_apic.c
arch/x86_64/kernel/io_apic.c:59:16: warning: symbol 'irq_cfg' was not declared. Should it be static?
arch/x86_64/kernel/io_apic.c:133:55: warning: incorrect type in initializer (different modifiers)
arch/x86_64/kernel/io_apic.c:133:55:    expected struct io_apic [noderef] <asn:2>*io_apic
arch/x86_64/kernel/io_apic.c:133:55:    got struct io_apic [noderef] [pure] <asn:2>*
arch/x86_64/kernel/io_apic.c:133:55: warning: incorrect type in initializer (different modifiers)
arch/x86_64/kernel/io_apic.c:133:55:    expected struct io_apic [noderef] <asn:2>*io_apic
arch/x86_64/kernel/io_apic.c:133:55:    got struct io_apic [noderef] [pure] <asn:2>*
arch/x86_64/kernel/io_apic.c:133:55: warning: incorrect type in initializer (different modifiers)
arch/x86_64/kernel/io_apic.c:133:55:    expected struct io_apic [noderef] <asn:2>*io_apic
arch/x86_64/kernel/io_apic.c:133:55:    got struct io_apic [noderef] [pure] <asn:2>*
arch/x86_64/kernel/io_apic.c:140:55: warning: incorrect type in initializer (different modifiers)
arch/x86_64/kernel/io_apic.c:140:55:    expected struct io_apic [noderef] <asn:2>*io_apic
arch/x86_64/kernel/io_apic.c:140:55:    got struct io_apic [noderef] [pure] <asn:2>*
arch/x86_64/kernel/io_apic.c:140:55: warning: incorrect type in initializer (different modifiers)
arch/x86_64/kernel/io_apic.c:140:55:    expected struct io_apic [noderef] <asn:2>*io_apic
arch/x86_64/kernel/io_apic.c:140:55:    got struct io_apic [noderef] [pure] <asn:2>*
arch/x86_64/kernel/io_apic.c:140:55: warning: incorrect type in initializer (different modifiers)
arch/x86_64/kernel/io_apic.c:140:55:    expected struct io_apic [noderef] <asn:2>*io_apic
arch/x86_64/kernel/io_apic.c:140:55:    got struct io_apic [noderef] [pure] <asn:2>*
arch/x86_64/kernel/io_apic.c:140:55: warning: incorrect type in initializer (different modifiers)
arch/x86_64/kernel/io_apic.c:140:55:    expected struct io_apic [noderef] <asn:2>*io_apic
arch/x86_64/kernel/io_apic.c:140:55:    got struct io_apic [noderef] [pure] <asn:2>*
arch/x86_64/kernel/io_apic.c:140:55: warning: incorrect type in initializer (different modifiers)
arch/x86_64/kernel/io_apic.c:140:55:    expected struct io_apic [noderef] <asn:2>*io_apic
arch/x86_64/kernel/io_apic.c:140:55:    got struct io_apic [noderef] [pure] <asn:2>*
arch/x86_64/kernel/io_apic.c:133:55: warning: incorrect type in initializer (different modifiers)
arch/x86_64/kernel/io_apic.c:133:55:    expected struct io_apic [noderef] <asn:2>*io_apic
arch/x86_64/kernel/io_apic.c:133:55:    got struct io_apic [noderef] [pure] <asn:2>*
arch/x86_64/kernel/io_apic.c:151:55: warning: incorrect type in initializer (different modifiers)
arch/x86_64/kernel/io_apic.c:151:55:    expected struct io_apic [noderef] <asn:2>*io_apic
arch/x86_64/kernel/io_apic.c:151:55:    got struct io_apic [noderef] [pure] <asn:2>*
arch/x86_64/kernel/io_apic.c:133:55: warning: incorrect type in initializer (different modifiers)
arch/x86_64/kernel/io_apic.c:133:55:    expected struct io_apic [noderef] <asn:2>*io_apic
arch/x86_64/kernel/io_apic.c:133:55:    got struct io_apic [noderef] [pure] <asn:2>*
arch/x86_64/kernel/io_apic.c:151:55: warning: incorrect type in initializer (different modifiers)
arch/x86_64/kernel/io_apic.c:151:55:    expected struct io_apic [noderef] <asn:2>*io_apic
arch/x86_64/kernel/io_apic.c:151:55:    got struct io_apic [noderef] [pure] <asn:2>*
arch/x86_64/kernel/io_apic.c:187:55: warning: incorrect type in initializer (different modifiers)
arch/x86_64/kernel/io_apic.c:187:55:    expected struct io_apic [noderef] <asn:2>*io_apic
arch/x86_64/kernel/io_apic.c:187:55:    got struct io_apic [noderef] [pure] <asn:2>*
arch/x86_64/kernel/io_apic.c:133:55: warning: incorrect type in initializer (different modifiers)
arch/x86_64/kernel/io_apic.c:133:55:    expected struct io_apic [noderef] <asn:2>*io_apic
arch/x86_64/kernel/io_apic.c:133:55:    got struct io_apic [noderef] [pure] <asn:2>*
arch/x86_64/kernel/io_apic.c:151:55: warning: incorrect type in initializer (different modifiers)
arch/x86_64/kernel/io_apic.c:151:55:    expected struct io_apic [noderef] <asn:2>*io_apic
arch/x86_64/kernel/io_apic.c:151:55:    got struct io_apic [noderef] [pure] <asn:2>*
arch/x86_64/kernel/io_apic.c:140:55: warning: incorrect type in initializer (different modifiers)
arch/x86_64/kernel/io_apic.c:140:55:    expected struct io_apic [noderef] <asn:2>*io_apic
arch/x86_64/kernel/io_apic.c:140:55:    got struct io_apic [noderef] [pure] <asn:2>*
arch/x86_64/kernel/io_apic.c:140:55: warning: incorrect type in initializer (different modifiers)
arch/x86_64/kernel/io_apic.c:140:55:    expected struct io_apic [noderef] <asn:2>*io_apic
arch/x86_64/kernel/io_apic.c:140:55:    got struct io_apic [noderef] [pure] <asn:2>*
arch/x86_64/kernel/io_apic.c:133:55: warning: incorrect type in initializer (different modifiers)
arch/x86_64/kernel/io_apic.c:133:55:    expected struct io_apic [noderef] <asn:2>*io_apic
arch/x86_64/kernel/io_apic.c:133:55:    got struct io_apic [noderef] [pure] <asn:2>*
arch/x86_64/kernel/io_apic.c:133:55: warning: incorrect type in initializer (different modifiers)
arch/x86_64/kernel/io_apic.c:133:55:    expected struct io_apic [noderef] <asn:2>*io_apic
arch/x86_64/kernel/io_apic.c:133:55:    got struct io_apic [noderef] [pure] <asn:2>*
arch/x86_64/kernel/io_apic.c:133:55: warning: incorrect type in initializer (different modifiers)
arch/x86_64/kernel/io_apic.c:133:55:    expected struct io_apic [noderef] <asn:2>*io_apic
arch/x86_64/kernel/io_apic.c:133:55:    got struct io_apic [noderef] [pure] <asn:2>*
arch/x86_64/kernel/io_apic.c:133:55: warning: incorrect type in initializer (different modifiers)
arch/x86_64/kernel/io_apic.c:133:55:    expected struct io_apic [noderef] <asn:2>*io_apic
arch/x86_64/kernel/io_apic.c:133:55:    got struct io_apic [noderef] [pure] <asn:2>*
arch/x86_64/kernel/io_apic.c:1364:17: warning: symbol 'smp_irq_move_cleanup_interrupt' was not declared. Should it be static?
arch/x86_64/kernel/io_apic.c:133:55: warning: incorrect type in initializer (different modifiers)
arch/x86_64/kernel/io_apic.c:133:55:    expected struct io_apic [noderef] <asn:2>*io_apic
arch/x86_64/kernel/io_apic.c:133:55:    got struct io_apic [noderef] [pure] <asn:2>*
arch/x86_64/kernel/io_apic.c:133:55: warning: incorrect type in initializer (different modifiers)
arch/x86_64/kernel/io_apic.c:133:55:    expected struct io_apic [noderef] <asn:2>*io_apic
arch/x86_64/kernel/io_apic.c:133:55:    got struct io_apic [noderef] [pure] <asn:2>*
arch/x86_64/kernel/io_apic.c:140:55: warning: incorrect type in initializer (different modifiers)
arch/x86_64/kernel/io_apic.c:140:55:    expected struct io_apic [noderef] <asn:2>*io_apic
arch/x86_64/kernel/io_apic.c:140:55:    got struct io_apic [noderef] [pure] <asn:2>*
arch/x86_64/kernel/io_apic.c:140:55: warning: incorrect type in initializer (different modifiers)
arch/x86_64/kernel/io_apic.c:140:55:    expected struct io_apic [noderef] <asn:2>*io_apic
arch/x86_64/kernel/io_apic.c:140:55:    got struct io_apic [noderef] [pure] <asn:2>*
arch/x86_64/kernel/io_apic.c:140:55: warning: incorrect type in initializer (different modifiers)
arch/x86_64/kernel/io_apic.c:140:55:    expected struct io_apic [noderef] <asn:2>*io_apic
arch/x86_64/kernel/io_apic.c:140:55:    got struct io_apic [noderef] [pure] <asn:2>*
arch/x86_64/kernel/io_apic.c:140:55: warning: incorrect type in initializer (different modifiers)
arch/x86_64/kernel/io_apic.c:140:55:    expected struct io_apic [noderef] <asn:2>*io_apic
arch/x86_64/kernel/io_apic.c:140:55:    got struct io_apic [noderef] [pure] <asn:2>*
arch/x86_64/kernel/io_apic.c:133:55: warning: incorrect type in initializer (different modifiers)
arch/x86_64/kernel/io_apic.c:133:55:    expected struct io_apic [noderef] <asn:2>*io_apic
arch/x86_64/kernel/io_apic.c:133:55:    got struct io_apic [noderef] [pure] <asn:2>*
arch/x86_64/kernel/io_apic.c:140:55: warning: incorrect type in initializer (different modifiers)
arch/x86_64/kernel/io_apic.c:140:55:    expected struct io_apic [noderef] <asn:2>*io_apic
arch/x86_64/kernel/io_apic.c:140:55:    got struct io_apic [noderef] [pure] <asn:2>*
arch/x86_64/kernel/io_apic.c:133:55: warning: incorrect type in initializer (different modifiers)
arch/x86_64/kernel/io_apic.c:133:55:    expected struct io_apic [noderef] <asn:2>*io_apic
arch/x86_64/kernel/io_apic.c:133:55:    got struct io_apic [noderef] [pure] <asn:2>*
  CC      arch/x86_64/kernel/io_apic.o
  CHECK   arch/x86_64/kernel/mpparse.c
  CC      arch/x86_64/kernel/mpparse.o
  CHECK   arch/x86_64/kernel/genapic.c
  CC      arch/x86_64/kernel/genapic.o
  CHECK   arch/x86_64/kernel/genapic_flat.c
  CC      arch/x86_64/kernel/genapic_flat.o
  CHECK   arch/x86_64/kernel/suspend.c
arch/x86_64/kernel/suspend.c:20:22: warning: symbol 'saved_context' was not declared. Should it be static?
arch/x86_64/kernel/suspend.c:153:7: warning: symbol 'temp_level4_pgt' was not declared. Should it be static?
arch/x86_64/kernel/suspend.c:218:5: warning: symbol 'swsusp_arch_resume' was not declared. Should it be static?
arch/x86_64/kernel/suspend.c:233:5: warning: symbol 'pfn_is_nosave' was not declared. Should it be static?
  CC      arch/x86_64/kernel/suspend.o
  AS      arch/x86_64/kernel/suspend_asm.o
  CHECK   arch/x86_64/kernel/early_printk.c
arch/x86_64/kernel/early_printk.c:201:16: warning: symbol 'early_console' was not declared. Should it be static?
arch/x86_64/kernel/early_printk.c:204:6: warning: symbol 'early_printk' was not declared. Should it be static?
  CC      arch/x86_64/kernel/early_printk.o
  CHECK   arch/x86_64/kernel/pci-gart.c
arch/x86_64/kernel/pci-gart.c:37:15: warning: symbol 'iommu_bus_base' was not declared. Should it be static?
arch/x86_64/kernel/pci-gart.c:41:5: warning: symbol 'iommu_gatt_base' was not declared. Should it be static?
arch/x86_64/kernel/pci-gart.c:48:5: warning: symbol 'iommu_fullflush' was not declared. Should it be static?
arch/x86_64/kernel/pci-gart.c:377:5: warning: symbol 'gart_map_sg' was not declared. Should it be static?
  CC      arch/x86_64/kernel/pci-gart.o
  CHECK   arch/x86_64/kernel/aperture.c
  CC      arch/x86_64/kernel/aperture.o
  CHECK   arch/x86_64/kernel/pci-swiotlb.c
arch/x86_64/kernel/pci-swiotlb.c:15:30: warning: symbol 'swiotlb_dma_ops' was not declared. Should it be static?
  CC      arch/x86_64/kernel/pci-swiotlb.o
  CHECK   arch/x86_64/kernel/kprobes.c
arch/x86_64/kernel/kprobes.c:382:7: warning: symbol 'kretprobe_trampoline_holder' was not declared. Should it be static?
arch/x86_64/kernel/kprobes.c:392:15: warning: symbol 'trampoline_probe_handler' was not declared. Should it be static?
  CC      arch/x86_64/kernel/kprobes.o
  CHECK   arch/x86_64/kernel/pmtimer.c
  CC      arch/x86_64/kernel/pmtimer.o
  CHECK   arch/x86_64/kernel/k8.c
  CC      arch/x86_64/kernel/k8.o
  CHECK   arch/x86_64/kernel/module.c
  CC      arch/x86_64/kernel/module.o
  CHECK   arch/x86_64/kernel/early-quirks.c
  CC      arch/x86_64/kernel/early-quirks.o
  LD      arch/x86_64/kernel/topology.o
  LD      arch/x86_64/kernel/intel_cacheinfo.o
  LD      arch/x86_64/kernel/addon_cpuid_features.o
  LD      arch/x86_64/kernel/pcspeaker.o
  LD      arch/x86_64/kernel/built-in.o
  AS      arch/x86_64/kernel/head.o
  CHECK   arch/x86_64/kernel/head64.c
arch/x86_64/kernel/head64.c:61:13: warning: symbol 'x86_64_start_kernel' was not declared. Should it be static?
  CC      arch/x86_64/kernel/head64.o
  CHECK   arch/x86_64/kernel/init_task.c
  CC      arch/x86_64/kernel/init_task.o
  LDS     arch/x86_64/kernel/vmlinux.lds
  CHECK   arch/x86_64/mm/init.c
arch/x86_64/mm/init.c:100:5: warning: symbol 'after_bootmem' was not declared. Should it be static?
arch/x86_64/mm/init.c:442:6: warning: symbol 'online_page' was not declared. Should it be static?
arch/x86_64/mm/init.c:590:6: warning: symbol 'free_initmem' was not declared. Should it be static?
arch/x86_64/mm/init.c:635:6: warning: symbol 'free_initrd_mem' was not declared. Should it be static?
  CC      arch/x86_64/mm/init.o
In file included from arch/x86_64/mm/init.c:21:0:
include/linux/pagemap.h: In function ‘fault_in_pages_readable’:
include/linux/pagemap.h:242:16: warning: variable ‘c’ set but not used [-Wunused-but-set-variable]
  volatile char c;
                ^
In file included from include/asm/thread_info.h:14:0,
                 from include/linux/thread_info.h:21,
                 from include/linux/preempt.h:9,
                 from include/linux/spinlock.h:49,
                 from include/linux/seqlock.h:29,
                 from include/linux/time.h:8,
                 from include/asm/signal.h:6,
                 from include/linux/signal.h:4,
                 from arch/x86_64/mm/init.c:9:
include/asm/mmu_context.h: In function ‘enter_lazy_tlb’:
include/asm/pda.h:55:15: warning: variable ‘tmp__’ set but not used [-Wunused-but-set-variable]
  if (0) { T__ tmp__; tmp__ = (val); } /* type checking */ \
               ^
include/asm/pda.h:107:30: note: in expansion of macro ‘pda_to_op’
 #define write_pda(field,val) pda_to_op("mov",field,val)
                              ^
include/asm/mmu_context.h:22:3: note: in expansion of macro ‘write_pda’
   write_pda(mmu_state, TLBSTATE_LAZY);
   ^
include/asm/mmu_context.h: In function ‘switch_mm’:
include/asm/pda.h:55:15: warning: variable ‘tmp__’ set but not used [-Wunused-but-set-variable]
  if (0) { T__ tmp__; tmp__ = (val); } /* type checking */ \
               ^
include/asm/pda.h:107:30: note: in expansion of macro ‘pda_to_op’
 #define write_pda(field,val) pda_to_op("mov",field,val)
                              ^
include/asm/mmu_context.h:39:3: note: in expansion of macro ‘write_pda’
   write_pda(mmu_state, TLBSTATE_OK);
   ^
include/asm/pda.h:55:15: warning: variable ‘tmp__’ set but not used [-Wunused-but-set-variable]
  if (0) { T__ tmp__; tmp__ = (val); } /* type checking */ \
               ^
include/asm/pda.h:107:30: note: in expansion of macro ‘pda_to_op’
 #define write_pda(field,val) pda_to_op("mov",field,val)
                              ^
include/asm/mmu_context.h:40:3: note: in expansion of macro ‘write_pda’
   write_pda(active_mm, next);
   ^
include/asm/pda.h:55:15: warning: variable ‘tmp__’ set but not used [-Wunused-but-set-variable]
  if (0) { T__ tmp__; tmp__ = (val); } /* type checking */ \
               ^
include/asm/pda.h:107:30: note: in expansion of macro ‘pda_to_op’
 #define write_pda(field,val) pda_to_op("mov",field,val)
                              ^
include/asm/mmu_context.h:50:3: note: in expansion of macro ‘write_pda’
   write_pda(mmu_state, TLBSTATE_OK);
   ^
  CHECK   arch/x86_64/mm/fault.c
arch/x86_64/mm/fault.c:87:15: warning: incorrect type in assignment (different address spaces)
arch/x86_64/mm/fault.c:87:15:    expected unsigned char *instr
arch/x86_64/mm/fault.c:87:15:    got unsigned char [noderef] <asn:1>*<noident>
arch/x86_64/mm/fault.c:302:27: warning: symbol 'do_page_fault' was not declared. Should it be static?
  CC      arch/x86_64/mm/fault.o
  CHECK   arch/x86_64/mm/ioremap.c
arch/x86_64/mm/ioremap.c:175:18: error: incompatible types in comparison expression (different address spaces)
arch/x86_64/mm/ioremap.c:177:18: error: incompatible types in comparison expression (different address spaces)
arch/x86_64/mm/ioremap.c:189:29: error: incompatible types in comparison expression (different address spaces)
  CC      arch/x86_64/mm/ioremap.o
  CHECK   arch/x86_64/mm/extable.c
  CC      arch/x86_64/mm/extable.o
  CHECK   arch/x86_64/mm/pageattr.c
  CC      arch/x86_64/mm/pageattr.o
  CHECK   arch/x86_64/mm/mmap.c
  CC      arch/x86_64/mm/mmap.o
  CHECK   arch/x86_64/mm/../../i386/mm/hugetlbpage.c
  CC      arch/x86_64/mm/../../i386/mm/hugetlbpage.o
In file included from arch/x86_64/mm/../../i386/mm/hugetlbpage.c:11:0:
include/linux/pagemap.h: In function ‘fault_in_pages_readable’:
include/linux/pagemap.h:242:16: warning: variable ‘c’ set but not used [-Wunused-but-set-variable]
  volatile char c;
                ^
  LD      arch/x86_64/mm/hugetlbpage.o
  CHECK   arch/x86_64/mm/numa.c
arch/x86_64/mm/numa.c:26:16: warning: symbol 'plat_node_bdata' was not declared. Should it be static?
arch/x86_64/mm/numa.c:169:20: warning: Using plain integer as NULL pointer
arch/x86_64/mm/numa.c:231:13: warning: symbol 'setup_node_zones' was not declared. Should it be static?
arch/x86_64/mm/numa.c:276:6: warning: symbol 'cmdline' was not declared. Should it be static?
  CC      arch/x86_64/mm/numa.o
arch/x86_64/mm/numa.c: In function ‘setup_node_bootmem’:
arch/x86_64/mm/numa.c:180:51: warning: variable ‘bootmap_size’ set but not used [-Wunused-but-set-variable]
  unsigned long start_pfn, end_pfn, bootmap_pages, bootmap_size, bootmap_start; 
                                                   ^
  CHECK   arch/x86_64/mm/k8topology.c
  CC      arch/x86_64/mm/k8topology.o
  CHECK   arch/x86_64/mm/srat.c
arch/x86_64/mm/srat.c:210:5: warning: symbol 'update_end_of_memory' was not declared. Should it be static?
arch/x86_64/mm/srat.c:555:5: warning: symbol 'memory_add_physaddr_to_nid' was not declared. Should it be static?
  CC      arch/x86_64/mm/srat.o
arch/x86_64/mm/srat.c: In function ‘find_node_by_addr’:
arch/x86_64/mm/srat.c:446:6: warning: variable ‘ret’ set but not used [-Wunused-but-set-variable]
  int ret = NUMA_NO_NODE;
      ^
  LD      arch/x86_64/mm/built-in.o
  LD      arch/x86_64/crypto/built-in.o
  CHECK   arch/x86_64/vdso/vma.c
arch/x86_64/vdso/vma.c:16:5: warning: symbol 'vdso_enabled' was not declared. Should it be static?
arch/x86_64/vdso/vma.c:25:13: warning: symbol 'vdso_pages' was not declared. Should it be static?
arch/x86_64/vdso/vextern.h:14:1: warning: incorrect type in assignment (different modifiers)
arch/x86_64/vdso/vextern.h:14:1:    expected unsigned long *<noident>
arch/x86_64/vdso/vextern.h:14:1:    got unsigned long extern volatile [toplevel] *<noident>
arch/x86_64/vdso/vma.c:103:5: warning: symbol 'arch_setup_additional_pages' was not declared. Should it be static?
  CC      arch/x86_64/vdso/vma.o
  LDS     arch/x86_64/vdso/vdso.lds
  AS      arch/x86_64/vdso/vdso-start.o
  AS      arch/x86_64/vdso/vdso-note.o
  CHECK   arch/x86_64/vdso/vclock_gettime.c
arch/x86_64/vdso/vclock_gettime.c:86:5: warning: symbol '__vdso_clock_gettime' was not declared. Should it be static?
arch/x86_64/vdso/vclock_gettime.c:100:5: warning: symbol '__vdso_gettimeofday' was not declared. Should it be static?
  CC      arch/x86_64/vdso/vclock_gettime.o
  CHECK   arch/x86_64/vdso/vgetcpu.c
arch/x86_64/vdso/vgetcpu.c:16:6: warning: symbol '__vdso_getcpu' was not declared. Should it be static?
  CC      arch/x86_64/vdso/vgetcpu.o
  CHECK   arch/x86_64/vdso/vvar.c
arch/x86_64/vdso/vextern.h:14:1: warning: symbol 'vdso_jiffies' was not declared. Should it be static?
arch/x86_64/vdso/vextern.h:15:1: warning: symbol 'vdso_vgetcpu_mode' was not declared. Should it be static?
arch/x86_64/vdso/vextern.h:16:1: warning: symbol 'vdso_vsyscall_gtod_data' was not declared. Should it be static?
  CC      arch/x86_64/vdso/vvar.o
  SYSCALL arch/x86_64/vdso/vdso.so
gcc: error: elf_x86_64: No such file or directory
gcc: error: unrecognized command line option ‘-m’
make[1]: *** [arch/x86_64/vdso/vdso.so] Error 1
make: *** [arch/x86_64/vdso] Error 2
