init/main.c:163:12: warning: symbol 'envp_init' was not declared. Should it be static?
init/do_mounts.c:8:2: warning: "Sparse checking disabled for this file"
init/do_mounts_initrd.c:8:2: warning: "Sparse checking disabled for this file"
init/do_mounts_md.c:8:2: warning: "Sparse checking disabled for this file"
init/initramfs.c:8:2: warning: "Sparse checking disabled for this file"
init/calibrate.c:260:37: warning: symbol 'calibrate_delay_is_known' was not declared. Should it be static?
init/calibrate.c:270:28: warning: symbol 'calibration_delay_done' was not declared. Should it be static?
init/init_task.c:14:44: warning: implicit cast to nocast type
init/init_task.c:14:44: warning: implicit cast to nocast type
arch/x86/ia32/nosyscall.c:4:6: warning: symbol 'compat_ni_syscall' was not declared. Should it be static?
arch/x86/ia32/syscall_ia32.c:18:22: warning: symbol 'ia32_sys_call_table' was not declared. Should it be static?
arch/x86/ia32/syscall_ia32.c:23:10: warning: Initializer entry defined twice
arch/x86/ia32/audit.c:3:10: warning: symbol 'ia32_dir_class' was not declared. Should it be static?
arch/x86/ia32/audit.c:8:10: warning: symbol 'ia32_chattr_class' was not declared. Should it be static?
arch/x86/ia32/audit.c:13:10: warning: symbol 'ia32_write_class' was not declared. Should it be static?
arch/x86/ia32/audit.c:18:10: warning: symbol 'ia32_read_class' was not declared. Should it be static?
arch/x86/ia32/audit.c:23:10: warning: symbol 'ia32_signal_class' was not declared. Should it be static?
arch/x86/ia32/audit.c:28:5: warning: symbol 'ia32_classify_syscall' was not declared. Should it be static?
arch/x86/kernel/traps.c:417:23: warning: symbol 'fixup_bad_iret' was not declared. Should it be static?
arch/x86/kernel/traps.c:674:49: warning: symbol 'smp_threshold_interrupt' was not declared. Should it be static?
arch/x86/kernel/irq.c:221:6: warning: symbol '__smp_x86_platform_ipi' was not declared. Should it be static?
arch/x86/kernel/irq.c:243:16: warning: symbol 'smp_kvm_posted_intr_ipi' was not declared. Should it be static?
arch/x86/kernel/irq.c:261:16: warning: symbol 'smp_trace_x86_platform_ipi' was not declared. Should it be static?
arch/x86/kernel/time.c:69:13: warning: symbol 'setup_default_timer_irq' was not declared. Should it be static?
arch/x86/kernel/nmi.c:331:17: warning: expression using sizeof bool
arch/x86/kernel/nmi.c:331:17: warning: expression using sizeof bool
arch/x86/kernel/nmi.c:331:17: warning: expression using sizeof bool
arch/x86/kernel/nmi.c:331:17: warning: expression using sizeof bool
arch/x86/kernel/nmi.c:331:17: warning: expression using sizeof bool
arch/x86/kernel/nmi.c:347:25: warning: expression using sizeof bool
arch/x86/kernel/nmi.c:347:25: warning: expression using sizeof bool
arch/x86/kernel/nmi.c:347:25: warning: expression using sizeof bool
arch/x86/kernel/nmi.c:347:25: warning: expression using sizeof bool
arch/x86/kernel/nmi.c:347:25: warning: expression using sizeof bool
arch/x86/kernel/nmi.c:403:20: warning: expression using sizeof bool
arch/x86/kernel/nmi.c:403:20: warning: expression using sizeof bool
arch/x86/kernel/nmi.c:403:20: warning: expression using sizeof bool
arch/x86/kernel/nmi.c:403:20: warning: expression using sizeof bool
arch/x86/kernel/nmi.c:403:20: warning: expression using sizeof bool
arch/x86/kernel/setup.c:356:31: warning: incorrect type in argument 1 (different address spaces)
arch/x86/kernel/setup.c:442:31: warning: incorrect type in argument 1 (different address spaces)
arch/x86/kernel/setup.c:474:31: warning: incorrect type in argument 1 (different address spaces)
arch/x86/kernel/setup.c:495:31: warning: incorrect type in argument 1 (different address spaces)
arch/x86/kernel/x86_init.c:30:12: warning: symbol 'iommu_init_noop' was not declared. Should it be static?
arch/x86/kernel/x86_init.c:31:6: warning: symbol 'iommu_shutdown_noop' was not declared. Should it be static?
arch/x86/kernel/x86_init.c:143:5: warning: symbol 'arch_msi_mask_irq' was not declared. Should it be static?
arch/x86/kernel/x86_init.c:147:5: warning: symbol 'arch_msix_mask_irq' was not declared. Should it be static?
arch/x86/kernel/i8259.c:395:19: warning: symbol 'default_legacy_pic' was not declared. Should it be static?
arch/x86/kernel/irqinit.c:84:13: warning: symbol 'init_IRQ' was not declared. Should it be static?
arch/x86/kernel/irq_work.c:25:16: warning: symbol 'smp_irq_work_interrupt' was not declared. Should it be static?
arch/x86/kernel/irq_work.c:32:16: warning: symbol 'smp_trace_irq_work_interrupt' was not declared. Should it be static?
arch/x86/kernel/irq_work.c:41:6: warning: symbol 'arch_irq_work_raise' was not declared. Should it be static?
arch/x86/kernel/syscall_64.c:30:10: warning: Initializer entry defined twice
arch/x86/kernel/ksysfs.c:82:22: warning: incorrect type in assignment (different address spaces)
arch/x86/kernel/ksysfs.c:87:25: warning: incorrect type in argument 1 (different address spaces)
arch/x86/kernel/ksysfs.c:100:22: warning: incorrect type in assignment (different address spaces)
arch/x86/kernel/ksysfs.c:105:33: warning: incorrect type in argument 1 (different address spaces)
arch/x86/kernel/ksysfs.c:110:25: warning: incorrect type in argument 1 (different address spaces)
arch/x86/kernel/ksysfs.c:130:14: warning: incorrect type in assignment (different address spaces)
arch/x86/kernel/ksysfs.c:135:17: warning: incorrect type in argument 1 (different address spaces)
arch/x86/kernel/ksysfs.c:157:14: warning: incorrect type in assignment (different address spaces)
arch/x86/kernel/ksysfs.c:173:11: warning: incorrect type in assignment (different address spaces)
arch/x86/kernel/ksysfs.c:179:17: warning: incorrect type in argument 1 (different address spaces)
arch/x86/kernel/ksysfs.c:181:17: warning: incorrect type in argument 1 (different address spaces)
arch/x86/kernel/ksysfs.c:253:22: warning: incorrect type in assignment (different address spaces)
arch/x86/kernel/ksysfs.c:259:25: warning: incorrect type in argument 1 (different address spaces)
arch/x86/kernel/e820.c:672:23: warning: incorrect type in argument 1 (different address spaces)
arch/x86/kernel/kdebugfs.c:52:19: warning: incorrect type in assignment (different address spaces)
arch/x86/kernel/kdebugfs.c:61:25: warning: incorrect type in argument 1 (different address spaces)
arch/x86/kernel/kdebugfs.c:131:30: warning: incorrect type in assignment (different address spaces)
arch/x86/kernel/kdebugfs.c:147:33: warning: incorrect type in argument 1 (different address spaces)
arch/x86/kernel/tsc.c:1228:15: warning: symbol 'calibrate_delay_is_known' was not declared. Should it be static?
arch/x86/kernel/rtc.c:173:42: warning: duplicate const 
arch/x86/kernel/pci-iommu_table.c:62:37: warning: Using plain integer as NULL pointer
arch/x86/kernel/process.c:200:6: warning: symbol '__switch_to_xtra' was not declared. Should it be static?
arch/x86/kernel/xsave.c:175:16: warning: cast removes address space of expression
arch/x86/kernel/xsave.c:175:16: warning: incorrect type in argument 1 (different address spaces)
arch/x86/kernel/xsave.c:175:16: warning: cast removes address space of expression
arch/x86/kernel/xsave.c:175:16: warning: cast removes address space of expression
arch/x86/kernel/xsave.c:175:16: warning: cast removes address space of expression
arch/x86/kernel/xsave.c:175:16: warning: cast removes address space of expression
arch/x86/kernel/xsave.c:175:16: warning: cast removes address space of expression
arch/x86/kernel/xsave.c:175:16: warning: cast removes address space of expression
arch/x86/kernel/xsave.c:175:16: warning: cast removes address space of expression
arch/x86/kernel/xsave.c:175:16: warning: cast removes address space of expression
arch/x86/kernel/xsave.c:175:16: warning: cast removes address space of expression
arch/x86/kernel/xsave.c:175:16: warning: cast removes address space of expression
arch/x86/kernel/xsave.c:181:16: warning: cast removes address space of expression
arch/x86/kernel/xsave.c:181:16: warning: incorrect type in argument 1 (different address spaces)
arch/x86/kernel/xsave.c:181:16: warning: cast removes address space of expression
arch/x86/kernel/xsave.c:181:16: warning: cast removes address space of expression
arch/x86/kernel/xsave.c:181:16: warning: cast removes address space of expression
arch/x86/kernel/xsave.c:181:16: warning: cast removes address space of expression
arch/x86/kernel/xsave.c:181:16: warning: cast removes address space of expression
arch/x86/kernel/xsave.c:181:16: warning: cast removes address space of expression
arch/x86/kernel/xsave.c:196:16: warning: cast removes address space of expression
arch/x86/kernel/xsave.c:196:16: warning: incorrect type in argument 1 (different address spaces)
arch/x86/kernel/xsave.c:196:16: warning: cast removes address space of expression
arch/x86/kernel/xsave.c:196:16: warning: cast removes address space of expression
arch/x86/kernel/xsave.c:196:16: warning: cast removes address space of expression
arch/x86/kernel/xsave.c:196:16: warning: cast removes address space of expression
arch/x86/kernel/xsave.c:196:16: warning: cast removes address space of expression
arch/x86/kernel/xsave.c:196:16: warning: cast removes address space of expression
arch/x86/kernel/xsave.c:196:16: warning: cast removes address space of expression
arch/x86/kernel/xsave.c:196:16: warning: cast removes address space of expression
arch/x86/kernel/xsave.c:196:16: warning: cast removes address space of expression
arch/x86/kernel/xsave.c:196:16: warning: cast removes address space of expression
arch/x86/kernel/acpi/boot.c:110:29: warning: incorrect type in return expression (different address spaces)
arch/x86/kernel/acpi/boot.c:118:23: warning: incorrect type in argument 1 (different address spaces)
arch/x86/kernel/acpi/boot.c:668:6: warning: symbol '__acpi_unregister_gsi' was not declared. Should it be static?
arch/x86/kernel/apic/apic.c:566:13: warning: cast removes address space of expression
arch/x86/kernel/apic/apic.c:566:13: warning: incorrect type in argument 2 (different address spaces)
./arch/x86/include/asm/percpu.h:511:34: warning: cast removes address space of expression
arch/x86/kernel/apic/apic.c:566:13: warning: cast removes address space of expression
arch/x86/kernel/apic/apic.c:566:13: warning: incorrect type in argument 2 (different address spaces)
./arch/x86/include/asm/percpu.h:494:38: warning: cast removes address space of expression
./arch/x86/include/asm/percpu.h:494:59: warning: incorrect type in initializer (different address spaces)
arch/x86/kernel/apic/apic.c:575:13: warning: cast removes address space of expression
arch/x86/kernel/apic/apic.c:575:13: warning: incorrect type in argument 2 (different address spaces)
./arch/x86/include/asm/percpu.h:511:34: warning: cast removes address space of expression
arch/x86/kernel/apic/apic.c:575:13: warning: cast removes address space of expression
arch/x86/kernel/apic/apic.c:575:13: warning: incorrect type in argument 2 (different address spaces)
./arch/x86/include/asm/percpu.h:494:38: warning: cast removes address space of expression
./arch/x86/include/asm/percpu.h:494:59: warning: incorrect type in initializer (different address spaces)
arch/x86/kernel/apic/apic.c:950:28: warning: symbol 'smp_trace_apic_timer_interrupt' was not declared. Should it be static?
arch/x86/kernel/apic/apic.c:1575:12: warning: symbol 'enable_IR' was not declared. Should it be static?
arch/x86/kernel/apic/apic.c:1960:16: warning: symbol 'smp_trace_spurious_interrupt' was not declared. Should it be static?
arch/x86/kernel/apic/apic.c:2016:16: warning: symbol 'smp_trace_error_interrupt' was not declared. Should it be static?
arch/x86/kernel/apic/apic.c:2229:6: warning: symbol 'default_init_apic_ldr' was not declared. Should it be static?
arch/x86/kernel/apic/io_apic.c:340:55: warning: incorrect type in initializer (different modifiers)
arch/x86/kernel/apic/io_apic.c:346:55: warning: incorrect type in initializer (different modifiers)
arch/x86/kernel/apic/io_apic.c:353:55: warning: incorrect type in initializer (different modifiers)
arch/x86/kernel/apic/io_apic.c:367:55: warning: incorrect type in initializer (different modifiers)
arch/x86/kernel/apic/io_apic.c:547:17: warning: incorrect type in assignment (different modifiers)
arch/x86/kernel/apic/io_apic.c:1233:6: warning: context imbalance in 'lock_vector_lock' - wrong count at exit
arch/x86/kernel/apic/io_apic.c:1241:6: warning: context imbalance in 'unlock_vector_lock' - unexpected unlock
arch/x86/kernel/apic/apic_flat_64.c:43:6: warning: symbol 'flat_init_apic_ldr' was not declared. Should it be static?
arch/x86/kernel/cpu/intel_cacheinfo.c:167:33: warning: symbol 'num_cache_leaves' was not declared. Should it be static?
arch/x86/kernel/cpu/intel_cacheinfo.c:349:5: warning: symbol 'amd_get_l3_disable_slot' was not declared. Should it be static?
arch/x86/kernel/cpu/intel_cacheinfo.c:427:5: warning: symbol 'amd_set_l3_disable_slot' was not declared. Should it be static?
arch/x86/kernel/cpu/common.c:494:6: warning: symbol 'cpu_detect_tlb' was not declared. Should it be static?
arch/x86/kernel/cpu/common.c:1351:33: warning: incorrect type in initializer (different modifiers)
arch/x86/kernel/cpu/common.c:1180:9: warning: cast truncates bits from constant value (23001000000000 becomes 0)
arch/x86/kernel/cpu/perf_event.c:1917:6: warning: symbol 'arch_perf_update_userpage' was not declared. Should it be static?
arch/x86/kernel/cpu/perf_event.c:2090:20: warning: incorrect type in assignment (different address spaces)
arch/x86/kernel/cpu/perf_event_p4.c:593:3: warning: symbol 'p4_event_aliases' was not declared. Should it be static?
arch/x86/kernel/cpu/perf_event_intel.c:196:18: warning: symbol 'nhm_events_attrs' was not declared. Should it be static?
arch/x86/kernel/cpu/perf_event_intel.c:201:18: warning: symbol 'snb_events_attrs' was not declared. Should it be static?
arch/x86/kernel/cpu/perf_event_intel_rapl.c:138:27: warning: incorrect type in initializer (different address spaces)
arch/x86/kernel/cpu/perf_event_intel_rapl.c:468:30: warning: symbol 'rapl_attr_groups' was not declared. Should it be static?
arch/x86/kernel/cpu/perf_event_intel_uncore.c:40:16: warning: incorrect type in initializer (different address spaces)
arch/x86/kernel/cpu/perf_event_intel_uncore.c:46:14: warning: incorrect type in initializer (different address spaces)
arch/x86/kernel/cpu/perf_event_intel_uncore.c:51:26: warning: incorrect type in initializer (different address spaces)
arch/x86/kernel/cpu/perf_event_intel_uncore.c:58:17: warning: incorrect type in initializer (different address spaces)
arch/x86/kernel/cpu/perf_event_intel_uncore.c:707:42: warning: incorrect type in argument 1 (different address spaces)
arch/x86/kernel/cpu/perf_event_intel_uncore.c:743:29: warning: incorrect type in assignment (different address spaces)
arch/x86/kernel/cpu/perf_event_intel_uncore.c:877:22: warning: incorrect type in initializer (different address spaces)
arch/x86/kernel/cpu/perf_event_intel_uncore.c:878:26: warning: incorrect type in initializer (different address spaces)
arch/x86/kernel/cpu/perf_event_intel_uncore.c:972:32: warning: incorrect type in initializer (different address spaces)
arch/x86/kernel/cpu/perf_event_intel_uncore.c:973:26: warning: incorrect type in initializer (different address spaces)
arch/x86/kernel/cpu/perf_event_intel_uncore.c:993:32: warning: incorrect type in initializer (different address spaces)
arch/x86/kernel/cpu/perf_event_intel_uncore.c:1001:42: warning: incorrect type in initializer (different address spaces)
arch/x86/kernel/cpu/perf_event_intel_uncore.c:1004:42: warning: incorrect type in initializer (different address spaces)
arch/x86/kernel/cpu/perf_event_intel_uncore.c:1043:26: warning: incorrect type in initializer (different address spaces)
arch/x86/kernel/cpu/perf_event_intel_uncore.c:707:39: warning: dereference of noderef expression
arch/x86/kernel/cpu/perf_event_intel_uncore.c:744:26: warning: dereference of noderef expression
arch/x86/kernel/cpu/perf_event_intel_uncore_snb.c:202:22: warning: incorrect type in assignment (different address spaces)
arch/x86/kernel/cpu/perf_event_intel_uncore_snb.c:562:9: warning: cast truncates bits from constant value (1000000ff becomes ff)
arch/x86/kernel/cpu/perf_event_intel_uncore_nhmex.c:465:17: warning: cast truncates bits from constant value (8000000000000000 becomes 0)
arch/x86/kernel/cpu/perf_event_intel_uncore_nhmex.c:851:25: warning: cast truncates bits from constant value (8000000000000000 becomes 0)
arch/x86/kernel/cpu/mcheck/mce.c:118:1: warning: symbol 'x86_mce_decoder_chain' was not declared. Should it be static?
arch/x86/kernel/cpu/mcheck/mce.c:532:1: warning: symbol 'mce_irq_work' was not declared. Should it be static?
arch/x86/kernel/cpu/mcheck/mce.c:970:3: warning: symbol 'mce_info' was not declared. Should it be static?
arch/x86/kernel/cpu/mcheck/mce.c:1885:13: error: cannot dereference this type
arch/x86/kernel/cpu/mcheck/mce.c:1885:13: error: incompatible types for operation (==)
arch/x86/kernel/cpu/mcheck/threshold.c:27:27: warning: symbol 'smp_threshold_interrupt' was not declared. Should it be static?
arch/x86/kernel/cpu/mcheck/threshold.c:34:27: warning: symbol 'smp_trace_threshold_interrupt' was not declared. Should it be static?
arch/x86/kernel/cpu/mcheck/therm_throt.c:398:13: warning: cast removes address space of expression
arch/x86/kernel/cpu/mcheck/therm_throt.c:398:13: warning: incorrect type in argument 2 (different address spaces)
./arch/x86/include/asm/percpu.h:511:34: warning: cast removes address space of expression
arch/x86/kernel/cpu/mcheck/therm_throt.c:398:13: warning: cast removes address space of expression
arch/x86/kernel/cpu/mcheck/therm_throt.c:398:13: warning: incorrect type in argument 2 (different address spaces)
./arch/x86/include/asm/percpu.h:494:38: warning: cast removes address space of expression
./arch/x86/include/asm/percpu.h:494:59: warning: incorrect type in initializer (different address spaces)
arch/x86/kernel/cpu/mcheck/therm_throt.c:403:13: warning: cast removes address space of expression
arch/x86/kernel/cpu/mcheck/therm_throt.c:403:13: warning: incorrect type in argument 2 (different address spaces)
./arch/x86/include/asm/percpu.h:511:34: warning: cast removes address space of expression
arch/x86/kernel/cpu/mcheck/therm_throt.c:403:13: warning: cast removes address space of expression
arch/x86/kernel/cpu/mcheck/therm_throt.c:403:13: warning: incorrect type in argument 2 (different address spaces)
./arch/x86/include/asm/percpu.h:494:38: warning: cast removes address space of expression
./arch/x86/include/asm/percpu.h:494:59: warning: incorrect type in initializer (different address spaces)
arch/x86/kernel/cpu/mcheck/therm_throt.c:410:21: warning: cast removes address space of expression
arch/x86/kernel/cpu/mcheck/therm_throt.c:410:21: warning: incorrect type in argument 2 (different address spaces)
./arch/x86/include/asm/percpu.h:511:34: warning: cast removes address space of expression
arch/x86/kernel/cpu/mcheck/therm_throt.c:410:21: warning: cast removes address space of expression
arch/x86/kernel/cpu/mcheck/therm_throt.c:410:21: warning: incorrect type in argument 2 (different address spaces)
./arch/x86/include/asm/percpu.h:494:38: warning: cast removes address space of expression
./arch/x86/include/asm/percpu.h:494:59: warning: incorrect type in initializer (different address spaces)
arch/x86/kernel/cpu/mcheck/therm_throt.c:432:27: warning: symbol 'smp_thermal_interrupt' was not declared. Should it be static?
arch/x86/kernel/cpu/mcheck/therm_throt.c:439:27: warning: symbol 'smp_trace_thermal_interrupt' was not declared. Should it be static?
arch/x86/kernel/cpu/microcode/intel.c:296:35: warning: incorrect type in argument 2 (different address spaces)
arch/x86/kernel/cpu/microcode/intel.c:302:45: warning: cast removes address space of expression
arch/x86/kernel/kprobes/core.c:680:23: warning: symbol 'trampoline_handler' was not declared. Should it be static?
arch/x86/kernel/kprobes/opt.c:420:13: warning: function 'arch_unoptimize_kprobes' with external linkage has definition
arch/x86/kernel/smp.c:171:27: warning: symbol 'smp_reboot_interrupt' was not declared. Should it be static?
arch/x86/kernel/smp.c:274:16: warning: symbol 'smp_trace_reschedule_interrupt' was not declared. Should it be static?
arch/x86/kernel/smp.c:305:16: warning: symbol 'smp_trace_call_function_interrupt' was not declared. Should it be static?
arch/x86/kernel/smp.c:327:16: warning: symbol 'smp_trace_call_function_single_interrupt' was not declared. Should it be static?
arch/x86/kernel/smpboot.c:638:6: warning: symbol 'smp_announce' was not declared. Should it be static?
arch/x86/kernel/smpboot.c:1394:14: warning: cast removes address space of expression
arch/x86/kernel/smpboot.c:1394:14: warning: incorrect type in argument 2 (different address spaces)
./arch/x86/include/asm/percpu.h:511:34: warning: cast removes address space of expression
arch/x86/kernel/smpboot.c:1394:14: warning: cast removes address space of expression
arch/x86/kernel/smpboot.c:1394:14: warning: incorrect type in argument 2 (different address spaces)
./arch/x86/include/asm/percpu.h:494:38: warning: cast removes address space of expression
./arch/x86/include/asm/percpu.h:494:59: warning: incorrect type in initializer (different address spaces)
arch/x86/kernel/smpboot.c:1396:14: warning: cast removes address space of expression
arch/x86/kernel/smpboot.c:1396:14: warning: incorrect type in argument 2 (different address spaces)
./arch/x86/include/asm/percpu.h:511:34: warning: cast removes address space of expression
arch/x86/kernel/smpboot.c:1396:14: warning: cast removes address space of expression
arch/x86/kernel/smpboot.c:1396:14: warning: incorrect type in argument 2 (different address spaces)
./arch/x86/include/asm/percpu.h:494:38: warning: cast removes address space of expression
./arch/x86/include/asm/percpu.h:494:59: warning: incorrect type in initializer (different address spaces)
arch/x86/kernel/mpparse.c:445:13: warning: incorrect type in assignment (different address spaces)
arch/x86/kernel/mpparse.c:447:23: warning: incorrect type in argument 1 (different address spaces)
arch/x86/kernel/mpparse.c:459:13: warning: incorrect type in assignment (different address spaces)
arch/x86/kernel/mpparse.c:470:31: warning: incorrect type in argument 1 (different address spaces)
arch/x86/kernel/mpparse.c:473:23: warning: incorrect type in argument 1 (different address spaces)
arch/x86/kernel/crash.c:87:15: warning: symbol 'crash_zero_bytes' was not declared. Should it be static?
arch/x86/kernel/crash_dump_64.c:34:15: warning: incorrect type in assignment (different address spaces)
arch/x86/kernel/crash_dump_64.c:39:34: warning: incorrect type in argument 1 (different address spaces)
arch/x86/kernel/crash_dump_64.c:40:33: warning: incorrect type in argument 1 (different address spaces)
arch/x86/kernel/crash_dump_64.c:47:17: warning: incorrect type in argument 1 (different address spaces)
arch/x86/kernel/check.c:71:13: warning: symbol 'setup_bios_corruption_check' was not declared. Should it be static?
arch/x86/kernel/check.c:118:6: warning: symbol 'check_for_bios_corruption' was not declared. Should it be static?
arch/x86/kernel/tracepoint.c:37:6: warning: symbol 'trace_irq_vector_regfunc' was not declared. Should it be static?
arch/x86/kernel/tracepoint.c:49:6: warning: symbol 'trace_irq_vector_unregfunc' was not declared. Should it be static?
include/linux/spinlock.h:364:9: warning: context imbalance in 'iommu_range_alloc' - unexpected unlock
arch/x86/kernel/head64.c:37:10: warning: symbol 'early_pmd_flags' was not declared. Should it be static?
arch/x86/kernel/head64.c:53:12: warning: symbol 'early_make_pgtable' was not declared. Should it be static?
arch/x86/platform/efi/efi.c:560:20: warning: incorrect type in assignment (different address spaces)
arch/x86/vdso/vdso32-setup.c:28:28: warning: symbol 'vdso32_enabled' was not declared. Should it be static?
arch/x86/vdso/vgetcpu.c:16:1: warning: symbol '__vdso_getcpu' was not declared. Should it be static?
kernel/fork.c:96:5: warning: symbol 'max_threads' was not declared. Should it be static?
kernel/fork.c:139:13: warning: symbol 'arch_release_thread_info' was not declared. Should it be static?
kernel/fork.c:256:13: warning: symbol 'fork_init' was not declared. Should it be static?
kernel/fork.c:1160:41: warning: implicit cast to nocast type
kernel/fork.c:1161:41: warning: implicit cast to nocast type
kernel/fork.c:1288:42: warning: implicit cast to nocast type
kernel/fork.c:1289:43: warning: implicit cast to nocast type
kernel/fork.c:1291:57: warning: implicit cast to nocast type
kernel/panic.c:56:13: warning: symbol 'panic_smp_self_stop' was not declared. Should it be static?
kernel/panic.c:70:6: error: symbol 'panic' redeclared with different type (originally declared at include/linux/kernel.h:238) - different modifiers
kernel/cpu.c:287:9: warning: context imbalance in 'clear_tasks_mm_cpumask' - different lock contexts for basic block
kernel/exit.c:129:28: warning: incorrect type in argument 2 (different modifiers)
kernel/exit.c:129:28: warning: implicit cast to nocast type
kernel/exit.c:129:36: warning: incorrect type in argument 3 (different modifiers)
kernel/exit.c:129:36: warning: implicit cast to nocast type
kernel/exit.c:667:6: error: symbol 'do_exit' redeclared with different type (originally declared at include/linux/kernel.h:244) - different modifiers
kernel/exit.c:848:6: error: symbol 'complete_and_exit' redeclared with different type (originally declared at include/linux/kernel.h:246) - different modifiers
kernel/softirq.c:745:36: warning: incorrect type in initializer (different address spaces)
kernel/ptrace.c:1008:9: warning: context imbalance in 'ptrace_request' - different lock contexts for basic block
kernel/user.c:73:19: warning: symbol 'uidhash_table' was not declared. Should it be static?
kernel/signal.c:1659:28: warning: incorrect type in argument 2 (different modifiers)
kernel/signal.c:1659:28: warning: implicit cast to nocast type
kernel/signal.c:1659:36: warning: incorrect type in argument 3 (different modifiers)
kernel/signal.c:1659:36: warning: implicit cast to nocast type
kernel/signal.c:1744:28: warning: incorrect type in argument 2 (different modifiers)
kernel/signal.c:1744:28: warning: implicit cast to nocast type
kernel/signal.c:1744:36: warning: incorrect type in argument 3 (different modifiers)
kernel/signal.c:1744:36: warning: implicit cast to nocast type
kernel/signal.c:1260:23: warning: context imbalance in '__lock_task_sighand' - different lock contexts for basic block
kernel/signal.c:1989:13: warning: context imbalance in 'do_signal_stop' - different lock contexts for basic block
kernel/signal.c:2238:25: warning: context imbalance in 'get_signal' - unexpected unlock
kernel/sys.c:872:49: warning: incorrect type in argument 2 (different modifiers)
kernel/sys.c:872:49: warning: implicit cast to nocast type
kernel/sys.c:872:59: warning: incorrect type in argument 3 (different modifiers)
kernel/sys.c:872:59: warning: implicit cast to nocast type
kernel/sys.c:1535:25: warning: implicit cast to nocast type
kernel/sys.c:1538:49: warning: incorrect type in argument 2 (different modifiers)
kernel/sys.c:1538:49: warning: implicit cast to nocast type
kernel/sys.c:1538:57: warning: incorrect type in argument 3 (different modifiers)
kernel/sys.c:1538:57: warning: implicit cast to nocast type
kernel/sys.c:1564:51: warning: incorrect type in argument 2 (different modifiers)
kernel/sys.c:1564:51: warning: implicit cast to nocast type
kernel/sys.c:1564:61: warning: incorrect type in argument 3 (different modifiers)
kernel/sys.c:1564:61: warning: implicit cast to nocast type
kernel/workqueue.c:4372:61: warning: expression using sizeof bool
kernel/pid.c:48:5: warning: symbol 'pid_max' was not declared. Should it be static?
kernel/pid.c:52:5: warning: symbol 'pid_max_min' was not declared. Should it be static?
kernel/pid.c:53:5: warning: symbol 'pid_max_max' was not declared. Should it be static?
kernel/extable.c:39:26: warning: symbol 'main_extable_sort_needed' was not declared. Should it be static?
kernel/smpboot.c:168:36: warning: incorrect type in initializer (different address spaces)
kernel/smpboot.c:168:35: warning: incorrect type in initializer (different address spaces)
kernel/smpboot.c:187:10: warning: incorrect type in initializer (different address spaces)
kernel/smpboot.c:187:38: warning: incorrect type in assignment (different address spaces)
kernel/smpboot.c:220:36: warning: incorrect type in initializer (different address spaces)
kernel/smpboot.c:220:35: warning: incorrect type in initializer (different address spaces)
kernel/smpboot.c:239:36: warning: incorrect type in initializer (different address spaces)
kernel/smpboot.c:239:35: warning: incorrect type in initializer (different address spaces)
kernel/smpboot.c:261:44: warning: incorrect type in initializer (different address spaces)
kernel/smpboot.c:261:43: warning: incorrect type in initializer (different address spaces)
kernel/smpboot.c:266:26: warning: incorrect type in initializer (different address spaces)
kernel/bpf/core.c:430:43: error: arithmetics on pointers to functions
kernel/events/core.c:320:26: warning: function 'perf_pmu_name' with external linkage has definition
kernel/events/core.c:194:6: warning: symbol 'update_perf_cpu_limits' was not declared. Should it be static?
kernel/events/core.c:735:1: warning: symbol 'perf_cgroup_switch' was not declared. Should it be static?
kernel/events/core.c:807:26: warning: incorrect type in initializer (different address spaces)
kernel/events/core.c:793:6: warning: symbol 'perf_cpu_hrtimer_cancel' was not declared. Should it be static?
kernel/events/core.c:863:22: warning: incorrect type in initializer (different address spaces)
kernel/events/core.c:870:22: warning: incorrect type in initializer (different address spaces)
kernel/events/core.c:884:43: warning: incorrect type in initializer (different address spaces)
kernel/events/core.c:333:16: warning: incorrect type in initializer (different address spaces)
kernel/events/core.c:333:16: warning: incorrect type in initializer (different address spaces)
kernel/events/core.c:333:16: warning: incorrect type in initializer (different address spaces)
kernel/events/core.c:333:16: warning: incorrect type in initializer (different address spaces)
kernel/events/core.c:333:16: warning: incorrect type in initializer (different address spaces)
kernel/events/core.c:333:16: warning: incorrect type in initializer (different address spaces)
kernel/events/core.c:333:16: warning: incorrect type in initializer (different address spaces)
kernel/events/core.c:333:16: warning: incorrect type in initializer (different address spaces)
kernel/events/core.c:2655:26: warning: incorrect type in initializer (different address spaces)
kernel/events/core.c:333:16: warning: incorrect type in initializer (different address spaces)
kernel/events/core.c:3225:26: warning: incorrect type in initializer (different address spaces)
kernel/events/core.c:3952:13: warning: symbol 'arch_perf_update_userpage' was not declared. Should it be static?
kernel/events/internal.h:146:1: warning: incorrect type in argument 2 (different address spaces)
kernel/events/core.c:5061:26: warning: incorrect type in initializer (different address spaces)
kernel/events/core.c:6550:35: warning: incorrect type in return expression (different address spaces)
kernel/events/core.c:6563:26: warning: incorrect type in initializer (different address spaces)
kernel/events/core.c:6585:24: warning: incorrect type in argument 1 (different address spaces)
kernel/events/core.c:6634:26: warning: incorrect type in initializer (different address spaces)
kernel/events/core.c:6701:32: warning: incorrect type in assignment (different address spaces)
kernel/events/core.c:6726:30: warning: incorrect type in assignment (different address spaces)
kernel/events/core.c:6731:30: warning: incorrect type in assignment (different address spaces)
kernel/events/core.c:6738:26: warning: incorrect type in initializer (different address spaces)
kernel/events/core.c:6793:24: warning: incorrect type in argument 1 (different address spaces)
kernel/events/core.c:6811:24: warning: incorrect type in argument 1 (different address spaces)
kernel/events/core.c:6820:12: warning: symbol 'perf_init_event' was not declared. Should it be static?
kernel/events/core.c:7553:20: warning: incorrect type in initializer (different address spaces)
kernel/events/core.c:7554:20: warning: incorrect type in initializer (different address spaces)
kernel/events/core.c:8113:43: warning: incorrect type in initializer (different address spaces)
kernel/events/core.c:8141:24: warning: incorrect type in initializer (different address spaces)
kernel/events/core.c:340:9: warning: context imbalance in 'perf_ctx_lock' - wrong count at exit
kernel/events/core.c:348:17: warning: context imbalance in 'perf_ctx_unlock' - unexpected unlock
include/linux/rcupdate.h:934:9: warning: context imbalance in 'perf_lock_task_context' - different lock contexts for basic block
kernel/events/core.c:1029:17: warning: context imbalance in 'perf_pin_task_context' - unexpected unlock
kernel/events/core.c:1960:25: warning: context imbalance in '__perf_install_in_context' - unexpected unlock
kernel/events/core.c:3241:17: warning: context imbalance in 'find_get_context' - unexpected unlock
kernel/events/core.c:5074:17: warning: dereference of noderef expression
kernel/events/core.c:6550:32: warning: dereference of noderef expression
kernel/events/core.c:6579:21: warning: dereference of noderef expression
kernel/events/core.c:6579:43: warning: dereference of noderef expression
kernel/events/core.c:6585:21: warning: dereference of noderef expression
kernel/events/core.c:6702:14: warning: dereference of noderef expression
kernel/events/core.c:6727:13: warning: dereference of noderef expression
kernel/events/core.c:6732:14: warning: dereference of noderef expression
kernel/events/core.c:6793:21: warning: dereference of noderef expression
kernel/events/core.c:6811:21: warning: dereference of noderef expression
kernel/events/ring_buffer.c:104:5: warning: context imbalance in 'perf_output_begin' - different lock contexts for basic block
kernel/events/ring_buffer.c:217:6: warning: context imbalance in 'perf_output_end' - unexpected unlock
kernel/events/hw_breakpoint.c:83:12: warning: symbol 'hw_breakpoint_weight' was not declared. Should it be static?
kernel/events/hw_breakpoint.c:231:13: warning: symbol 'arch_unregister_hw_breakpoint' was not declared. Should it be static?
kernel/irq/irqdesc.c:522:17: warning: context imbalance in '__irq_get_desc_lock' - wrong count at exit
kernel/irq/irqdesc.c:546:6: warning: context imbalance in '__irq_put_desc_unlock' - unexpected unlock
kernel/irq/spurious.c:47:17: warning: context imbalance in 'irq_wait_for_poll' - unexpected unlock
./arch/x86/include/asm/spinlock.h:101:9: warning: context imbalance in '_raw_spin_lock' - wrong count at exit
./arch/x86/include/asm/spinlock.h:101:9: warning: context imbalance in '_raw_spin_lock_irqsave' - wrong count at exit
./arch/x86/include/asm/spinlock.h:101:9: warning: context imbalance in '_raw_spin_lock_irq' - wrong count at exit
./arch/x86/include/asm/spinlock.h:101:9: warning: context imbalance in '_raw_spin_lock_bh' - wrong count at exit
kernel/locking/spinlock.c:189:17: warning: context imbalance in '_raw_spin_unlock_irqrestore' - unexpected unlock
kernel/locking/spinlock.c:205:17: warning: context imbalance in '_raw_spin_unlock_bh' - unexpected unlock
include/linux/rwlock_api_smp.h:150:9: warning: context imbalance in '_raw_read_lock' - wrong count at exit
include/linux/rwlock_api_smp.h:160:9: warning: context imbalance in '_raw_read_lock_irqsave' - wrong count at exit
include/linux/rwlock_api_smp.h:170:9: warning: context imbalance in '_raw_read_lock_irq' - wrong count at exit
include/linux/rwlock_api_smp.h:177:9: warning: context imbalance in '_raw_read_lock_bh' - wrong count at exit
kernel/locking/spinlock.c:261:17: warning: context imbalance in '_raw_read_unlock_irqrestore' - unexpected unlock
kernel/locking/spinlock.c:277:17: warning: context imbalance in '_raw_read_unlock_bh' - unexpected unlock
include/linux/rwlock_api_smp.h:211:9: warning: context imbalance in '_raw_write_lock' - wrong count at exit
include/linux/rwlock_api_smp.h:187:9: warning: context imbalance in '_raw_write_lock_irqsave' - wrong count at exit
include/linux/rwlock_api_smp.h:197:9: warning: context imbalance in '_raw_write_lock_irq' - wrong count at exit
include/linux/rwlock_api_smp.h:204:9: warning: context imbalance in '_raw_write_lock_bh' - wrong count at exit
kernel/locking/spinlock.c:333:17: warning: context imbalance in '_raw_write_unlock_irqrestore' - unexpected unlock
kernel/locking/spinlock.c:349:17: warning: context imbalance in '_raw_write_unlock_bh' - unexpected unlock
kernel/power/main.c:49:5: warning: symbol 'pm_async_enabled' was not declared. Should it be static?
kernel/power/main.c:619:25: warning: symbol 'pm_wq' was not declared. Should it be static?
kernel/power/snapshot.c:1319:14: warning: symbol 'alloc_normal' was not declared. Should it be static?
kernel/power/snapshot.c:1319:28: warning: symbol 'alloc_highmem' was not declared. Should it be static?
kernel/printk/printk.c:236:1: warning: symbol 'log_wait' was not declared. Should it be static?
kernel/printk/printk.c:921:15: warning: memcpy with byte count of 262144
kernel/rcu/tree.c:202:14: warning: expression using sizeof bool
kernel/rcu/tree.c:202:14: warning: expression using sizeof bool
kernel/rcu/tree.c:202:14: warning: expression using sizeof bool
kernel/rcu/tree.c:202:14: warning: expression using sizeof bool
kernel/rcu/tree.c:202:14: warning: expression using sizeof bool
kernel/rcu/tree.c:206:17: warning: expression using sizeof bool
kernel/rcu/tree.c:206:17: warning: expression using sizeof bool
kernel/rcu/tree.c:206:17: warning: expression using sizeof bool
kernel/rcu/tree.c:206:17: warning: expression using sizeof bool
kernel/rcu/tree.c:206:17: warning: expression using sizeof bool
kernel/rcu/tree.c:212:14: warning: expression using sizeof bool
kernel/rcu/tree.c:212:14: warning: expression using sizeof bool
kernel/rcu/tree.c:212:14: warning: expression using sizeof bool
kernel/rcu/tree.c:212:14: warning: expression using sizeof bool
kernel/rcu/tree.c:212:14: warning: expression using sizeof bool
kernel/rcu/tree.c:216:17: warning: expression using sizeof bool
kernel/rcu/tree.c:216:17: warning: expression using sizeof bool
kernel/rcu/tree.c:216:17: warning: expression using sizeof bool
kernel/rcu/tree.c:216:17: warning: expression using sizeof bool
kernel/rcu/tree.c:216:17: warning: expression using sizeof bool
kernel/rcu/tree.c:3529:21: warning: incorrect type in argument 1 (different modifiers)
kernel/rcu/tree.c:1376:9: warning: context imbalance in 'rcu_start_future_gp' - different lock contexts for basic block
kernel/rcu/tree.c:2265:17: warning: context imbalance in 'rcu_cleanup_dead_cpu' - unexpected unlock
kernel/rcu/tree.c:2448:9: warning: context imbalance in 'force_qs_rnp' - different lock contexts for basic block
kernel/rcu/tree.c:2504:25: warning: context imbalance in 'force_quiescent_state' - unexpected unlock
kernel/sched/core.c:922:6: warning: symbol 'sched_set_stop_task' was not declared. Should it be static?
kernel/sched/core.c:1154:5: warning: symbol 'migrate_swap' was not declared. Should it be static?
kernel/sched/core.c:2978:35: warning: symbol 'preempt_schedule_irq' was not declared. Should it be static?
kernel/sched/core.c:5818:28: warning: incorrect type in initializer (different address spaces)
kernel/sched/core.c:5853:28: warning: incorrect type in initializer (different address spaces)
kernel/sched/core.c:5873:28: warning: incorrect type in initializer (different address spaces)
kernel/sched/core.c:5913:36: warning: incorrect type in initializer (different address spaces)
kernel/sched/core.c:5920:24: warning: incorrect type in initializer (different address spaces)
kernel/sched/core.c:5921:31: warning: incorrect type in initializer (different address spaces)
kernel/sched/core.c:6556:39: warning: incorrect type in initializer (different address spaces)
kernel/sched/core.c:6559:40: warning: incorrect type in initializer (different address spaces)
kernel/sched/core.c:6563:40: warning: incorrect type in initializer (different address spaces)
kernel/sched/core.c:6565:40: warning: incorrect type in initializer (different address spaces)
kernel/sched/core.c:6567:32: warning: incorrect type in argument 1 (different address spaces)
kernel/sched/core.c:6569:32: warning: incorrect type in argument 1 (different address spaces)
kernel/sched/core.c:6571:32: warning: incorrect type in argument 1 (different address spaces)
kernel/sched/core.c:6499:25: warning: incorrect type in assignment (different address spaces)
kernel/sched/core.c:6503:25: warning: incorrect type in assignment (different address spaces)
kernel/sched/core.c:6507:26: warning: incorrect type in assignment (different address spaces)
kernel/sched/core.c:6521:26: warning: incorrect type in initializer (different address spaces)
kernel/sched/core.c:6530:26: warning: incorrect type in initializer (different address spaces)
kernel/sched/core.c:6537:26: warning: incorrect type in initializer (different address spaces)
kernel/sched/core.c:6061:30: warning: incorrect type in argument 1 (different address spaces)
kernel/sched/core.c:6076:15: warning: incorrect type in assignment (different address spaces)
kernel/sched/core.c:6094:9: warning: incorrect type in initializer (different address spaces)
kernel/sched/core.c:6095:10: warning: incorrect type in initializer (different address spaces)
kernel/sched/core.c:6097:28: warning: incorrect type in initializer (different address spaces)
kernel/sched/core.c:6098:18: warning: incorrect type in initializer (different address spaces)
kernel/sched/core.c:6100:28: warning: incorrect type in initializer (different address spaces)
kernel/sched/core.c:6101:18: warning: incorrect type in initializer (different address spaces)
kernel/sched/core.c:6132:36: warning: incorrect type in initializer (different address spaces)
kernel/sched/core.c:6576:21: warning: symbol 'build_sched_domain' was not declared. Should it be static?
kernel/sched/core.c:6634:34: warning: incorrect type in initializer (different address spaces)
kernel/sched/core.c:6644:28: warning: incorrect type in initializer (different address spaces)
kernel/sched/core.c:6661:28: warning: incorrect type in initializer (different address spaces)
kernel/sched/core.c:6670:23: warning: incorrect type in initializer (different address spaces)
kernel/sched/core.c:6973:26: warning: symbol 'sysctl_timer_migration' was not declared. Should it be static?
kernel/sched/core.c:4204:1: warning: context imbalance in 'sys_sched_yield' - unexpected unlock
kernel/sched/core.c:6061:29: warning: dereference of noderef expression
kernel/sched/core.c:6077:14: warning: dereference of noderef expression
kernel/sched/core.c:6500:22: warning: dereference of noderef expression
kernel/sched/core.c:6504:22: warning: dereference of noderef expression
kernel/sched/core.c:6508:22: warning: dereference of noderef expression
kernel/sched/core.c:6555:29: warning: dereference of noderef expression
kernel/sched/core.c:6562:29: warning: dereference of noderef expression
kernel/sched/core.c:6564:29: warning: dereference of noderef expression
kernel/sched/core.c:6567:29: warning: dereference of noderef expression
kernel/sched/core.c:6568:17: warning: dereference of noderef expression
kernel/sched/core.c:6569:29: warning: dereference of noderef expression
kernel/sched/core.c:6570:17: warning: dereference of noderef expression
kernel/sched/core.c:6571:29: warning: dereference of noderef expression
kernel/sched/core.c:6572:17: warning: dereference of noderef expression
kernel/sched/clock.c:77:19: warning: symbol 'sched_clock_running' was not declared. Should it be static?
kernel/sched/cputime.c:305:42: warning: incorrect type in argument 2 (different modifiers)
kernel/sched/cputime.c:305:42: warning: implicit cast to nocast type
kernel/sched/cputime.c:305:50: warning: incorrect type in argument 3 (different modifiers)
kernel/sched/cputime.c:305:50: warning: implicit cast to nocast type
kernel/sched/cputime.c:570:29: warning: implicit cast to nocast type
kernel/sched/cputime.c:619:26: warning: incorrect type in argument 1 (different modifiers)
kernel/sched/cputime.c:619:26: warning: implicit cast to nocast type
kernel/sched/cputime.c:620:26: warning: incorrect type in argument 1 (different modifiers)
kernel/sched/cputime.c:620:26: warning: implicit cast to nocast type
kernel/sched/cputime.c:633:26: warning: incorrect type in argument 2 (different modifiers)
kernel/sched/cputime.c:633:26: warning: implicit cast to nocast type
kernel/sched/cputime.c:633:42: warning: incorrect type in argument 3 (different modifiers)
kernel/sched/cputime.c:633:42: warning: implicit cast to nocast type
kernel/sched/cputime.c:313:33: warning: context imbalance in 'thread_group_cputime' - different lock contexts for basic block
kernel/sched/fair.c:51:14: warning: symbol 'normalized_sysctl_sched_latency' was not declared. Should it be static?
kernel/sched/fair.c:70:14: warning: symbol 'normalized_sysctl_sched_min_granularity' was not declared. Should it be static?
kernel/sched/fair.c:92:14: warning: symbol 'normalized_sysctl_sched_wakeup_granularity' was not declared. Should it be static?
kernel/sched/fair.c:101:28: warning: symbol 'sysctl_sched_shares_window' was not declared. Should it be static?
kernel/sched/fair.c:3872:35: error: marked inline, but without a definition
kernel/sched/rt.c:601:6: warning: symbol 'sched_rt_bandwidth_account' was not declared. Should it be static?
./arch/x86/include/asm/spinlock.h:160:17: warning: context imbalance in 'find_lock_lowest_rq' - unexpected unlock
kernel/sched/rt.c:1738:9: warning: context imbalance in 'push_rt_task' - unexpected unlock
./arch/x86/include/asm/spinlock.h:160:17: warning: context imbalance in 'pull_rt_task' - unexpected unlock
kernel/sched/deadline.c:60:6: warning: symbol 'init_dl_bw' was not declared. Should it be static?
kernel/sched/deadline.c:1034:20: warning: symbol 'pick_next_task_dl' was not declared. Should it be static?
./arch/x86/include/asm/spinlock.h:160:17: warning: context imbalance in 'find_lock_later_rq' - unexpected unlock
kernel/sched/deadline.c:1394:9: warning: context imbalance in 'push_dl_task' - unexpected unlock
./arch/x86/include/asm/spinlock.h:160:17: warning: context imbalance in 'pull_dl_task' - unexpected unlock
kernel/time/hrtimer.c:67:1: warning: symbol 'hrtimer_bases' was not declared. Should it be static?
kernel/time/hrtimer.c:152:27: warning: context imbalance in 'lock_hrtimer_base' - wrong count at exit
kernel/time/hrtimer.c:979:25: warning: context imbalance in '__hrtimer_start_range_ns' - unexpected unlock
kernel/time/hrtimer.c:778:9: warning: context imbalance in 'hrtimer_try_to_cancel' - unexpected unlock
kernel/time/hrtimer.c:1084:9: warning: context imbalance in 'hrtimer_get_remaining' - unexpected unlock
kernel/time/hrtimer.c:1208:36: warning: context imbalance in '__run_hrtimer' - unexpected unlock
kernel/time/itimer.c:126:59: warning: implicit cast to nocast type
kernel/time/itimer.c:167:55: warning: incorrect type in argument 3 (different modifiers)
kernel/time/itimer.c:167:55: warning: implicit cast to nocast type
kernel/time/itimer.c:167:62: warning: incorrect type in argument 4 (different modifiers)
kernel/time/itimer.c:167:62: warning: implicit cast to nocast type
kernel/time/itimer.c:226:56: warning: implicit cast to nocast type
kernel/time/posix-timers.c:395:9: warning: context imbalance in 'do_schedule_next_timer' - different lock contexts for basic block
kernel/time/posix-timers.c:686:24: warning: context imbalance in '__lock_timer' - different lock contexts for basic block
kernel/time/posix-cpu-timers.c:27:53: warning: incorrect type in argument 3 (different modifiers)
kernel/time/posix-cpu-timers.c:27:53: warning: implicit cast to nocast type
kernel/time/posix-cpu-timers.c:130:26: warning: incorrect type in argument 2 (different modifiers)
kernel/time/posix-cpu-timers.c:130:26: warning: implicit cast to nocast type
kernel/time/posix-cpu-timers.c:130:34: warning: incorrect type in argument 3 (different modifiers)
kernel/time/posix-cpu-timers.c:130:34: warning: implicit cast to nocast type
kernel/time/posix-cpu-timers.c:138:26: warning: incorrect type in argument 2 (different modifiers)
kernel/time/posix-cpu-timers.c:138:26: warning: implicit cast to nocast type
kernel/time/posix-cpu-timers.c:130:26: warning: incorrect type in argument 2 (different modifiers)
kernel/time/posix-cpu-timers.c:130:26: warning: implicit cast to nocast type
kernel/time/posix-cpu-timers.c:130:34: warning: incorrect type in argument 3 (different modifiers)
kernel/time/posix-cpu-timers.c:130:34: warning: implicit cast to nocast type
kernel/time/posix-cpu-timers.c:138:26: warning: incorrect type in argument 2 (different modifiers)
kernel/time/posix-cpu-timers.c:138:26: warning: implicit cast to nocast type
kernel/time/posix-cpu-timers.c:904:27: warning: implicit cast from nocast type
kernel/time/posix-cpu-timers.c:913:39: warning: implicit cast to nocast type
kernel/time/posix-cpu-timers.c:918:62: warning: implicit cast to nocast type
kernel/time/posix-cpu-timers.c:922:44: warning: implicit cast from nocast type
kernel/time/posix-cpu-timers.c:923:30: warning: implicit cast from nocast type
kernel/time/posix-cpu-timers.c:986:38: warning: implicit cast from nocast type
kernel/time/posix-cpu-timers.c:987:40: warning: implicit cast from nocast type
kernel/time/posix-cpu-timers.c:1100:28: warning: incorrect type in argument 2 (different modifiers)
kernel/time/posix-cpu-timers.c:1100:28: warning: implicit cast to nocast type
kernel/time/posix-cpu-timers.c:1100:36: warning: incorrect type in argument 3 (different modifiers)
kernel/time/posix-cpu-timers.c:1100:36: warning: implicit cast to nocast type
kernel/time/posix-cpu-timers.c:1216:29: warning: implicit cast from nocast type
kernel/time/posix-cpu-timers.c:1220:44: warning: implicit cast to nocast type
kernel/time/posix-cpu-timers.c:1226:28: warning: implicit cast to nocast type
kernel/time/jiffies.c:107:20: warning: symbol 'refined_jiffies' was not declared. Should it be static?
kernel/time/clockevents.c:614:17: warning: symbol 'clockevents_subsys' was not declared. Should it be static?
kernel/time/tick-sched.c:409:5: warning: symbol 'tick_nohz_active' was not declared. Should it be static?
kernel/time/tick-sched.c:440:9: warning: cast to non-scalar
kernel/time/tick-sched.c:440:9: warning: cast from non-scalar
kernel/time/tick-sched.c:440:9: warning: cast to non-scalar
kernel/time/tick-sched.c:440:9: warning: cast from non-scalar
kernel/time/tick-sched.c:440:9: warning: cast to non-scalar
kernel/time/tick-sched.c:440:9: warning: cast from non-scalar
kernel/time/tick-sched.c:440:9: warning: cast to non-scalar
kernel/time/tick-sched.c:440:9: warning: cast from non-scalar
kernel/time/tick-sched.c:440:9: warning: cast to non-scalar
kernel/time/tick-sched.c:440:9: warning: cast from non-scalar
kernel/time/tick-sched.c:440:9: warning: cast to non-scalar
kernel/time/tick-sched.c:440:9: warning: cast from non-scalar
kernel/time/tick-sched.c:440:9: warning: cast to non-scalar
kernel/time/tick-sched.c:440:9: warning: cast from non-scalar
kernel/time/tick-sched.c:440:9: warning: cast to non-scalar
kernel/time/tick-sched.c:440:9: warning: cast from non-scalar
kernel/time/tick-sched.c:440:9: warning: cast to non-scalar
kernel/time/tick-sched.c:440:9: warning: cast from non-scalar
kernel/time/tick-sched.c:440:9: warning: cast to non-scalar
kernel/time/tick-sched.c:440:9: warning: cast from non-scalar
kernel/time/tick-sched.c:440:9: warning: cast to non-scalar
kernel/time/tick-sched.c:440:9: warning: cast from non-scalar
kernel/time/tick-sched.c:440:9: warning: cast to non-scalar
kernel/time/tick-sched.c:440:9: warning: cast from non-scalar
kernel/time/tick-sched.c:440:9: warning: cast to non-scalar
kernel/time/tick-sched.c:440:9: warning: cast from non-scalar
kernel/time/tick-sched.c:440:9: warning: cast to non-scalar
kernel/time/tick-sched.c:440:9: warning: cast from non-scalar
kernel/time/tick-sched.c:440:9: warning: cast to non-scalar
kernel/time/tick-sched.c:440:9: warning: cast from non-scalar
kernel/time/tick-sched.c:440:9: warning: cast to non-scalar
kernel/time/tick-sched.c:440:9: warning: cast from non-scalar
kernel/trace/ring_buffer.c:3889:9: warning: context imbalance in 'ring_buffer_peek' - different lock contexts for basic block
kernel/trace/ring_buffer.c:3965:9: warning: context imbalance in 'ring_buffer_consume' - different lock contexts for basic block
kernel/trace/ring_buffer.c:4260:17: warning: context imbalance in 'ring_buffer_empty' - different lock contexts for basic block
kernel/trace/ring_buffer.c:4294:9: warning: context imbalance in 'ring_buffer_empty_cpu' - different lock contexts for basic block
kernel/trace/trace.c:1568:14: warning: expression using sizeof bool
kernel/trace/trace.c:1568:14: warning: expression using sizeof bool
kernel/trace/trace.c:1568:14: warning: expression using sizeof bool
kernel/trace/trace.c:1568:14: warning: expression using sizeof bool
kernel/trace/trace.c:1568:14: warning: expression using sizeof bool
kernel/trace/trace.c:1572:17: warning: expression using sizeof bool
kernel/trace/trace.c:1572:17: warning: expression using sizeof bool
kernel/trace/trace.c:1572:17: warning: expression using sizeof bool
kernel/trace/trace.c:1572:17: warning: expression using sizeof bool
kernel/trace/trace.c:1572:17: warning: expression using sizeof bool
kernel/trace/trace.c:1618:9: warning: expression using sizeof bool
kernel/trace/trace.c:1618:9: warning: expression using sizeof bool
kernel/trace/trace.c:1618:9: warning: expression using sizeof bool
kernel/trace/trace.c:1618:9: warning: expression using sizeof bool
kernel/trace/trace.c:1618:9: warning: expression using sizeof bool
kernel/trace/trace.c:1970:16: warning: incorrect type in initializer (different address spaces)
kernel/trace/trace.c:1980:17: warning: incorrect type in assignment (different address spaces)
kernel/trace/trace.c:1984:22: warning: incorrect type in assignment (different address spaces)
kernel/trace/trace.c:1988:21: warning: incorrect type in assignment (different address spaces)
kernel/trace/trace.c:1992:21: warning: incorrect type in assignment (different address spaces)
kernel/trace/trace.c:2004:21: warning: incorrect type in argument 1 (different address spaces)
kernel/trace/trace.c:2006:21: warning: incorrect type in argument 1 (different address spaces)
kernel/trace/trace.c:2008:21: warning: incorrect type in argument 1 (different address spaces)
kernel/trace/trace.c:6223:15: warning: symbol 'trace_instance_dir' was not declared. Should it be static?
kernel/trace/trace.c:1321:15: warning: memset with byte count of 131076
kernel/trace/trace_entries.h:58:1: warning: symbol 'event_class_ftrace_function' was not declared. Should it be static?
kernel/trace/trace_entries.h:58:1: warning: symbol '__event_function' was not declared. Should it be static?
kernel/trace/trace_entries.h:75:1: warning: symbol 'event_class_ftrace_funcgraph_entry' was not declared. Should it be static?
kernel/trace/trace_entries.h:75:1: warning: symbol '__event_funcgraph_entry' was not declared. Should it be static?
kernel/trace/trace_entries.h:91:1: warning: symbol 'event_class_ftrace_funcgraph_exit' was not declared. Should it be static?
kernel/trace/trace_entries.h:91:1: warning: symbol '__event_funcgraph_exit' was not declared. Should it be static?
kernel/trace/trace_entries.h:127:1: warning: symbol 'event_class_ftrace_context_switch' was not declared. Should it be static?
kernel/trace/trace_entries.h:127:1: warning: symbol '__event_context_switch' was not declared. Should it be static?
kernel/trace/trace_entries.h:147:1: warning: symbol 'event_class_ftrace_wakeup' was not declared. Should it be static?
kernel/trace/trace_entries.h:147:1: warning: symbol '__event_wakeup' was not declared. Should it be static?
kernel/trace/trace_entries.h:175:1: warning: symbol 'event_class_ftrace_kernel_stack' was not declared. Should it be static?
kernel/trace/trace_entries.h:175:1: warning: symbol '__event_kernel_stack' was not declared. Should it be static?
kernel/trace/trace_entries.h:194:1: warning: symbol 'event_class_ftrace_user_stack' was not declared. Should it be static?
kernel/trace/trace_entries.h:194:1: warning: symbol '__event_user_stack' was not declared. Should it be static?
kernel/trace/trace_entries.h:216:1: warning: symbol 'event_class_ftrace_bprint' was not declared. Should it be static?
kernel/trace/trace_entries.h:216:1: warning: symbol '__event_bprint' was not declared. Should it be static?
kernel/trace/trace_entries.h:232:1: warning: symbol 'event_class_ftrace_print' was not declared. Should it be static?
kernel/trace/trace_entries.h:232:1: warning: symbol '__event_print' was not declared. Should it be static?
kernel/trace/trace_entries.h:247:1: warning: symbol 'event_class_ftrace_bputs' was not declared. Should it be static?
kernel/trace/trace_entries.h:247:1: warning: symbol '__event_bputs' was not declared. Should it be static?
kernel/trace/trace_entries.h:262:1: warning: symbol 'event_class_ftrace_mmiotrace_rw' was not declared. Should it be static?
kernel/trace/trace_entries.h:262:1: warning: symbol '__event_mmiotrace_rw' was not declared. Should it be static?
kernel/trace/trace_entries.h:283:1: warning: symbol 'event_class_ftrace_mmiotrace_map' was not declared. Should it be static?
kernel/trace/trace_entries.h:283:1: warning: symbol '__event_mmiotrace_map' was not declared. Should it be static?
kernel/trace/trace_entries.h:307:1: warning: symbol 'event_class_ftrace_branch' was not declared. Should it be static?
kernel/trace/trace_entries.h:307:1: warning: symbol '__event_branch' was not declared. Should it be static?
kernel/trace/trace_kprobe.c:185:59: warning: incorrect type in argument 2 (different address spaces)
kernel/trace/trace_kprobe.c:215:64: warning: incorrect type in argument 2 (different address spaces)
include/trace/events/power.h:164:1: warning: expression using sizeof bool
include/trace/events/power.h:164:1: warning: odd constant _Bool cast (ffffffffffffffff becomes 1)
kernel/trace/trace_probe.c:27:12: warning: symbol 'reserved_field_names' was not declared. Should it be static?
./arch/x86/include/asm/futex.h:113:16: warning: incorrect type in initializer (different address spaces)
./arch/x86/include/asm/futex.h:113:16: warning: dereference of noderef expression
kernel/futex.c:1289:33: warning: context imbalance in 'futex_wake_op' - different lock contexts for basic block
kernel/futex.c:1566:41: warning: context imbalance in 'futex_requeue' - different lock contexts for basic block
kernel/futex.c:2053:13: warning: context imbalance in 'futex_wait_queue_me' - unexpected unlock
kernel/futex.c:2159:9: warning: context imbalance in 'futex_wait_setup' - different lock contexts for basic block
kernel/futex.c:2603:29: warning: context imbalance in 'futex_wait_requeue_pi' - unexpected unlock
kernel/smp.c:543:13: warning: symbol 'smp_announce' was not declared. Should it be static?
include/trace/events/module.h:106:1: warning: expression using sizeof bool
kernel/module.c:211:6: error: symbol '__module_put_and_exit' redeclared with different type (originally declared at include/linux/module.h:456) - different modifiers
kernel/acct.c:564:32: warning: incorrect type in argument 2 (different modifiers)
kernel/acct.c:564:32: warning: implicit cast to nocast type
kernel/acct.c:564:40: warning: incorrect type in argument 3 (different modifiers)
kernel/acct.c:564:40: warning: implicit cast to nocast type
kernel/kexec.c:64:13: warning: symbol 'kexec_purgatory' was not declared. Should it be static?
kernel/kexec.c:65:15: warning: symbol 'kexec_purgatory_size' was not declared. Should it be static?
kernel/cgroup.c:3582:9: warning: context imbalance in 'css_task_iter_start' - wrong count at exit
kernel/cgroup.c:3629:6: warning: context imbalance in 'css_task_iter_end' - wrong count at exit
kernel/stop_machine.c:520:36: warning: incorrect type in initializer (different address spaces)
kernel/audit_tree.c:217:13: warning: context imbalance in 'untag_chunk' - unexpected unlock
kernel/delayacct.c:90:28: warning: incorrect type in argument 2 (different modifiers)
kernel/delayacct.c:90:28: warning: implicit cast to nocast type
kernel/delayacct.c:90:36: warning: incorrect type in argument 3 (different modifiers)
kernel/delayacct.c:90:36: warning: implicit cast to nocast type
kernel/delayacct.c:95:35: warning: incorrect type in argument 2 (different modifiers)
kernel/delayacct.c:95:35: warning: implicit cast to nocast type
kernel/delayacct.c:95:49: warning: incorrect type in argument 3 (different modifiers)
kernel/delayacct.c:95:49: warning: implicit cast to nocast type
kernel/tsacct.c:69:28: warning: incorrect type in argument 2 (different modifiers)
kernel/tsacct.c:69:28: warning: implicit cast to nocast type
kernel/tsacct.c:69:36: warning: incorrect type in argument 3 (different modifiers)
kernel/tsacct.c:69:36: warning: implicit cast to nocast type
kernel/tsacct.c:73:35: warning: incorrect type in argument 2 (different modifiers)
kernel/tsacct.c:73:35: warning: implicit cast to nocast type
kernel/tsacct.c:73:49: warning: incorrect type in argument 3 (different modifiers)
kernel/tsacct.c:73:49: warning: implicit cast to nocast type
kernel/tsacct.c:157:28: warning: incorrect type in argument 2 (different modifiers)
kernel/tsacct.c:157:28: warning: implicit cast to nocast type
kernel/tsacct.c:157:36: warning: incorrect type in argument 3 (different modifiers)
kernel/tsacct.c:157:36: warning: implicit cast to nocast type
kernel/tsacct.c:176:29: warning: implicit cast to nocast type
kernel/elfcore.c:6:17: warning: symbol 'elf_core_extra_phdrs' was not declared. Should it be static?
kernel/elfcore.c:11:12: warning: symbol 'elf_core_write_extra_phdrs' was not declared. Should it be static?
kernel/elfcore.c:16:12: warning: symbol 'elf_core_write_extra_data' was not declared. Should it be static?
kernel/elfcore.c:21:15: warning: symbol 'elf_core_extra_data_size' was not declared. Should it be static?
kernel/irq_work.c:52:13: warning: symbol 'arch_irq_work_raise' was not declared. Should it be static?
mm/filemap.c:2090:35: warning: symbol 'generic_file_vm_ops' was not declared. Should it be static?
include/linux/rcupdate.h:934:9: warning: context imbalance in 'find_lock_task_mm' - wrong count at exit
mm/oom_kill.c:164:28: warning: context imbalance in 'oom_badness' - unexpected unlock
mm/oom_kill.c:363:9: warning: context imbalance in 'dump_tasks' - different lock contexts for basic block
include/linux/rcupdate.h:934:9: warning: context imbalance in 'oom_kill_process' - unexpected unlock
mm/page_alloc.c:121:5: warning: symbol 'percpu_pagelist_fraction' was not declared. Should it be static?
mm/page_alloc.c:6219:6: warning: symbol 'is_pageblock_removable_nolock' was not declared. Should it be static?
mm/swap.c:425:55: warning: context imbalance in 'pagevec_lru_move_fn' - unexpected unlock
mm/swap.c:913:55: warning: context imbalance in 'release_pages' - unexpected unlock
include/trace/events/vmscan.h:99:1: warning: cast from restricted gfp_t
include/trace/events/vmscan.h:99:1: warning: cast from restricted gfp_t
include/trace/events/vmscan.h:99:1: warning: cast from restricted gfp_t
include/trace/events/vmscan.h:99:1: warning: cast from restricted gfp_t
include/trace/events/vmscan.h:99:1: warning: cast from restricted gfp_t
include/trace/events/vmscan.h:99:1: warning: cast from restricted gfp_t
include/trace/events/vmscan.h:99:1: warning: cast from restricted gfp_t
include/trace/events/vmscan.h:99:1: warning: cast from restricted gfp_t
include/trace/events/vmscan.h:99:1: warning: cast from restricted gfp_t
include/trace/events/vmscan.h:99:1: warning: cast from restricted gfp_t
include/trace/events/vmscan.h:99:1: warning: cast from restricted gfp_t
include/trace/events/vmscan.h:99:1: warning: cast from restricted gfp_t
include/trace/events/vmscan.h:99:1: warning: cast from restricted gfp_t
include/trace/events/vmscan.h:99:1: warning: cast from restricted gfp_t
include/trace/events/vmscan.h:99:1: warning: cast from restricted gfp_t
include/trace/events/vmscan.h:99:1: warning: cast from restricted gfp_t
include/trace/events/vmscan.h:99:1: warning: cast from restricted gfp_t
include/trace/events/vmscan.h:99:1: warning: cast from restricted gfp_t
include/trace/events/vmscan.h:99:1: warning: cast from restricted gfp_t
include/trace/events/vmscan.h:99:1: warning: cast from restricted gfp_t
include/trace/events/vmscan.h:99:1: warning: cast from restricted gfp_t
include/trace/events/vmscan.h:99:1: warning: cast from restricted gfp_t
include/trace/events/vmscan.h:99:1: warning: cast from restricted gfp_t
include/trace/events/vmscan.h:99:1: warning: cast from restricted gfp_t
include/trace/events/vmscan.h:99:1: warning: cast from restricted gfp_t
include/trace/events/vmscan.h:99:1: warning: cast from restricted gfp_t
include/trace/events/vmscan.h:99:1: warning: cast from restricted gfp_t
include/trace/events/vmscan.h:99:1: warning: cast from restricted gfp_t
include/trace/events/vmscan.h:99:1: warning: incorrect type in argument 3 (different base types)
include/trace/events/vmscan.h:182:1: warning: cast from restricted gfp_t
include/trace/events/vmscan.h:182:1: warning: cast from restricted gfp_t
include/trace/events/vmscan.h:182:1: warning: cast from restricted gfp_t
include/trace/events/vmscan.h:182:1: warning: cast from restricted gfp_t
include/trace/events/vmscan.h:182:1: warning: cast from restricted gfp_t
include/trace/events/vmscan.h:182:1: warning: cast from restricted gfp_t
include/trace/events/vmscan.h:182:1: warning: cast from restricted gfp_t
include/trace/events/vmscan.h:182:1: warning: cast from restricted gfp_t
include/trace/events/vmscan.h:182:1: warning: cast from restricted gfp_t
include/trace/events/vmscan.h:182:1: warning: cast from restricted gfp_t
include/trace/events/vmscan.h:182:1: warning: cast from restricted gfp_t
include/trace/events/vmscan.h:182:1: warning: cast from restricted gfp_t
include/trace/events/vmscan.h:182:1: warning: cast from restricted gfp_t
include/trace/events/vmscan.h:182:1: warning: cast from restricted gfp_t
include/trace/events/vmscan.h:182:1: warning: cast from restricted gfp_t
include/trace/events/vmscan.h:182:1: warning: cast from restricted gfp_t
include/trace/events/vmscan.h:182:1: warning: cast from restricted gfp_t
include/trace/events/vmscan.h:182:1: warning: cast from restricted gfp_t
include/trace/events/vmscan.h:182:1: warning: cast from restricted gfp_t
include/trace/events/vmscan.h:182:1: warning: cast from restricted gfp_t
include/trace/events/vmscan.h:182:1: warning: cast from restricted gfp_t
include/trace/events/vmscan.h:182:1: warning: cast from restricted gfp_t
include/trace/events/vmscan.h:182:1: warning: cast from restricted gfp_t
include/trace/events/vmscan.h:182:1: warning: cast from restricted gfp_t
include/trace/events/vmscan.h:182:1: warning: cast from restricted gfp_t
include/trace/events/vmscan.h:182:1: warning: cast from restricted gfp_t
include/trace/events/vmscan.h:182:1: warning: cast from restricted gfp_t
include/trace/events/vmscan.h:182:1: warning: cast from restricted gfp_t
include/trace/events/vmscan.h:182:1: warning: incorrect type in argument 3 (different base types)
include/trace/events/vmscan.h:99:1: warning: cast to restricted gfp_t
include/trace/events/vmscan.h:99:1: warning: cast to restricted gfp_t
include/trace/events/vmscan.h:99:1: warning: restricted gfp_t degrades to integer
include/trace/events/vmscan.h:99:1: warning: restricted gfp_t degrades to integer
include/trace/events/vmscan.h:182:1: warning: cast to restricted gfp_t
include/trace/events/vmscan.h:182:1: warning: cast to restricted gfp_t
include/trace/events/vmscan.h:182:1: warning: restricted gfp_t degrades to integer
include/trace/events/vmscan.h:182:1: warning: restricted gfp_t degrades to integer
include/trace/events/vmscan.h:267:1: warning: cast to restricted isolate_mode_t
include/trace/events/vmscan.h:267:1: warning: cast to restricted isolate_mode_t
include/trace/events/vmscan.h:267:1: warning: restricted isolate_mode_t degrades to integer
include/trace/events/vmscan.h:267:1: warning: restricted isolate_mode_t degrades to integer
mm/vmscan.c:2642:9: warning: incorrect type in argument 2 (different base types)
mm/vmscan.c:2642:9: warning: incorrect type in argument 2 (different base types)
mm/vmscan.c:3774:48: warning: context imbalance in 'check_move_unevictable_pages' - unexpected unlock
mm/backing-dev.c:45:9: warning: context imbalance in 'bdi_lock_two' - wrong count at exit
mm/backing-dev.c:496:28: warning: context imbalance in 'bdi_destroy' - unexpected unlock
mm/mm_init.c:153:5: warning: symbol 'vm_committed_as_batch' was not declared. Should it be static?
include/trace/events/kmem.h:11:1: warning: cast from restricted gfp_t
include/trace/events/kmem.h:11:1: warning: cast from restricted gfp_t
include/trace/events/kmem.h:11:1: warning: cast from restricted gfp_t
include/trace/events/kmem.h:11:1: warning: cast from restricted gfp_t
include/trace/events/kmem.h:11:1: warning: cast from restricted gfp_t
include/trace/events/kmem.h:11:1: warning: cast from restricted gfp_t
include/trace/events/kmem.h:11:1: warning: cast from restricted gfp_t
include/trace/events/kmem.h:11:1: warning: cast from restricted gfp_t
include/trace/events/kmem.h:11:1: warning: cast from restricted gfp_t
include/trace/events/kmem.h:11:1: warning: cast from restricted gfp_t
include/trace/events/kmem.h:11:1: warning: cast from restricted gfp_t
include/trace/events/kmem.h:11:1: warning: cast from restricted gfp_t
include/trace/events/kmem.h:11:1: warning: cast from restricted gfp_t
include/trace/events/kmem.h:11:1: warning: cast from restricted gfp_t
include/trace/events/kmem.h:11:1: warning: cast from restricted gfp_t
include/trace/events/kmem.h:11:1: warning: cast from restricted gfp_t
include/trace/events/kmem.h:11:1: warning: cast from restricted gfp_t
include/trace/events/kmem.h:11:1: warning: cast from restricted gfp_t
include/trace/events/kmem.h:11:1: warning: cast from restricted gfp_t
include/trace/events/kmem.h:11:1: warning: cast from restricted gfp_t
include/trace/events/kmem.h:11:1: warning: cast from restricted gfp_t
include/trace/events/kmem.h:11:1: warning: cast from restricted gfp_t
include/trace/events/kmem.h:11:1: warning: cast from restricted gfp_t
include/trace/events/kmem.h:11:1: warning: cast from restricted gfp_t
include/trace/events/kmem.h:11:1: warning: cast from restricted gfp_t
include/trace/events/kmem.h:11:1: warning: cast from restricted gfp_t
include/trace/events/kmem.h:11:1: warning: cast from restricted gfp_t
include/trace/events/kmem.h:11:1: warning: cast from restricted gfp_t
include/trace/events/kmem.h:11:1: warning: incorrect type in argument 3 (different base types)
include/trace/events/kmem.h:61:1: warning: cast from restricted gfp_t
include/trace/events/kmem.h:61:1: warning: cast from restricted gfp_t
include/trace/events/kmem.h:61:1: warning: cast from restricted gfp_t
include/trace/events/kmem.h:61:1: warning: cast from restricted gfp_t
include/trace/events/kmem.h:61:1: warning: cast from restricted gfp_t
include/trace/events/kmem.h:61:1: warning: cast from restricted gfp_t
include/trace/events/kmem.h:61:1: warning: cast from restricted gfp_t
include/trace/events/kmem.h:61:1: warning: cast from restricted gfp_t
include/trace/events/kmem.h:61:1: warning: cast from restricted gfp_t
include/trace/events/kmem.h:61:1: warning: cast from restricted gfp_t
include/trace/events/kmem.h:61:1: warning: cast from restricted gfp_t
include/trace/events/kmem.h:61:1: warning: cast from restricted gfp_t
include/trace/events/kmem.h:61:1: warning: cast from restricted gfp_t
include/trace/events/kmem.h:61:1: warning: cast from restricted gfp_t
include/trace/events/kmem.h:61:1: warning: cast from restricted gfp_t
include/trace/events/kmem.h:61:1: warning: cast from restricted gfp_t
include/trace/events/kmem.h:61:1: warning: cast from restricted gfp_t
include/trace/events/kmem.h:61:1: warning: cast from restricted gfp_t
include/trace/events/kmem.h:61:1: warning: cast from restricted gfp_t
include/trace/events/kmem.h:61:1: warning: cast from restricted gfp_t
include/trace/events/kmem.h:61:1: warning: cast from restricted gfp_t
include/trace/events/kmem.h:61:1: warning: cast from restricted gfp_t
include/trace/events/kmem.h:61:1: warning: cast from restricted gfp_t
include/trace/events/kmem.h:61:1: warning: cast from restricted gfp_t
include/trace/events/kmem.h:61:1: warning: cast from restricted gfp_t
include/trace/events/kmem.h:61:1: warning: cast from restricted gfp_t
include/trace/events/kmem.h:61:1: warning: cast from restricted gfp_t
include/trace/events/kmem.h:61:1: warning: cast from restricted gfp_t
include/trace/events/kmem.h:61:1: warning: incorrect type in argument 3 (different base types)
include/trace/events/kmem.h:194:1: warning: cast from restricted gfp_t
include/trace/events/kmem.h:194:1: warning: cast from restricted gfp_t
include/trace/events/kmem.h:194:1: warning: cast from restricted gfp_t
include/trace/events/kmem.h:194:1: warning: cast from restricted gfp_t
include/trace/events/kmem.h:194:1: warning: cast from restricted gfp_t
include/trace/events/kmem.h:194:1: warning: cast from restricted gfp_t
include/trace/events/kmem.h:194:1: warning: cast from restricted gfp_t
include/trace/events/kmem.h:194:1: warning: cast from restricted gfp_t
include/trace/events/kmem.h:194:1: warning: cast from restricted gfp_t
include/trace/events/kmem.h:194:1: warning: cast from restricted gfp_t
include/trace/events/kmem.h:194:1: warning: cast from restricted gfp_t
include/trace/events/kmem.h:194:1: warning: cast from restricted gfp_t
include/trace/events/kmem.h:194:1: warning: cast from restricted gfp_t
include/trace/events/kmem.h:194:1: warning: cast from restricted gfp_t
include/trace/events/kmem.h:194:1: warning: cast from restricted gfp_t
include/trace/events/kmem.h:194:1: warning: cast from restricted gfp_t
include/trace/events/kmem.h:194:1: warning: cast from restricted gfp_t
include/trace/events/kmem.h:194:1: warning: cast from restricted gfp_t
include/trace/events/kmem.h:194:1: warning: cast from restricted gfp_t
include/trace/events/kmem.h:194:1: warning: cast from restricted gfp_t
include/trace/events/kmem.h:194:1: warning: cast from restricted gfp_t
include/trace/events/kmem.h:194:1: warning: cast from restricted gfp_t
include/trace/events/kmem.h:194:1: warning: cast from restricted gfp_t
include/trace/events/kmem.h:194:1: warning: cast from restricted gfp_t
include/trace/events/kmem.h:194:1: warning: cast from restricted gfp_t
include/trace/events/kmem.h:194:1: warning: cast from restricted gfp_t
include/trace/events/kmem.h:194:1: warning: cast from restricted gfp_t
include/trace/events/kmem.h:194:1: warning: cast from restricted gfp_t
include/trace/events/kmem.h:194:1: warning: incorrect type in argument 3 (different base types)
include/trace/events/kmem.h:11:1: warning: cast to restricted gfp_t
include/trace/events/kmem.h:11:1: warning: cast to restricted gfp_t
include/trace/events/kmem.h:11:1: warning: restricted gfp_t degrades to integer
include/trace/events/kmem.h:11:1: warning: restricted gfp_t degrades to integer
include/trace/events/kmem.h:61:1: warning: cast to restricted gfp_t
include/trace/events/kmem.h:61:1: warning: cast to restricted gfp_t
include/trace/events/kmem.h:61:1: warning: restricted gfp_t degrades to integer
include/trace/events/kmem.h:61:1: warning: restricted gfp_t degrades to integer
include/trace/events/kmem.h:194:1: warning: cast to restricted gfp_t
include/trace/events/kmem.h:194:1: warning: cast to restricted gfp_t
include/trace/events/kmem.h:194:1: warning: restricted gfp_t degrades to integer
include/trace/events/kmem.h:194:1: warning: restricted gfp_t degrades to integer
mm/compaction.c:1301:37: warning: incorrect type in initializer (different base types)
mm/compaction.c:1302:39: warning: incorrect type in initializer (different base types)
mm/compaction.c:234:13: warning: context imbalance in 'compact_trylock_irqsave' - wrong count at exit
include/linux/spinlock.h:364:9: warning: context imbalance in 'compact_unlock_should_abort' - unexpected unlock
mm/compaction.c:440:39: warning: context imbalance in 'isolate_freepages_block' - unexpected unlock
mm/compaction.c:738:39: warning: context imbalance in 'isolate_migratepages_block' - unexpected unlock
./arch/x86/include/asm/spinlock.h:160:17: warning: context imbalance in 'shadow_lru_isolate' - unexpected unlock
mm/fremap.c:150:31: warning: implicit cast to nocast type
mm/gup.c:564:53: warning: implicit cast to nocast type
mm/memory.c:118:15: warning: symbol 'zero_pfn' was not declared. Should it be static?
mm/memory.c:904:17: warning: context imbalance in 'copy_pte_range' - different lock contexts for basic block
mm/memory.c:1465:32: warning: context imbalance in '__get_locked_pte' - different lock contexts for basic block
mm/memory.c:1668:17: warning: context imbalance in 'remap_pte_range' - different lock contexts for basic block
mm/memory.c:1866:17: warning: context imbalance in 'apply_to_pte_range' - unexpected unlock
mm/memory.c:3436:12: warning: context imbalance in '__follow_pte' - different lock contexts for basic block
mm/mlock.c:640:37: warning: implicit cast to nocast type
mm/mlock.c:788:37: warning: implicit cast to nocast type
include/linux/mm.h:1374:21: warning: context imbalance in '__munlock_pagevec_fill' - different lock contexts for basic block
mm/mmap.c:1341:47: warning: implicit cast to nocast type
mm/mmap.c:1343:45: warning: implicit cast to nocast type
mm/mmap.c:1352:45: warning: implicit cast to nocast type
mm/mmap.c:1373:47: warning: implicit cast to nocast type
mm/mmap.c:1393:37: warning: implicit cast to nocast type
mm/mmap.c:1397:37: warning: implicit cast to nocast type
mm/mmap.c:1441:33: warning: implicit cast to nocast type
mm/mmap.c:1577:29: warning: implicit cast to nocast type
mm/mprotect.c:39:14: warning: context imbalance in 'lock_pte_protection' - different lock contexts for basic block
mm/mprotect.c:128:9: warning: context imbalance in 'change_pte_range' - unexpected unlock
./arch/x86/include/asm/spinlock.h:160:17: warning: context imbalance in 'move_ptes' - different lock contexts for basic block
mm/rmap.c:1483:6: warning: symbol 'is_vma_temporary_stack' was not declared. Should it be static?
mm/rmap.c:602:7: warning: context imbalance in '__page_check_address' - wrong count at exit
mm/init-mm.c:16:18: warning: symbol 'init_mm' was not declared. Should it be static?
mm/memblock.c:1219:6: warning: symbol 'memblock_virt_alloc_try_nid_nopanic' was not declared. Should it be static?
mm/memblock.c:1249:6: warning: symbol 'memblock_virt_alloc_try_nid' was not declared. Should it be static?
mm/memblock.c:1278:13: warning: symbol '__memblock_free_early' was not declared. Should it be static?
mm/memblock.c:1296:13: warning: symbol '__memblock_free_late' was not declared. Should it be static?
mm/swapfile.c:601:20: warning: context imbalance in 'scan_swap_map' - unexpected unlock
mm/swapfile.c:725:32: warning: context imbalance in 'swap_info_get' - different lock contexts for basic block
mm/swapfile.c:838:17: warning: context imbalance in 'swap_free' - unexpected unlock
mm/swapfile.c:852:17: warning: context imbalance in 'swapcache_free' - unexpected unlock
mm/swapfile.c:871:35: warning: context imbalance in 'page_swapcount' - unexpected unlock
mm/swapfile.c:961:28: warning: context imbalance in 'free_swap_and_cache' - unexpected unlock
mm/swapfile.c:2827:20: warning: context imbalance in 'add_swap_count_continuation' - unexpected unlock
mm/hugetlb.c:1967:20: warning: symbol 'node_hstates' was not declared. Should it be static?
./arch/x86/include/asm/spinlock.h:160:17: warning: context imbalance in 'gather_surplus_pages' - unexpected unlock
mm/hugetlb.c:2835:9: warning: context imbalance in 'hugetlb_cow' - unexpected unlock
mm/hugetlb.c:3295:25: warning: context imbalance in 'follow_hugetlb_page' - different lock contexts for basic block
mm/slub.c:1041:40: warning: context imbalance in 'free_debug_processing' - different lock contexts for basic block
./arch/x86/include/asm/spinlock.h:160:17: warning: context imbalance in 'deactivate_slab' - unexpected unlock
./arch/x86/include/asm/spinlock.h:160:17: warning: context imbalance in 'unfreeze_partials' - unexpected unlock
mm/slub.c:2534:47: warning: context imbalance in '__slab_free' - unexpected unlock
fs/open.c:874:18: warning: restricted fmode_t degrades to integer
fs/read_write.c:42:29: warning: incorrect type in return expression (different base types)
fs/read_write.c:42:29: warning: incorrect type in return expression (different base types)
fs/read_write.c:42:29: warning: incorrect type in return expression (different base types)
fs/read_write.c:42:29: warning: incorrect type in return expression (different base types)
fs/exec.c:407:39: warning: incorrect type in return expression (different address spaces)
fs/exec.c:414:31: warning: incorrect type in return expression (different address spaces)
include/linux/rcupdate.h:934:9: warning: context imbalance in 'unlazy_walk' - unexpected unlock
include/linux/rcupdate.h:934:9: warning: context imbalance in 'complete_walk' - unexpected unlock
include/linux/rcupdate.h:934:9: warning: context imbalance in 'follow_dotdot_rcu' - unexpected unlock
include/linux/rcupdate.h:934:9: warning: context imbalance in 'terminate_walk' - unexpected unlock
fs/namei.c:1823:12: warning: context imbalance in 'path_init' - different lock contexts for basic block
fs/dcache.c:312:9: warning: context imbalance in 'dentry_iput' - different lock contexts for basic block
fs/dcache.c:506:28: warning: context imbalance in '__dentry_kill' - unexpected unlock
fs/dcache.c:533:22: warning: context imbalance in 'dentry_kill' - wrong count at exit
fs/dcache.c:647:9: warning: context imbalance in 'dput' - unexpected unlock
fs/dcache.c:774:18: warning: context imbalance in 'd_prune_aliases' - different lock contexts for basic block
fs/dcache.c:817:44: warning: context imbalance in 'shrink_dentry_list' - unexpected unlock
fs/dcache.c:956:24: warning: context imbalance in 'dentry_lru_isolate_shrink' - different lock contexts for basic block
fs/dcache.c:1118:22: warning: context imbalance in 'd_walk' - different lock contexts for basic block
fs/dcache.c:1612:9: warning: context imbalance in 'd_instantiate' - different lock contexts for basic block
fs/dcache.c:1679:9: warning: context imbalance in 'd_instantiate_unique' - different lock contexts for basic block
fs/dcache.c:2441:9: warning: context imbalance in 'dentry_lock_for_move' - wrong count at exit
fs/dcache.c:2453:28: warning: context imbalance in 'dentry_unlock_for_move' - unexpected unlock
fs/dcache.c:2632:20: warning: context imbalance in '__d_unalias' - unexpected unlock
include/linux/seqlock.h:265:31: warning: context imbalance in 'd_materialise_unique' - different lock contexts for basic block
fs/dcache.c:2939:9: warning: context imbalance in 'prepend_path' - wrong count at exit
include/linux/err.h:23:20: warning: context imbalance in '__dentry_path' - different lock contexts for basic block
fs/inode.c:719:17: warning: context imbalance in 'inode_lru_isolate' - unexpected unlock
fs/inode.c:776:9: warning: context imbalance in 'find_inode' - different lock contexts for basic block
fs/inode.c:803:9: warning: context imbalance in 'find_inode_fast' - different lock contexts for basic block
fs/inode.c:1283:5: warning: context imbalance in 'insert_inode_locked' - wrong count at exit
fs/inode.c:1325:5: warning: context imbalance in 'insert_inode_locked4' - wrong count at exit
fs/inode.c:1417:20: warning: context imbalance in 'iput_final' - unexpected unlock
fs/inode.c:1433:9: warning: context imbalance in 'iput' - wrong count at exit
fs/inode.c:1710:13: warning: context imbalance in '__wait_on_freeing_inode' - unexpected unlock
fs/file.c:27:5: warning: symbol 'sysctl_nr_open_min' was not declared. Should it be static?
fs/file.c:30:5: warning: symbol 'sysctl_nr_open_max' was not declared. Should it be static?
fs/file.c:430:21: warning: symbol 'init_files' was not declared. Should it be static?
fs/fs-writeback.c:1088:9: warning: context imbalance in 'block_dump___mark_inode_dirty' - different lock contexts for basic block
fs/fs_struct.c:161:18: warning: symbol 'init_fs' was not declared. Should it be static?
fs/buffer.c:1073:20: warning: symbol '__getblk_slow' was not declared. Should it be static?
fs/buffer.c:2964:6: warning: symbol 'guard_bio_eod' was not declared. Should it be static?
fs/direct-io.c:1109:36: warning: Using plain integer as NULL pointer
fs/autofs4/waitq.c:73:45: warning: incorrect type in argument 2 (different address spaces)
fs/isofs/compress.c:61:44: warning: Variable length array is used.
fs/isofs/compress.c:307:28: warning: Variable length array is used.
fs/jbd2/transaction.c:190:17: warning: context imbalance in 'add_transaction_credits' - unexpected unlock
fs/jbd2/transaction.c:306:9: warning: context imbalance in 'start_this_handle' - different lock contexts for basic block
fs/jbd2/transaction.c:1102:20: warning: context imbalance in 'jbd2_journal_get_create_access' - different lock contexts for basic block
./arch/x86/include/asm/spinlock.h:160:17: warning: context imbalance in '__jbd2_log_wait_for_space' - unexpected unlock
fs/notify/fdinfo.c:103:5: warning: symbol 'inotify_show_fdinfo' was not declared. Should it be static?
fs/proc/task_mmu.c:544:18: error: bad integer constant expression
fs/proc/task_mmu.c:545:18: error: bad integer constant expression
fs/proc/task_mmu.c:546:18: error: bad integer constant expression
fs/proc/task_mmu.c:547:18: error: bad integer constant expression
fs/proc/task_mmu.c:548:18: error: bad integer constant expression
fs/proc/task_mmu.c:549:18: error: bad integer constant expression
fs/proc/task_mmu.c:550:18: error: bad integer constant expression
fs/proc/task_mmu.c:551:18: error: bad integer constant expression
fs/proc/task_mmu.c:552:18: error: bad integer constant expression
fs/proc/task_mmu.c:553:18: error: bad integer constant expression
fs/proc/task_mmu.c:554:18: error: bad integer constant expression
fs/proc/task_mmu.c:555:18: error: bad integer constant expression
fs/proc/task_mmu.c:556:18: error: bad integer constant expression
fs/proc/task_mmu.c:557:18: error: bad integer constant expression
fs/proc/task_mmu.c:558:18: error: bad integer constant expression
fs/proc/task_mmu.c:559:18: error: bad integer constant expression
fs/proc/task_mmu.c:560:18: error: bad integer constant expression
fs/proc/task_mmu.c:561:18: error: bad integer constant expression
fs/proc/task_mmu.c:562:18: error: bad integer constant expression
fs/proc/task_mmu.c:563:18: error: bad integer constant expression
fs/proc/task_mmu.c:564:18: error: bad integer constant expression
fs/proc/task_mmu.c:565:18: error: bad integer constant expression
fs/proc/task_mmu.c:566:18: error: bad integer constant expression
fs/proc/task_mmu.c:570:18: error: bad integer constant expression
fs/proc/task_mmu.c:571:18: error: bad integer constant expression
fs/proc/task_mmu.c:572:18: error: bad integer constant expression
fs/proc/task_mmu.c:573:18: error: bad integer constant expression
fs/proc/array.c:408:43: warning: implicit cast to nocast type
fs/proc/array.c:409:26: warning: implicit cast to nocast type
fs/proc/array.c:442:62: warning: incorrect type in argument 2 (different modifiers)
fs/proc/array.c:442:62: warning: implicit cast to nocast type
fs/proc/array.c:442:70: warning: incorrect type in argument 3 (different modifiers)
fs/proc/array.c:442:70: warning: implicit cast to nocast type
fs/proc/array.c:458:46: warning: incorrect type in argument 2 (different modifiers)
fs/proc/array.c:458:46: warning: implicit cast to nocast type
fs/proc/array.c:458:54: warning: incorrect type in argument 3 (different modifiers)
fs/proc/array.c:458:54: warning: implicit cast to nocast type
fs/proc/fd.c:98:55: warning: incorrect type in initializer (different base types)
fs/proc/fd.c:116:54: warning: restricted fmode_t degrades to integer
fs/proc/fd.c:118:54: warning: restricted fmode_t degrades to integer
fs/proc/proc_tty.c:175:13: warning: symbol 'proc_tty_init' was not declared. Should it be static?
fs/proc/namespaces.c:54:32: warning: symbol 'ns_dentry_operations' was not declared. Should it be static?
fs/proc/kcore.c:610:19: warning: symbol 'kcore_modules' was not declared. Should it be static?
fs/signalfd.c:107:25: warning: cast removes address space of expression
fs/signalfd.c:107:25: warning: cast removes address space of expression
fs/signalfd.c:107:25: warning: cast removes address space of expression
fs/signalfd.c:107:25: warning: cast removes address space of expression
fs/signalfd.c:115:24: warning: cast removes address space of expression
fs/signalfd.c:115:24: warning: cast removes address space of expression
fs/signalfd.c:115:24: warning: cast removes address space of expression
fs/signalfd.c:115:24: warning: cast removes address space of expression
fs/signalfd.c:141:24: warning: cast removes address space of expression
fs/signalfd.c:141:24: warning: cast removes address space of expression
fs/signalfd.c:141:24: warning: cast removes address space of expression
fs/signalfd.c:141:24: warning: cast removes address space of expression
fs/signalfd.c:150:24: warning: cast removes address space of expression
fs/signalfd.c:150:24: warning: cast removes address space of expression
fs/signalfd.c:150:24: warning: cast removes address space of expression
fs/signalfd.c:150:24: warning: cast removes address space of expression
fs/compat.c:57:5: warning: symbol 'compat_log' was not declared. Should it be static?
fs/compat.c:1229:5: warning: symbol 'compat_core_sys_select' was not declared. Should it be static?
fs/compat_ioctl.c:624:31: warning: incorrect type in assignment (different address spaces)
fs/compat_ioctl.c:707:21: warning: incorrect type in assignment (different address spaces)
fs/binfmt_elf.c:1308:34: warning: incorrect type in argument 2 (different modifiers)
fs/binfmt_elf.c:1308:34: warning: implicit cast to nocast type
fs/binfmt_elf.c:1308:42: warning: incorrect type in argument 3 (different modifiers)
fs/binfmt_elf.c:1308:42: warning: implicit cast to nocast type
fs/binfmt_elf.c:1308:34: warning: incorrect type in argument 2 (different modifiers)
fs/binfmt_elf.c:1308:34: warning: implicit cast to nocast type
fs/binfmt_elf.c:1308:42: warning: incorrect type in argument 3 (different modifiers)
fs/binfmt_elf.c:1308:42: warning: implicit cast to nocast type
fs/mbcache.c:754:53: warning: context imbalance in '__mb_cache_entry_find' - unexpected unlock
fs/mbcache.c:801:9: warning: context imbalance in 'mb_cache_entry_find_first' - different lock contexts for basic block
./arch/x86/include/asm/bitops.h:206:9: warning: context imbalance in 'mb_cache_entry_find_next' - wrong count at exit
fs/coredump.c:46:5: warning: symbol 'core_uses_pid' was not declared. Should it be static?
fs/coredump.c:47:14: warning: symbol 'core_pipe_limit' was not declared. Should it be static?
fs/coredump.c:48:6: warning: symbol 'core_pattern' was not declared. Should it be static?
include/linux/sched.h:2559:37: warning: context imbalance in 'zap_threads' - different lock contexts for basic block
ipc/compat.c:399:24: warning: cast removes address space of expression
ipc/compat.c:399:24: warning: cast removes address space of expression
ipc/compat.c:399:24: warning: incorrect type in argument 1 (different address spaces)
ipc/compat.c:399:24: warning: cast removes address space of expression
ipc/compat.c:399:24: warning: cast removes address space of expression
ipc/compat.c:399:24: warning: cast removes address space of expression
ipc/compat.c:399:24: warning: cast removes address space of expression
ipc/compat.c:399:24: warning: cast removes address space of expression
ipc/compat.c:399:24: warning: cast removes address space of expression
ipc/compat.c:399:24: warning: cast removes address space of expression
ipc/compat.c:399:24: warning: cast removes address space of expression
ipc/compat.c:399:24: warning: cast removes address space of expression
ipc/compat.c:399:24: warning: cast removes address space of expression
ipc/compat.c:399:24: warning: cast removes address space of expression
ipc/util.c:192:29: warning: context imbalance in 'ipc_findkey' - wrong count at exit
ipc/util.c:260:5: warning: context imbalance in 'ipc_addid' - different lock contexts for basic block
./arch/x86/include/asm/spinlock.h:160:17: warning: context imbalance in 'ipcget_public' - unexpected unlock
ipc/util.c:622:22: warning: context imbalance in 'ipc_lock' - different lock contexts for basic block
ipc/util.c:786:29: warning: context imbalance in 'sysvipc_find_ipc' - different lock contexts for basic block
./arch/x86/include/asm/spinlock.h:160:17: warning: context imbalance in 'sysvipc_proc_next' - unexpected unlock
./arch/x86/include/asm/spinlock.h:160:17: warning: context imbalance in 'sysvipc_proc_stop' - unexpected unlock
ipc/msg.c:147:9: warning: context imbalance in 'newque' - unexpected unlock
ipc/msg.c:212:13: warning: context imbalance in 'freeque' - unexpected unlock
ipc/msg.c:408:9: warning: context imbalance in 'msgctl_down' - different lock contexts for basic block
ipc/sem.c:530:9: warning: context imbalance in 'newary' - unexpected unlock
ipc/sem.c:1113:17: warning: context imbalance in 'freeary' - unexpected unlock
ipc/sem.c:1566:9: warning: context imbalance in 'semctl_down' - different lock contexts for basic block
ipc/sem.c:1671:24: warning: context imbalance in 'find_alloc_undo' - wrong count at exit
include/linux/rcupdate.h:934:9: warning: context imbalance in 'SyS_semtimedop' - unexpected unlock
ipc/shm.c:493:31: warning: implicit cast to nocast type
ipc/shm.c:534:36: warning: implicit cast to nocast type
ipc/shm.c:545:36: warning: implicit cast to nocast type
ipc/shm.c:95:17: warning: context imbalance in 'do_shm_rmid' - unexpected unlock
ipc/shm.c:195:9: warning: context imbalance in 'shm_open' - unexpected unlock
ipc/shm.c:210:13: warning: context imbalance in 'shm_destroy' - unexpected unlock
./arch/x86/include/asm/spinlock.h:160:17: warning: context imbalance in 'shm_close' - unexpected unlock
ipc/shm.c:272:12: warning: context imbalance in 'shm_try_destroy_orphaned' - different lock contexts for basic block
ipc/shm.c:335:9: warning: context imbalance in 'exit_shm' - different lock contexts for basic block
./arch/x86/include/asm/current.h:14:16: warning: context imbalance in 'newseg' - unexpected unlock
ipc/shm.c:827:9: warning: context imbalance in 'shmctl_down' - different lock contexts for basic block
./arch/x86/include/asm/spinlock.h:160:17: warning: context imbalance in 'do_shmat' - unexpected unlock
./arch/x86/include/asm/spinlock.h:160:17: warning: context imbalance in 'wq_sleep' - unexpected unlock
ipc/mqueue.c:1066:9: warning: context imbalance in 'SyS_mq_timedsend' - different lock contexts for basic block
ipc/mqueue.c:1172:14: warning: context imbalance in 'SyS_mq_timedreceive' - different lock contexts for basic block
ipc/namespace.c:88:61: warning: context imbalance in 'free_ipcs' - different lock contexts for basic block
security/keys/key.c:1078:15: warning: memset with byte count of 0
security/keys/keyring.c:1071:5: warning: context imbalance in '__key_link_begin' - wrong count at exit
security/keys/keyring.c:1189:9: warning: context imbalance in '__key_link_end' - wrong count at exit
security/keys/keyring.c:1235:9: warning: context imbalance in 'key_link' - different lock contexts for basic block
crypto/cipher.c:70:24: warning: Variable length array is used.
crypto/shash.c:82:40: warning: Variable length array is used.
crypto/shash.c:118:40: warning: Variable length array is used.
crypto/hmac.c:55:9: warning: Variable length array is used.
crypto/cbc.c:149:20: warning: Variable length array is used.
crypto/ctr.c:61:22: warning: Variable length array is used.
crypto/ctr.c:110:22: warning: Variable length array is used.
block/bio.c:1562:33: warning: incorrect type in initializer (different address spaces)
block/blk-core.c:1015:24: warning: context imbalance in '__get_request' - unexpected unlock
block/blk-core.c:1153:23: warning: context imbalance in 'blk_old_get_request' - different lock contexts for basic block
block/blk-core.c:1544:6: warning: context imbalance in 'blk_queue_bio' - different lock contexts for basic block
block/blk-core.c:3148:17: warning: context imbalance in 'blk_flush_plug_list' - unexpected unlock
block/blk-flush.c:266:9: warning: context imbalance in 'flush_end_io' - different lock contexts for basic block
block/genhd.c:1398:10: error: bad integer constant expression
block/genhd.c:1399:10: error: bad integer constant expression
block/genhd.c:1403:10: error: bad integer constant expression
block/genhd.c:1404:10: error: bad integer constant expression
block/compat_ioctl.c:344:25: warning: incorrect type in assignment (different address spaces)
drivers/acpi/tables.c:254:37: warning: incorrect type in argument 1 (different address spaces)
drivers/acpi/tables.c:257:37: warning: incorrect type in argument 1 (different address spaces)
drivers/acpi/tables.c:298:44: warning: incorrect type in argument 1 (different address spaces)
drivers/acpi/tables.c:321:44: warning: incorrect type in argument 1 (different address spaces)
drivers/acpi/osl.c:384:40: warning: incorrect type in return expression (different address spaces)
drivers/acpi/osl.c:426:17: warning: cast removes address space of expression
drivers/acpi/osl.c:450:36: warning: incorrect type in argument 1 (different address spaces)
drivers/acpi/osl.c:477:36: warning: incorrect type in argument 1 (different address spaces)
drivers/acpi/osl.c:948:1: warning: context imbalance in 'acpi_os_read_memory' - wrong count at exit
drivers/acpi/osl.c:1007:1: warning: context imbalance in 'acpi_os_write_memory' - wrong count at exit
drivers/acpi/osl.c:1698:16: warning: context imbalance in 'acpi_os_acquire_lock' - wrong count at exit
drivers/acpi/osl.c:1709:6: warning: context imbalance in 'acpi_os_release_lock' - unexpected unlock
drivers/acpi/nvs.c:139:54: warning: incorrect type in argument 1 (different address spaces)
drivers/acpi/nvs.c:142:66: warning: incorrect type in argument 1 (different address spaces)
drivers/acpi/nvs.c:181:38: warning: incorrect type in assignment (different address spaces)
drivers/acpi/nvs.c:183:46: warning: incorrect type in assignment (different address spaces)
drivers/acpi/bus.c:50:20: warning: symbol 'acpi_root' was not declared. Should it be static?
drivers/acpi/scan.c:42:1: warning: symbol 'acpi_device_lock' was not declared. Should it be static?
drivers/acpi/scan.c:43:1: warning: symbol 'acpi_wakeup_device_list' was not declared. Should it be static?
drivers/acpi/ec.c:122:16: warning: symbol 'boot_ec' was not declared. Should it be static?
drivers/acpi/acpi_pnp.c:384:13: warning: symbol 'acpi_pnp_init' was not declared. Should it be static?
drivers/acpi/debugfs.c:13:15: warning: symbol 'acpi_debugfs_dir' was not declared. Should it be static?
drivers/acpi/debugfs.c:16:13: warning: symbol 'acpi_debugfs_init' was not declared. Should it be static?
drivers/acpi/acpica/evhandler.c:60:4: warning: symbol 'acpi_gbl_default_address_spaces' was not declared. Should it be static?
drivers/acpi/acpica/acpredef.h:213:34: warning: symbol 'acpi_gbl_predefined_methods' was not declared. Should it be static?
include/acpi/acpixf.h:138:1: warning: symbol 'acpi_gbl_enable_interpreter_slack' was not declared. Should it be static?
include/acpi/acpixf.h:147:1: warning: symbol 'acpi_gbl_auto_serialize_methods' was not declared. Should it be static?
include/acpi/acpixf.h:154:1: warning: symbol 'acpi_gbl_create_osi_method' was not declared. Should it be static?
include/acpi/acpixf.h:160:1: warning: symbol 'acpi_gbl_use_default_register_widths' was not declared. Should it be static?
include/acpi/acpixf.h:169:1: warning: symbol 'acpi_gbl_verify_table_checksum' was not declared. Should it be static?
include/acpi/acpixf.h:174:1: warning: symbol 'acpi_gbl_enable_aml_debug_object' was not declared. Should it be static?
include/acpi/acpixf.h:182:1: warning: symbol 'acpi_gbl_copy_dsdt_locally' was not declared. Should it be static?
include/acpi/acpixf.h:190:1: warning: symbol 'acpi_gbl_do_not_use_xsdt' was not declared. Should it be static?
include/acpi/acpixf.h:200:1: warning: symbol 'acpi_gbl_use32_bit_fadt_addresses' was not declared. Should it be static?
include/acpi/acpixf.h:208:1: warning: symbol 'acpi_gbl_truncate_io_addresses' was not declared. Should it be static?
include/acpi/acpixf.h:214:1: warning: symbol 'acpi_gbl_disable_auto_repair' was not declared. Should it be static?
include/acpi/acpixf.h:220:1: warning: symbol 'acpi_gbl_disable_ssdt_table_install' was not declared. Should it be static?
include/acpi/acpixf.h:226:1: warning: symbol 'acpi_gbl_osi_data' was not declared. Should it be static?
include/acpi/acpixf.h:233:1: warning: symbol 'acpi_gbl_reduced_hardware' was not declared. Should it be static?
include/acpi/acpixf.h:239:1: warning: symbol 'acpi_gbl_trace_flags' was not declared. Should it be static?
include/acpi/acpixf.h:240:1: warning: symbol 'acpi_gbl_trace_method_name' was not declared. Should it be static?
include/acpi/acpixf.h:247:1: warning: symbol 'acpi_dbg_level' was not declared. Should it be static?
include/acpi/acpixf.h:248:1: warning: symbol 'acpi_dbg_layer' was not declared. Should it be static?
drivers/acpi/acpica/acglobal.h:142:1: warning: symbol 'acpi_gbl_startup_flags' was not declared. Should it be static?
drivers/acpi/acpica/acglobal.h:143:1: warning: symbol 'acpi_gbl_shutdown' was not declared. Should it be static?
drivers/acpi/acpica/acglobal.h:300:1: warning: symbol 'acpi_gbl_db_output_flags' was not declared. Should it be static?
drivers/acpi/acpica/utstate.c:64:1: warning: symbol 'acpi_ut_create_pkg_state_and_push' was not declared. Should it be static?
drivers/acpi/processor_throttling.c:724:18: warning: cast removes address space of expression
drivers/acpi/processor_throttling.c:724:18: warning: incorrect type in argument 2 (different address spaces)
./arch/x86/include/asm/percpu.h:511:34: warning: cast removes address space of expression
drivers/acpi/processor_throttling.c:724:18: warning: cast removes address space of expression
drivers/acpi/processor_throttling.c:724:18: warning: incorrect type in argument 2 (different address spaces)
./arch/x86/include/asm/percpu.h:494:38: warning: cast removes address space of expression
./arch/x86/include/asm/percpu.h:494:59: warning: incorrect type in initializer (different address spaces)
drivers/acpi/processor_throttling.c:745:18: warning: cast removes address space of expression
drivers/acpi/processor_throttling.c:745:18: warning: incorrect type in argument 2 (different address spaces)
./arch/x86/include/asm/percpu.h:511:34: warning: cast removes address space of expression
drivers/acpi/processor_throttling.c:745:18: warning: cast removes address space of expression
drivers/acpi/processor_throttling.c:745:18: warning: incorrect type in argument 2 (different address spaces)
./arch/x86/include/asm/percpu.h:494:38: warning: cast removes address space of expression
./arch/x86/include/asm/percpu.h:494:59: warning: incorrect type in initializer (different address spaces)
drivers/ata/libata-scsi.c:1901:9: warning: context imbalance in 'ata_scsi_rbuf_get' - wrong count at exit
drivers/ata/libata-scsi.c:1922:31: warning: context imbalance in 'ata_scsi_rbuf_fill' - unexpected unlock
drivers/ata/libata-scsi.c:1920:48: warning: context imbalance in 'atapi_qc_complete' - unexpected unlock
drivers/ata/libata-sff.c:1302:9: warning: context imbalance in 'ata_sff_hsm_move' - different lock contexts for basic block
drivers/ata/ahci.c:97:9: warning: Initializer entry defined twice
drivers/base/devtmpfs.c:357:25: warning: incorrect type in argument 1 (different address spaces)
drivers/base/devtmpfs.c:357:38: warning: incorrect type in argument 2 (different address spaces)
drivers/base/devtmpfs.c:357:53: warning: incorrect type in argument 3 (different address spaces)
drivers/base/devtmpfs.c:383:26: warning: incorrect type in argument 1 (different address spaces)
drivers/base/devtmpfs.c:383:38: warning: incorrect type in argument 2 (different address spaces)
drivers/base/devtmpfs.c:383:43: warning: incorrect type in argument 3 (different address spaces)
drivers/base/devtmpfs.c:383:66: warning: incorrect type in argument 5 (different address spaces)
drivers/base/devtmpfs.c:386:19: warning: incorrect type in argument 1 (different address spaces)
drivers/base/devtmpfs.c:387:20: warning: incorrect type in argument 1 (different address spaces)
drivers/block/loop.c:235:38: warning: incorrect type in argument 2 (different address spaces)
drivers/char/random.c:1766:6: warning: symbol 'add_hwgenerator_randomness' was not declared. Should it be static?
drivers/char/agp/frontend.c:45:23: warning: symbol 'agp_fe' was not declared. Should it be static?
drivers/char/agp/frontend.c:47:19: warning: symbol 'agp_find_mem_by_key' was not declared. Should it be static?
drivers/char/agp/frontend.c:163:5: warning: symbol 'agp_create_segment' was not declared. Should it be static?
drivers/char/agp/frontend.c:215:25: warning: symbol 'agp_find_private' was not declared. Should it be static?
drivers/char/agp/frontend.c:270:6: warning: symbol 'agp_free_memory_wrap' was not declared. Should it be static?
drivers/char/agp/frontend.c:276:19: warning: symbol 'agp_allocate_memory_wrap' was not declared. Should it be static?
drivers/char/agp/frontend.c:488:19: warning: symbol 'agp_find_client_by_pid' was not declared. Should it be static?
drivers/char/agp/frontend.c:513:19: warning: symbol 'agp_create_client' was not declared. Should it be static?
drivers/char/agp/frontend.c:526:5: warning: symbol 'agp_remove_client' was not declared. Should it be static?
drivers/char/agp/frontend.c:737:5: warning: symbol 'agpioc_acquire_wrap' was not declared. Should it be static?
drivers/char/agp/frontend.c:780:5: warning: symbol 'agpioc_release_wrap' was not declared. Should it be static?
drivers/char/agp/frontend.c:787:5: warning: symbol 'agpioc_setup_wrap' was not declared. Should it be static?
drivers/char/agp/frontend.c:867:5: warning: symbol 'agpioc_protect_wrap' was not declared. Should it be static?
drivers/char/agp/frontend.c:901:5: warning: symbol 'agpioc_deallocate_wrap' was not declared. Should it be static?
drivers/char/agp/generic.c:46:7: warning: symbol 'agp_gatt_table' was not declared. Should it be static?
drivers/char/agp/generic.c:47:5: warning: symbol 'agp_memory_reserved' was not declared. Should it be static?
drivers/cpufreq/cpufreq.c:42:1: warning: symbol 'cpufreq_governor_lock' was not declared. Should it be static?
drivers/cpufreq/cpufreq.c:195:23: warning: symbol 'cpufreq_cpu_get_raw' was not declared. Should it be static?
drivers/cpufreq/freq_table.c:276:1: warning: symbol 'cpufreq_freq_attr_scaling_boost_freqs' was not declared. Should it be static?
drivers/cpufreq/acpi-cpufreq.c:122:42: warning: incorrect type in argument 3 (different address spaces)
drivers/cpufreq/acpi-cpufreq.c:132:42: warning: incorrect type in argument 3 (different address spaces)
drivers/cpufreq/acpi-cpufreq.c:901:22: warning: incorrect type in assignment (different address spaces)
drivers/cpufreq/acpi-cpufreq.c:926:27: warning: incorrect type in argument 1 (different address spaces)
drivers/firmware/dmi_scan.c:119:13: warning: incorrect type in assignment (different address spaces)
drivers/firmware/dmi_scan.c:127:25: warning: incorrect type in argument 1 (different address spaces)
drivers/firmware/dmi_scan.c:834:13: warning: incorrect type in assignment (different address spaces)
drivers/firmware/dmi_scan.c:840:19: warning: incorrect type in argument 1 (different address spaces)
drivers/firmware/efi/vars.c:415:33: warning: context imbalance in 'efivar_init' - different lock contexts for basic block
drivers/firmware/efi/vars.c:482:13: warning: context imbalance in 'efivar_entry_list_del_unlock' - unexpected unlock
drivers/firmware/efi/vars.c:531:5: warning: context imbalance in 'efivar_entry_delete' - wrong count at exit
drivers/firmware/efi/vars.c:844:5: warning: context imbalance in 'efivar_entry_set_get_size' - different lock contexts for basic block
drivers/firmware/efi/vars.c:924:6: warning: context imbalance in 'efivar_entry_iter_begin' - wrong count at exit
drivers/firmware/efi/vars.c:935:6: warning: context imbalance in 'efivar_entry_iter_end' - unexpected unlock
drivers/firmware/efi/runtime-wrappers.c:96:8: warning: symbol 'rtc_lock' was not declared. Should it be static?
drivers/gpu/drm/drm_fb_helper.c:1515:27: warning: expression using sizeof bool
drivers/gpu/drm/drm_bufs.c:213:45: warning: incorrect type in assignment (different address spaces)
drivers/gpu/drm/drm_bufs.c:216:45: warning: incorrect type in assignment (different address spaces)
drivers/gpu/drm/drm_bufs.c:331:36: warning: incorrect type in argument 1 (different address spaces)
drivers/gpu/drm/drm_bufs.c:348:36: warning: incorrect type in argument 1 (different address spaces)
drivers/gpu/drm/drm_bufs.c:454:28: warning: incorrect type in argument 1 (different address spaces)
drivers/gpu/drm/drm_memory.c:128:29: warning: incorrect type in assignment (different address spaces)
drivers/gpu/drm/drm_memory.c:137:29: warning: incorrect type in assignment (different address spaces)
drivers/gpu/drm/drm_memory.c:149:28: warning: incorrect type in argument 1 (different address spaces)
drivers/gpu/drm/drm_vm.c:259:44: warning: incorrect type in argument 1 (different address spaces)
drivers/gpu/drm/drm_vm.c:405:6: warning: symbol 'drm_vm_open_locked' was not declared. Should it be static?
drivers/gpu/drm/drm_vm.c:431:6: warning: symbol 'drm_vm_close_locked' was not declared. Should it be static?
drivers/gpu/drm/drm_vm.c:681:5: warning: symbol 'drm_vma_info' was not declared. Should it be static?
drivers/gpu/drm/drm_pci.c:146:5: warning: symbol 'drm_pci_set_unique' was not declared. Should it be static?
drivers/gpu/drm/drm_pci.c:216:5: warning: symbol 'drm_irq_by_busid' was not declared. Should it be static?
drivers/gpu/drm/drm_info.c:47:5: warning: symbol 'drm_name_info' was not declared. Should it be static?
drivers/gpu/drm/drm_info.c:72:5: warning: symbol 'drm_vm_info' was not declared. Should it be static?
drivers/gpu/drm/drm_info.c:116:5: warning: symbol 'drm_bufs_info' was not declared. Should it be static?
drivers/gpu/drm/drm_info.c:158:5: warning: symbol 'drm_vblank_info' was not declared. Should it be static?
drivers/gpu/drm/drm_info.c:183:5: warning: symbol 'drm_clients_info' was not declared. Should it be static?
drivers/gpu/drm/drm_info.c:233:5: warning: symbol 'drm_gem_name_info' was not declared. Should it be static?
drivers/gpu/drm/drm_ioc32.c:460:17: warning: cast removes address space of expression
drivers/gpu/drm/drm_ioc32.c:460:14: warning: incorrect type in assignment (different address spaces)
drivers/gpu/drm/drm_ioc32.c:521:17: warning: cast removes address space of expression
drivers/gpu/drm/drm_ioc32.c:521:14: warning: incorrect type in assignment (different address spaces)
drivers/gpu/drm/drm_ioc32.c:1019:20: warning: symbol 'drm_compat_ioctls' was not declared. Should it be static?
drivers/gpu/drm/i915/i915_drv.c:249:9: warning: Initializer entry defined twice
drivers/gpu/drm/i915/i915_drv.c:257:9: warning: Initializer entry defined twice
drivers/gpu/drm/i915/i915_drv.c:269:9: warning: Initializer entry defined twice
drivers/gpu/drm/i915/i915_drv.c:280:9: warning: Initializer entry defined twice
drivers/gpu/drm/i915/i915_drv.c:290:9: warning: Initializer entry defined twice
drivers/gpu/drm/i915/intel_bios.c:1207:37: warning: cast removes address space of expression
drivers/gpu/drm/i915/intel_bios.c:1208:37: warning: cast removes address space of expression
drivers/gpu/drm/i915/intel_bios.c:1220:41: warning: incorrect type in argument 1 (different address spaces)
drivers/gpu/drm/i915/intel_bios.c:1221:52: warning: incorrect type in argument 1 (different address spaces)
drivers/gpu/drm/i915/intel_bios.c:1222:53: warning: cast removes address space of expression
drivers/gpu/drm/i915/intel_display.c:11265:25: warning: expression using sizeof bool
drivers/gpu/drm/i915/intel_fbdev.c:336:64: warning: expression using sizeof bool
drivers/i2c/i2c-core.c:2420:36: warning: dubious: x | !y
drivers/input/mouse/sentelic.h:126:12: warning: symbol 'fsp_detect' was not declared. Should it be static?
drivers/input/mouse/focaltech.c:33:5: warning: symbol 'focaltech_detect' was not declared. Should it be static?
drivers/input/mouse/focaltech.c:46:5: warning: symbol 'focaltech_init' was not declared. Should it be static?
drivers/iommu/amd_iommu_init.c:157:6: warning: symbol 'amd_iommu_pc_present' was not declared. Should it be static?
drivers/iommu/intel-iommu.c:445:5: warning: symbol 'intel_iommu_gfx_mapped' was not declared. Should it be static?
drivers/iommu/intel-iommu.c:1092:13: warning: symbol 'domain_unmap' was not declared. Should it be static?
drivers/iommu/intel-iommu.c:1118:6: warning: symbol 'dma_free_pagelist' was not declared. Should it be static?
drivers/iommu/intel-iommu.c:3387:20: warning: symbol 'intel_dma_ops' was not declared. Should it be static?
drivers/md/dm-stripe.c:326:33: warning: Variable length array is used.
drivers/md/dm-raid1.c:258:34: warning: Variable length array is used.
drivers/md/dm-raid1.c:628:34: warning: Variable length array is used.
drivers/md/dm-raid1.c:1361:36: warning: Variable length array is used.
drivers/net/ethernet/nvidia/forcedeth.c:4683:9: warning: context imbalance in 'nv_set_ringparam' - different lock contexts for basic block
drivers/pci/pci.c:35:5: warning: symbol 'isa_dma_bridge_buggy' was not declared. Should it be static?
drivers/pci/pci.c:4426:1: warning: symbol 'bus_attr_resource_alignment' was not declared. Should it be static?
drivers/pci/rom.c:224:36: warning: incorrect type in return expression (different address spaces)
drivers/pci/pcie/portdrv_core.c:22:6: warning: symbol 'pciehp_msi_disabled' was not declared. Should it be static?
drivers/pci/msi.c:180:12: warning: symbol 'arch_msi_mask_irq' was not declared. Should it be static?
drivers/pci/msi.c:210:12: warning: symbol 'arch_msix_mask_irq' was not declared. Should it be static?
drivers/pcmcia/cardbus.c:67:11: warning: symbol 'cb_alloc' was not declared. Should it be static?
drivers/pcmcia/cardbus.c:107:6: warning: symbol 'cb_free' was not declared. Should it be static?
drivers/pcmcia/cistpl.c:1288:5: warning: symbol 'pcmcia_parse_tuple' was not declared. Should it be static?
drivers/ras/debugfs.c:7:5: warning: symbol 'ras_userspace_consumers' was not declared. Should it be static?
drivers/ras/debugfs.c:37:12: warning: symbol 'ras_add_daemon_trace' was not declared. Should it be static?
drivers/ras/debugfs.c:53:13: warning: symbol 'ras_debugfs_init' was not declared. Should it be static?
drivers/scsi/scsi_lib.c:499:6: warning: symbol 'scsi_requeue_run_queue' was not declared. Should it be static?
drivers/scsi/scsi_lib.c:2622:6: warning: symbol 'scsi_evt_thread' was not declared. Should it be static?
drivers/scsi/scsi_sysfs.c:201:25: warning: symbol 'dev_attr_hstate' was not declared. Should it be static?
drivers/scsi/scsi_sysfs.c:376:24: warning: symbol 'scsi_shost_attr_group' was not declared. Should it be static?
drivers/scsi/sg.c:1141:41: warning: incorrect type in argument 5 (different address spaces)
drivers/tty/tty_io.c:119:17: warning: too long initializer-string for array of char
drivers/tty/tty_io.c:1026:13: warning: context imbalance in 'tty_write_unlock' - wrong count at exit
drivers/tty/tty_io.c:1033:12: warning: context imbalance in 'tty_write_lock' - wrong count at exit
drivers/tty/tty_io.c:1154:17: warning: context imbalance in 'tty_write_message' - unexpected unlock
drivers/tty/tty_io.c:1176:16: warning: context imbalance in 'tty_write' - different lock contexts for basic block
drivers/tty/tty_io.c:1228:5: warning: context imbalance in 'tty_send_xchar' - different lock contexts for basic block
drivers/tty/tty_io.c:2609:12: warning: context imbalance in 'send_break' - different lock contexts for basic block
drivers/tty/sysrq.c:58:16: warning: symbol 'platform_sysrq_reset_seq' was not declared. Should it be static?
drivers/tty/sysrq.c:59:5: warning: symbol 'sysrq_reset_downtime_ms' was not declared. Should it be static?
drivers/tty/serial/serial_core.c:64:30: warning: incorrect type in return expression (different base types)
include/linux/serial_core.h:370:30: warning: incorrect type in return expression (different base types)
drivers/tty/serial/serial_core.c:624:22: warning: invalid assignment: |=
drivers/tty/serial/serial_core.c:626:22: warning: invalid assignment: |=
drivers/tty/serial/serial_core.c:628:17: warning: restricted upf_t degrades to integer
drivers/tty/serial/serial_core.c:630:22: warning: invalid assignment: &=
drivers/tty/serial/serial_core.c:633:20: warning: restricted upf_t degrades to integer
drivers/tty/serial/serial_core.c:636:20: warning: restricted upf_t degrades to integer
drivers/tty/serial/serial_core.c:647:22: warning: invalid assignment: |=
drivers/tty/serial/serial_core.c:649:22: warning: invalid assignment: |=
drivers/tty/serial/serial_core.c:651:17: warning: restricted upf_t degrades to integer
drivers/tty/serial/serial_core.c:653:22: warning: invalid assignment: &=
drivers/tty/serial/serial_core.c:656:20: warning: restricted upf_t degrades to integer
drivers/tty/serial/serial_core.c:659:20: warning: restricted upf_t degrades to integer
drivers/tty/serial/serial_core.c:677:29: warning: incorrect type in assignment (different base types)
drivers/tty/serial/serial_core.c:751:19: warning: incorrect type in assignment (different base types)
include/linux/serial_core.h:370:30: warning: incorrect type in return expression (different base types)
drivers/tty/serial/8250/8250_core.c:3127:32: warning: incorrect type in assignment (different base types)
drivers/tty/serial/8250/8250_core.c:3129:32: warning: incorrect type in assignment (different address spaces)
drivers/tty/serial/8250/8250_core.c:3237:9: warning: context imbalance in 'serial8250_console_write' - different lock contexts for basic block
drivers/tty/vt/consolemap_deftbl.c:10:4: warning: symbol 'dfont_unicount' was not declared. Should it be static?
drivers/tty/vt/consolemap_deftbl.c:46:5: warning: symbol 'dfont_unitable' was not declared. Should it be static?
drivers/tty/vt/vt.c:1370:57: warning: obsolete struct initializer, use C99 syntax
drivers/tty/vt/vt.c:1371:57: warning: obsolete struct initializer, use C99 syntax
drivers/tty/vt/vt.c:1372:57: warning: obsolete struct initializer, use C99 syntax
drivers/tty/vt/vt.c:1391:57: warning: obsolete struct initializer, use C99 syntax
drivers/tty/vt/vt.c:1392:57: warning: obsolete struct initializer, use C99 syntax
drivers/tty/vt/vt.c:1393:57: warning: obsolete struct initializer, use C99 syntax
drivers/tty/vt/vt.c:223:5: warning: symbol 'console_blank_hook' was not declared. Should it be static?
drivers/tty/vt/vt.c:1236:12: warning: symbol 'rgb_from_256' was not declared. Should it be static?
drivers/tty/vt/vt.c:2477:19: warning: symbol 'console_driver' was not declared. Should it be static?
drivers/tty/vt/defkeymap.c:27:9: warning: symbol 'shift_map' was not declared. Should it be static?
drivers/tty/vt/defkeymap.c:46:9: warning: symbol 'altgr_map' was not declared. Should it be static?
drivers/tty/vt/defkeymap.c:65:9: warning: symbol 'ctrl_map' was not declared. Should it be static?
drivers/tty/vt/defkeymap.c:84:9: warning: symbol 'shift_ctrl_map' was not declared. Should it be static?
drivers/tty/vt/defkeymap.c:103:9: warning: symbol 'alt_map' was not declared. Should it be static?
drivers/tty/vt/defkeymap.c:122:9: warning: symbol 'ctrl_alt_map' was not declared. Should it be static?
drivers/tty/vt/defkeymap.c:148:14: warning: symbol 'keymap_count' was not declared. Should it be static?
drivers/tty/vt/defkeymap.c:156:6: warning: symbol 'func_buf' was not declared. Should it be static?
drivers/tty/vt/defkeymap.c:187:6: warning: symbol 'funcbufptr' was not declared. Should it be static?
drivers/tty/vt/defkeymap.c:188:5: warning: symbol 'funcbufsize' was not declared. Should it be static?
drivers/tty/vt/defkeymap.c:189:5: warning: symbol 'funcbufleft' was not declared. Should it be static?
drivers/tty/vt/defkeymap.c:191:6: warning: symbol 'func_table' was not declared. Should it be static?
drivers/tty/vt/defkeymap.c:225:18: warning: symbol 'accent_table' was not declared. Should it be static?
drivers/tty/vt/defkeymap.c:262:14: warning: symbol 'accent_table_size' was not declared. Should it be static?
drivers/usb/host/ohci-hub.c:265:9: warning: context imbalance in 'ohci_rh_resume' - different lock contexts for basic block
sound/core/pcm_native.c:229:37: warning: Variable length array is used.
sound/core/pcm_compat.c:34:41: warning: incorrect type in argument 2 (different address spaces)
sound/core/pcm_native.c:82:9: warning: context imbalance in 'snd_pcm_stream_lock' - different lock contexts for basic block
sound/core/pcm_native.c:98:28: warning: context imbalance in 'snd_pcm_stream_unlock' - unexpected unlock
sound/core/pcm_native.c:823:52: warning: context imbalance in 'snd_pcm_action_group' - unexpected unlock
sound/core/oss/pcm_oss.c:1666:61: warning: Variable length array is used.
sound/core/oss/pcm_plugin.c:283:36: warning: cast truncates bits from constant value (f00003fff becomes 3fff)
sound/core/oss/pcm_plugin.c:284:41: warning: cast truncates bits from constant value (f00003fff becomes 3fff)
sound/core/seq/seq_compat.c:62:45: warning: incorrect type in argument 3 (different address spaces)
sound/core/seq/seq_clientmgr.c:702:9: warning: context imbalance in 'deliver_to_subscribers' - different lock contexts for basic block
sound/pci/hda/hda_codec.c:2803:57: warning: incorrect type in argument 4 (different address spaces)
sound/pci/hda/hda_proc.c:455:18: error: bad integer constant expression
sound/pci/hda/hda_proc.c:456:18: error: bad integer constant expression
sound/pci/hda/hda_proc.c:457:18: error: bad integer constant expression
sound/pci/hda/hda_proc.c:458:18: error: bad integer constant expression
sound/pci/hda/hda_proc.c:459:18: error: bad integer constant expression
sound/pci/hda/hda_proc.c:460:18: error: bad integer constant expression
sound/pci/hda/hda_proc.c:461:18: error: bad integer constant expression
sound/pci/hda/hda_proc.c:462:18: error: bad integer constant expression
sound/pci/hda/hda_controller.c:1936:33: warning: incorrect type in assignment (different address spaces)
sound/pci/hda/hda_intel.c:138:1: warning: expression using sizeof bool
sound/pci/hda/hda_intel.c:138:1: warning: expression using sizeof bool
arch/x86/pci/legacy.c:57:12: warning: symbol 'pci_subsys_init' was not declared. Should it be static?
arch/x86/pci/common.c:26:14: warning: symbol 'pci_early_dump_regs' was not declared. Should it be static?
arch/x86/pci/common.c:634:22: warning: incorrect type in assignment (different address spaces)
arch/x86/pci/common.c:653:25: warning: incorrect type in argument 1 (different address spaces)
arch/x86/power/cpu.c:33:22: warning: symbol 'saved_context' was not declared. Should it be static?
arch/x86/power/hibernate_64.c:30:15: warning: symbol 'restore_jump_address' was not declared. Should it be static?
arch/x86/power/hibernate_64.c:36:15: warning: symbol 'restore_cr3' was not declared. Should it be static?
arch/x86/power/hibernate_64.c:38:7: warning: symbol 'temp_level4_pgt' was not declared. Should it be static?
arch/x86/power/hibernate_64.c:40:6: warning: symbol 'relocated_restore_code' was not declared. Should it be static?
arch/x86/power/hibernate_64.c:81:5: warning: symbol 'swsusp_arch_resume' was not declared. Should it be static?
arch/x86/power/hibernate_64.c:103:5: warning: symbol 'pfn_is_nosave' was not declared. Should it be static?
arch/x86/power/hibernate_64.c:123:5: warning: symbol 'arch_hibernation_header_save' was not declared. Should it be static?
arch/x86/power/hibernate_64.c:140:5: warning: symbol 'arch_hibernation_header_restore' was not declared. Should it be static?
arch/x86/video/fbdev.c:14:5: warning: symbol 'fb_is_primary_device' was not declared. Should it be static?
net/core/sock.c:1551:9: warning: context imbalance in 'sk_clone_lock' - different lock contexts for basic block
net/core/sock.c:2372:6: warning: context imbalance in 'lock_sock_fast' - different lock contexts for basic block
net/core/sock.c:2791:13: warning: context imbalance in 'proto_seq_start' - wrong count at exit
net/core/sock.c:2803:13: warning: context imbalance in 'proto_seq_stop' - wrong count at exit
include/net/sock.h:1557:31: warning: context imbalance in 'skb_free_datagram_locked' - unexpected unlock
net/core/scm.c:236:26: warning: cast removes address space of expression
net/core/scm.c:236:26: warning: incorrect type in argument 1 (different address spaces)
net/core/scm.c:272:48: warning: cast removes address space of expression
net/core/gen_stats.c:58:1: warning: context imbalance in 'gnet_stats_start_copy_compat' - wrong count at exit
net/core/gen_stats.c:35:23: warning: context imbalance in 'gnet_stats_copy_basic' - unexpected unlock
net/core/gen_stats.c:35:23: warning: context imbalance in 'gnet_stats_copy_rate_est' - unexpected unlock
net/core/gen_stats.c:35:23: warning: context imbalance in 'gnet_stats_copy_queue' - unexpected unlock
net/core/gen_stats.c:35:23: warning: context imbalance in 'gnet_stats_copy_app' - unexpected unlock
net/core/gen_stats.c:35:23: warning: context imbalance in 'gnet_stats_finish_copy' - unexpected unlock
include/trace/events/net.h:170:1: error: directive in argument list
include/trace/events/net.h:172:1: error: directive in argument list
include/trace/events/net.h:174:1: error: directive in argument list
net/core/rtnetlink.c:1970:41: warning: Variable length array is used.
net/core/rtnetlink.c:1971:49: warning: Variable length array is used.
net/core/filter.c:252:33: error: subtraction of functions? Share your drugs
net/core/filter.c:255:33: error: subtraction of functions? Share your drugs
net/core/filter.c:258:33: error: subtraction of functions? Share your drugs
net/core/filter.c:261:33: error: subtraction of functions? Share your drugs
net/core/filter.c:264:33: error: subtraction of functions? Share your drugs
net/core/filter.c:687:30: error: cannot size expression
net/core/netpoll.c:124:25: warning: context imbalance in 'queue_process' - different lock contexts for basic block
net/core/netpoll.c:351:33: warning: context imbalance in 'netpoll_send_skb_on_dev' - different lock contexts for basic block
include/trace/events/net.h:170:1: error: directive in argument list
include/trace/events/net.h:172:1: error: directive in argument list
include/trace/events/net.h:174:1: error: directive in argument list
include/trace/events/net.h:170:1: error: directive in argument list
include/trace/events/net.h:172:1: error: directive in argument list
include/trace/events/net.h:174:1: error: directive in argument list
include/trace/events/net.h:170:1: error: directive in argument list
include/trace/events/net.h:172:1: error: directive in argument list
include/trace/events/net.h:174:1: error: directive in argument list
include/trace/events/net.h:170:1: error: directive in argument list
include/trace/events/net.h:172:1: error: directive in argument list
include/trace/events/net.h:174:1: error: directive in argument list
include/trace/events/net.h:170:1: error: directive in argument list
include/trace/events/net.h:172:1: error: directive in argument list
include/trace/events/net.h:174:1: error: directive in argument list
include/trace/events/net.h:170:1: error: directive in argument list
include/trace/events/net.h:172:1: error: directive in argument list
include/trace/events/net.h:174:1: error: directive in argument list
include/trace/events/net.h:170:1: error: directive in argument list
include/trace/events/net.h:172:1: error: directive in argument list
include/trace/events/net.h:174:1: error: directive in argument list
include/trace/events/net.h:170:1: error: directive in argument list
include/trace/events/net.h:172:1: error: directive in argument list
include/trace/events/net.h:174:1: error: directive in argument list
include/trace/events/net.h:170:1: error: directive in argument list
include/trace/events/net.h:172:1: error: directive in argument list
include/trace/events/net.h:174:1: error: directive in argument list
include/trace/events/net.h:170:1: error: directive in argument list
include/trace/events/net.h:172:1: error: directive in argument list
include/trace/events/net.h:174:1: error: directive in argument list
net/ipv4/inet_connection_sock.c:205:9: warning: context imbalance in 'inet_csk_get_port' - different lock contexts for basic block
include/net/sock.h:1557:31: warning: context imbalance in 'tcp_ioctl' - unexpected unlock
net/ipv4/tcp_ipv4.c:578:13: warning: context imbalance in 'tcp_v4_send_reset' - different lock contexts for basic block
net/ipv4/tcp_ipv4.c:1388:20: warning: context imbalance in 'tcp_v4_hnd_req' - different lock contexts for basic block
include/net/sock.h:511:54: warning: context imbalance in 'listening_get_next' - unexpected unlock
net/ipv4/tcp_ipv4.c:1996:9: warning: context imbalance in 'established_get_first' - wrong count at exit
net/ipv4/tcp_ipv4.c:2016:40: warning: context imbalance in 'established_get_next' - unexpected unlock
net/ipv4/tcp_ipv4.c:2146:69: warning: context imbalance in 'tcp_seq_stop' - unexpected unlock
net/ipv4/tcp_minisocks.c:787:9: warning: context imbalance in 'tcp_child_process' - unexpected unlock
net/ipv4/tcp_fastopen.c:201:9: warning: context imbalance in 'tcp_fastopen_create_child' - unexpected unlock
net/ipv4/tcp_offload.c:32:16: warning: symbol 'tcp4_gso_segment' was not declared. Should it be static?
net/ipv4/raw.c:966:21: warning: context imbalance in 'raw_seq_start' - wrong count at exit
net/ipv4/raw.c:983:6: warning: context imbalance in 'raw_seq_stop' - unexpected unlock
include/net/sock.h:1557:31: warning: context imbalance in 'first_packet_length' - unexpected unlock
include/net/sock.h:1557:31: warning: context imbalance in 'udp_recvmsg' - unexpected unlock
include/net/sock.h:1557:31: warning: context imbalance in 'udp_destroy_sock' - unexpected unlock
net/ipv4/udp.c:2281:9: warning: context imbalance in 'udp_get_first' - wrong count at exit
net/ipv4/udp.c:2295:39: warning: context imbalance in 'udp_get_next' - unexpected unlock
net/ipv4/udp.c:2337:31: warning: context imbalance in 'udp_seq_stop' - unexpected unlock
net/ipv4/icmp.c:387:13: warning: context imbalance in 'icmp_reply' - different lock contexts for basic block
net/ipv4/icmp.c:544:6: warning: context imbalance in 'icmp_send' - different lock contexts for basic block
net/ipv4/igmp.c:2621:31: warning: context imbalance in 'igmp_mcf_get_next' - unexpected unlock
net/ipv4/igmp.c:2649:9: warning: context imbalance in 'igmp_mcf_get_idx' - wrong count at exit
net/ipv4/igmp.c:2666:9: warning: context imbalance in 'igmp_mcf_seq_next' - wrong count at exit
net/ipv4/igmp.c:2678:9: warning: context imbalance in 'igmp_mcf_seq_stop' - unexpected unlock
net/ipv4/ping.c:1061:21: warning: context imbalance in 'ping_seq_start' - wrong count at exit
net/ipv4/ping.c:1084:6: warning: context imbalance in 'ping_seq_stop' - unexpected unlock
net/ipv4/ipmr.c:2437:13: warning: context imbalance in 'ipmr_vif_seq_start' - wrong count at exit
net/ipv4/ipmr.c:2530:25: warning: context imbalance in 'ipmr_mfc_seq_idx' - wrong count at exit
net/ipv4/ipmr.c:2611:23: warning: context imbalance in 'ipmr_mfc_seq_next' - unexpected unlock
net/ipv4/ipmr.c:2623:31: warning: context imbalance in 'ipmr_mfc_seq_stop' - unexpected unlock
net/ipv4/ipconfig.c:139:8: warning: symbol 'ic_addrservaddr' was not declared. Should it be static?
net/ipv4/netfilter/ip_tables.c:354:27: warning: incorrect type in assignment (different modifiers)
net/ipv4/netfilter/ip_tables.c:396:43: warning: incorrect type in assignment (different modifiers)
net/ipv4/netfilter/ip_tables.c:422:27: warning: incorrect type in assignment (different modifiers)
net/ipv4/netfilter/nf_log_arp.c:77:6: warning: symbol 'nf_log_arp_packet' was not declared. Should it be static?
net/ipv6/anycast.c:461:25: warning: context imbalance in 'ac6_get_next' - unexpected unlock
net/ipv6/anycast.c:483:9: warning: context imbalance in 'ac6_get_idx' - wrong count at exit
include/linux/rcupdate.h:934:9: warning: context imbalance in 'ac6_seq_stop' - unexpected unlock
net/ipv6/ipv6_sockglue.c:996:33: warning: incorrect type in assignment (different address spaces)
include/net/sock.h:1557:31: warning: context imbalance in 'udpv6_recvmsg' - unexpected unlock
net/ipv6/icmp.c:390:13: warning: context imbalance in 'icmp6_send' - different lock contexts for basic block
net/ipv6/icmp.c:546:13: warning: context imbalance in 'icmpv6_echo_reply' - wrong count at exit
net/ipv6/mcast.c:251:25: warning: context imbalance in 'ip6_mc_find_dev_rcu' - different lock contexts for basic block
net/ipv6/mcast.c:438:9: warning: context imbalance in 'ip6_mc_source' - unexpected unlock
net/ipv6/mcast.c:527:9: warning: context imbalance in 'ip6_mc_msfilter' - unexpected unlock
net/ipv6/mcast.c:574:21: warning: context imbalance in 'ip6_mc_msfget' - unexpected unlock
net/ipv6/mcast.c:2617:25: warning: context imbalance in 'igmp6_mc_get_next' - unexpected unlock
net/ipv6/mcast.c:2639:9: warning: context imbalance in 'igmp6_mc_get_idx' - wrong count at exit
net/ipv6/mcast.c:2666:9: warning: context imbalance in 'igmp6_mc_seq_stop' - unexpected unlock
net/ipv6/mcast.c:2752:31: warning: context imbalance in 'igmp6_mcf_get_next' - unexpected unlock
net/ipv6/mcast.c:2784:9: warning: context imbalance in 'igmp6_mcf_get_idx' - wrong count at exit
net/ipv6/mcast.c:2801:9: warning: context imbalance in 'igmp6_mcf_seq_next' - wrong count at exit
net/ipv6/mcast.c:2814:17: warning: context imbalance in 'igmp6_mcf_seq_stop' - unexpected unlock
net/ipv6/tcp_ipv6.c:889:13: warning: context imbalance in 'tcp_v6_send_reset' - different lock contexts for basic block
net/ipv6/tcp_ipv6.c:998:20: warning: context imbalance in 'tcp_v6_hnd_req' - different lock contexts for basic block
net/ipv6/xfrm6_state.c:64:19: warning: Variable length array is used.
net/ipv6/xfrm6_state.c:66:26: error: cannot size expression
net/ipv6/netfilter/ip6_tables.c:374:27: warning: incorrect type in assignment (different modifiers)
net/ipv6/netfilter/ip6_tables.c:411:43: warning: incorrect type in assignment (different modifiers)
net/ipv6/netfilter/ip6_tables.c:432:27: warning: incorrect type in assignment (different modifiers)
net/ipv6/tcpv6_offload.c:44:16: warning: symbol 'tcp6_gso_segment' was not declared. Should it be static?
net/mac80211/aes_ccm.c:27:56: warning: Variable length array is used.
net/mac80211/aes_ccm.c:32:29: error: cannot size expression
net/mac80211/aes_ccm.c:59:29: error: cannot size expression
net/netfilter/core.c:33:32: warning: symbol 'nf_ipv6_ops' was not declared. Should it be static?
net/netfilter/core.c:266:30: warning: symbol 'nfq_ct_nat_hook' was not declared. Should it be static?
net/netfilter/nfnetlink.c:191:61: warning: Variable length array is used.
net/netfilter/nfnetlink.c:366:69: warning: Variable length array is used.
net/netfilter/nf_conntrack_core.c:1731:9: error: cannot dereference this type
net/netfilter/nf_conntrack_core.c:1732:9: error: cannot dereference this type
include/linux/rcupdate.h:934:9: warning: context imbalance in 'ctnetlink_parse_nat_setup' - unexpected unlock
net/netfilter/nf_conntrack_netlink.c:1390:31: warning: context imbalance in 'ctnetlink_change_conntrack' - unexpected unlock
net/netfilter/nf_nat_core.c:867:9: error: cannot dereference this type
net/netfilter/nf_nat_core.c:871:9: error: cannot dereference this type
net/netfilter/nf_nat_ftp.c:132:9: error: cannot dereference this type
net/netfilter/nf_nat_irc.c:105:9: error: cannot dereference this type
include/linux/bottom_half.h:32:30: warning: context imbalance in 'packet_direct_xmit' - different lock contexts for basic block
net/sched/sch_generic.c:149:5: warning: context imbalance in 'sch_direct_xmit' - unexpected unlock
net/sunrpc/sysctl.c:28:17: warning: symbol 'rpc_debug' was not declared. Should it be static?
net/sunrpc/sysctl.c:31:17: warning: symbol 'nfs_debug' was not declared. Should it be static?
net/sunrpc/sysctl.c:34:17: warning: symbol 'nfsd_debug' was not declared. Should it be static?
net/sunrpc/sysctl.c:37:17: warning: symbol 'nlm_debug' was not declared. Should it be static?
net/unix/af_unix.c:942:13: warning: context imbalance in 'unix_state_double_lock' - wrong count at exit
./arch/x86/include/asm/spinlock.h:160:17: warning: context imbalance in 'unix_state_double_unlock' - unexpected unlock
net/unix/af_unix.c:1050:54: warning: context imbalance in 'unix_wait_for_peer' - unexpected unlock
net/unix/af_unix.c:1229:9: warning: context imbalance in 'unix_stream_connect' - different lock contexts for basic block
net/unix/af_unix.c:1615:9: warning: context imbalance in 'unix_dgram_sendmsg' - different lock contexts for basic block
net/xfrm/xfrm_policy.c:109:9: warning: context imbalance in 'xfrm_policy_get_afinfo' - different lock contexts for basic block
net/xfrm/xfrm_policy.c:112:13: warning: context imbalance in 'xfrm_policy_put_afinfo' - unexpected unlock
net/xfrm/xfrm_state.c:1948:9: warning: context imbalance in 'xfrm_state_get_afinfo' - different lock contexts for basic block
net/xfrm/xfrm_state.c:1951:6: warning: context imbalance in 'xfrm_state_put_afinfo' - unexpected unlock
net/xfrm/xfrm_input.c:71:9: warning: context imbalance in 'xfrm_input_get_afinfo' - different lock contexts for basic block
net/xfrm/xfrm_input.c:74:13: warning: context imbalance in 'xfrm_input_put_afinfo' - unexpected unlock
net/compat.c:76:24: warning: incorrect type in assignment (different address spaces)
net/compat.c:77:23: warning: incorrect type in assignment (different address spaces)
net/compat.c:78:27: warning: incorrect type in assignment (different address spaces)
net/compat.c:90:63: warning: incorrect type in argument 1 (different address spaces)
net/compat.c:163:22: warning: cast removes address space of expression
net/compat.c:191:22: warning: cast removes address space of expression
net/compat.c:370:54: warning: incorrect type in argument 4 (different address spaces)
net/compat.c:431:54: warning: incorrect type in argument 4 (different address spaces)
net/compat.c:431:71: warning: incorrect type in argument 5 (different address spaces)
net/compat.c:574:57: warning: cast removes address space of expression
net/compat.c:574:57: warning: incorrect type in initializer (different address spaces)
net/compat.c:595:65: warning: cast removes address space of expression
net/compat.c:595:65: warning: incorrect type in initializer (different address spaces)
net/compat.c:616:60: warning: cast removes address space of expression
net/compat.c:616:60: warning: incorrect type in initializer (different address spaces)
net/compat.c:654:52: warning: cast removes address space of expression
net/compat.c:654:52: warning: incorrect type in initializer (different address spaces)
lib/lockref.c:96:5: warning: context imbalance in 'lockref_get_or_lock' - different lock contexts for basic block
lib/lockref.c:120:5: warning: context imbalance in 'lockref_put_or_lock' - wrong count at exit
lib/bcd.c:4:10: error: symbol '_bcd2bin' redeclared with different type (originally declared at include/linux/bcd.h:19) - different modifiers
lib/bcd.c:10:15: error: symbol '_bin2bcd' redeclared with different type (originally declared at include/linux/bcd.h:20) - different modifiers
lib/gcd.c:6:15: error: symbol 'gcd' redeclared with different type (originally declared at include/linux/gcd.h:6) - different modifiers
lib/lcm.c:7:15: error: symbol 'lcm' redeclared with different type (originally declared at include/linux/lcm.h:6) - different modifiers
lib/xz/xz_dec_stream.c:734:23: warning: function 'xz_dec_run' with external linkage has definition
lib/xz/xz_dec_stream.c:770:25: warning: function 'xz_dec_init' with external linkage has definition
lib/xz/xz_dec_stream.c:800:16: warning: function 'xz_dec_reset' with external linkage has definition
lib/xz/xz_dec_stream.c:812:16: warning: function 'xz_dec_end' with external linkage has definition
lib/xz/xz_dec_lzma2.c:931:23: warning: function 'xz_dec_lzma2_run' with external linkage has definition
lib/xz/xz_dec_lzma2.c:1108:31: warning: function 'xz_dec_lzma2_create' with external linkage has definition
lib/xz/xz_dec_lzma2.c:1132:23: warning: function 'xz_dec_lzma2_reset' with external linkage has definition
lib/xz/xz_dec_lzma2.c:1169:16: warning: function 'xz_dec_lzma2_end' with external linkage has definition
lib/xz/xz_dec_bcj.c:417:23: warning: function 'xz_dec_bcj_run' with external linkage has definition
lib/xz/xz_dec_bcj.c:527:29: warning: function 'xz_dec_bcj_create' with external linkage has definition
lib/xz/xz_dec_bcj.c:536:23: warning: function 'xz_dec_bcj_reset' with external linkage has definition
lib/xz/xz_dec_bcj.c:91:21: warning: Initializer entry defined twice
lib/swiotlb.c:243:1: warning: symbol 'swiotlb_late_init_with_default_size' was not declared. Should it be static?
lib/swiotlb.c:540:13: warning: symbol 'map_single' was not declared. Should it be static?
lib/iommu-helper.c:9:5: warning: symbol 'iommu_is_span_boundary' was not declared. Should it be static?
lib/iommu-helper.c:19:15: warning: symbol 'iommu_area_alloc' was not declared. Should it be static?
lib/decompress_unxz.c:251:17: warning: symbol 'unxz' was not declared. Should it be static?
lib/string.c:821:20: warning: constant 0x0101010101010101 is so big it is long
lib/string.c:63:5: warning: symbol 'strnicmp' was not declared. Should it be static?
lib/vsprintf.c:694:18: warning: Variable length array is used.
lib/vsprintf.c:697:38: error: cannot size expression
arch/x86/lib/msr-smp.c:13:23: warning: incorrect type in initializer (different address spaces)
arch/x86/lib/msr-smp.c:27:23: warning: incorrect type in initializer (different address spaces)
arch/x86/lib/msr.c:9:14: warning: incorrect type in assignment (different address spaces)
arch/x86/lib/msr.c:21:21: warning: incorrect type in argument 1 (different address spaces)
arch/x86/lib/msr.c:35:5: warning: symbol 'msr_read' was not declared. Should it be static?
arch/x86/lib/msr.c:53:5: warning: symbol 'msr_write' was not declared. Should it be static?
arch/x86/lib/cmdline.c:26:5: warning: symbol 'cmdline_find_option_bool' was not declared. Should it be static?
arch/x86/lib/inat-tables.c:5:19: warning: symbol 'inat_primary_table' was not declared. Should it be static?
arch/x86/lib/inat-tables.c:205:19: warning: symbol 'inat_escape_table_1' was not declared. Should it be static?
arch/x86/lib/inat-tables.c:418:19: warning: symbol 'inat_escape_table_1_1' was not declared. Should it be static?
arch/x86/lib/inat-tables.c:526:19: warning: symbol 'inat_escape_table_1_2' was not declared. Should it be static?
arch/x86/lib/inat-tables.c:556:19: warning: symbol 'inat_escape_table_1_3' was not declared. Should it be static?
arch/x86/lib/inat-tables.c:584:19: warning: symbol 'inat_escape_table_2' was not declared. Should it be static?
arch/x86/lib/inat-tables.c:705:19: warning: symbol 'inat_escape_table_2_1' was not declared. Should it be static?
arch/x86/lib/inat-tables.c:823:19: warning: symbol 'inat_escape_table_2_2' was not declared. Should it be static?
arch/x86/lib/inat-tables.c:828:19: warning: symbol 'inat_escape_table_2_3' was not declared. Should it be static?
arch/x86/lib/inat-tables.c:837:19: warning: symbol 'inat_escape_table_3' was not declared. Should it be static?
arch/x86/lib/inat-tables.c:879:19: warning: symbol 'inat_escape_table_3_1' was not declared. Should it be static?
arch/x86/lib/inat-tables.c:920:19: warning: symbol 'inat_escape_table_3_3' was not declared. Should it be static?
arch/x86/lib/inat-tables.c:931:19: warning: symbol 'inat_group_table_6' was not declared. Should it be static?
arch/x86/lib/inat-tables.c:942:19: warning: symbol 'inat_group_table_7' was not declared. Should it be static?
arch/x86/lib/inat-tables.c:953:19: warning: symbol 'inat_group_table_8' was not declared. Should it be static?
arch/x86/lib/inat-tables.c:959:19: warning: symbol 'inat_group_table_9' was not declared. Should it be static?
arch/x86/lib/inat-tables.c:970:19: warning: symbol 'inat_group_table_10' was not declared. Should it be static?
arch/x86/lib/inat-tables.c:980:19: warning: symbol 'inat_group_table_11' was not declared. Should it be static?
arch/x86/lib/inat-tables.c:993:19: warning: symbol 'inat_group_table_22' was not declared. Should it be static?
arch/x86/lib/inat-tables.c:998:19: warning: symbol 'inat_group_table_22_1' was not declared. Should it be static?
arch/x86/lib/inat-tables.c:1001:19: warning: symbol 'inat_group_table_22_2' was not declared. Should it be static?
arch/x86/lib/inat-tables.c:1009:19: warning: symbol 'inat_group_table_4' was not declared. Should it be static?
arch/x86/lib/inat-tables.c:1015:19: warning: symbol 'inat_group_table_5' was not declared. Should it be static?
arch/x86/lib/inat-tables.c:1021:19: warning: symbol 'inat_group_table_14' was not declared. Should it be static?
arch/x86/lib/inat-tables.c:1026:19: warning: symbol 'inat_group_table_14_1' was not declared. Should it be static?
arch/x86/lib/inat-tables.c:1033:19: warning: symbol 'inat_group_table_15' was not declared. Should it be static?
arch/x86/lib/inat-tables.c:1038:19: warning: symbol 'inat_group_table_15_1' was not declared. Should it be static?
arch/x86/lib/inat-tables.c:1045:19: warning: symbol 'inat_group_table_16' was not declared. Should it be static?
arch/x86/lib/inat-tables.c:1051:19: warning: symbol 'inat_group_table_16_1' was not declared. Should it be static?
arch/x86/lib/inat-tables.c:1059:19: warning: symbol 'inat_group_table_19' was not declared. Should it be static?
arch/x86/lib/inat-tables.c:1065:19: warning: symbol 'inat_group_table_19_2' was not declared. Should it be static?
arch/x86/lib/inat-tables.c:1073:19: warning: symbol 'inat_group_table_13' was not declared. Should it be static?
arch/x86/lib/inat-tables.c:1081:19: warning: symbol 'inat_group_table_23' was not declared. Should it be static?
arch/x86/lib/inat-tables.c:1094:19: warning: symbol 'inat_escape_tables' was not declared. Should it be static?
arch/x86/lib/inat-tables.c:1109:19: warning: symbol 'inat_group_tables' was not declared. Should it be static?
arch/x86/lib/inat-tables.c:1134:19: warning: symbol 'inat_avx_tables' was not declared. Should it be static?
arch/x86/lib/misc.c:6:5: warning: symbol 'num_digits' was not declared. Should it be static?
arch/x86/lib/usercopy_64.c:78:21: warning: incorrect type in argument 1 (different address spaces)
arch/x86/lib/usercopy_64.c:80:21: warning: incorrect type in argument 1 (different address spaces)
arch/x86/lib/usercopy_64.c:85:21: warning: incorrect type in argument 1 (different address spaces)
init/main.c:163:12: warning: symbol 'envp_init' was not declared. Should it be static?
init/do_mounts.c:8:2: warning: "Sparse checking disabled for this file"
init/do_mounts_initrd.c:8:2: warning: "Sparse checking disabled for this file"
init/do_mounts_md.c:8:2: warning: "Sparse checking disabled for this file"
init/initramfs.c:8:2: warning: "Sparse checking disabled for this file"
init/calibrate.c:260:37: warning: symbol 'calibrate_delay_is_known' was not declared. Should it be static?
init/calibrate.c:270:28: warning: symbol 'calibration_delay_done' was not declared. Should it be static?
init/init_task.c:14:44: warning: implicit cast to nocast type
init/init_task.c:14:44: warning: implicit cast to nocast type
arch/x86/boot/compressed/misc.c:357:27: warning: symbol 'decompress_kernel' was not declared. Should it be static?
arch/x86/boot/compressed/../string.c:18:5: warning: symbol 'memcmp' was not declared. Should it be static?
arch/x86/boot/compressed/../string.c:26:5: warning: symbol 'strcmp' was not declared. Should it be static?
arch/x86/boot/compressed/../string.c:42:5: warning: symbol 'strncmp' was not declared. Should it be static?
arch/x86/boot/compressed/../string.c:58:8: warning: symbol 'strnlen' was not declared. Should it be static?
arch/x86/boot/compressed/../string.c:69:14: warning: symbol 'atou' was not declared. Should it be static?
arch/x86/boot/compressed/../string.c:99:20: warning: symbol 'simple_strtoull' was not declared. Should it be static?
arch/x86/boot/compressed/../string.c:128:8: warning: symbol 'strlen' was not declared. Should it be static?
arch/x86/boot/compressed/../string.c:142:6: warning: symbol 'strstr' was not declared. Should it be static?
arch/x86/boot/compressed/string.c:18:6: warning: symbol 'memcpy' was not declared. Should it be static?
arch/x86/boot/compressed/string.c:33:6: warning: symbol 'memset' was not declared. Should it be static?
arch/x86/boot/compressed/../cmdline.c:30:5: warning: symbol '__cmdline_find_option' was not declared. Should it be static?
arch/x86/boot/compressed/../cmdline.c:102:5: warning: symbol '__cmdline_find_option_bool' was not declared. Should it be static?
arch/x86/boot/main.c:39:9: error: cannot size expression
arch/x86/boot/pm.c:104:6: error: symbol 'go_to_protected_mode' redeclared with different type (originally declared at arch/x86/boot/boot.h:317) - different modifiers
arch/x86/boot/string.c:18:5: warning: symbol 'memcmp' was not declared. Should it be static?
arch/x86/boot/string.c:26:5: warning: symbol 'strcmp' was not declared. Should it be static?
arch/x86/boot/string.c:42:5: warning: symbol 'strncmp' was not declared. Should it be static?
arch/x86/boot/string.c:58:8: warning: symbol 'strnlen' was not declared. Should it be static?
arch/x86/boot/string.c:69:14: warning: symbol 'atou' was not declared. Should it be static?
arch/x86/boot/string.c:99:20: warning: symbol 'simple_strtoull' was not declared. Should it be static?
arch/x86/boot/string.c:128:8: warning: symbol 'strlen' was not declared. Should it be static?
arch/x86/boot/string.c:142:6: warning: symbol 'strstr' was not declared. Should it be static?
arch/x86/boot/version.c:19:12: warning: symbol 'kernel_version' was not declared. Should it be static?
