init/main.c:162:12: warning: symbol 'envp_init' was not declared. Should it be static?
init/do_mounts.c:8:2: warning: "Sparse checking disabled for this file"
init/do_mounts_initrd.c:8:2: warning: "Sparse checking disabled for this file"
init/do_mounts_md.c:8:2: warning: "Sparse checking disabled for this file"
init/initramfs.c:8:2: warning: "Sparse checking disabled for this file"
init/calibrate.c:260:37: warning: symbol 'calibrate_delay_is_known' was not declared. Should it be static?
init/init_task.c:14:44: warning: implicit cast to nocast type
init/init_task.c:14:44: warning: implicit cast to nocast type
arch/x86/ia32/nosyscall.c:4:6: warning: symbol 'compat_ni_syscall' was not declared. Should it be static?
arch/x86/ia32/syscall_ia32.c:18:22: warning: symbol 'ia32_sys_call_table' was not declared. Should it be static?
arch/x86/ia32/syscall_ia32.c:23:10: warning: Initializer entry defined twice
arch/x86/ia32/audit.c:3:10: warning: symbol 'ia32_dir_class' was not declared. Should it be static?
arch/x86/ia32/audit.c:8:10: warning: symbol 'ia32_chattr_class' was not declared. Should it be static?
arch/x86/ia32/audit.c:13:10: warning: symbol 'ia32_write_class' was not declared. Should it be static?
arch/x86/ia32/audit.c:18:10: warning: symbol 'ia32_read_class' was not declared. Should it be static?
arch/x86/ia32/audit.c:23:10: warning: symbol 'ia32_signal_class' was not declared. Should it be static?
arch/x86/ia32/audit.c:28:5: warning: symbol 'ia32_classify_syscall' was not declared. Should it be static?
arch/x86/kernel/traps.c:608:49: warning: symbol 'smp_threshold_interrupt' was not declared. Should it be static?
arch/x86/kernel/irq.c:221:6: warning: symbol '__smp_x86_platform_ipi' was not declared. Should it be static?
arch/x86/kernel/irq.c:243:16: warning: symbol 'smp_kvm_posted_intr_ipi' was not declared. Should it be static?
arch/x86/kernel/irq.c:261:16: warning: symbol 'smp_trace_x86_platform_ipi' was not declared. Should it be static?
arch/x86/kernel/time.c:69:13: warning: symbol 'setup_default_timer_irq' was not declared. Should it be static?
arch/x86/kernel/ldt.c:23:5: warning: symbol 'sysctl_ldt16' was not declared. Should it be static?
include/linux/rculist.h:54:9: warning: Variable length array is used.
include/linux/rculist.h:54:9: error: cannot size expression
arch/x86/kernel/setup.c:356:31: warning: incorrect type in argument 1 (different address spaces)
arch/x86/kernel/setup.c:442:31: warning: incorrect type in argument 1 (different address spaces)
arch/x86/kernel/setup.c:474:31: warning: incorrect type in argument 1 (different address spaces)
arch/x86/kernel/setup.c:495:31: warning: incorrect type in argument 1 (different address spaces)
arch/x86/kernel/x86_init.c:30:12: warning: symbol 'iommu_init_noop' was not declared. Should it be static?
arch/x86/kernel/x86_init.c:31:6: warning: symbol 'iommu_shutdown_noop' was not declared. Should it be static?
arch/x86/kernel/x86_init.c:143:5: warning: symbol 'arch_msi_mask_irq' was not declared. Should it be static?
arch/x86/kernel/x86_init.c:147:5: warning: symbol 'arch_msix_mask_irq' was not declared. Should it be static?
arch/x86/kernel/i8259.c:378:19: warning: symbol 'default_legacy_pic' was not declared. Should it be static?
arch/x86/kernel/irqinit.c:85:13: warning: symbol 'init_IRQ' was not declared. Should it be static?
arch/x86/kernel/irq_work.c:25:16: warning: symbol 'smp_irq_work_interrupt' was not declared. Should it be static?
arch/x86/kernel/irq_work.c:32:16: warning: symbol 'smp_trace_irq_work_interrupt' was not declared. Should it be static?
arch/x86/kernel/irq_work.c:41:6: warning: symbol 'arch_irq_work_raise' was not declared. Should it be static?
arch/x86/kernel/syscall_64.c:30:10: warning: Initializer entry defined twice
arch/x86/kernel/ksysfs.c:82:22: warning: incorrect type in assignment (different address spaces)
arch/x86/kernel/ksysfs.c:87:25: warning: incorrect type in argument 1 (different address spaces)
arch/x86/kernel/ksysfs.c:100:22: warning: incorrect type in assignment (different address spaces)
arch/x86/kernel/ksysfs.c:105:33: warning: incorrect type in argument 1 (different address spaces)
arch/x86/kernel/ksysfs.c:110:25: warning: incorrect type in argument 1 (different address spaces)
arch/x86/kernel/ksysfs.c:130:14: warning: incorrect type in assignment (different address spaces)
arch/x86/kernel/ksysfs.c:135:17: warning: incorrect type in argument 1 (different address spaces)
arch/x86/kernel/ksysfs.c:157:14: warning: incorrect type in assignment (different address spaces)
arch/x86/kernel/ksysfs.c:173:11: warning: incorrect type in assignment (different address spaces)
arch/x86/kernel/ksysfs.c:179:17: warning: incorrect type in argument 1 (different address spaces)
arch/x86/kernel/ksysfs.c:181:17: warning: incorrect type in argument 1 (different address spaces)
arch/x86/kernel/ksysfs.c:253:22: warning: incorrect type in assignment (different address spaces)
arch/x86/kernel/ksysfs.c:259:25: warning: incorrect type in argument 1 (different address spaces)
arch/x86/kernel/e820.c:672:23: warning: incorrect type in argument 1 (different address spaces)
arch/x86/kernel/kdebugfs.c:52:19: warning: incorrect type in assignment (different address spaces)
arch/x86/kernel/kdebugfs.c:61:25: warning: incorrect type in argument 1 (different address spaces)
arch/x86/kernel/kdebugfs.c:131:30: warning: incorrect type in assignment (different address spaces)
arch/x86/kernel/kdebugfs.c:147:33: warning: incorrect type in argument 1 (different address spaces)
arch/x86/kernel/tsc.c:1229:15: warning: symbol 'calibrate_delay_is_known' was not declared. Should it be static?
arch/x86/kernel/rtc.c:173:42: warning: duplicate const 
arch/x86/kernel/pci-iommu_table.c:62:37: warning: Using plain integer as NULL pointer
arch/x86/kernel/process.c:197:6: warning: symbol '__switch_to_xtra' was not declared. Should it be static?
arch/x86/kernel/xsave.c:172:16: warning: cast removes address space of expression
arch/x86/kernel/xsave.c:172:16: warning: incorrect type in argument 1 (different address spaces)
arch/x86/kernel/xsave.c:172:16: warning: cast removes address space of expression
arch/x86/kernel/xsave.c:172:16: warning: cast removes address space of expression
arch/x86/kernel/xsave.c:172:16: warning: cast removes address space of expression
arch/x86/kernel/xsave.c:172:16: warning: cast removes address space of expression
arch/x86/kernel/xsave.c:172:16: warning: cast removes address space of expression
arch/x86/kernel/xsave.c:172:16: warning: cast removes address space of expression
arch/x86/kernel/xsave.c:172:16: warning: cast removes address space of expression
arch/x86/kernel/xsave.c:172:16: warning: cast removes address space of expression
arch/x86/kernel/xsave.c:172:16: warning: cast removes address space of expression
arch/x86/kernel/xsave.c:172:16: warning: cast removes address space of expression
arch/x86/kernel/xsave.c:178:16: warning: cast removes address space of expression
arch/x86/kernel/xsave.c:178:16: warning: incorrect type in argument 1 (different address spaces)
arch/x86/kernel/xsave.c:178:16: warning: cast removes address space of expression
arch/x86/kernel/xsave.c:178:16: warning: cast removes address space of expression
arch/x86/kernel/xsave.c:178:16: warning: cast removes address space of expression
arch/x86/kernel/xsave.c:178:16: warning: cast removes address space of expression
arch/x86/kernel/xsave.c:178:16: warning: cast removes address space of expression
arch/x86/kernel/xsave.c:178:16: warning: cast removes address space of expression
arch/x86/kernel/xsave.c:193:16: warning: cast removes address space of expression
arch/x86/kernel/xsave.c:193:16: warning: incorrect type in argument 1 (different address spaces)
arch/x86/kernel/xsave.c:193:16: warning: cast removes address space of expression
arch/x86/kernel/xsave.c:193:16: warning: cast removes address space of expression
arch/x86/kernel/xsave.c:193:16: warning: cast removes address space of expression
arch/x86/kernel/xsave.c:193:16: warning: cast removes address space of expression
arch/x86/kernel/xsave.c:193:16: warning: cast removes address space of expression
arch/x86/kernel/xsave.c:193:16: warning: cast removes address space of expression
arch/x86/kernel/xsave.c:193:16: warning: cast removes address space of expression
arch/x86/kernel/xsave.c:193:16: warning: cast removes address space of expression
arch/x86/kernel/xsave.c:193:16: warning: cast removes address space of expression
arch/x86/kernel/xsave.c:193:16: warning: cast removes address space of expression
arch/x86/kernel/acpi/boot.c:149:29: warning: incorrect type in return expression (different address spaces)
arch/x86/kernel/acpi/boot.c:157:23: warning: incorrect type in argument 1 (different address spaces)
arch/x86/kernel/acpi/boot.c:586:13: warning: symbol 'acpi_set_irq_model_pic' was not declared. Should it be static?
arch/x86/kernel/acpi/boot.c:593:13: warning: symbol 'acpi_set_irq_model_ioapic' was not declared. Should it be static?
arch/x86/kernel/apic/apic.c:566:13: warning: cast removes address space of expression
arch/x86/kernel/apic/apic.c:566:13: warning: incorrect type in argument 2 (different address spaces)
/cmpt816/linux/arch/x86/include/asm/percpu.h:512:34: warning: cast removes address space of expression
arch/x86/kernel/apic/apic.c:566:13: warning: cast removes address space of expression
arch/x86/kernel/apic/apic.c:566:13: warning: incorrect type in argument 2 (different address spaces)
/cmpt816/linux/arch/x86/include/asm/percpu.h:495:38: warning: cast removes address space of expression
/cmpt816/linux/arch/x86/include/asm/percpu.h:495:59: warning: incorrect type in initializer (different address spaces)
arch/x86/kernel/apic/apic.c:575:13: warning: cast removes address space of expression
arch/x86/kernel/apic/apic.c:575:13: warning: incorrect type in argument 2 (different address spaces)
/cmpt816/linux/arch/x86/include/asm/percpu.h:512:34: warning: cast removes address space of expression
arch/x86/kernel/apic/apic.c:575:13: warning: cast removes address space of expression
arch/x86/kernel/apic/apic.c:575:13: warning: incorrect type in argument 2 (different address spaces)
/cmpt816/linux/arch/x86/include/asm/percpu.h:495:38: warning: cast removes address space of expression
/cmpt816/linux/arch/x86/include/asm/percpu.h:495:59: warning: incorrect type in initializer (different address spaces)
arch/x86/kernel/apic/apic.c:950:28: warning: symbol 'smp_trace_apic_timer_interrupt' was not declared. Should it be static?
arch/x86/kernel/apic/apic.c:1586:12: warning: symbol 'enable_IR' was not declared. Should it be static?
arch/x86/kernel/apic/apic.c:1971:16: warning: symbol 'smp_trace_spurious_interrupt' was not declared. Should it be static?
arch/x86/kernel/apic/apic.c:2027:16: warning: symbol 'smp_trace_error_interrupt' was not declared. Should it be static?
arch/x86/kernel/apic/apic.c:2242:6: warning: symbol 'default_init_apic_ldr' was not declared. Should it be static?
arch/x86/kernel/apic/io_apic.c:312:55: warning: incorrect type in initializer (different modifiers)
arch/x86/kernel/apic/io_apic.c:318:55: warning: incorrect type in initializer (different modifiers)
arch/x86/kernel/apic/io_apic.c:325:55: warning: incorrect type in initializer (different modifiers)
arch/x86/kernel/apic/io_apic.c:339:55: warning: incorrect type in initializer (different modifiers)
arch/x86/kernel/apic/io_apic.c:504:17: warning: incorrect type in assignment (different modifiers)
arch/x86/kernel/apic/io_apic.c:1060:6: warning: context imbalance in 'lock_vector_lock' - wrong count at exit
arch/x86/kernel/apic/io_apic.c:1068:6: warning: context imbalance in 'unlock_vector_lock' - unexpected unlock
arch/x86/kernel/apic/apic_flat_64.c:43:6: warning: symbol 'flat_init_apic_ldr' was not declared. Should it be static?
arch/x86/kernel/cpu/intel_cacheinfo.c:167:33: warning: symbol 'num_cache_leaves' was not declared. Should it be static?
arch/x86/kernel/cpu/intel_cacheinfo.c:349:5: warning: symbol 'amd_get_l3_disable_slot' was not declared. Should it be static?
arch/x86/kernel/cpu/intel_cacheinfo.c:427:5: warning: symbol 'amd_set_l3_disable_slot' was not declared. Should it be static?
arch/x86/kernel/cpu/common.c:490:6: warning: symbol 'cpu_detect_tlb' was not declared. Should it be static?
arch/x86/kernel/cpu/common.c:1291:33: warning: incorrect type in initializer (different modifiers)
arch/x86/kernel/cpu/common.c:1134:9: warning: cast truncates bits from constant value (23001000000000 becomes 0)
arch/x86/kernel/cpu/perf_event.c:1910:6: warning: symbol 'arch_perf_update_userpage' was not declared. Should it be static?
arch/x86/kernel/cpu/perf_event.c:2083:20: warning: incorrect type in assignment (different address spaces)
arch/x86/kernel/cpu/perf_event_p4.c:593:3: warning: symbol 'p4_event_aliases' was not declared. Should it be static?
arch/x86/kernel/cpu/perf_event_intel.c:196:18: warning: symbol 'nhm_events_attrs' was not declared. Should it be static?
arch/x86/kernel/cpu/perf_event_intel.c:201:18: warning: symbol 'snb_events_attrs' was not declared. Should it be static?
arch/x86/kernel/cpu/perf_event_intel_uncore.c:84:16: warning: incorrect type in initializer (different address spaces)
arch/x86/kernel/cpu/perf_event_intel_uncore.c:92:26: warning: incorrect type in initializer (different address spaces)
arch/x86/kernel/cpu/perf_event_intel_uncore.c:98:17: warning: incorrect type in initializer (different address spaces)
arch/x86/kernel/cpu/perf_event_intel_uncore.c:1739:22: warning: incorrect type in assignment (different address spaces)
arch/x86/kernel/cpu/perf_event_intel_uncore.c:3679:42: warning: incorrect type in argument 1 (different address spaces)
arch/x86/kernel/cpu/perf_event_intel_uncore.c:3715:29: warning: incorrect type in assignment (different address spaces)
arch/x86/kernel/cpu/perf_event_intel_uncore.c:3843:22: warning: incorrect type in initializer (different address spaces)
arch/x86/kernel/cpu/perf_event_intel_uncore.c:3844:26: warning: incorrect type in initializer (different address spaces)
arch/x86/kernel/cpu/perf_event_intel_uncore.c:3949:32: warning: incorrect type in initializer (different address spaces)
arch/x86/kernel/cpu/perf_event_intel_uncore.c:3950:26: warning: incorrect type in initializer (different address spaces)
arch/x86/kernel/cpu/perf_event_intel_uncore.c:3970:32: warning: incorrect type in initializer (different address spaces)
arch/x86/kernel/cpu/perf_event_intel_uncore.c:3978:42: warning: incorrect type in initializer (different address spaces)
arch/x86/kernel/cpu/perf_event_intel_uncore.c:3981:42: warning: incorrect type in initializer (different address spaces)
arch/x86/kernel/cpu/perf_event_intel_uncore.c:4020:26: warning: incorrect type in initializer (different address spaces)
arch/x86/kernel/cpu/perf_event_intel_uncore.c:2036:9: warning: cast truncates bits from constant value (1000000ff becomes ff)
arch/x86/kernel/cpu/perf_event_intel_uncore.c:2378:17: warning: cast truncates bits from constant value (8000000000000000 becomes 0)
arch/x86/kernel/cpu/perf_event_intel_uncore.c:2764:25: warning: cast truncates bits from constant value (8000000000000000 becomes 0)
arch/x86/kernel/cpu/perf_event_intel_uncore.c:3679:39: warning: dereference of noderef expression
arch/x86/kernel/cpu/perf_event_intel_uncore.c:3716:26: warning: dereference of noderef expression
arch/x86/kernel/cpu/perf_event_intel_rapl.c:138:50: error: cannot dereference this type
arch/x86/kernel/cpu/mcheck/mce.c:120:1: warning: symbol 'x86_mce_decoder_chain' was not declared. Should it be static?
arch/x86/kernel/cpu/mcheck/mce.c:534:1: warning: symbol 'mce_irq_work' was not declared. Should it be static?
arch/x86/kernel/cpu/mcheck/mce.c:973:3: warning: symbol 'mce_info' was not declared. Should it be static?
arch/x86/kernel/cpu/mcheck/mce.c:1891:13: error: cannot dereference this type
arch/x86/kernel/cpu/mcheck/mce.c:1891:13: error: incompatible types for operation (==)
arch/x86/kernel/cpu/mcheck/threshold.c:27:27: warning: symbol 'smp_threshold_interrupt' was not declared. Should it be static?
arch/x86/kernel/cpu/mcheck/threshold.c:34:27: warning: symbol 'smp_trace_threshold_interrupt' was not declared. Should it be static?
arch/x86/kernel/cpu/mcheck/therm_throt.c:398:13: warning: cast removes address space of expression
arch/x86/kernel/cpu/mcheck/therm_throt.c:398:13: warning: incorrect type in argument 2 (different address spaces)
/cmpt816/linux/arch/x86/include/asm/percpu.h:512:34: warning: cast removes address space of expression
arch/x86/kernel/cpu/mcheck/therm_throt.c:398:13: warning: cast removes address space of expression
arch/x86/kernel/cpu/mcheck/therm_throt.c:398:13: warning: incorrect type in argument 2 (different address spaces)
/cmpt816/linux/arch/x86/include/asm/percpu.h:495:38: warning: cast removes address space of expression
/cmpt816/linux/arch/x86/include/asm/percpu.h:495:59: warning: incorrect type in initializer (different address spaces)
arch/x86/kernel/cpu/mcheck/therm_throt.c:403:13: warning: cast removes address space of expression
arch/x86/kernel/cpu/mcheck/therm_throt.c:403:13: warning: incorrect type in argument 2 (different address spaces)
/cmpt816/linux/arch/x86/include/asm/percpu.h:512:34: warning: cast removes address space of expression
arch/x86/kernel/cpu/mcheck/therm_throt.c:403:13: warning: cast removes address space of expression
arch/x86/kernel/cpu/mcheck/therm_throt.c:403:13: warning: incorrect type in argument 2 (different address spaces)
/cmpt816/linux/arch/x86/include/asm/percpu.h:495:38: warning: cast removes address space of expression
/cmpt816/linux/arch/x86/include/asm/percpu.h:495:59: warning: incorrect type in initializer (different address spaces)
arch/x86/kernel/cpu/mcheck/therm_throt.c:410:21: warning: cast removes address space of expression
arch/x86/kernel/cpu/mcheck/therm_throt.c:410:21: warning: incorrect type in argument 2 (different address spaces)
/cmpt816/linux/arch/x86/include/asm/percpu.h:512:34: warning: cast removes address space of expression
arch/x86/kernel/cpu/mcheck/therm_throt.c:410:21: warning: cast removes address space of expression
arch/x86/kernel/cpu/mcheck/therm_throt.c:410:21: warning: incorrect type in argument 2 (different address spaces)
/cmpt816/linux/arch/x86/include/asm/percpu.h:495:38: warning: cast removes address space of expression
/cmpt816/linux/arch/x86/include/asm/percpu.h:495:59: warning: incorrect type in initializer (different address spaces)
arch/x86/kernel/cpu/mcheck/therm_throt.c:432:27: warning: symbol 'smp_thermal_interrupt' was not declared. Should it be static?
arch/x86/kernel/cpu/mcheck/therm_throt.c:439:27: warning: symbol 'smp_trace_thermal_interrupt' was not declared. Should it be static?
arch/x86/kernel/cpu/microcode/intel.c:130:5: warning: symbol 'apply_microcode' was not declared. Should it be static?
arch/x86/kernel/cpu/microcode/intel.c:296:35: warning: incorrect type in argument 2 (different address spaces)
arch/x86/kernel/cpu/microcode/intel.c:302:45: warning: cast removes address space of expression
arch/x86/kernel/cpu/microcode/intel_early.c:31:15: warning: symbol 'mc_saved_in_initrd' was not declared. Should it be static?
arch/x86/kernel/cpu/microcode/intel_early.c:35:3: warning: symbol 'mc_saved_data' was not declared. Should it be static?
arch/x86/kernel/cpu/microcode/amd_early.c:30:18: warning: symbol 'ucode_cpio' was not declared. Should it be static?
arch/x86/kernel/kprobes/core.c:664:33: warning: symbol 'trampoline_handler' was not declared. Should it be static?
arch/x86/kernel/kprobes/opt.c:416:13: warning: function 'arch_unoptimize_kprobes' with external linkage has definition
arch/x86/kernel/smp.c:171:27: warning: symbol 'smp_reboot_interrupt' was not declared. Should it be static?
arch/x86/kernel/smp.c:274:16: warning: symbol 'smp_trace_reschedule_interrupt' was not declared. Should it be static?
arch/x86/kernel/smp.c:305:16: warning: symbol 'smp_trace_call_function_interrupt' was not declared. Should it be static?
arch/x86/kernel/smp.c:327:16: warning: symbol 'smp_trace_call_function_single_interrupt' was not declared. Should it be static?
arch/x86/kernel/smpboot.c:630:6: warning: symbol 'smp_announce' was not declared. Should it be static?
arch/x86/kernel/smpboot.c:1385:14: warning: cast removes address space of expression
arch/x86/kernel/smpboot.c:1385:14: warning: incorrect type in argument 2 (different address spaces)
/cmpt816/linux/arch/x86/include/asm/percpu.h:512:34: warning: cast removes address space of expression
arch/x86/kernel/smpboot.c:1385:14: warning: cast removes address space of expression
arch/x86/kernel/smpboot.c:1385:14: warning: incorrect type in argument 2 (different address spaces)
/cmpt816/linux/arch/x86/include/asm/percpu.h:495:38: warning: cast removes address space of expression
/cmpt816/linux/arch/x86/include/asm/percpu.h:495:59: warning: incorrect type in initializer (different address spaces)
arch/x86/kernel/smpboot.c:1387:14: warning: cast removes address space of expression
arch/x86/kernel/smpboot.c:1387:14: warning: incorrect type in argument 2 (different address spaces)
/cmpt816/linux/arch/x86/include/asm/percpu.h:512:34: warning: cast removes address space of expression
arch/x86/kernel/smpboot.c:1387:14: warning: cast removes address space of expression
arch/x86/kernel/smpboot.c:1387:14: warning: incorrect type in argument 2 (different address spaces)
/cmpt816/linux/arch/x86/include/asm/percpu.h:495:38: warning: cast removes address space of expression
/cmpt816/linux/arch/x86/include/asm/percpu.h:495:59: warning: incorrect type in initializer (different address spaces)
arch/x86/kernel/mpparse.c:442:13: warning: incorrect type in assignment (different address spaces)
arch/x86/kernel/mpparse.c:444:23: warning: incorrect type in argument 1 (different address spaces)
arch/x86/kernel/mpparse.c:456:13: warning: incorrect type in assignment (different address spaces)
arch/x86/kernel/mpparse.c:467:31: warning: incorrect type in argument 1 (different address spaces)
arch/x86/kernel/mpparse.c:470:23: warning: incorrect type in argument 1 (different address spaces)
arch/x86/kernel/crash_dump_64.c:34:15: warning: incorrect type in assignment (different address spaces)
arch/x86/kernel/crash_dump_64.c:39:34: warning: incorrect type in argument 1 (different address spaces)
arch/x86/kernel/crash_dump_64.c:40:33: warning: incorrect type in argument 1 (different address spaces)
arch/x86/kernel/crash_dump_64.c:47:17: warning: incorrect type in argument 1 (different address spaces)
arch/x86/kernel/check.c:71:13: warning: symbol 'setup_bios_corruption_check' was not declared. Should it be static?
arch/x86/kernel/check.c:118:6: warning: symbol 'check_for_bios_corruption' was not declared. Should it be static?
arch/x86/kernel/tracepoint.c:37:6: warning: symbol 'trace_irq_vector_regfunc' was not declared. Should it be static?
arch/x86/kernel/tracepoint.c:49:6: warning: symbol 'trace_irq_vector_unregfunc' was not declared. Should it be static?
include/linux/spinlock.h:358:9: warning: context imbalance in 'iommu_range_alloc' - unexpected unlock
arch/x86/kernel/head64.c:37:10: warning: symbol 'early_pmd_flags' was not declared. Should it be static?
arch/x86/kernel/head64.c:53:12: warning: symbol 'early_make_pgtable' was not declared. Should it be static?
arch/x86/platform/efi/efi.c:432:37: warning: incorrect type in argument 1 (different address spaces)
arch/x86/platform/efi/efi.c:472:26: warning: incorrect type in assignment (different address spaces)
arch/x86/platform/efi/efi.c:477:47: warning: incorrect type in argument 1 (different address spaces)
arch/x86/platform/efi/efi.c:509:31: warning: incorrect type in argument 1 (different address spaces)
arch/x86/platform/efi/efi.c:511:39: warning: incorrect type in argument 1 (different address spaces)
arch/x86/platform/efi/efi.c:521:26: warning: incorrect type in assignment (different address spaces)
arch/x86/platform/efi/efi.c:542:31: warning: incorrect type in argument 1 (different address spaces)
arch/x86/platform/efi/efi.c:568:17: warning: incorrect type in assignment (different address spaces)
arch/x86/platform/efi/efi.c:583:23: warning: incorrect type in argument 1 (different address spaces)
arch/x86/platform/efi/efi.c:592:17: warning: incorrect type in assignment (different address spaces)
arch/x86/platform/efi/efi.c:607:23: warning: incorrect type in argument 1 (different address spaces)
arch/x86/platform/efi/efi.c:638:20: warning: incorrect type in assignment (different address spaces)
arch/x86/platform/efi/efi.c:702:23: warning: incorrect type in argument 1 (different address spaces)
arch/x86/platform/efi/efi.c:705:23: warning: incorrect type in argument 1 (different address spaces)
arch/x86/platform/efi/efi.c:742:19: warning: incorrect type in assignment (different address spaces)
arch/x86/platform/efi/efi.c:749:23: warning: incorrect type in argument 1 (different address spaces)
arch/x86/platform/efi/efi.c:843:20: warning: incorrect type in assignment (different address spaces)
arch/x86/vdso/vma.c:37:41: warning: Using plain integer as NULL pointer
arch/x86/vdso/vma.c:70:41: warning: Using plain integer as NULL pointer
arch/x86/vdso/vgetcpu.c:16:1: warning: symbol '__vdso_getcpu' was not declared. Should it be static?
kernel/fork.c:96:5: warning: symbol 'max_threads' was not declared. Should it be static?
kernel/fork.c:139:13: warning: symbol 'arch_release_thread_info' was not declared. Should it be static?
kernel/fork.c:256:13: warning: symbol 'fork_init' was not declared. Should it be static?
kernel/fork.c:993:9: warning: Variable length array is used.
kernel/fork.c:993:9: error: cannot size expression
include/linux/rculist.h:54:9: error: cannot size expression
kernel/panic.c:55:13: warning: symbol 'panic_smp_self_stop' was not declared. Should it be static?
kernel/panic.c:69:6: error: symbol 'panic' redeclared with different type (originally declared at include/linux/kernel.h:238) - different modifiers
kernel/cpu.c:283:34: warning: incorrect type in argument 2 (different modifiers)
kernel/cpu.c:283:34: warning: implicit cast to nocast type
kernel/cpu.c:283:42: warning: incorrect type in argument 3 (different modifiers)
kernel/cpu.c:283:42: warning: implicit cast to nocast type
kernel/cpu.c:260:9: warning: context imbalance in 'clear_tasks_mm_cpumask' - different lock contexts for basic block
kernel/exit.c:128:36: warning: incorrect type in argument 2 (different modifiers)
kernel/exit.c:128:36: warning: implicit cast to nocast type
kernel/exit.c:128:44: warning: incorrect type in argument 3 (different modifiers)
kernel/exit.c:128:44: warning: implicit cast to nocast type
kernel/exit.c:697:6: error: symbol 'do_exit' redeclared with different type (originally declared at include/linux/kernel.h:244) - different modifiers
kernel/exit.c:877:6: error: symbol 'complete_and_exit' redeclared with different type (originally declared at include/linux/kernel.h:246) - different modifiers
kernel/itimer.c:126:59: warning: implicit cast to nocast type
kernel/itimer.c:167:55: warning: incorrect type in argument 3 (different modifiers)
kernel/itimer.c:167:55: warning: implicit cast to nocast type
kernel/itimer.c:167:62: warning: incorrect type in argument 4 (different modifiers)
kernel/itimer.c:167:62: warning: implicit cast to nocast type
kernel/itimer.c:226:56: warning: implicit cast to nocast type
kernel/softirq.c:747:36: warning: incorrect type in initializer (different address spaces)
kernel/ptrace.c:1014:9: warning: context imbalance in 'ptrace_request' - different lock contexts for basic block
kernel/user.c:73:19: warning: symbol 'uidhash_table' was not declared. Should it be static?
kernel/signal.c:1680:28: warning: incorrect type in argument 2 (different modifiers)
kernel/signal.c:1680:28: warning: implicit cast to nocast type
kernel/signal.c:1680:36: warning: incorrect type in argument 3 (different modifiers)
kernel/signal.c:1680:36: warning: implicit cast to nocast type
kernel/signal.c:1765:28: warning: incorrect type in argument 2 (different modifiers)
kernel/signal.c:1765:28: warning: implicit cast to nocast type
kernel/signal.c:1765:36: warning: incorrect type in argument 3 (different modifiers)
kernel/signal.c:1765:36: warning: implicit cast to nocast type
kernel/signal.c:1285:23: warning: context imbalance in '__lock_task_sighand' - different lock contexts for basic block
kernel/signal.c:2010:13: warning: context imbalance in 'do_signal_stop' - different lock contexts for basic block
kernel/signal.c:2260:25: warning: context imbalance in 'get_signal_to_deliver' - unexpected unlock
kernel/sys.c:866:49: warning: incorrect type in argument 2 (different modifiers)
kernel/sys.c:866:49: warning: implicit cast to nocast type
kernel/sys.c:866:59: warning: incorrect type in argument 3 (different modifiers)
kernel/sys.c:866:59: warning: implicit cast to nocast type
kernel/sys.c:1531:25: warning: implicit cast to nocast type
kernel/sys.c:1534:49: warning: incorrect type in argument 2 (different modifiers)
kernel/sys.c:1534:49: warning: implicit cast to nocast type
kernel/sys.c:1534:57: warning: incorrect type in argument 3 (different modifiers)
kernel/sys.c:1534:57: warning: implicit cast to nocast type
kernel/sys.c:1560:59: warning: incorrect type in argument 2 (different modifiers)
kernel/sys.c:1560:59: warning: implicit cast to nocast type
kernel/sys.c:1560:69: warning: incorrect type in argument 3 (different modifiers)
kernel/sys.c:1560:69: warning: implicit cast to nocast type
kernel/workqueue.c:313:25: warning: symbol 'system_highpri_wq' was not declared. Should it be static?
include/linux/rculist.h:54:9: warning: Variable length array is used.
include/linux/rculist.h:54:9: error: cannot size expression
kernel/workqueue.c:3927:9: error: cannot size expression
kernel/pid.c:48:5: warning: symbol 'pid_max' was not declared. Should it be static?
kernel/pid.c:52:5: warning: symbol 'pid_max_min' was not declared. Should it be static?
kernel/pid.c:53:5: warning: symbol 'pid_max_max' was not declared. Should it be static?
include/linux/rculist.h:402:9: warning: Variable length array is used.
include/linux/rculist.h:402:9: error: cannot size expression
include/linux/rculist.h:363:9: error: cannot size expression
kernel/extable.c:39:26: warning: symbol 'main_extable_sort_needed' was not declared. Should it be static?
include/linux/rculist.h:402:9: warning: Variable length array is used.
include/linux/rculist.h:402:9: error: cannot size expression
kernel/posix-cpu-timers.c:27:53: warning: incorrect type in argument 3 (different modifiers)
kernel/posix-cpu-timers.c:27:53: warning: implicit cast to nocast type
kernel/posix-cpu-timers.c:130:26: warning: incorrect type in argument 2 (different modifiers)
kernel/posix-cpu-timers.c:130:26: warning: implicit cast to nocast type
kernel/posix-cpu-timers.c:130:34: warning: incorrect type in argument 3 (different modifiers)
kernel/posix-cpu-timers.c:130:34: warning: implicit cast to nocast type
kernel/posix-cpu-timers.c:138:26: warning: incorrect type in argument 2 (different modifiers)
kernel/posix-cpu-timers.c:138:26: warning: implicit cast to nocast type
kernel/posix-cpu-timers.c:130:26: warning: incorrect type in argument 2 (different modifiers)
kernel/posix-cpu-timers.c:130:26: warning: implicit cast to nocast type
kernel/posix-cpu-timers.c:130:34: warning: incorrect type in argument 3 (different modifiers)
kernel/posix-cpu-timers.c:130:34: warning: implicit cast to nocast type
kernel/posix-cpu-timers.c:138:26: warning: incorrect type in argument 2 (different modifiers)
kernel/posix-cpu-timers.c:138:26: warning: implicit cast to nocast type
kernel/posix-cpu-timers.c:918:27: warning: implicit cast from nocast type
kernel/posix-cpu-timers.c:927:39: warning: implicit cast to nocast type
kernel/posix-cpu-timers.c:932:62: warning: implicit cast to nocast type
kernel/posix-cpu-timers.c:936:44: warning: implicit cast from nocast type
kernel/posix-cpu-timers.c:937:30: warning: implicit cast from nocast type
kernel/posix-cpu-timers.c:1000:38: warning: implicit cast from nocast type
kernel/posix-cpu-timers.c:1001:40: warning: implicit cast from nocast type
kernel/posix-cpu-timers.c:1114:28: warning: incorrect type in argument 2 (different modifiers)
kernel/posix-cpu-timers.c:1114:28: warning: implicit cast to nocast type
kernel/posix-cpu-timers.c:1114:36: warning: incorrect type in argument 3 (different modifiers)
kernel/posix-cpu-timers.c:1114:36: warning: implicit cast to nocast type
kernel/posix-cpu-timers.c:1230:29: warning: implicit cast from nocast type
kernel/posix-cpu-timers.c:1234:44: warning: implicit cast to nocast type
kernel/posix-cpu-timers.c:1240:28: warning: implicit cast to nocast type
kernel/hrtimer.c:65:1: warning: symbol 'hrtimer_bases' was not declared. Should it be static?
kernel/hrtimer.c:153:27: warning: context imbalance in 'lock_hrtimer_base' - wrong count at exit
kernel/hrtimer.c:1029:25: warning: context imbalance in '__hrtimer_start_range_ns' - unexpected unlock
kernel/hrtimer.c:839:9: warning: context imbalance in 'hrtimer_try_to_cancel' - unexpected unlock
kernel/hrtimer.c:1133:9: warning: context imbalance in 'hrtimer_get_remaining' - unexpected unlock
kernel/hrtimer.c:1257:36: warning: context imbalance in '__run_hrtimer' - unexpected unlock
kernel/nsproxy.c:209:9: warning: Variable length array is used.
kernel/nsproxy.c:209:9: error: cannot size expression
kernel/notifier.c:30:9: warning: Variable length array is used.
kernel/notifier.c:30:9: error: cannot size expression
kernel/notifier.c:45:9: error: cannot size expression
kernel/notifier.c:54:25: error: cannot size expression
kernel/cred.c:458:9: warning: Variable length array is used.
kernel/cred.c:458:9: error: cannot size expression
kernel/cred.c:459:9: error: cannot size expression
kernel/cred.c:524:9: error: cannot size expression
kernel/cred.c:552:9: error: cannot size expression
kernel/smpboot.c:168:36: warning: incorrect type in initializer (different address spaces)
kernel/smpboot.c:168:35: warning: incorrect type in initializer (different address spaces)
kernel/smpboot.c:187:10: warning: incorrect type in initializer (different address spaces)
kernel/smpboot.c:187:38: warning: incorrect type in assignment (different address spaces)
kernel/smpboot.c:220:36: warning: incorrect type in initializer (different address spaces)
kernel/smpboot.c:220:35: warning: incorrect type in initializer (different address spaces)
kernel/smpboot.c:239:36: warning: incorrect type in initializer (different address spaces)
kernel/smpboot.c:239:35: warning: incorrect type in initializer (different address spaces)
kernel/smpboot.c:261:44: warning: incorrect type in initializer (different address spaces)
kernel/smpboot.c:261:43: warning: incorrect type in initializer (different address spaces)
kernel/smpboot.c:266:26: warning: incorrect type in initializer (different address spaces)
kernel/events/core.c:308:26: warning: function 'perf_pmu_name' with external linkage has definition
kernel/events/core.c:182:6: warning: symbol 'update_perf_cpu_limits' was not declared. Should it be static?
kernel/events/core.c:727:1: warning: symbol 'perf_cgroup_switch' was not declared. Should it be static?
kernel/events/core.c:799:26: warning: incorrect type in initializer (different address spaces)
kernel/events/core.c:785:6: warning: symbol 'perf_cpu_hrtimer_cancel' was not declared. Should it be static?
kernel/events/core.c:855:22: warning: incorrect type in initializer (different address spaces)
kernel/events/core.c:862:22: warning: incorrect type in initializer (different address spaces)
kernel/events/core.c:876:43: warning: incorrect type in initializer (different address spaces)
include/linux/rculist.h:54:9: warning: Variable length array is used.
include/linux/rculist.h:54:9: error: cannot size expression
kernel/events/core.c:3162:25: error: cannot size expression
kernel/events/core.c:3877:9: error: cannot size expression
include/linux/rculist.h:402:9: error: cannot size expression
kernel/events/core.c:5722:9: error: cannot size expression
kernel/events/core.c:5761:17: error: cannot size expression
kernel/events/core.c:7852:17: error: cannot size expression
kernel/events/ring_buffer.c:104:5: warning: context imbalance in 'perf_output_begin' - different lock contexts for basic block
kernel/events/ring_buffer.c:217:6: warning: context imbalance in 'perf_output_end' - unexpected unlock
kernel/events/callchain.c:55:9: warning: Variable length array is used.
kernel/events/callchain.c:55:9: error: cannot size expression
kernel/events/callchain.c:85:9: error: cannot size expression
kernel/events/hw_breakpoint.c:83:12: warning: symbol 'hw_breakpoint_weight' was not declared. Should it be static?
kernel/events/hw_breakpoint.c:231:13: warning: symbol 'arch_unregister_hw_breakpoint' was not declared. Should it be static?
kernel/irq/irqdesc.c:435:17: warning: context imbalance in '__irq_get_desc_lock' - wrong count at exit
kernel/irq/irqdesc.c:459:6: warning: context imbalance in '__irq_put_desc_unlock' - unexpected unlock
kernel/irq/spurious.c:47:17: warning: context imbalance in 'irq_wait_for_poll' - unexpected unlock
kernel/locking/mcs_spinlock.c:85:17: warning: Variable length array is used.
kernel/locking/mcs_spinlock.c:85:17: error: cannot size expression
kernel/locking/mcs_spinlock.c:115:21: error: cannot size expression
/cmpt816/linux/arch/x86/include/asm/spinlock.h:101:9: warning: context imbalance in '_raw_spin_lock' - wrong count at exit
/cmpt816/linux/arch/x86/include/asm/spinlock.h:101:9: warning: context imbalance in '_raw_spin_lock_irqsave' - wrong count at exit
/cmpt816/linux/arch/x86/include/asm/spinlock.h:101:9: warning: context imbalance in '_raw_spin_lock_irq' - wrong count at exit
/cmpt816/linux/arch/x86/include/asm/spinlock.h:101:9: warning: context imbalance in '_raw_spin_lock_bh' - wrong count at exit
kernel/locking/spinlock.c:189:17: warning: context imbalance in '_raw_spin_unlock_irqrestore' - unexpected unlock
kernel/locking/spinlock.c:205:17: warning: context imbalance in '_raw_spin_unlock_bh' - unexpected unlock
kernel/locking/spinlock.c:221:17: warning: context imbalance in '_raw_read_lock' - wrong count at exit
kernel/locking/spinlock.c:229:26: warning: context imbalance in '_raw_read_lock_irqsave' - wrong count at exit
kernel/locking/spinlock.c:237:17: warning: context imbalance in '_raw_read_lock_irq' - wrong count at exit
include/linux/bottom_half.h:12:9: warning: context imbalance in '_raw_read_lock_bh' - wrong count at exit
kernel/locking/spinlock.c:261:17: warning: context imbalance in '_raw_read_unlock_irqrestore' - unexpected unlock
kernel/locking/spinlock.c:277:17: warning: context imbalance in '_raw_read_unlock_bh' - unexpected unlock
kernel/locking/spinlock.c:293:17: warning: context imbalance in '_raw_write_lock' - wrong count at exit
kernel/locking/spinlock.c:301:26: warning: context imbalance in '_raw_write_lock_irqsave' - wrong count at exit
kernel/locking/spinlock.c:309:17: warning: context imbalance in '_raw_write_lock_irq' - wrong count at exit
include/linux/bottom_half.h:12:9: warning: context imbalance in '_raw_write_lock_bh' - wrong count at exit
kernel/locking/spinlock.c:333:17: warning: context imbalance in '_raw_write_unlock_irqrestore' - unexpected unlock
kernel/locking/spinlock.c:349:17: warning: context imbalance in '_raw_write_unlock_bh' - unexpected unlock
kernel/power/main.c:49:5: warning: symbol 'pm_async_enabled' was not declared. Should it be static?
kernel/power/snapshot.c:74:12: warning: symbol 'restore_pblist' was not declared. Should it be static?
kernel/power/snapshot.c:1072:14: warning: symbol 'alloc_normal' was not declared. Should it be static?
kernel/power/snapshot.c:1072:28: warning: symbol 'alloc_highmem' was not declared. Should it be static?
kernel/printk/printk.c:215:1: warning: symbol 'log_wait' was not declared. Should it be static?
include/linux/rculist.h:54:9: warning: Variable length array is used.
include/linux/rculist.h:54:9: error: cannot size expression
kernel/rcu/tree.c:1425:9: warning: Variable length array is used.
kernel/rcu/tree.c:1425:9: error: cannot size expression
kernel/rcu/tree.c:2662:16: error: cannot size expression
kernel/rcu/tree.c:2688:20: error: cannot size expression
kernel/sched/core.c:849:6: warning: symbol 'sched_set_stop_task' was not declared. Should it be static?
kernel/sched/core.c:1081:5: warning: symbol 'migrate_swap' was not declared. Should it be static?
kernel/sched/core.c:2822:35: warning: symbol 'preempt_schedule_irq' was not declared. Should it be static?
kernel/sched/core.c:5516:9: warning: Variable length array is used.
kernel/sched/core.c:5516:9: error: cannot size expression
kernel/sched/core.c:5518:9: error: cannot size expression
kernel/sched/core.c:5523:9: error: cannot size expression
kernel/sched/core.c:5526:9: error: cannot size expression
kernel/sched/core.c:5573:9: error: cannot size expression
include/linux/rculist.h:54:9: error: cannot size expression
kernel/sched/clock.c:77:19: warning: symbol 'sched_clock_running' was not declared. Should it be static?
kernel/sched/cputime.c:303:34: warning: incorrect type in argument 2 (different modifiers)
kernel/sched/cputime.c:303:34: warning: implicit cast to nocast type
kernel/sched/cputime.c:303:42: warning: incorrect type in argument 3 (different modifiers)
kernel/sched/cputime.c:303:42: warning: implicit cast to nocast type
kernel/sched/cputime.c:616:26: warning: incorrect type in argument 2 (different modifiers)
kernel/sched/cputime.c:616:26: warning: implicit cast to nocast type
kernel/sched/cputime.c:616:42: warning: incorrect type in argument 3 (different modifiers)
kernel/sched/cputime.c:616:42: warning: implicit cast to nocast type
kernel/sched/fair.c:50:14: warning: symbol 'normalized_sysctl_sched_latency' was not declared. Should it be static?
kernel/sched/fair.c:69:14: warning: symbol 'normalized_sysctl_sched_min_granularity' was not declared. Should it be static?
kernel/sched/fair.c:91:14: warning: symbol 'normalized_sysctl_sched_wakeup_granularity' was not declared. Should it be static?
kernel/sched/fair.c:100:28: warning: symbol 'sysctl_sched_shares_window' was not declared. Should it be static?
kernel/sched/fair.c:3749:35: error: marked inline, but without a definition
include/linux/rculist.h:54:9: error: cannot size expression
kernel/sched/rt.c:561:6: warning: symbol 'sched_rt_bandwidth_account' was not declared. Should it be static?
/cmpt816/linux/arch/x86/include/asm/spinlock.h:160:17: warning: context imbalance in 'find_lock_lowest_rq' - unexpected unlock
kernel/sched/rt.c:1659:9: warning: context imbalance in 'push_rt_task' - unexpected unlock
/cmpt816/linux/arch/x86/include/asm/spinlock.h:160:17: warning: context imbalance in 'pull_rt_task' - unexpected unlock
kernel/sched/deadline.c:62:6: warning: symbol 'init_dl_bw' was not declared. Should it be static?
kernel/sched/deadline.c:1025:20: warning: symbol 'pick_next_task_dl' was not declared. Should it be static?
/cmpt816/linux/arch/x86/include/asm/spinlock.h:160:17: warning: context imbalance in 'find_lock_later_rq' - unexpected unlock
kernel/sched/deadline.c:1379:9: warning: context imbalance in 'push_dl_task' - unexpected unlock
/cmpt816/linux/arch/x86/include/asm/spinlock.h:160:17: warning: context imbalance in 'pull_dl_task' - unexpected unlock
kernel/time/jiffies.c:107:20: warning: symbol 'refined_jiffies' was not declared. Should it be static?
kernel/time/clockevents.c:612:17: warning: symbol 'clockevents_subsys' was not declared. Should it be static?
kernel/time/tick-sched.c:369:5: warning: symbol 'tick_nohz_active' was not declared. Should it be static?
kernel/time/tick-sched.c:400:9: warning: cast to non-scalar
kernel/time/tick-sched.c:400:9: warning: cast from non-scalar
kernel/time/tick-sched.c:400:9: warning: cast to non-scalar
kernel/time/tick-sched.c:400:9: warning: cast from non-scalar
kernel/time/tick-sched.c:400:9: warning: cast to non-scalar
kernel/time/tick-sched.c:400:9: warning: cast from non-scalar
kernel/time/tick-sched.c:400:9: warning: cast to non-scalar
kernel/time/tick-sched.c:400:9: warning: cast from non-scalar
kernel/time/tick-sched.c:400:9: warning: cast to non-scalar
kernel/time/tick-sched.c:400:9: warning: cast from non-scalar
kernel/time/tick-sched.c:400:9: warning: cast to non-scalar
kernel/time/tick-sched.c:400:9: warning: cast from non-scalar
kernel/time/tick-sched.c:400:9: warning: cast to non-scalar
kernel/time/tick-sched.c:400:9: warning: cast from non-scalar
kernel/time/tick-sched.c:400:9: warning: cast to non-scalar
kernel/time/tick-sched.c:400:9: warning: cast from non-scalar
kernel/time/tick-sched.c:400:9: warning: cast to non-scalar
kernel/time/tick-sched.c:400:9: warning: cast from non-scalar
kernel/time/tick-sched.c:400:9: warning: cast to non-scalar
kernel/time/tick-sched.c:400:9: warning: cast from non-scalar
kernel/time/tick-sched.c:400:9: warning: cast to non-scalar
kernel/time/tick-sched.c:400:9: warning: cast from non-scalar
kernel/time/tick-sched.c:400:9: warning: cast to non-scalar
kernel/time/tick-sched.c:400:9: warning: cast from non-scalar
kernel/time/tick-sched.c:400:9: warning: cast to non-scalar
kernel/time/tick-sched.c:400:9: warning: cast from non-scalar
kernel/time/tick-sched.c:400:9: warning: cast to non-scalar
kernel/time/tick-sched.c:400:9: warning: cast from non-scalar
kernel/time/tick-sched.c:400:9: warning: cast to non-scalar
kernel/time/tick-sched.c:400:9: warning: cast from non-scalar
kernel/time/tick-sched.c:400:9: warning: cast to non-scalar
kernel/time/tick-sched.c:400:9: warning: cast from non-scalar
kernel/trace/ring_buffer.c:3868:9: warning: context imbalance in 'ring_buffer_peek' - different lock contexts for basic block
kernel/trace/ring_buffer.c:3944:9: warning: context imbalance in 'ring_buffer_consume' - different lock contexts for basic block
kernel/trace/ring_buffer.c:4239:17: warning: context imbalance in 'ring_buffer_empty' - different lock contexts for basic block
kernel/trace/ring_buffer.c:4273:9: warning: context imbalance in 'ring_buffer_empty_cpu' - different lock contexts for basic block
kernel/trace/trace.c:278:9: warning: symbol 'buffer_ftrace_now' was not declared. Should it be static?
kernel/trace/trace.c:1541:14: warning: expression using sizeof bool
kernel/trace/trace.c:1541:14: warning: expression using sizeof bool
kernel/trace/trace.c:1541:14: warning: expression using sizeof bool
kernel/trace/trace.c:1541:14: warning: expression using sizeof bool
kernel/trace/trace.c:1541:14: warning: expression using sizeof bool
kernel/trace/trace.c:1544:9: warning: expression using sizeof bool
kernel/trace/trace.c:1544:9: warning: expression using sizeof bool
kernel/trace/trace.c:1544:9: warning: expression using sizeof bool
kernel/trace/trace.c:1544:9: warning: expression using sizeof bool
kernel/trace/trace.c:1544:9: warning: expression using sizeof bool
kernel/trace/trace.c:1592:9: warning: expression using sizeof bool
kernel/trace/trace.c:1592:9: warning: expression using sizeof bool
kernel/trace/trace.c:1592:9: warning: expression using sizeof bool
kernel/trace/trace.c:1592:9: warning: expression using sizeof bool
kernel/trace/trace.c:1592:9: warning: expression using sizeof bool
kernel/trace/trace.c:1944:16: warning: incorrect type in initializer (different address spaces)
kernel/trace/trace.c:1954:17: warning: incorrect type in assignment (different address spaces)
kernel/trace/trace.c:1958:22: warning: incorrect type in assignment (different address spaces)
kernel/trace/trace.c:1962:21: warning: incorrect type in assignment (different address spaces)
kernel/trace/trace.c:1966:21: warning: incorrect type in assignment (different address spaces)
kernel/trace/trace.c:1978:21: warning: incorrect type in argument 1 (different address spaces)
kernel/trace/trace.c:1980:21: warning: incorrect type in argument 1 (different address spaces)
kernel/trace/trace.c:1982:21: warning: incorrect type in argument 1 (different address spaces)
kernel/trace/trace.c:6047:15: warning: symbol 'trace_instance_dir' was not declared. Should it be static?
kernel/trace/trace.c:1321:15: warning: memset with byte count of 131076
kernel/trace/trace_entries.h:58:1: warning: symbol 'event_class_ftrace_function' was not declared. Should it be static?
kernel/trace/trace_entries.h:58:1: warning: symbol '__event_function' was not declared. Should it be static?
kernel/trace/trace_entries.h:75:1: warning: symbol 'event_class_ftrace_funcgraph_entry' was not declared. Should it be static?
kernel/trace/trace_entries.h:75:1: warning: symbol '__event_funcgraph_entry' was not declared. Should it be static?
kernel/trace/trace_entries.h:91:1: warning: symbol 'event_class_ftrace_funcgraph_exit' was not declared. Should it be static?
kernel/trace/trace_entries.h:91:1: warning: symbol '__event_funcgraph_exit' was not declared. Should it be static?
kernel/trace/trace_entries.h:127:1: warning: symbol 'event_class_ftrace_context_switch' was not declared. Should it be static?
kernel/trace/trace_entries.h:127:1: warning: symbol '__event_context_switch' was not declared. Should it be static?
kernel/trace/trace_entries.h:147:1: warning: symbol 'event_class_ftrace_wakeup' was not declared. Should it be static?
kernel/trace/trace_entries.h:147:1: warning: symbol '__event_wakeup' was not declared. Should it be static?
kernel/trace/trace_entries.h:175:1: warning: symbol 'event_class_ftrace_kernel_stack' was not declared. Should it be static?
kernel/trace/trace_entries.h:175:1: warning: symbol '__event_kernel_stack' was not declared. Should it be static?
kernel/trace/trace_entries.h:194:1: warning: symbol 'event_class_ftrace_user_stack' was not declared. Should it be static?
kernel/trace/trace_entries.h:194:1: warning: symbol '__event_user_stack' was not declared. Should it be static?
kernel/trace/trace_entries.h:216:1: warning: symbol 'event_class_ftrace_bprint' was not declared. Should it be static?
kernel/trace/trace_entries.h:216:1: warning: symbol '__event_bprint' was not declared. Should it be static?
kernel/trace/trace_entries.h:232:1: warning: symbol 'event_class_ftrace_print' was not declared. Should it be static?
kernel/trace/trace_entries.h:232:1: warning: symbol '__event_print' was not declared. Should it be static?
kernel/trace/trace_entries.h:247:1: warning: symbol 'event_class_ftrace_bputs' was not declared. Should it be static?
kernel/trace/trace_entries.h:247:1: warning: symbol '__event_bputs' was not declared. Should it be static?
kernel/trace/trace_entries.h:262:1: warning: symbol 'event_class_ftrace_mmiotrace_rw' was not declared. Should it be static?
kernel/trace/trace_entries.h:262:1: warning: symbol '__event_mmiotrace_rw' was not declared. Should it be static?
kernel/trace/trace_entries.h:283:1: warning: symbol 'event_class_ftrace_mmiotrace_map' was not declared. Should it be static?
kernel/trace/trace_entries.h:283:1: warning: symbol '__event_mmiotrace_map' was not declared. Should it be static?
kernel/trace/trace_entries.h:307:1: warning: symbol 'event_class_ftrace_branch' was not declared. Should it be static?
kernel/trace/trace_entries.h:307:1: warning: symbol '__event_branch' was not declared. Should it be static?
include/linux/rculist.h:402:9: warning: Variable length array is used.
include/linux/rculist.h:402:9: error: cannot size expression
kernel/trace/trace_events_filter.c:1701:17: warning: Variable length array is used.
kernel/trace/trace_events_filter.c:1701:17: error: cannot size expression
kernel/trace/trace_events_filter.c:1703:17: error: cannot size expression
include/linux/rculist.h:54:9: warning: Variable length array is used.
include/linux/rculist.h:54:9: error: cannot size expression
kernel/trace/trace_events_trigger.c:730:9: error: cannot size expression
kernel/trace/trace_kprobe.c:181:59: warning: incorrect type in argument 2 (different address spaces)
kernel/trace/trace_kprobe.c:210:64: warning: incorrect type in argument 2 (different address spaces)
include/linux/rculist.h:54:9: warning: Variable length array is used.
include/linux/rculist.h:54:9: error: cannot size expression
kernel/trace/trace_probe.c:27:12: warning: symbol 'reserved_field_names' was not declared. Should it be static?
/cmpt816/linux/arch/x86/include/asm/futex.h:113:16: warning: incorrect type in initializer (different address spaces)
/cmpt816/linux/arch/x86/include/asm/futex.h:113:16: warning: dereference of noderef expression
kernel/futex.c:1308:33: warning: context imbalance in 'futex_wake_op' - different lock contexts for basic block
kernel/futex.c:1594:41: warning: context imbalance in 'futex_requeue' - different lock contexts for basic block
kernel/futex.c:2073:13: warning: context imbalance in 'futex_wait_queue_me' - unexpected unlock
kernel/futex.c:2179:9: warning: context imbalance in 'futex_wait_setup' - different lock contexts for basic block
kernel/smp.c:480:13: warning: symbol 'smp_announce' was not declared. Should it be static?
include/trace/events/module.h:106:1: warning: expression using sizeof bool
kernel/module.c:212:6: error: symbol '__module_put_and_exit' redeclared with different type (originally declared at include/linux/module.h:449) - different modifiers
include/linux/rculist.h:54:9: error: cannot size expression
kernel/acct.c:559:34: warning: incorrect type in argument 2 (different address spaces)
kernel/acct.c:604:32: warning: incorrect type in argument 2 (different modifiers)
kernel/acct.c:604:32: warning: implicit cast to nocast type
kernel/acct.c:604:40: warning: incorrect type in argument 3 (different modifiers)
kernel/acct.c:604:40: warning: implicit cast to nocast type
kernel/cgroup.c:1050:17: warning: Variable length array is used.
kernel/cgroup.c:1050:17: error: cannot size expression
kernel/cgroup.c:1766:9: error: cannot size expression
kernel/cgroup.c:3605:17: error: cannot size expression
include/linux/rculist.h:54:9: error: cannot size expression
kernel/cgroup.c:4428:25: error: cannot size expression
kernel/stop_machine.c:519:36: warning: incorrect type in initializer (different address spaces)
kernel/audit.c:129:5: warning: symbol 'audit_net_id' was not declared. Should it be static?
include/linux/rculist.h:54:9: warning: Variable length array is used.
include/linux/rculist.h:54:9: error: cannot size expression
include/linux/rculist.h:176:9: error: cannot size expression
include/linux/rculist.h:54:9: warning: Variable length array is used.
include/linux/rculist.h:54:9: error: cannot size expression
include/linux/rculist.h:54:9: warning: Variable length array is used.
include/linux/rculist.h:54:9: error: cannot size expression
include/linux/rculist.h:176:9: error: cannot size expression
include/linux/rculist.h:54:9: warning: Variable length array is used.
include/linux/rculist.h:54:9: error: cannot size expression
include/linux/rculist.h:363:9: error: cannot size expression
include/linux/rculist.h:402:9: error: cannot size expression
kernel/delayacct.c:112:28: warning: incorrect type in argument 2 (different modifiers)
kernel/delayacct.c:112:28: warning: implicit cast to nocast type
kernel/delayacct.c:112:36: warning: incorrect type in argument 3 (different modifiers)
kernel/delayacct.c:112:36: warning: implicit cast to nocast type
kernel/delayacct.c:118:35: warning: incorrect type in argument 2 (different modifiers)
kernel/delayacct.c:118:35: warning: implicit cast to nocast type
kernel/delayacct.c:118:49: warning: incorrect type in argument 3 (different modifiers)
kernel/delayacct.c:118:49: warning: implicit cast to nocast type
kernel/tsacct.c:70:28: warning: incorrect type in argument 2 (different modifiers)
kernel/tsacct.c:70:28: warning: implicit cast to nocast type
kernel/tsacct.c:70:36: warning: incorrect type in argument 3 (different modifiers)
kernel/tsacct.c:70:36: warning: implicit cast to nocast type
kernel/tsacct.c:74:35: warning: incorrect type in argument 2 (different modifiers)
kernel/tsacct.c:74:35: warning: implicit cast to nocast type
kernel/tsacct.c:74:49: warning: incorrect type in argument 3 (different modifiers)
kernel/tsacct.c:74:49: warning: implicit cast to nocast type
kernel/tsacct.c:158:28: warning: incorrect type in argument 2 (different modifiers)
kernel/tsacct.c:158:28: warning: implicit cast to nocast type
kernel/tsacct.c:158:36: warning: incorrect type in argument 3 (different modifiers)
kernel/tsacct.c:158:36: warning: implicit cast to nocast type
kernel/tsacct.c:177:29: warning: implicit cast to nocast type
kernel/tracepoint.c:199:9: warning: Variable length array is used.
kernel/tracepoint.c:199:9: error: cannot size expression
kernel/tracepoint.c:233:9: error: cannot size expression
kernel/elfcore.c:6:17: warning: symbol 'elf_core_extra_phdrs' was not declared. Should it be static?
kernel/elfcore.c:11:12: warning: symbol 'elf_core_write_extra_phdrs' was not declared. Should it be static?
kernel/elfcore.c:16:12: warning: symbol 'elf_core_write_extra_data' was not declared. Should it be static?
kernel/elfcore.c:21:15: warning: symbol 'elf_core_extra_data_size' was not declared. Should it be static?
kernel/irq_work.c:51:13: warning: symbol 'arch_irq_work_raise' was not declared. Should it be static?
include/linux/radix-tree.h:260:9: warning: Variable length array is used.
include/linux/radix-tree.h:260:9: error: cannot size expression
include/linux/rcupdate.h:827:9: warning: context imbalance in 'find_lock_task_mm' - wrong count at exit
mm/oom_kill.c:164:28: warning: context imbalance in 'oom_badness' - unexpected unlock
mm/oom_kill.c:365:9: warning: context imbalance in 'dump_tasks' - different lock contexts for basic block
include/linux/rcupdate.h:827:9: warning: context imbalance in 'oom_kill_process' - unexpected unlock
mm/page_alloc.c:121:5: warning: symbol 'percpu_pagelist_fraction' was not declared. Should it be static?
mm/page_alloc.c:6144:6: warning: symbol 'is_pageblock_removable_nolock' was not declared. Should it be static?
mm/swap.c:392:55: warning: context imbalance in 'pagevec_lru_move_fn' - unexpected unlock
mm/swap.c:829:55: warning: context imbalance in 'release_pages' - unexpected unlock
include/linux/radix-tree.h:260:9: warning: Variable length array is used.
include/linux/radix-tree.h:260:9: error: cannot size expression
include/trace/events/vmscan.h:99:1: warning: cast from restricted gfp_t
include/trace/events/vmscan.h:99:1: warning: cast from restricted gfp_t
include/trace/events/vmscan.h:99:1: warning: cast from restricted gfp_t
include/trace/events/vmscan.h:99:1: warning: cast from restricted gfp_t
include/trace/events/vmscan.h:99:1: warning: cast from restricted gfp_t
include/trace/events/vmscan.h:99:1: warning: cast from restricted gfp_t
include/trace/events/vmscan.h:99:1: warning: cast from restricted gfp_t
include/trace/events/vmscan.h:99:1: warning: cast from restricted gfp_t
include/trace/events/vmscan.h:99:1: warning: cast from restricted gfp_t
include/trace/events/vmscan.h:99:1: warning: cast from restricted gfp_t
include/trace/events/vmscan.h:99:1: warning: cast from restricted gfp_t
include/trace/events/vmscan.h:99:1: warning: cast from restricted gfp_t
include/trace/events/vmscan.h:99:1: warning: cast from restricted gfp_t
include/trace/events/vmscan.h:99:1: warning: cast from restricted gfp_t
include/trace/events/vmscan.h:99:1: warning: cast from restricted gfp_t
include/trace/events/vmscan.h:99:1: warning: cast from restricted gfp_t
include/trace/events/vmscan.h:99:1: warning: cast from restricted gfp_t
include/trace/events/vmscan.h:99:1: warning: cast from restricted gfp_t
include/trace/events/vmscan.h:99:1: warning: cast from restricted gfp_t
include/trace/events/vmscan.h:99:1: warning: cast from restricted gfp_t
include/trace/events/vmscan.h:99:1: warning: cast from restricted gfp_t
include/trace/events/vmscan.h:99:1: warning: cast from restricted gfp_t
include/trace/events/vmscan.h:99:1: warning: cast from restricted gfp_t
include/trace/events/vmscan.h:99:1: warning: cast from restricted gfp_t
include/trace/events/vmscan.h:99:1: warning: cast from restricted gfp_t
include/trace/events/vmscan.h:99:1: warning: cast from restricted gfp_t
include/trace/events/vmscan.h:99:1: warning: cast from restricted gfp_t
include/trace/events/vmscan.h:99:1: warning: cast from restricted gfp_t
include/trace/events/vmscan.h:99:1: warning: cast from restricted gfp_t
include/trace/events/vmscan.h:99:1: warning: incorrect type in argument 3 (different base types)
include/trace/events/vmscan.h:182:1: warning: cast from restricted gfp_t
include/trace/events/vmscan.h:182:1: warning: cast from restricted gfp_t
include/trace/events/vmscan.h:182:1: warning: cast from restricted gfp_t
include/trace/events/vmscan.h:182:1: warning: cast from restricted gfp_t
include/trace/events/vmscan.h:182:1: warning: cast from restricted gfp_t
include/trace/events/vmscan.h:182:1: warning: cast from restricted gfp_t
include/trace/events/vmscan.h:182:1: warning: cast from restricted gfp_t
include/trace/events/vmscan.h:182:1: warning: cast from restricted gfp_t
include/trace/events/vmscan.h:182:1: warning: cast from restricted gfp_t
include/trace/events/vmscan.h:182:1: warning: cast from restricted gfp_t
include/trace/events/vmscan.h:182:1: warning: cast from restricted gfp_t
include/trace/events/vmscan.h:182:1: warning: cast from restricted gfp_t
include/trace/events/vmscan.h:182:1: warning: cast from restricted gfp_t
include/trace/events/vmscan.h:182:1: warning: cast from restricted gfp_t
include/trace/events/vmscan.h:182:1: warning: cast from restricted gfp_t
include/trace/events/vmscan.h:182:1: warning: cast from restricted gfp_t
include/trace/events/vmscan.h:182:1: warning: cast from restricted gfp_t
include/trace/events/vmscan.h:182:1: warning: cast from restricted gfp_t
include/trace/events/vmscan.h:182:1: warning: cast from restricted gfp_t
include/trace/events/vmscan.h:182:1: warning: cast from restricted gfp_t
include/trace/events/vmscan.h:182:1: warning: cast from restricted gfp_t
include/trace/events/vmscan.h:182:1: warning: cast from restricted gfp_t
include/trace/events/vmscan.h:182:1: warning: cast from restricted gfp_t
include/trace/events/vmscan.h:182:1: warning: cast from restricted gfp_t
include/trace/events/vmscan.h:182:1: warning: cast from restricted gfp_t
include/trace/events/vmscan.h:182:1: warning: cast from restricted gfp_t
include/trace/events/vmscan.h:182:1: warning: cast from restricted gfp_t
include/trace/events/vmscan.h:182:1: warning: cast from restricted gfp_t
include/trace/events/vmscan.h:182:1: warning: cast from restricted gfp_t
include/trace/events/vmscan.h:182:1: warning: incorrect type in argument 3 (different base types)
include/trace/events/vmscan.h:99:1: warning: cast to restricted gfp_t
include/trace/events/vmscan.h:99:1: warning: cast to restricted gfp_t
include/trace/events/vmscan.h:99:1: warning: restricted gfp_t degrades to integer
include/trace/events/vmscan.h:99:1: warning: restricted gfp_t degrades to integer
include/trace/events/vmscan.h:182:1: warning: cast to restricted gfp_t
include/trace/events/vmscan.h:182:1: warning: cast to restricted gfp_t
include/trace/events/vmscan.h:182:1: warning: restricted gfp_t degrades to integer
include/trace/events/vmscan.h:182:1: warning: restricted gfp_t degrades to integer
include/trace/events/vmscan.h:260:1: warning: cast to restricted isolate_mode_t
include/trace/events/vmscan.h:260:1: warning: cast to restricted isolate_mode_t
include/trace/events/vmscan.h:260:1: warning: restricted isolate_mode_t degrades to integer
include/trace/events/vmscan.h:260:1: warning: restricted isolate_mode_t degrades to integer
mm/vmscan.c:3703:48: warning: context imbalance in 'check_move_unevictable_pages' - unexpected unlock
include/linux/radix-tree.h:260:9: warning: Variable length array is used.
include/linux/radix-tree.h:260:9: error: cannot size expression
include/trace/events/kmem.h:11:1: warning: cast from restricted gfp_t
include/trace/events/kmem.h:11:1: warning: cast from restricted gfp_t
include/trace/events/kmem.h:11:1: warning: cast from restricted gfp_t
include/trace/events/kmem.h:11:1: warning: cast from restricted gfp_t
include/trace/events/kmem.h:11:1: warning: cast from restricted gfp_t
include/trace/events/kmem.h:11:1: warning: cast from restricted gfp_t
include/trace/events/kmem.h:11:1: warning: cast from restricted gfp_t
include/trace/events/kmem.h:11:1: warning: cast from restricted gfp_t
include/trace/events/kmem.h:11:1: warning: cast from restricted gfp_t
include/trace/events/kmem.h:11:1: warning: cast from restricted gfp_t
include/trace/events/kmem.h:11:1: warning: cast from restricted gfp_t
include/trace/events/kmem.h:11:1: warning: cast from restricted gfp_t
include/trace/events/kmem.h:11:1: warning: cast from restricted gfp_t
include/trace/events/kmem.h:11:1: warning: cast from restricted gfp_t
include/trace/events/kmem.h:11:1: warning: cast from restricted gfp_t
include/trace/events/kmem.h:11:1: warning: cast from restricted gfp_t
include/trace/events/kmem.h:11:1: warning: cast from restricted gfp_t
include/trace/events/kmem.h:11:1: warning: cast from restricted gfp_t
include/trace/events/kmem.h:11:1: warning: cast from restricted gfp_t
include/trace/events/kmem.h:11:1: warning: cast from restricted gfp_t
include/trace/events/kmem.h:11:1: warning: cast from restricted gfp_t
include/trace/events/kmem.h:11:1: warning: cast from restricted gfp_t
include/trace/events/kmem.h:11:1: warning: cast from restricted gfp_t
include/trace/events/kmem.h:11:1: warning: cast from restricted gfp_t
include/trace/events/kmem.h:11:1: warning: cast from restricted gfp_t
include/trace/events/kmem.h:11:1: warning: cast from restricted gfp_t
include/trace/events/kmem.h:11:1: warning: cast from restricted gfp_t
include/trace/events/kmem.h:11:1: warning: cast from restricted gfp_t
include/trace/events/kmem.h:11:1: warning: cast from restricted gfp_t
include/trace/events/kmem.h:11:1: warning: incorrect type in argument 3 (different base types)
include/trace/events/kmem.h:61:1: warning: cast from restricted gfp_t
include/trace/events/kmem.h:61:1: warning: cast from restricted gfp_t
include/trace/events/kmem.h:61:1: warning: cast from restricted gfp_t
include/trace/events/kmem.h:61:1: warning: cast from restricted gfp_t
include/trace/events/kmem.h:61:1: warning: cast from restricted gfp_t
include/trace/events/kmem.h:61:1: warning: cast from restricted gfp_t
include/trace/events/kmem.h:61:1: warning: cast from restricted gfp_t
include/trace/events/kmem.h:61:1: warning: cast from restricted gfp_t
include/trace/events/kmem.h:61:1: warning: cast from restricted gfp_t
include/trace/events/kmem.h:61:1: warning: cast from restricted gfp_t
include/trace/events/kmem.h:61:1: warning: cast from restricted gfp_t
include/trace/events/kmem.h:61:1: warning: cast from restricted gfp_t
include/trace/events/kmem.h:61:1: warning: cast from restricted gfp_t
include/trace/events/kmem.h:61:1: warning: cast from restricted gfp_t
include/trace/events/kmem.h:61:1: warning: cast from restricted gfp_t
include/trace/events/kmem.h:61:1: warning: cast from restricted gfp_t
include/trace/events/kmem.h:61:1: warning: cast from restricted gfp_t
include/trace/events/kmem.h:61:1: warning: cast from restricted gfp_t
include/trace/events/kmem.h:61:1: warning: cast from restricted gfp_t
include/trace/events/kmem.h:61:1: warning: cast from restricted gfp_t
include/trace/events/kmem.h:61:1: warning: cast from restricted gfp_t
include/trace/events/kmem.h:61:1: warning: cast from restricted gfp_t
include/trace/events/kmem.h:61:1: warning: cast from restricted gfp_t
include/trace/events/kmem.h:61:1: warning: cast from restricted gfp_t
include/trace/events/kmem.h:61:1: warning: cast from restricted gfp_t
include/trace/events/kmem.h:61:1: warning: cast from restricted gfp_t
include/trace/events/kmem.h:61:1: warning: cast from restricted gfp_t
include/trace/events/kmem.h:61:1: warning: cast from restricted gfp_t
include/trace/events/kmem.h:61:1: warning: cast from restricted gfp_t
include/trace/events/kmem.h:61:1: warning: incorrect type in argument 3 (different base types)
include/trace/events/kmem.h:194:1: warning: cast from restricted gfp_t
include/trace/events/kmem.h:194:1: warning: cast from restricted gfp_t
include/trace/events/kmem.h:194:1: warning: cast from restricted gfp_t
include/trace/events/kmem.h:194:1: warning: cast from restricted gfp_t
include/trace/events/kmem.h:194:1: warning: cast from restricted gfp_t
include/trace/events/kmem.h:194:1: warning: cast from restricted gfp_t
include/trace/events/kmem.h:194:1: warning: cast from restricted gfp_t
include/trace/events/kmem.h:194:1: warning: cast from restricted gfp_t
include/trace/events/kmem.h:194:1: warning: cast from restricted gfp_t
include/trace/events/kmem.h:194:1: warning: cast from restricted gfp_t
include/trace/events/kmem.h:194:1: warning: cast from restricted gfp_t
include/trace/events/kmem.h:194:1: warning: cast from restricted gfp_t
include/trace/events/kmem.h:194:1: warning: cast from restricted gfp_t
include/trace/events/kmem.h:194:1: warning: cast from restricted gfp_t
include/trace/events/kmem.h:194:1: warning: cast from restricted gfp_t
include/trace/events/kmem.h:194:1: warning: cast from restricted gfp_t
include/trace/events/kmem.h:194:1: warning: cast from restricted gfp_t
include/trace/events/kmem.h:194:1: warning: cast from restricted gfp_t
include/trace/events/kmem.h:194:1: warning: cast from restricted gfp_t
include/trace/events/kmem.h:194:1: warning: cast from restricted gfp_t
include/trace/events/kmem.h:194:1: warning: cast from restricted gfp_t
include/trace/events/kmem.h:194:1: warning: cast from restricted gfp_t
include/trace/events/kmem.h:194:1: warning: cast from restricted gfp_t
include/trace/events/kmem.h:194:1: warning: cast from restricted gfp_t
include/trace/events/kmem.h:194:1: warning: cast from restricted gfp_t
include/trace/events/kmem.h:194:1: warning: cast from restricted gfp_t
include/trace/events/kmem.h:194:1: warning: cast from restricted gfp_t
include/trace/events/kmem.h:194:1: warning: cast from restricted gfp_t
include/trace/events/kmem.h:194:1: warning: cast from restricted gfp_t
include/trace/events/kmem.h:194:1: warning: incorrect type in argument 3 (different base types)
include/trace/events/kmem.h:11:1: warning: cast to restricted gfp_t
include/trace/events/kmem.h:11:1: warning: cast to restricted gfp_t
include/trace/events/kmem.h:11:1: warning: restricted gfp_t degrades to integer
include/trace/events/kmem.h:11:1: warning: restricted gfp_t degrades to integer
include/trace/events/kmem.h:61:1: warning: cast to restricted gfp_t
include/trace/events/kmem.h:61:1: warning: cast to restricted gfp_t
include/trace/events/kmem.h:61:1: warning: restricted gfp_t degrades to integer
include/trace/events/kmem.h:61:1: warning: restricted gfp_t degrades to integer
include/trace/events/kmem.h:194:1: warning: cast to restricted gfp_t
include/trace/events/kmem.h:194:1: warning: too many warnings
include/linux/rculist.h:54:9: warning: Variable length array is used.
include/linux/rculist.h:54:9: error: cannot size expression
mm/mm_init.c:153:5: warning: symbol 'vm_committed_as_batch' was not declared. Should it be static?
mm/compaction.c:1107:37: warning: incorrect type in initializer (different base types)
mm/compaction.c:1108:39: warning: incorrect type in initializer (different base types)
mm/compaction.c:193:47: warning: context imbalance in 'compact_checklock_irqsave' - unexpected unlock
mm/compaction.c:328:39: warning: context imbalance in 'isolate_freepages_block' - unexpected unlock
mm/compaction.c:493:55: warning: context imbalance in 'isolate_migratepages_range' - unexpected unlock
/cmpt816/linux/arch/x86/include/asm/spinlock.h:160:17: warning: context imbalance in 'shadow_lru_isolate' - unexpected unlock
mm/fremap.c:153:31: warning: implicit cast to nocast type
mm/memory.c:118:15: warning: symbol 'zero_pfn' was not declared. Should it be static?
mm/memory.c:891:5: warning: symbol 'copy_pte_range' was not declared. Should it be static?
mm/memory.c:1980:53: warning: implicit cast to nocast type
mm/memory.c:907:17: warning: context imbalance in 'copy_pte_range' - different lock contexts for basic block
mm/memory.c:2109:32: warning: context imbalance in '__get_locked_pte' - different lock contexts for basic block
mm/memory.c:2312:17: warning: context imbalance in 'remap_pte_range' - different lock contexts for basic block
mm/memory.c:2510:17: warning: context imbalance in 'apply_to_pte_range' - unexpected unlock
mm/memory.c:4076:12: warning: context imbalance in '__follow_pte' - different lock contexts for basic block
mm/mlock.c:633:37: warning: implicit cast to nocast type
mm/mlock.c:781:37: warning: implicit cast to nocast type
include/linux/mm.h:1342:21: warning: context imbalance in '__munlock_pagevec_fill' - different lock contexts for basic block
mm/mmap.c:1307:47: warning: implicit cast to nocast type
mm/mmap.c:1309:45: warning: implicit cast to nocast type
mm/mmap.c:1318:45: warning: implicit cast to nocast type
mm/mmap.c:1339:47: warning: implicit cast to nocast type
mm/mmap.c:1359:37: warning: implicit cast to nocast type
mm/mmap.c:1363:37: warning: implicit cast to nocast type
mm/mmap.c:1407:33: warning: implicit cast to nocast type
mm/mmap.c:1538:29: warning: implicit cast to nocast type
mm/mprotect.c:46:14: warning: context imbalance in 'lock_pte_protection' - different lock contexts for basic block
mm/mprotect.c:133:9: warning: context imbalance in 'change_pte_range' - unexpected unlock
/cmpt816/linux/arch/x86/include/asm/spinlock.h:160:17: warning: context imbalance in 'move_ptes' - different lock contexts for basic block
mm/rmap.c:1456:6: warning: symbol 'is_vma_temporary_stack' was not declared. Should it be static?
mm/rmap.c:595:7: warning: context imbalance in '__page_check_address' - wrong count at exit
include/linux/rculist.h:54:9: warning: Variable length array is used.
include/linux/rculist.h:54:9: error: cannot size expression
mm/init-mm.c:16:18: warning: symbol 'init_mm' was not declared. Should it be static?
mm/memblock.c:1139:6: warning: symbol 'memblock_virt_alloc_try_nid_nopanic' was not declared. Should it be static?
mm/memblock.c:1169:6: warning: symbol 'memblock_virt_alloc_try_nid' was not declared. Should it be static?
mm/memblock.c:1198:13: warning: symbol '__memblock_free_early' was not declared. Should it be static?
mm/memblock.c:1216:13: warning: symbol '__memblock_free_late' was not declared. Should it be static?
mm/page_io.c:263:41: warning: incorrect type in initializer (different address spaces)
mm/swapfile.c:603:20: warning: context imbalance in 'scan_swap_map' - unexpected unlock
mm/swapfile.c:733:32: warning: context imbalance in 'swap_info_get' - different lock contexts for basic block
mm/swapfile.c:858:17: warning: context imbalance in 'swap_free' - unexpected unlock
mm/swapfile.c:876:28: warning: context imbalance in 'swapcache_free' - unexpected unlock
mm/swapfile.c:894:35: warning: context imbalance in 'page_swapcount' - unexpected unlock
mm/swapfile.c:984:28: warning: context imbalance in 'free_swap_and_cache' - unexpected unlock
mm/swapfile.c:2841:20: warning: context imbalance in 'add_swap_count_continuation' - unexpected unlock
mm/hugetlb.c:1813:20: warning: symbol 'node_hstates' was not declared. Should it be static?
/cmpt816/linux/arch/x86/include/asm/spinlock.h:160:17: warning: context imbalance in 'gather_surplus_pages' - unexpected unlock
mm/hugetlb.c:2682:9: warning: context imbalance in 'hugetlb_cow' - unexpected unlock
mm/hugetlb.c:3147:25: warning: context imbalance in 'follow_hugetlb_page' - different lock contexts for basic block
mm/slub.c:1107:40: warning: context imbalance in 'free_debug_processing' - different lock contexts for basic block
/cmpt816/linux/arch/x86/include/asm/spinlock.h:160:17: warning: context imbalance in 'deactivate_slab' - unexpected unlock
/cmpt816/linux/arch/x86/include/asm/spinlock.h:160:17: warning: context imbalance in 'unfreeze_partials' - unexpected unlock
mm/slub.c:2555:47: warning: context imbalance in '__slab_free' - unexpected unlock
include/linux/radix-tree.h:260:9: warning: Variable length array is used.
include/linux/radix-tree.h:260:9: error: cannot size expression
fs/open.c:850:18: warning: restricted fmode_t degrades to integer
fs/read_write.c:41:29: warning: incorrect type in return expression (different base types)
fs/read_write.c:41:29: warning: incorrect type in return expression (different base types)
fs/read_write.c:41:29: warning: incorrect type in return expression (different base types)
fs/read_write.c:41:29: warning: incorrect type in return expression (different base types)
fs/exec.c:411:39: warning: incorrect type in return expression (different address spaces)
fs/exec.c:418:31: warning: incorrect type in return expression (different address spaces)
include/linux/rculist.h:176:9: warning: Variable length array is used.
include/linux/rculist.h:176:9: error: cannot size expression
fs/exec.c:1015:17: error: cannot size expression
include/linux/rcupdate.h:827:9: warning: context imbalance in 'unlazy_walk' - unexpected unlock
include/linux/rcupdate.h:827:9: warning: context imbalance in 'complete_walk' - unexpected unlock
include/linux/rcupdate.h:827:9: warning: context imbalance in 'follow_dotdot_rcu' - unexpected unlock
include/linux/rcupdate.h:827:9: warning: context imbalance in 'terminate_walk' - unexpected unlock
fs/namei.c:1813:12: warning: context imbalance in 'path_init' - different lock contexts for basic block
fs/fcntl.c:646:9: warning: Variable length array is used.
fs/fcntl.c:646:9: error: cannot size expression
include/linux/rculist_bl.h:16:9: warning: Variable length array is used.
include/linux/rculist_bl.h:16:9: error: cannot size expression
fs/inode.c:718:17: warning: context imbalance in 'inode_lru_isolate' - unexpected unlock
fs/inode.c:775:9: warning: context imbalance in 'find_inode' - different lock contexts for basic block
fs/inode.c:802:9: warning: context imbalance in 'find_inode_fast' - different lock contexts for basic block
fs/inode.c:1282:5: warning: context imbalance in 'insert_inode_locked' - wrong count at exit
fs/inode.c:1324:5: warning: context imbalance in 'insert_inode_locked4' - wrong count at exit
fs/inode.c:1416:20: warning: context imbalance in 'iput_final' - unexpected unlock
fs/inode.c:1432:9: warning: context imbalance in 'iput' - wrong count at exit
fs/inode.c:1716:13: warning: context imbalance in '__wait_on_freeing_inode' - unexpected unlock
fs/file.c:27:5: warning: symbol 'sysctl_nr_open_min' was not declared. Should it be static?
fs/file.c:30:5: warning: symbol 'sysctl_nr_open_max' was not declared. Should it be static?
fs/file.c:174:17: warning: Variable length array is used.
fs/file.c:174:17: error: cannot size expression
fs/file.c:326:17: error: cannot size expression
fs/file.c:344:9: error: cannot size expression
fs/file.c:499:17: error: cannot size expression
fs/file.c:564:9: error: cannot size expression
fs/file.c:590:9: error: cannot size expression
fs/file.c:625:25: error: cannot size expression
fs/file.c:781:9: error: cannot size expression
include/linux/rculist.h:402:9: warning: Variable length array is used.
include/linux/rculist.h:402:9: error: cannot size expression
include/linux/rculist.h:457:9: error: cannot size expression
fs/namespace.c:1075:9: error: cannot size expression
fs/namespace.c:1082:9: error: cannot size expression
fs/fs-writeback.c:1087:9: warning: context imbalance in 'block_dump___mark_inode_dirty' - different lock contexts for basic block
include/linux/rculist.h:430:9: warning: Variable length array is used.
include/linux/rculist.h:430:9: error: cannot size expression
fs/fs_struct.c:161:18: warning: symbol 'init_fs' was not declared. Should it be static?
fs/bio.c:1543:33: warning: incorrect type in initializer (different address spaces)
/cmpt816/linux/arch/x86/include/asm/spinlock.h:160:17: warning: context imbalance in 'bdev_inode_switch_bdi' - unexpected unlock
fs/direct-io.c:1123:36: warning: Using plain integer as NULL pointer
fs/autofs4/waitq.c:73:45: warning: incorrect type in argument 2 (different address spaces)
include/linux/rculist.h:54:9: warning: Variable length array is used.
include/linux/rculist.h:54:9: error: cannot size expression
fs/hugetlbfs/inode.c:478:23: warning: symbol 'hugetlbfs_i_mmap_mutex_key' was not declared. Should it be static?
fs/isofs/compress.c:61:44: warning: Variable length array is used.
fs/isofs/compress.c:307:28: warning: Variable length array is used.
fs/jbd2/transaction.c:190:17: warning: context imbalance in 'add_transaction_credits' - unexpected unlock
fs/jbd2/transaction.c:306:9: warning: context imbalance in 'start_this_handle' - different lock contexts for basic block
fs/jbd2/transaction.c:1108:20: warning: context imbalance in 'jbd2_journal_get_create_access' - different lock contexts for basic block
/cmpt816/linux/arch/x86/include/asm/spinlock.h:160:17: warning: context imbalance in '__jbd2_log_wait_for_space' - unexpected unlock
fs/jbd2/checkpoint.c:216:36: warning: context imbalance in '__wait_cp_io' - unexpected unlock
fs/jbd2/checkpoint.c:273:23: warning: context imbalance in '__process_buffer' - unexpected unlock
fs/jbd2/checkpoint.c:377:9: warning: context imbalance in 'jbd2_log_do_checkpoint' - different lock contexts for basic block
include/linux/rculist.h:54:9: warning: Variable length array is used.
include/linux/rculist.h:54:9: error: cannot size expression
fs/nfs/delegation.c:252:9: warning: Variable length array is used.
fs/nfs/delegation.c:252:9: error: cannot size expression
include/linux/rculist.h:54:9: error: cannot size expression
fs/nfs/delegation.c:342:9: error: cannot size expression
include/linux/rculist.h:402:9: warning: Variable length array is used.
include/linux/rculist.h:402:9: error: cannot size expression
include/linux/rculist.h:430:9: error: cannot size expression
include/linux/rculist.h:457:9: error: cannot size expression
include/linux/rculist.h:402:9: warning: Variable length array is used.
include/linux/rculist.h:402:9: error: cannot size expression
include/linux/rculist.h:430:9: error: cannot size expression
include/linux/rculist.h:457:9: error: cannot size expression
fs/notify/fdinfo.c:103:5: warning: symbol 'inotify_show_fdinfo' was not declared. Should it be static?
fs/proc/task_mmu.c:535:18: error: bad integer constant expression
fs/proc/task_mmu.c:536:18: error: bad integer constant expression
fs/proc/task_mmu.c:537:18: error: bad integer constant expression
fs/proc/task_mmu.c:538:18: error: bad integer constant expression
fs/proc/task_mmu.c:539:18: error: bad integer constant expression
fs/proc/task_mmu.c:540:18: error: bad integer constant expression
fs/proc/task_mmu.c:541:18: error: bad integer constant expression
fs/proc/task_mmu.c:542:18: error: bad integer constant expression
fs/proc/task_mmu.c:543:18: error: bad integer constant expression
fs/proc/task_mmu.c:544:18: error: bad integer constant expression
fs/proc/task_mmu.c:545:18: error: bad integer constant expression
fs/proc/task_mmu.c:546:18: error: bad integer constant expression
fs/proc/task_mmu.c:547:18: error: bad integer constant expression
fs/proc/task_mmu.c:548:18: error: bad integer constant expression
fs/proc/task_mmu.c:549:18: error: bad integer constant expression
fs/proc/task_mmu.c:550:18: error: bad integer constant expression
fs/proc/task_mmu.c:551:18: error: bad integer constant expression
fs/proc/task_mmu.c:552:18: error: bad integer constant expression
fs/proc/task_mmu.c:553:18: error: bad integer constant expression
fs/proc/task_mmu.c:554:18: error: bad integer constant expression
fs/proc/task_mmu.c:555:18: error: bad integer constant expression
fs/proc/task_mmu.c:556:18: error: bad integer constant expression
fs/proc/task_mmu.c:557:18: error: bad integer constant expression
fs/proc/task_mmu.c:561:18: error: bad integer constant expression
fs/proc/task_mmu.c:562:18: error: bad integer constant expression
fs/proc/task_mmu.c:563:18: error: bad integer constant expression
fs/proc/task_mmu.c:564:18: error: bad integer constant expression
fs/proc/array.c:417:43: warning: implicit cast to nocast type
fs/proc/array.c:418:26: warning: implicit cast to nocast type
fs/proc/array.c:451:62: warning: incorrect type in argument 2 (different modifiers)
fs/proc/array.c:451:62: warning: implicit cast to nocast type
fs/proc/array.c:451:70: warning: incorrect type in argument 3 (different modifiers)
fs/proc/array.c:451:70: warning: implicit cast to nocast type
fs/proc/array.c:467:46: warning: incorrect type in argument 2 (different modifiers)
fs/proc/array.c:467:46: warning: implicit cast to nocast type
fs/proc/array.c:467:54: warning: incorrect type in argument 3 (different modifiers)
fs/proc/array.c:467:54: warning: implicit cast to nocast type
fs/proc/fd.c:98:55: warning: incorrect type in initializer (different base types)
fs/proc/fd.c:116:54: warning: restricted fmode_t degrades to integer
fs/proc/fd.c:118:54: warning: restricted fmode_t degrades to integer
fs/proc/proc_tty.c:175:13: warning: symbol 'proc_tty_init' was not declared. Should it be static?
fs/proc/namespaces.c:54:32: warning: symbol 'ns_dentry_operations' was not declared. Should it be static?
fs/proc/kcore.c:610:19: warning: symbol 'kcore_modules' was not declared. Should it be static?
fs/eventpoll.c:1243:9: warning: Variable length array is used.
fs/eventpoll.c:1243:9: error: cannot size expression
include/linux/rculist.h:54:9: error: cannot size expression
fs/signalfd.c:107:25: warning: cast removes address space of expression
fs/signalfd.c:107:25: warning: cast removes address space of expression
fs/signalfd.c:107:25: warning: cast removes address space of expression
fs/signalfd.c:107:25: warning: cast removes address space of expression
fs/signalfd.c:115:24: warning: cast removes address space of expression
fs/signalfd.c:115:24: warning: cast removes address space of expression
fs/signalfd.c:115:24: warning: cast removes address space of expression
fs/signalfd.c:115:24: warning: cast removes address space of expression
fs/signalfd.c:141:24: warning: cast removes address space of expression
fs/signalfd.c:141:24: warning: cast removes address space of expression
fs/signalfd.c:141:24: warning: cast removes address space of expression
fs/signalfd.c:141:24: warning: cast removes address space of expression
fs/signalfd.c:150:24: warning: cast removes address space of expression
fs/signalfd.c:150:24: warning: cast removes address space of expression
fs/signalfd.c:150:24: warning: cast removes address space of expression
fs/signalfd.c:150:24: warning: cast removes address space of expression
include/linux/rculist.h:54:9: warning: Variable length array is used.
include/linux/rculist.h:54:9: error: cannot size expression
fs/aio.c:596:25: warning: Variable length array is used.
fs/aio.c:596:25: error: cannot size expression
fs/aio.c:601:25: error: cannot size expression
fs/aio.c:805:33: error: cannot size expression
fs/compat.c:57:5: warning: symbol 'compat_log' was not declared. Should it be static?
fs/compat.c:1235:5: warning: symbol 'compat_core_sys_select' was not declared. Should it be static?
fs/compat_ioctl.c:624:31: warning: incorrect type in assignment (different address spaces)
fs/compat_ioctl.c:707:21: warning: incorrect type in assignment (different address spaces)
fs/binfmt_elf.c:1315:34: warning: incorrect type in argument 2 (different modifiers)
fs/binfmt_elf.c:1315:34: warning: implicit cast to nocast type
fs/binfmt_elf.c:1315:42: warning: incorrect type in argument 3 (different modifiers)
fs/binfmt_elf.c:1315:42: warning: implicit cast to nocast type
fs/binfmt_elf.c:1315:34: warning: incorrect type in argument 2 (different modifiers)
fs/binfmt_elf.c:1315:34: warning: implicit cast to nocast type
fs/binfmt_elf.c:1315:42: warning: incorrect type in argument 3 (different modifiers)
fs/binfmt_elf.c:1315:42: warning: implicit cast to nocast type
fs/mbcache.c:135:17: error: undefined identifier '__builtin_log2'
fs/mbcache.c:142:17: error: undefined identifier '__builtin_log2'
fs/mbcache.c:142:17: error: not a function <noident>
fs/mbcache.c:135:17: error: not a function <noident>
fs/mbcache.c:142:17: error: not a function <noident>
fs/mbcache.c:135:17: error: not a function <noident>
fs/mbcache.c:142:17: error: not a function <noident>
fs/mbcache.c:135:17: error: not a function <noident>
fs/mbcache.c:142:17: error: not a function <noident>
fs/mbcache.c:135:17: error: not a function <noident>
fs/mbcache.c:142:17: error: not a function <noident>
fs/posix_acl.c:64:9: warning: Variable length array is used.
fs/posix_acl.c:64:9: error: cannot size expression
fs/coredump.c:46:5: warning: symbol 'core_uses_pid' was not declared. Should it be static?
fs/coredump.c:47:14: warning: symbol 'core_pipe_limit' was not declared. Should it be static?
fs/coredump.c:48:6: warning: symbol 'core_pattern' was not declared. Should it be static?
include/linux/sched.h:2489:37: warning: context imbalance in 'zap_threads' - different lock contexts for basic block
ipc/compat.c:399:24: warning: cast removes address space of expression
ipc/compat.c:399:24: warning: cast removes address space of expression
ipc/compat.c:399:24: warning: incorrect type in argument 1 (different address spaces)
ipc/compat.c:399:24: warning: cast removes address space of expression
ipc/compat.c:399:24: warning: cast removes address space of expression
ipc/compat.c:399:24: warning: cast removes address space of expression
ipc/compat.c:399:24: warning: cast removes address space of expression
ipc/compat.c:399:24: warning: cast removes address space of expression
ipc/compat.c:399:24: warning: cast removes address space of expression
ipc/compat.c:399:24: warning: cast removes address space of expression
ipc/compat.c:399:24: warning: cast removes address space of expression
ipc/compat.c:399:24: warning: cast removes address space of expression
ipc/compat.c:399:24: warning: cast removes address space of expression
ipc/compat.c:399:24: warning: cast removes address space of expression
ipc/util.c:192:29: warning: context imbalance in 'ipc_findkey' - wrong count at exit
ipc/util.c:260:5: warning: context imbalance in 'ipc_addid' - different lock contexts for basic block
/cmpt816/linux/arch/x86/include/asm/spinlock.h:160:17: warning: context imbalance in 'ipcget_public' - unexpected unlock
ipc/util.c:622:22: warning: context imbalance in 'ipc_lock' - different lock contexts for basic block
ipc/util.c:786:29: warning: context imbalance in 'sysvipc_find_ipc' - different lock contexts for basic block
/cmpt816/linux/arch/x86/include/asm/spinlock.h:160:17: warning: context imbalance in 'sysvipc_proc_next' - unexpected unlock
/cmpt816/linux/arch/x86/include/asm/spinlock.h:160:17: warning: context imbalance in 'sysvipc_proc_stop' - unexpected unlock
ipc/msg.c:212:9: warning: context imbalance in 'newque' - unexpected unlock
ipc/msg.c:277:13: warning: context imbalance in 'freeque' - unexpected unlock
ipc/msg.c:474:9: warning: context imbalance in 'msgctl_down' - different lock contexts for basic block
include/linux/rculist.h:54:9: warning: Variable length array is used.
include/linux/rculist.h:54:9: error: cannot size expression
ipc/shm.c:491:31: warning: implicit cast to nocast type
ipc/shm.c:528:36: warning: implicit cast to nocast type
ipc/shm.c:539:36: warning: implicit cast to nocast type
ipc/shm.c:95:17: warning: context imbalance in 'do_shm_rmid' - unexpected unlock
ipc/shm.c:194:9: warning: context imbalance in 'shm_open' - unexpected unlock
ipc/shm.c:209:13: warning: context imbalance in 'shm_destroy' - unexpected unlock
/cmpt816/linux/arch/x86/include/asm/spinlock.h:160:17: warning: context imbalance in 'shm_close' - unexpected unlock
ipc/shm.c:271:12: warning: context imbalance in 'shm_try_destroy_current' - different lock contexts for basic block
ipc/shm.c:302:12: warning: context imbalance in 'shm_try_destroy_orphaned' - different lock contexts for basic block
/cmpt816/linux/arch/x86/include/asm/current.h:14:16: warning: context imbalance in 'newseg' - unexpected unlock
ipc/shm.c:820:9: warning: context imbalance in 'shmctl_down' - different lock contexts for basic block
/cmpt816/linux/arch/x86/include/asm/spinlock.h:160:17: warning: context imbalance in 'do_shmat' - unexpected unlock
/cmpt816/linux/arch/x86/include/asm/spinlock.h:160:17: warning: context imbalance in 'wq_sleep' - unexpected unlock
ipc/mqueue.c:1066:9: warning: context imbalance in 'SyS_mq_timedsend' - different lock contexts for basic block
ipc/mqueue.c:1172:14: warning: context imbalance in 'SyS_mq_timedreceive' - different lock contexts for basic block
ipc/namespace.c:88:61: warning: context imbalance in 'free_ipcs' - different lock contexts for basic block
security/keys/key.c:1039:15: warning: memset with byte count of 0
security/keys/keyring.c:1041:5: warning: context imbalance in '__key_link_begin' - wrong count at exit
security/keys/keyring.c:1159:9: warning: context imbalance in '__key_link_end' - wrong count at exit
security/keys/keyring.c:1205:9: warning: context imbalance in 'key_link' - different lock contexts for basic block
security/keys/process_keys.c:243:9: warning: Variable length array is used.
security/keys/process_keys.c:243:9: error: cannot size expression
security/keys/user_defined.c:85:9: warning: Variable length array is used.
security/keys/user_defined.c:85:9: error: cannot size expression
security/keys/user_defined.c:125:17: error: cannot size expression
security/keys/user_defined.c:160:17: error: cannot size expression
include/linux/rculist.h:363:9: warning: Variable length array is used.
include/linux/rculist.h:363:9: error: cannot size expression
include/linux/rculist.h:402:9: error: cannot size expression
include/linux/rculist.h:54:9: warning: Variable length array is used.
include/linux/rculist.h:54:9: error: cannot size expression
include/linux/rculist.h:54:9: warning: Variable length array is used.
include/linux/rculist.h:54:9: error: cannot size expression
include/linux/rculist.h:54:9: warning: Variable length array is used.
include/linux/rculist.h:54:9: error: cannot size expression
crypto/cipher.c:70:24: warning: Variable length array is used.
crypto/shash.c:81:40: warning: Variable length array is used.
crypto/shash.c:117:40: warning: Variable length array is used.
crypto/hmac.c:57:47: warning: Variable length array is used.
crypto/cbc.c:149:20: warning: Variable length array is used.
crypto/ctr.c:61:22: warning: Variable length array is used.
crypto/ctr.c:110:22: warning: Variable length array is used.
block/blk-core.c:978:24: warning: context imbalance in '__get_request' - unexpected unlock
block/blk-core.c:1116:23: warning: context imbalance in 'blk_old_get_request' - wrong count at exit
block/blk-core.c:1495:6: warning: context imbalance in 'blk_queue_bio' - different lock contexts for basic block
block/blk-core.c:3097:17: warning: context imbalance in 'blk_flush_plug_list' - unexpected unlock
block/blk-flush.c:270:9: warning: context imbalance in 'flush_end_io' - different lock contexts for basic block
block/blk-ioc.c:72:17: warning: Variable length array is used.
block/blk-ioc.c:72:17: error: cannot size expression
block/blk-ioc.c:336:17: error: cannot size expression
block/blk-lib.c:229:5: warning: symbol '__blkdev_issue_zeroout' was not declared. Should it be static?
block/blk-mq.c:33:16: warning: incorrect type in initializer (different address spaces)
block/blk-mq.c:1251:44: warning: incorrect type in initializer (different address spaces)
block/blk-mq.c:1289:9: warning: incorrect type in initializer (different address spaces)
block/blk-mq.c:1320:13: warning: incorrect type in assignment (different address spaces)
block/blk-mq.c:1402:21: warning: incorrect type in argument 1 (different address spaces)
block/blk-mq.c:1422:22: warning: incorrect type in argument 1 (different address spaces)
block/genhd.c:1396:10: error: bad integer constant expression
block/genhd.c:1397:10: error: bad integer constant expression
block/genhd.c:1401:10: error: bad integer constant expression
block/genhd.c:1402:10: error: bad integer constant expression
block/genhd.c:231:25: error: cannot size expression
block/genhd.c:1045:9: error: cannot size expression
block/genhd.c:1048:17: error: cannot size expression
block/genhd.c:1091:17: error: cannot size expression
block/partition-generic.c:252:9: warning: Variable length array is used.
block/partition-generic.c:252:9: error: cannot size expression
block/partition-generic.c:253:9: error: cannot size expression
block/partition-generic.c:353:9: error: cannot size expression
block/compat_ioctl.c:344:25: warning: incorrect type in assignment (different address spaces)
drivers/acpi/tables.c:248:37: warning: incorrect type in argument 1 (different address spaces)
drivers/acpi/tables.c:251:37: warning: incorrect type in argument 1 (different address spaces)
drivers/acpi/tables.c:292:44: warning: incorrect type in argument 1 (different address spaces)
drivers/acpi/tables.c:315:44: warning: incorrect type in argument 1 (different address spaces)
drivers/acpi/osl.c:371:40: warning: incorrect type in return expression (different address spaces)
include/linux/rculist.h:54:9: warning: Variable length array is used.
include/linux/rculist.h:54:9: error: cannot size expression
drivers/acpi/nvs.c:139:54: warning: incorrect type in argument 1 (different address spaces)
drivers/acpi/nvs.c:142:67: warning: incorrect type in argument 1 (different address spaces)
drivers/acpi/nvs.c:181:38: warning: incorrect type in assignment (different address spaces)
drivers/acpi/nvs.c:183:46: warning: incorrect type in assignment (different address spaces)
drivers/acpi/device_pm.c:921:5: warning: symbol 'acpi_subsys_suspend' was not declared. Should it be static?
drivers/acpi/device_pm.c:960:5: warning: symbol 'acpi_subsys_freeze' was not declared. Should it be static?
drivers/acpi/bus.c:50:20: warning: symbol 'acpi_root' was not declared. Should it be static?
drivers/acpi/scan.c:42:1: warning: symbol 'acpi_device_lock' was not declared. Should it be static?
drivers/acpi/scan.c:43:1: warning: symbol 'acpi_wakeup_device_list' was not declared. Should it be static?
drivers/acpi/ec.c:115:16: warning: symbol 'boot_ec' was not declared. Should it be static?
drivers/acpi/debugfs.c:13:15: warning: symbol 'acpi_debugfs_dir' was not declared. Should it be static?
drivers/acpi/debugfs.c:16:13: warning: symbol 'acpi_debugfs_init' was not declared. Should it be static?
drivers/acpi/processor_throttling.c:724:18: warning: cast removes address space of expression
drivers/acpi/processor_throttling.c:724:18: warning: incorrect type in argument 2 (different address spaces)
/cmpt816/linux/arch/x86/include/asm/percpu.h:512:34: warning: cast removes address space of expression
drivers/acpi/processor_throttling.c:724:18: warning: cast removes address space of expression
drivers/acpi/processor_throttling.c:724:18: warning: incorrect type in argument 2 (different address spaces)
/cmpt816/linux/arch/x86/include/asm/percpu.h:495:38: warning: cast removes address space of expression
/cmpt816/linux/arch/x86/include/asm/percpu.h:495:59: warning: incorrect type in initializer (different address spaces)
drivers/acpi/processor_throttling.c:745:18: warning: cast removes address space of expression
drivers/acpi/processor_throttling.c:745:18: warning: incorrect type in argument 2 (different address spaces)
/cmpt816/linux/arch/x86/include/asm/percpu.h:512:34: warning: cast removes address space of expression
drivers/acpi/processor_throttling.c:745:18: warning: cast removes address space of expression
drivers/acpi/processor_throttling.c:745:18: warning: incorrect type in argument 2 (different address spaces)
/cmpt816/linux/arch/x86/include/asm/percpu.h:495:38: warning: cast removes address space of expression
/cmpt816/linux/arch/x86/include/asm/percpu.h:495:59: warning: incorrect type in initializer (different address spaces)
drivers/acpi/acpica/evhandler.c:60:4: warning: symbol 'acpi_gbl_default_address_spaces' was not declared. Should it be static?
drivers/acpi/acpica/evrgnini.c:89:74: warning: incorrect type in argument 1 (different address spaces)
drivers/acpi/acpica/exregion.c:145:54: warning: incorrect type in argument 1 (different address spaces)
drivers/acpi/acpica/exregion.c:180:50: warning: incorrect type in assignment (different address spaces)
drivers/acpi/acpica/acpredef.h:207:34: warning: symbol 'acpi_gbl_predefined_methods' was not declared. Should it be static?
drivers/acpi/acpica/tbfadt.c:312:15: warning: incorrect type in assignment (different address spaces)
drivers/acpi/acpica/tbfadt.c:331:30: warning: incorrect type in argument 1 (different address spaces)
drivers/acpi/acpica/tbinstal.c:74:45: warning: incorrect type in assignment (different address spaces)
drivers/acpi/acpica/tbinstal.c:292:27: warning: incorrect type in assignment (different address spaces)
drivers/acpi/acpica/tbinstal.c:469:48: warning: incorrect type in argument 1 (different address spaces)
drivers/acpi/acpica/tbutils.c:385:15: warning: incorrect type in assignment (different address spaces)
drivers/acpi/acpica/tbutils.c:392:30: warning: incorrect type in argument 1 (different address spaces)
drivers/acpi/acpica/tbutils.c:404:15: warning: incorrect type in assignment (different address spaces)
drivers/acpi/acpica/tbutils.c:435:30: warning: incorrect type in argument 1 (different address spaces)
drivers/acpi/acpica/tbutils.c:227:15: warning: incorrect type in assignment (different address spaces)
drivers/acpi/acpica/tbutils.c:299:30: warning: incorrect type in argument 1 (different address spaces)
drivers/acpi/acpica/tbutils.c:473:14: warning: incorrect type in assignment (different address spaces)
drivers/acpi/acpica/tbutils.c:507:30: warning: incorrect type in argument 1 (different address spaces)
drivers/acpi/acpica/tbutils.c:529:15: warning: incorrect type in assignment (different address spaces)
drivers/acpi/acpica/tbutils.c:541:30: warning: incorrect type in argument 1 (different address spaces)
drivers/acpi/acpica/tbutils.c:550:15: warning: incorrect type in assignment (different address spaces)
drivers/acpi/acpica/tbutils.c:559:38: warning: incorrect type in argument 1 (different address spaces)
drivers/acpi/acpica/tbutils.c:610:30: warning: incorrect type in argument 1 (different address spaces)
drivers/acpi/acpica/tbxface.c:237:40: warning: incorrect type in assignment (different address spaces)
drivers/acpi/acpica/tbxface.c:247:54: warning: incorrect type in argument 1 (different address spaces)
drivers/acpi/acpica/tbxfroot.c:124:19: warning: incorrect type in assignment (different address spaces)
drivers/acpi/acpica/tbxfroot.c:140:30: warning: incorrect type in argument 1 (different address spaces)
drivers/acpi/acpica/tbxfroot.c:149:27: warning: incorrect type in assignment (different address spaces)
drivers/acpi/acpica/tbxfroot.c:163:38: warning: incorrect type in argument 1 (different address spaces)
drivers/acpi/acpica/tbxfroot.c:180:19: warning: incorrect type in assignment (different address spaces)
drivers/acpi/acpica/tbxfroot.c:195:30: warning: incorrect type in argument 1 (different address spaces)
drivers/acpi/acpica/acglobal.h:272:1: warning: symbol 'acpi_gbl_startup_flags' was not declared. Should it be static?
drivers/acpi/acpica/acglobal.h:273:1: warning: symbol 'acpi_gbl_shutdown' was not declared. Should it be static?
drivers/acpi/acpica/utstate.c:64:1: warning: symbol 'acpi_ut_create_pkg_state_and_push' was not declared. Should it be static?
drivers/ata/libata-scsi.c:1901:9: warning: context imbalance in 'ata_scsi_rbuf_get' - wrong count at exit
drivers/ata/libata-scsi.c:1922:31: warning: context imbalance in 'ata_scsi_rbuf_fill' - unexpected unlock
drivers/ata/libata-scsi.c:1920:48: warning: context imbalance in 'atapi_qc_complete' - unexpected unlock
drivers/ata/libata-sff.c:1302:9: warning: context imbalance in 'ata_sff_hsm_move' - different lock contexts for basic block
drivers/ata/ahci.c:96:9: warning: Initializer entry defined twice
drivers/base/devtmpfs.c:357:25: warning: incorrect type in argument 1 (different address spaces)
drivers/base/devtmpfs.c:357:38: warning: incorrect type in argument 2 (different address spaces)
drivers/base/devtmpfs.c:357:53: warning: incorrect type in argument 3 (different address spaces)
drivers/base/devtmpfs.c:383:26: warning: incorrect type in argument 1 (different address spaces)
drivers/base/devtmpfs.c:383:38: warning: incorrect type in argument 2 (different address spaces)
drivers/base/devtmpfs.c:383:43: warning: incorrect type in argument 3 (different address spaces)
drivers/base/devtmpfs.c:383:66: warning: incorrect type in argument 5 (different address spaces)
drivers/base/devtmpfs.c:386:19: warning: incorrect type in argument 1 (different address spaces)
drivers/base/devtmpfs.c:387:20: warning: incorrect type in argument 1 (different address spaces)
include/linux/rculist.h:54:9: warning: Variable length array is used.
include/linux/rculist.h:54:9: error: cannot size expression
drivers/block/loop.c:235:38: warning: incorrect type in argument 2 (different address spaces)
drivers/char/random.c:1311:27: warning: Variable length array is used.
drivers/char/agp/frontend.c:45:23: warning: symbol 'agp_fe' was not declared. Should it be static?
drivers/char/agp/frontend.c:47:19: warning: symbol 'agp_find_mem_by_key' was not declared. Should it be static?
drivers/char/agp/frontend.c:163:5: warning: symbol 'agp_create_segment' was not declared. Should it be static?
drivers/char/agp/frontend.c:215:25: warning: symbol 'agp_find_private' was not declared. Should it be static?
drivers/char/agp/frontend.c:270:6: warning: symbol 'agp_free_memory_wrap' was not declared. Should it be static?
drivers/char/agp/frontend.c:276:19: warning: symbol 'agp_allocate_memory_wrap' was not declared. Should it be static?
drivers/char/agp/frontend.c:488:19: warning: symbol 'agp_find_client_by_pid' was not declared. Should it be static?
drivers/char/agp/frontend.c:513:19: warning: symbol 'agp_create_client' was not declared. Should it be static?
drivers/char/agp/frontend.c:526:5: warning: symbol 'agp_remove_client' was not declared. Should it be static?
drivers/char/agp/frontend.c:750:5: warning: symbol 'agpioc_acquire_wrap' was not declared. Should it be static?
drivers/char/agp/frontend.c:793:5: warning: symbol 'agpioc_release_wrap' was not declared. Should it be static?
drivers/char/agp/frontend.c:800:5: warning: symbol 'agpioc_setup_wrap' was not declared. Should it be static?
drivers/char/agp/frontend.c:880:5: warning: symbol 'agpioc_protect_wrap' was not declared. Should it be static?
drivers/char/agp/frontend.c:914:5: warning: symbol 'agpioc_deallocate_wrap' was not declared. Should it be static?
drivers/char/agp/generic.c:46:7: warning: symbol 'agp_gatt_table' was not declared. Should it be static?
drivers/char/agp/generic.c:47:5: warning: symbol 'agp_memory_reserved' was not declared. Should it be static?
drivers/cpufreq/cpufreq.c:42:1: warning: symbol 'cpufreq_governor_lock' was not declared. Should it be static?
drivers/cpufreq/cpufreq.c:195:23: warning: symbol 'cpufreq_cpu_get_raw' was not declared. Should it be static?
drivers/cpufreq/freq_table.c:268:1: warning: symbol 'cpufreq_freq_attr_scaling_boost_freqs' was not declared. Should it be static?
drivers/cpufreq/acpi-cpufreq.c:122:42: warning: incorrect type in argument 3 (different address spaces)
drivers/cpufreq/acpi-cpufreq.c:132:42: warning: incorrect type in argument 3 (different address spaces)
drivers/cpufreq/acpi-cpufreq.c:902:22: warning: incorrect type in assignment (different address spaces)
drivers/cpufreq/acpi-cpufreq.c:927:27: warning: incorrect type in argument 1 (different address spaces)
drivers/cpuidle/cpuidle.c:27:1: warning: symbol 'cpuidle_dev' was not declared. Should it be static?
drivers/firmware/dmi_scan.c:119:13: warning: incorrect type in assignment (different address spaces)
drivers/firmware/dmi_scan.c:127:25: warning: incorrect type in argument 1 (different address spaces)
drivers/firmware/dmi_scan.c:834:13: warning: incorrect type in assignment (different address spaces)
drivers/firmware/dmi_scan.c:840:19: warning: incorrect type in argument 1 (different address spaces)
drivers/firmware/efi/efi.c:315:23: warning: incorrect type in argument 1 (different address spaces)
drivers/firmware/efi/vars.c:415:33: warning: context imbalance in 'efivar_init' - different lock contexts for basic block
drivers/firmware/efi/vars.c:484:9: warning: context imbalance in 'efivar_entry_list_del_unlock' - unexpected unlock
drivers/firmware/efi/vars.c:531:5: warning: context imbalance in 'efivar_entry_delete' - wrong count at exit
drivers/firmware/efi/vars.c:797:5: warning: context imbalance in 'efivar_entry_set_get_size' - different lock contexts for basic block
drivers/firmware/efi/vars.c:877:6: warning: context imbalance in 'efivar_entry_iter_begin' - wrong count at exit
drivers/firmware/efi/vars.c:888:6: warning: context imbalance in 'efivar_entry_iter_end' - unexpected unlock
drivers/gpu/drm/drm_bufs.c:217:45: warning: incorrect type in assignment (different address spaces)
drivers/gpu/drm/drm_bufs.c:220:45: warning: incorrect type in assignment (different address spaces)
drivers/gpu/drm/drm_bufs.c:335:36: warning: incorrect type in argument 1 (different address spaces)
drivers/gpu/drm/drm_bufs.c:352:36: warning: incorrect type in argument 1 (different address spaces)
drivers/gpu/drm/drm_bufs.c:459:28: warning: incorrect type in argument 1 (different address spaces)
drivers/gpu/drm/drm_drv.c:64:9: error: bad integer constant expression
drivers/gpu/drm/drm_drv.c:65:9: error: bad integer constant expression
drivers/gpu/drm/drm_drv.c:66:9: error: bad integer constant expression
drivers/gpu/drm/drm_drv.c:67:9: error: bad integer constant expression
drivers/gpu/drm/drm_drv.c:68:9: error: bad integer constant expression
drivers/gpu/drm/drm_drv.c:69:9: error: bad integer constant expression
drivers/gpu/drm/drm_drv.c:70:9: error: bad integer constant expression
drivers/gpu/drm/drm_drv.c:71:9: error: bad integer constant expression
drivers/gpu/drm/drm_drv.c:72:9: error: bad integer constant expression
drivers/gpu/drm/drm_drv.c:73:9: error: bad integer constant expression
drivers/gpu/drm/drm_drv.c:75:9: error: bad integer constant expression
drivers/gpu/drm/drm_drv.c:76:9: error: bad integer constant expression
drivers/gpu/drm/drm_drv.c:77:9: error: bad integer constant expression
drivers/gpu/drm/drm_drv.c:78:9: error: bad integer constant expression
drivers/gpu/drm/drm_drv.c:80:9: error: bad integer constant expression
drivers/gpu/drm/drm_drv.c:81:9: error: bad integer constant expression
drivers/gpu/drm/drm_drv.c:83:9: error: bad integer constant expression
drivers/gpu/drm/drm_drv.c:84:9: error: bad integer constant expression
drivers/gpu/drm/drm_drv.c:89:9: error: bad integer constant expression
drivers/gpu/drm/drm_drv.c:90:9: error: bad integer constant expression
drivers/gpu/drm/drm_drv.c:91:9: error: bad integer constant expression
drivers/gpu/drm/drm_drv.c:92:9: error: bad integer constant expression
drivers/gpu/drm/drm_drv.c:93:9: error: bad integer constant expression
drivers/gpu/drm/drm_drv.c:94:9: error: bad integer constant expression
drivers/gpu/drm/drm_drv.c:95:9: error: bad integer constant expression
drivers/gpu/drm/drm_drv.c:97:9: error: bad integer constant expression
drivers/gpu/drm/drm_drv.c:98:9: error: bad integer constant expression
drivers/gpu/drm/drm_drv.c:100:9: error: bad integer constant expression
drivers/gpu/drm/drm_drv.c:101:9: error: bad integer constant expression
drivers/gpu/drm/drm_drv.c:103:9: error: bad integer constant expression
drivers/gpu/drm/drm_drv.c:105:9: error: bad integer constant expression
drivers/gpu/drm/drm_drv.c:106:9: error: bad integer constant expression
drivers/gpu/drm/drm_drv.c:107:9: error: bad integer constant expression
drivers/gpu/drm/drm_drv.c:108:9: error: bad integer constant expression
drivers/gpu/drm/drm_drv.c:109:9: error: bad integer constant expression
drivers/gpu/drm/drm_drv.c:110:9: error: bad integer constant expression
drivers/gpu/drm/drm_drv.c:112:9: error: bad integer constant expression
drivers/gpu/drm/drm_drv.c:117:9: error: bad integer constant expression
drivers/gpu/drm/drm_drv.c:118:9: error: bad integer constant expression
drivers/gpu/drm/drm_drv.c:119:9: error: bad integer constant expression
drivers/gpu/drm/drm_drv.c:120:9: error: bad integer constant expression
drivers/gpu/drm/drm_drv.c:121:9: error: bad integer constant expression
drivers/gpu/drm/drm_drv.c:122:9: error: bad integer constant expression
drivers/gpu/drm/drm_drv.c:125:9: error: bad integer constant expression
drivers/gpu/drm/drm_drv.c:126:9: error: bad integer constant expression
drivers/gpu/drm/drm_drv.c:128:9: error: bad integer constant expression
drivers/gpu/drm/drm_drv.c:130:9: error: bad integer constant expression
drivers/gpu/drm/drm_drv.c:132:9: error: bad integer constant expression
drivers/gpu/drm/drm_drv.c:134:9: error: bad integer constant expression
drivers/gpu/drm/drm_drv.c:135:9: error: bad integer constant expression
drivers/gpu/drm/drm_drv.c:136:9: error: bad integer constant expression
drivers/gpu/drm/drm_drv.c:138:9: error: bad integer constant expression
drivers/gpu/drm/drm_drv.c:140:9: error: bad integer constant expression
drivers/gpu/drm/drm_drv.c:141:9: error: bad integer constant expression
drivers/gpu/drm/drm_drv.c:143:9: error: bad integer constant expression
drivers/gpu/drm/drm_drv.c:144:9: error: bad integer constant expression
drivers/gpu/drm/drm_drv.c:145:9: error: bad integer constant expression
drivers/gpu/drm/drm_drv.c:146:9: error: bad integer constant expression
drivers/gpu/drm/drm_drv.c:147:9: error: bad integer constant expression
drivers/gpu/drm/drm_drv.c:148:9: error: bad integer constant expression
drivers/gpu/drm/drm_drv.c:149:9: error: bad integer constant expression
drivers/gpu/drm/drm_drv.c:150:9: error: bad integer constant expression
drivers/gpu/drm/drm_drv.c:151:9: error: bad integer constant expression
drivers/gpu/drm/drm_drv.c:152:9: error: bad integer constant expression
drivers/gpu/drm/drm_drv.c:153:9: error: bad integer constant expression
drivers/gpu/drm/drm_drv.c:154:9: error: bad integer constant expression
drivers/gpu/drm/drm_drv.c:155:9: error: bad integer constant expression
drivers/gpu/drm/drm_drv.c:156:9: error: bad integer constant expression
drivers/gpu/drm/drm_drv.c:157:9: error: bad integer constant expression
drivers/gpu/drm/drm_drv.c:158:9: error: bad integer constant expression
drivers/gpu/drm/drm_drv.c:159:9: error: bad integer constant expression
drivers/gpu/drm/drm_drv.c:160:9: error: bad integer constant expression
drivers/gpu/drm/drm_drv.c:161:9: error: bad integer constant expression
drivers/gpu/drm/drm_drv.c:162:9: error: bad integer constant expression
drivers/gpu/drm/drm_drv.c:163:9: error: bad integer constant expression
drivers/gpu/drm/drm_drv.c:164:9: error: bad integer constant expression
drivers/gpu/drm/drm_drv.c:165:9: error: bad integer constant expression
drivers/gpu/drm/drm_drv.c:166:9: error: bad integer constant expression
drivers/gpu/drm/drm_drv.c:167:9: error: bad integer constant expression
drivers/gpu/drm/drm_drv.c:168:9: error: bad integer constant expression
drivers/gpu/drm/drm_drv.c:169:9: error: bad integer constant expression
drivers/gpu/drm/drm_memory.c:116:29: warning: incorrect type in assignment (different address spaces)
drivers/gpu/drm/drm_memory.c:125:29: warning: incorrect type in assignment (different address spaces)
drivers/gpu/drm/drm_memory.c:137:28: warning: incorrect type in argument 1 (different address spaces)
drivers/gpu/drm/drm_vm.c:254:44: warning: incorrect type in argument 1 (different address spaces)
include/linux/rculist.h:457:9: warning: Variable length array is used.
include/linux/rculist.h:457:9: error: cannot size expression
include/linux/rculist.h:402:9: error: cannot size expression
drivers/gpu/drm/drm_plane_helper.c:102:5: warning: symbol 'drm_primary_helper_update' was not declared. Should it be static?
drivers/gpu/drm/drm_plane_helper.c:219:5: warning: symbol 'drm_primary_helper_disable' was not declared. Should it be static?
drivers/gpu/drm/drm_plane_helper.c:233:6: warning: symbol 'drm_primary_helper_destroy' was not declared. Should it be static?
drivers/gpu/drm/drm_plane_helper.c:241:30: warning: symbol 'drm_primary_helper_funcs' was not declared. Should it be static?
drivers/gpu/drm/drm_plane_helper.c:259:18: warning: symbol 'drm_primary_helper_create_plane' was not declared. Should it be static?
drivers/gpu/drm/drm_ioc32.c:1020:10: error: bad integer constant expression
drivers/gpu/drm/drm_ioc32.c:1021:10: error: bad integer constant expression
drivers/gpu/drm/drm_ioc32.c:1022:10: error: bad integer constant expression
drivers/gpu/drm/drm_ioc32.c:1023:10: error: bad integer constant expression
drivers/gpu/drm/drm_ioc32.c:1024:10: error: bad integer constant expression
drivers/gpu/drm/drm_ioc32.c:1025:10: error: bad integer constant expression
drivers/gpu/drm/drm_ioc32.c:1026:10: error: bad integer constant expression
drivers/gpu/drm/drm_ioc32.c:1027:10: error: bad integer constant expression
drivers/gpu/drm/drm_ioc32.c:1028:10: error: bad integer constant expression
drivers/gpu/drm/drm_ioc32.c:1029:10: error: bad integer constant expression
drivers/gpu/drm/drm_ioc32.c:1030:10: error: bad integer constant expression
drivers/gpu/drm/drm_ioc32.c:1031:10: error: bad integer constant expression
drivers/gpu/drm/drm_ioc32.c:1032:10: error: bad integer constant expression
drivers/gpu/drm/drm_ioc32.c:1033:10: error: bad integer constant expression
drivers/gpu/drm/drm_ioc32.c:1034:10: error: bad integer constant expression
drivers/gpu/drm/drm_ioc32.c:1035:10: error: bad integer constant expression
drivers/gpu/drm/drm_ioc32.c:1036:10: error: bad integer constant expression
drivers/gpu/drm/drm_ioc32.c:1038:10: error: bad integer constant expression
drivers/gpu/drm/drm_ioc32.c:1039:10: error: bad integer constant expression
drivers/gpu/drm/drm_ioc32.c:1040:10: error: bad integer constant expression
drivers/gpu/drm/drm_ioc32.c:1041:10: error: bad integer constant expression
drivers/gpu/drm/drm_ioc32.c:1042:10: error: bad integer constant expression
drivers/gpu/drm/drm_ioc32.c:1043:10: error: bad integer constant expression
drivers/gpu/drm/drm_ioc32.c:1045:10: error: bad integer constant expression
drivers/gpu/drm/drm_ioc32.c:1046:10: error: bad integer constant expression
drivers/gpu/drm/drm_ioc32.c:1048:10: error: bad integer constant expression
drivers/gpu/drm/drm_ioc32.c:1050:10: error: bad integer constant expression
drivers/gpu/drm/drm_fb_helper.c:1453:27: warning: expression using sizeof bool
drivers/gpu/drm/i915/i915_drv.c:216:9: warning: Initializer entry defined twice
drivers/gpu/drm/i915/i915_drv.c:223:9: warning: Initializer entry defined twice
drivers/gpu/drm/i915/i915_drv.c:234:9: warning: Initializer entry defined twice
drivers/gpu/drm/i915/i915_drv.c:244:9: warning: Initializer entry defined twice
drivers/gpu/drm/i915/i915_drv.c:253:9: warning: Initializer entry defined twice
drivers/gpu/drm/i915/i915_gem_execbuffer.c:1457:47: warning: incorrect type in initializer (different address spaces)
drivers/gpu/drm/i915/i915_gem_execbuffer.c:1461:61: warning: incorrect type in argument 1 (different address spaces)
drivers/gpu/drm/i915/intel_bios.c:920:60: warning: incorrect type in initializer (different address spaces)
drivers/gpu/drm/i915/intel_bios.c:940:42: warning: incorrect type in argument 1 (different address spaces)
drivers/gpu/drm/i915/intel_bios.c:941:40: warning: cast removes address space of expression
drivers/gpu/drm/i915/intel_bios.c:952:24: warning: cast removes address space of expression
drivers/gpu/drm/i915/intel_display.c:10068:25: warning: expression using sizeof bool
drivers/gpu/drm/i915/intel_fbdev.c:326:64: warning: expression using sizeof bool
drivers/i2c/i2c-core.c:2132:36: warning: dubious: x | !y
drivers/input/input.c:526:9: warning: Variable length array is used.
drivers/input/input.c:526:9: error: cannot size expression
drivers/input/input.c:542:17: error: cannot size expression
include/linux/rculist.h:54:9: error: cannot size expression
include/linux/rculist.h:54:9: warning: Variable length array is used.
include/linux/rculist.h:54:9: error: cannot size expression
drivers/input/evdev.c:281:9: warning: Variable length array is used.
drivers/input/evdev.c:281:9: error: cannot size expression
drivers/input/evdev.c:294:9: error: cannot size expression
include/linux/rculist.h:54:9: error: cannot size expression
drivers/input/mouse/sentelic.h:126:12: warning: symbol 'fsp_detect' was not declared. Should it be static?
drivers/iommu/amd_iommu_init.c:156:6: warning: symbol 'amd_iommu_pc_present' was not declared. Should it be static?
include/linux/rculist.h:54:9: warning: Variable length array is used.
include/linux/rculist.h:54:9: error: cannot size expression
drivers/iommu/dmar.c:228:33: error: cannot size expression
drivers/iommu/dmar.c:249:25: error: cannot size expression
drivers/iommu/dmar.c:648:41: error: cannot size expression
drivers/iommu/intel-iommu.c:446:5: warning: symbol 'intel_iommu_gfx_mapped' was not declared. Should it be static?
drivers/iommu/intel-iommu.c:1075:13: warning: symbol 'domain_unmap' was not declared. Should it be static?
drivers/iommu/intel-iommu.c:1102:6: warning: symbol 'dma_free_pagelist' was not declared. Should it be static?
drivers/iommu/intel-iommu.c:3366:20: warning: symbol 'intel_dma_ops' was not declared. Should it be static?
include/linux/rculist.h:54:9: warning: Variable length array is used.
include/linux/rculist.h:54:9: error: cannot size expression
drivers/md/dm-raid1.c:258:34: warning: Variable length array is used.
drivers/md/dm-raid1.c:628:34: warning: Variable length array is used.
drivers/md/dm-raid1.c:1361:36: warning: Variable length array is used.
drivers/md/dm.c:2147:9: warning: Variable length array is used.
drivers/md/dm.c:2147:9: error: cannot size expression
drivers/md/dm-stripe.c:324:33: warning: Variable length array is used.
include/linux/rculist.h:54:9: warning: Variable length array is used.
include/linux/rculist.h:54:9: error: cannot size expression
include/linux/blkdev.h:1525:16: warning: Using plain integer as NULL pointer
include/linux/blkdev.h:1525:16: warning: Using plain integer as NULL pointer
include/linux/blkdev.h:1525:16: warning: Using plain integer as NULL pointer
include/linux/rculist.h:54:9: warning: Variable length array is used.
include/linux/rculist.h:54:9: error: cannot size expression
drivers/net/ethernet/nvidia/forcedeth.c:4683:9: warning: context imbalance in 'nv_set_ringparam' - different lock contexts for basic block
drivers/pci/pci.c:35:5: warning: symbol 'isa_dma_bridge_buggy' was not declared. Should it be static?
drivers/pci/pci.c:4331:1: warning: symbol 'bus_attr_resource_alignment' was not declared. Should it be static?
drivers/pci/rom.c:220:36: warning: incorrect type in return expression (different address spaces)
drivers/pci/pcie/portdrv_core.c:22:6: warning: symbol 'pciehp_msi_disabled' was not declared. Should it be static?
drivers/pci/msi.c:202:12: warning: symbol 'arch_msi_mask_irq' was not declared. Should it be static?
drivers/pci/msi.c:232:12: warning: symbol 'arch_msix_mask_irq' was not declared. Should it be static?
drivers/pcmcia/cistpl.c:1288:5: warning: symbol 'pcmcia_parse_tuple' was not declared. Should it be static?
drivers/pcmcia/cardbus.c:67:11: warning: symbol 'cb_alloc' was not declared. Should it be static?
drivers/pcmcia/cardbus.c:108:6: warning: symbol 'cb_free' was not declared. Should it be static?
drivers/scsi/scsi_lib.c:450:6: warning: symbol 'scsi_requeue_run_queue' was not declared. Should it be static?
drivers/scsi/scsi_lib.c:2248:6: warning: symbol 'scsi_evt_thread' was not declared. Should it be static?
drivers/scsi/scsi_sysfs.c:201:25: warning: symbol 'dev_attr_hstate' was not declared. Should it be static?
drivers/scsi/scsi_sysfs.c:367:24: warning: symbol 'scsi_shost_attr_group' was not declared. Should it be static?
drivers/scsi/sg.c:1105:41: warning: incorrect type in argument 5 (different address spaces)
drivers/tty/tty_io.c:119:17: warning: too long initializer-string for array of char
drivers/tty/tty_io.c:1047:6: warning: context imbalance in 'tty_write_unlock' - wrong count at exit
drivers/tty/tty_io.c:1054:5: warning: context imbalance in 'tty_write_lock' - wrong count at exit
drivers/tty/tty_io.c:1175:17: warning: context imbalance in 'tty_write_message' - unexpected unlock
drivers/tty/tty_io.c:1197:16: warning: context imbalance in 'tty_write' - different lock contexts for basic block
drivers/tty/tty_io.c:2591:12: warning: context imbalance in 'send_break' - different lock contexts for basic block
drivers/tty/sysrq.c:57:16: warning: symbol 'platform_sysrq_reset_seq' was not declared. Should it be static?
drivers/tty/sysrq.c:58:5: warning: symbol 'sysrq_reset_downtime_ms' was not declared. Should it be static?
drivers/tty/serial/serial_core.c:616:22: warning: invalid assignment: |=
drivers/tty/serial/serial_core.c:618:22: warning: invalid assignment: |=
drivers/tty/serial/serial_core.c:620:17: warning: restricted upf_t degrades to integer
drivers/tty/serial/serial_core.c:622:22: warning: invalid assignment: &=
drivers/tty/serial/serial_core.c:625:20: warning: restricted upf_t degrades to integer
drivers/tty/serial/serial_core.c:628:20: warning: restricted upf_t degrades to integer
drivers/tty/serial/serial_core.c:639:22: warning: invalid assignment: |=
drivers/tty/serial/serial_core.c:641:22: warning: invalid assignment: |=
drivers/tty/serial/serial_core.c:643:17: warning: restricted upf_t degrades to integer
drivers/tty/serial/serial_core.c:645:22: warning: invalid assignment: &=
drivers/tty/serial/serial_core.c:648:20: warning: restricted upf_t degrades to integer
drivers/tty/serial/serial_core.c:655:20: warning: restricted upf_t degrades to integer
drivers/tty/serial/serial_core.c:673:29: warning: incorrect type in assignment (different base types)
drivers/tty/serial/serial_core.c:747:19: warning: incorrect type in assignment (different base types)
drivers/tty/serial/8250/8250_core.c:2816:32: warning: incorrect type in assignment (different base types)
drivers/tty/serial/8250/8250_core.c:2818:32: warning: incorrect type in assignment (different address spaces)
drivers/tty/serial/8250/8250_core.c:2923:9: warning: context imbalance in 'serial8250_console_write' - different lock contexts for basic block
drivers/tty/vt/consolemap_deftbl.c:10:4: warning: symbol 'dfont_unicount' was not declared. Should it be static?
drivers/tty/vt/consolemap_deftbl.c:46:5: warning: symbol 'dfont_unitable' was not declared. Should it be static?
drivers/tty/vt/vt.c:223:5: warning: symbol 'console_blank_hook' was not declared. Should it be static?
drivers/tty/vt/vt.c:2406:19: warning: symbol 'console_driver' was not declared. Should it be static?
drivers/tty/vt/defkeymap.c:27:9: warning: symbol 'shift_map' was not declared. Should it be static?
drivers/tty/vt/defkeymap.c:46:9: warning: symbol 'altgr_map' was not declared. Should it be static?
drivers/tty/vt/defkeymap.c:65:9: warning: symbol 'ctrl_map' was not declared. Should it be static?
drivers/tty/vt/defkeymap.c:84:9: warning: symbol 'shift_ctrl_map' was not declared. Should it be static?
drivers/tty/vt/defkeymap.c:103:9: warning: symbol 'alt_map' was not declared. Should it be static?
drivers/tty/vt/defkeymap.c:122:9: warning: symbol 'ctrl_alt_map' was not declared. Should it be static?
drivers/tty/vt/defkeymap.c:148:14: warning: symbol 'keymap_count' was not declared. Should it be static?
drivers/tty/vt/defkeymap.c:156:6: warning: symbol 'func_buf' was not declared. Should it be static?
drivers/tty/vt/defkeymap.c:187:6: warning: symbol 'funcbufptr' was not declared. Should it be static?
drivers/tty/vt/defkeymap.c:188:5: warning: symbol 'funcbufsize' was not declared. Should it be static?
drivers/tty/vt/defkeymap.c:189:5: warning: symbol 'funcbufleft' was not declared. Should it be static?
drivers/tty/vt/defkeymap.c:191:6: warning: symbol 'func_table' was not declared. Should it be static?
drivers/tty/vt/defkeymap.c:225:18: warning: symbol 'accent_table' was not declared. Should it be static?
drivers/tty/vt/defkeymap.c:262:14: warning: symbol 'accent_table_size' was not declared. Should it be static?
drivers/usb/host/pci-quirks.c:252:5: warning: symbol 'usb_hcd_amd_remote_wakeup_quirk' was not declared. Should it be static?
drivers/usb/host/ohci-hub.c:265:9: warning: context imbalance in 'ohci_rh_resume' - different lock contexts for basic block
drivers/video/backlight/generic_bl.c:59:6: warning: symbol 'genericbl_limit_intensity' was not declared. Should it be static?
sound/core/pcm_native.c:172:37: warning: Variable length array is used.
sound/core/pcm_compat.c:34:41: warning: incorrect type in argument 2 (different address spaces)
sound/core/pcm_native.c:752:17: warning: context imbalance in 'snd_pcm_action_group' - different lock contexts for basic block
sound/core/oss/pcm_oss.c:1666:61: warning: Variable length array is used.
sound/core/oss/pcm_plugin.c:283:36: warning: cast truncates bits from constant value (f00003fff becomes 3fff)
sound/core/oss/pcm_plugin.c:284:41: warning: cast truncates bits from constant value (f00003fff becomes 3fff)
sound/core/seq/seq_compat.c:62:45: warning: incorrect type in argument 3 (different address spaces)
sound/core/seq/seq_clientmgr.c:698:9: warning: context imbalance in 'deliver_to_subscribers' - different lock contexts for basic block
sound/pci/hda/hda_codec.c:2780:57: warning: incorrect type in argument 4 (different address spaces)
sound/pci/hda/hda_proc.c:455:18: error: bad integer constant expression
sound/pci/hda/hda_proc.c:456:18: error: bad integer constant expression
sound/pci/hda/hda_proc.c:457:18: error: bad integer constant expression
sound/pci/hda/hda_proc.c:458:18: error: bad integer constant expression
sound/pci/hda/hda_proc.c:459:18: error: bad integer constant expression
sound/pci/hda/hda_proc.c:460:18: error: bad integer constant expression
sound/pci/hda/hda_proc.c:461:18: error: bad integer constant expression
sound/pci/hda/hda_proc.c:462:18: error: bad integer constant expression
sound/pci/hda/hda_controller.c:2019:33: warning: incorrect type in assignment (different address spaces)
sound/pci/hda/hda_intel.c:93:1: warning: expression using sizeof bool
sound/pci/hda/hda_intel.c:93:1: warning: expression using sizeof bool
include/linux/rculist.h:54:9: warning: Variable length array is used.
include/linux/rculist.h:54:9: error: cannot size expression
arch/x86/pci/legacy.c:57:12: warning: symbol 'pci_subsys_init' was not declared. Should it be static?
arch/x86/pci/common.c:26:14: warning: symbol 'pci_early_dump_regs' was not declared. Should it be static?
arch/x86/pci/common.c:634:22: warning: incorrect type in assignment (different address spaces)
arch/x86/pci/common.c:653:25: warning: incorrect type in argument 1 (different address spaces)
arch/x86/power/cpu.c:33:22: warning: symbol 'saved_context' was not declared. Should it be static?
arch/x86/power/hibernate_64.c:32:15: warning: symbol 'restore_jump_address' was not declared. Should it be static?
arch/x86/power/hibernate_64.c:38:15: warning: symbol 'restore_cr3' was not declared. Should it be static?
arch/x86/power/hibernate_64.c:40:7: warning: symbol 'temp_level4_pgt' was not declared. Should it be static?
arch/x86/power/hibernate_64.c:42:6: warning: symbol 'relocated_restore_code' was not declared. Should it be static?
arch/x86/power/hibernate_64.c:83:5: warning: symbol 'swsusp_arch_resume' was not declared. Should it be static?
arch/x86/power/hibernate_64.c:105:5: warning: symbol 'pfn_is_nosave' was not declared. Should it be static?
arch/x86/power/hibernate_64.c:125:5: warning: symbol 'arch_hibernation_header_save' was not declared. Should it be static?
arch/x86/power/hibernate_64.c:142:5: warning: symbol 'arch_hibernation_header_restore' was not declared. Should it be static?
arch/x86/video/fbdev.c:14:5: warning: symbol 'fb_is_primary_device' was not declared. Should it be static?
net/socket.c:2613:17: warning: Variable length array is used.
net/socket.c:2613:17: error: cannot size expression
include/net/sock.h:1762:9: warning: Variable length array is used.
include/net/sock.h:1762:9: error: cannot size expression
include/net/sock.h:1545:31: warning: context imbalance in 'skb_free_datagram_locked' - unexpected unlock
net/core/scm.c:236:26: warning: cast removes address space of expression
net/core/scm.c:236:26: warning: incorrect type in argument 1 (different address spaces)
net/core/scm.c:272:48: warning: cast removes address space of expression
net/core/gen_stats.c:58:1: warning: context imbalance in 'gnet_stats_start_copy_compat' - wrong count at exit
net/core/gen_stats.c:35:23: warning: context imbalance in 'gnet_stats_copy_basic' - unexpected unlock
net/core/gen_stats.c:35:23: warning: context imbalance in 'gnet_stats_copy_rate_est' - unexpected unlock
net/core/gen_stats.c:35:23: warning: context imbalance in 'gnet_stats_copy_queue' - unexpected unlock
net/core/gen_stats.c:35:23: warning: context imbalance in 'gnet_stats_copy_app' - unexpected unlock
net/core/gen_stats.c:35:23: warning: context imbalance in 'gnet_stats_finish_copy' - unexpected unlock
include/linux/rculist.h:54:9: warning: Variable length array is used.
include/linux/rculist.h:54:9: error: cannot size expression
net/core/net_namespace.c:83:9: warning: Variable length array is used.
net/core/net_namespace.c:83:9: error: cannot size expression
net/core/net_namespace.c:209:9: error: cannot size expression
include/linux/rculist.h:54:9: error: cannot size expression
net/core/net_namespace.c:419:9: error: cannot size expression
net/core/sysctl_net_core.c:77:25: warning: Variable length array is used.
net/core/sysctl_net_core.c:77:25: error: cannot size expression
net/core/sysctl_net_core.c:133:33: error: cannot size expression
include/trace/events/net.h:170:1: error: directive in argument list
include/trace/events/net.h:172:1: error: directive in argument list
include/trace/events/net.h:174:1: error: directive in argument list
include/linux/rculist.h:54:9: error: cannot size expression
include/linux/rculist.h:402:9: error: cannot size expression
net/core/dev.c:1982:9: error: cannot size expression
net/core/dev.c:3473:9: error: cannot size expression
net/core/dev.c:3474:9: error: cannot size expression
net/core/dev.c:6388:9: error: cannot size expression
include/linux/rculist.h:54:9: warning: Variable length array is used.
include/linux/rculist.h:54:9: error: cannot size expression
net/core/neighbour.c:150:33: warning: Variable length array is used.
net/core/neighbour.c:150:33: error: cannot size expression
net/core/neighbour.c:219:25: error: cannot size expression
net/core/neighbour.c:389:25: error: cannot size expression
net/core/neighbour.c:393:25: error: cannot size expression
net/core/neighbour.c:397:9: error: cannot size expression
net/core/neighbour.c:534:9: error: cannot size expression
net/core/neighbour.c:537:9: error: cannot size expression
net/core/neighbour.c:2435:33: error: cannot size expression
net/core/rtnetlink.c:1906:41: warning: Variable length array is used.
net/core/rtnetlink.c:1907:49: warning: Variable length array is used.
net/core/filter.c:52:6: warning: symbol 'bpf_internal_load_pointer_neg_helper' was not declared. Should it be static?
net/core/filter.c:120:14: warning: symbol '__bpf_call_base' was not declared. Should it be static?
net/core/filter.c:378:39: error: arithmetics on pointers to functions
net/core/filter.c:806:58: error: subtraction of functions? Share your drugs
net/core/filter.c:809:54: error: subtraction of functions? Share your drugs
net/core/filter.c:812:59: error: subtraction of functions? Share your drugs
net/core/filter.c:815:54: error: subtraction of functions? Share your drugs
net/core/filter.c:1687:9: error: cannot size expression
net/core/net-sysfs.c:623:9: warning: Variable length array is used.
net/core/net-sysfs.c:623:9: error: cannot size expression
net/core/net-sysfs.c:709:9: error: cannot size expression
net/core/netpoll.c:643:9: warning: Variable length array is used.
net/core/netpoll.c:643:9: error: cannot size expression
include/linux/rculist.h:54:9: warning: Variable length array is used.
include/linux/rculist.h:54:9: error: cannot size expression
net/core/fib_rules.c:407:33: error: cannot size expression
include/trace/events/net.h:170:1: error: directive in argument list
include/trace/events/net.h:172:1: error: directive in argument list
include/trace/events/net.h:174:1: error: directive in argument list
include/trace/events/net.h:170:1: error: directive in argument list
include/trace/events/net.h:172:1: error: directive in argument list
include/trace/events/net.h:174:1: error: directive in argument list
include/trace/events/net.h:170:1: error: directive in argument list
include/trace/events/net.h:172:1: error: directive in argument list
include/trace/events/net.h:174:1: error: directive in argument list
include/trace/events/net.h:170:1: error: directive in argument list
include/trace/events/net.h:172:1: error: directive in argument list
include/trace/events/net.h:174:1: error: directive in argument list
include/trace/events/net.h:170:1: error: directive in argument list
include/trace/events/net.h:172:1: error: directive in argument list
include/trace/events/net.h:174:1: error: directive in argument list
include/trace/events/net.h:170:1: error: directive in argument list
include/trace/events/net.h:172:1: error: directive in argument list
include/trace/events/net.h:174:1: error: directive in argument list
include/trace/events/net.h:170:1: error: directive in argument list
include/trace/events/net.h:172:1: error: directive in argument list
include/trace/events/net.h:174:1: error: directive in argument list
include/trace/events/net.h:170:1: error: directive in argument list
include/trace/events/net.h:172:1: error: directive in argument list
include/trace/events/net.h:174:1: error: directive in argument list
include/trace/events/net.h:170:1: error: directive in argument list
include/trace/events/net.h:172:1: error: directive in argument list
include/trace/events/net.h:174:1: error: directive in argument list
include/trace/events/net.h:170:1: error: directive in argument list
include/trace/events/net.h:172:1: error: directive in argument list
include/trace/events/net.h:174:1: error: directive in argument list
net/core/ptp_classifier.c:137:58: warning: incorrect type in initializer (different address spaces)
net/dns_resolver/dns_key.c:162:9: warning: Variable length array is used.
net/dns_resolver/dns_key.c:162:9: error: cannot size expression
net/ipv4/route.c:665:25: warning: Variable length array is used.
net/ipv4/route.c:665:25: error: cannot size expression
include/net/sock.h:1762:9: error: cannot size expression
net/ipv4/route.c:1278:25: error: cannot size expression
net/ipv4/inetpeer.c:513:17: warning: Variable length array is used.
net/ipv4/inetpeer.c:513:17: error: cannot size expression
net/ipv4/ip_input.c:360:17: warning: incorrect type in initializer (different address spaces)
net/ipv4/ip_input.c:360:17: warning: incorrect type in initializer (different address spaces)
net/ipv4/ip_input.c:360:17: warning: incorrect type in initializer (different address spaces)
net/ipv4/ip_input.c:363:17: warning: incorrect type in initializer (different address spaces)
net/ipv4/ip_input.c:363:17: warning: incorrect type in initializer (different address spaces)
net/ipv4/ip_input.c:363:17: warning: incorrect type in initializer (different address spaces)
net/ipv4/ip_input.c:388:9: warning: incorrect type in initializer (different address spaces)
net/ipv4/ip_input.c:388:9: warning: incorrect type in initializer (different address spaces)
net/ipv4/ip_input.c:388:9: warning: incorrect type in initializer (different address spaces)
net/ipv4/ip_output.c:176:17: warning: incorrect type in initializer (different address spaces)
net/ipv4/ip_output.c:176:17: warning: incorrect type in initializer (different address spaces)
net/ipv4/ip_output.c:176:17: warning: incorrect type in initializer (different address spaces)
net/ipv4/ip_output.c:178:17: warning: incorrect type in initializer (different address spaces)
net/ipv4/ip_output.c:178:17: warning: incorrect type in initializer (different address spaces)
net/ipv4/ip_output.c:178:17: warning: incorrect type in initializer (different address spaces)
net/ipv4/ip_output.c:176:17: warning: incorrect type in initializer (different address spaces)
net/ipv4/ip_output.c:176:17: warning: incorrect type in initializer (different address spaces)
net/ipv4/ip_output.c:176:17: warning: incorrect type in initializer (different address spaces)
net/ipv4/ip_output.c:178:17: warning: incorrect type in initializer (different address spaces)
net/ipv4/ip_output.c:178:17: warning: incorrect type in initializer (different address spaces)
net/ipv4/ip_output.c:178:17: warning: incorrect type in initializer (different address spaces)
net/ipv4/ip_output.c:282:9: warning: incorrect type in initializer (different address spaces)
net/ipv4/ip_output.c:282:9: warning: incorrect type in initializer (different address spaces)
net/ipv4/ip_output.c:282:9: warning: incorrect type in initializer (different address spaces)
net/ipv4/ip_output.c:338:9: warning: incorrect type in initializer (different address spaces)
net/ipv4/ip_output.c:338:9: warning: incorrect type in initializer (different address spaces)
net/ipv4/ip_output.c:338:9: warning: incorrect type in initializer (different address spaces)
net/ipv4/ip_output.c:176:17: warning: incorrect type in initializer (different address spaces)
net/ipv4/ip_output.c:176:17: warning: incorrect type in initializer (different address spaces)
net/ipv4/ip_output.c:176:17: warning: incorrect type in initializer (different address spaces)
net/ipv4/ip_output.c:178:17: warning: incorrect type in initializer (different address spaces)
net/ipv4/ip_output.c:178:17: warning: incorrect type in initializer (different address spaces)
net/ipv4/ip_output.c:178:17: warning: incorrect type in initializer (different address spaces)
net/ipv4/ip_sockglue.c:306:25: warning: Variable length array is used.
net/ipv4/ip_sockglue.c:306:25: error: cannot size expression
net/ipv4/ip_sockglue.c:329:9: error: cannot size expression
net/ipv4/ip_sockglue.c:566:17: error: cannot size expression
include/net/sock.h:1762:9: error: cannot size expression
include/linux/rculist_nulls.h:97:9: warning: Variable length array is used.
include/linux/rculist_nulls.h:97:9: error: cannot size expression
include/linux/rculist_nulls.h:97:9: warning: Variable length array is used.
include/linux/rculist_nulls.h:97:9: error: cannot size expression
include/net/sock.h:1762:9: warning: Variable length array is used.
include/net/sock.h:1762:9: error: cannot size expression
include/net/sock.h:1762:9: warning: Variable length array is used.
include/net/sock.h:1762:9: error: cannot size expression
include/net/sock.h:1745:25: warning: Variable length array is used.
include/net/sock.h:1745:25: error: cannot size expression
include/net/sock.h:1762:9: error: cannot size expression
net/ipv4/tcp_ipv4.c:1006:17: warning: Variable length array is used.
net/ipv4/tcp_ipv4.c:1006:17: error: cannot size expression
include/linux/rculist.h:402:9: error: cannot size expression
net/ipv4/tcp_ipv4.c:1652:9: error: cannot size expression
net/ipv4/tcp_minisocks.c:757:9: warning: context imbalance in 'tcp_child_process' - unexpected unlock
include/linux/rculist.h:54:9: warning: Variable length array is used.
include/linux/rculist.h:54:9: error: cannot size expression
net/ipv4/tcp_metrics.c:193:17: warning: Variable length array is used.
net/ipv4/tcp_metrics.c:193:17: error: cannot size expression
net/ipv4/tcp_fastopen.c:67:9: warning: Variable length array is used.
net/ipv4/tcp_fastopen.c:67:9: error: cannot size expression
include/net/sock.h:1762:9: warning: Variable length array is used.
include/net/sock.h:1762:9: error: cannot size expression
include/net/sock.h:1762:9: warning: Variable length array is used.
include/net/sock.h:1762:9: error: cannot size expression
include/linux/rculist_nulls.h:97:9: warning: Variable length array is used.
include/linux/rculist_nulls.h:97:9: error: cannot size expression
include/net/sock.h:1762:9: error: cannot size expression
net/ipv4/udp_offload.c:114:9: warning: Variable length array is used.
net/ipv4/udp_offload.c:114:9: error: cannot size expression
net/ipv4/udp_offload.c:138:25: error: cannot size expression
net/ipv4/icmp.c:331:13: warning: context imbalance in 'icmp_reply' - different lock contexts for basic block
net/ipv4/icmp.c:484:6: warning: context imbalance in 'icmp_send' - different lock contexts for basic block
include/linux/rculist.h:402:9: warning: Variable length array is used.
include/linux/rculist.h:402:9: error: cannot size expression
net/ipv4/devinet.c:264:9: error: cannot size expression
include/net/sock.h:1762:9: warning: Variable length array is used.
include/net/sock.h:1762:9: error: cannot size expression
include/linux/rculist.h:54:9: error: cannot size expression
net/ipv4/igmp.c:1263:17: warning: Variable length array is used.
net/ipv4/igmp.c:1263:17: error: cannot size expression
net/ipv4/igmp.c:1282:9: error: cannot size expression
net/ipv4/igmp.c:1338:9: error: cannot size expression
net/ipv4/igmp.c:1909:9: error: cannot size expression
net/ipv4/igmp.c:2097:17: error: cannot size expression
net/ipv4/igmp.c:2200:9: error: cannot size expression
include/linux/rculist.h:402:9: warning: Variable length array is used.
include/linux/rculist.h:402:9: error: cannot size expression
net/ipv4/fib_trie.c:520:9: warning: Variable length array is used.
net/ipv4/fib_trie.c:520:9: error: cannot size expression
include/linux/rculist.h:402:9: error: cannot size expression
include/linux/rculist.h:457:9: error: cannot size expression
include/linux/rculist.h:430:9: error: cannot size expression
net/ipv4/fib_trie.c:1001:25: error: cannot size expression
net/ipv4/fib_trie.c:1013:9: error: cannot size expression
net/ipv4/fib_trie.c:1145:25: error: cannot size expression
include/linux/rculist.h:176:9: error: cannot size expression
include/linux/rculist.h:54:9: error: cannot size expression
include/net/sock.h:1762:9: warning: Variable length array is used.
include/net/sock.h:1762:9: error: cannot size expression
include/linux/rculist.h:402:9: warning: Variable length array is used.
include/linux/rculist.h:402:9: error: cannot size expression
include/linux/rculist.h:54:9: warning: Variable length array is used.
include/linux/rculist.h:54:9: error: cannot size expression
net/ipv4/ipmr.c:1305:25: error: cannot size expression
net/ipv4/tunnel4.c:47:9: warning: Variable length array is used.
net/ipv4/tunnel4.c:47:9: error: cannot size expression
net/ipv4/ipconfig.c:139:8: warning: symbol 'ic_addrservaddr' was not declared. Should it be static?
net/ipv4/ipconfig.c:146:8: warning: symbol 'ic_dev_xid' was not declared. Should it be static?
net/ipv4/netfilter/ip_tables.c:68:16: warning: Variable length array is used.
net/ipv4/netfilter/ip_tables.c:354:27: warning: incorrect type in assignment (different modifiers)
net/ipv4/netfilter/ip_tables.c:396:43: warning: incorrect type in assignment (different modifiers)
net/ipv4/netfilter/ip_tables.c:422:27: warning: incorrect type in assignment (different modifiers)
include/linux/rculist.h:54:9: warning: Variable length array is used.
include/linux/rculist.h:54:9: error: cannot size expression
net/ipv4/cipso_ipv4.c:1932:9: error: cannot size expression
net/ipv4/xfrm4_protocol.c:240:9: warning: Variable length array is used.
net/ipv4/xfrm4_protocol.c:240:9: error: cannot size expression
include/linux/rculist.h:54:9: warning: Variable length array is used.
include/linux/rculist.h:54:9: error: cannot size expression
net/ipv6/anycast.c:437:25: warning: context imbalance in 'ac6_get_next' - unexpected unlock
net/ipv6/anycast.c:459:9: warning: context imbalance in 'ac6_get_idx' - wrong count at exit
include/linux/rcupdate.h:827:9: warning: context imbalance in 'ac6_seq_stop' - unexpected unlock
net/ipv6/ip6_output.c:96:17: warning: incorrect type in initializer (different address spaces)
net/ipv6/ip6_output.c:96:17: warning: incorrect type in initializer (different address spaces)
net/ipv6/ip6_output.c:96:17: warning: incorrect type in initializer (different address spaces)
net/ipv6/ip6_output.c:96:17: warning: incorrect type in initializer (different address spaces)
net/ipv6/ip6_output.c:96:17: warning: incorrect type in initializer (different address spaces)
net/ipv6/ip6_output.c:96:17: warning: incorrect type in initializer (different address spaces)
net/ipv6/ip6_output.c:223:17: warning: incorrect type in initializer (different address spaces)
net/ipv6/ip6_output.c:223:17: warning: incorrect type in initializer (different address spaces)
net/ipv6/ip6_output.c:223:17: warning: incorrect type in initializer (different address spaces)
net/ipv6/ip6_output.c:223:17: warning: incorrect type in initializer (different address spaces)
net/ipv6/ip6_output.c:223:17: warning: incorrect type in initializer (different address spaces)
net/ipv6/ip6_output.c:223:17: warning: incorrect type in initializer (different address spaces)
net/ipv6/ip6_output.c:1570:9: warning: incorrect type in initializer (different address spaces)
net/ipv6/ip6_output.c:1570:9: warning: incorrect type in initializer (different address spaces)
net/ipv6/ip6_output.c:1570:9: warning: incorrect type in initializer (different address spaces)
net/ipv6/ip6_output.c:1570:9: warning: incorrect type in initializer (different address spaces)
net/ipv6/ip6_output.c:1570:9: warning: incorrect type in initializer (different address spaces)
net/ipv6/ip6_output.c:1570:9: warning: incorrect type in initializer (different address spaces)
net/ipv6/ip6_input.c:81:9: warning: incorrect type in initializer (different address spaces)
net/ipv6/ip6_input.c:81:9: warning: incorrect type in initializer (different address spaces)
net/ipv6/ip6_input.c:81:9: warning: incorrect type in initializer (different address spaces)
net/ipv6/ip6_input.c:81:9: warning: incorrect type in initializer (different address spaces)
net/ipv6/ip6_input.c:81:9: warning: incorrect type in initializer (different address spaces)
net/ipv6/ip6_input.c:81:9: warning: incorrect type in initializer (different address spaces)
net/ipv6/ip6_input.c:288:9: warning: incorrect type in initializer (different address spaces)
net/ipv6/ip6_input.c:288:9: warning: incorrect type in initializer (different address spaces)
net/ipv6/ip6_input.c:288:9: warning: incorrect type in initializer (different address spaces)
net/ipv6/ip6_input.c:288:9: warning: incorrect type in initializer (different address spaces)
net/ipv6/ip6_input.c:288:9: warning: incorrect type in initializer (different address spaces)
net/ipv6/ip6_input.c:288:9: warning: incorrect type in initializer (different address spaces)
net/ipv6/addrconf.c:402:9: warning: Variable length array is used.
net/ipv6/addrconf.c:402:9: error: cannot size expression
include/linux/rculist.h:402:9: error: cannot size expression
include/linux/rculist.h:363:9: warning: Variable length array is used.
include/linux/rculist.h:363:9: error: cannot size expression
include/linux/rculist.h:430:9: error: cannot size expression
include/linux/rculist.h:457:9: error: cannot size expression
include/linux/rculist.h:402:9: error: cannot size expression
include/linux/rculist.h:402:9: warning: Variable length array is used.
include/linux/rculist.h:402:9: error: cannot size expression
include/net/sock.h:1762:9: warning: Variable length array is used.
include/net/sock.h:1762:9: error: cannot size expression
net/ipv6/ndisc.c:456:9: warning: incorrect type in initializer (different address spaces)
net/ipv6/ndisc.c:456:9: warning: incorrect type in initializer (different address spaces)
net/ipv6/ndisc.c:456:9: warning: incorrect type in initializer (different address spaces)
net/ipv6/ndisc.c:456:9: warning: incorrect type in initializer (different address spaces)
net/ipv6/ndisc.c:456:9: warning: incorrect type in initializer (different address spaces)
net/ipv6/ndisc.c:456:9: warning: incorrect type in initializer (different address spaces)
include/net/sock.h:1545:31: warning: context imbalance in 'udpv6_recvmsg' - unexpected unlock
net/ipv6/raw.c:656:9: warning: incorrect type in initializer (different address spaces)
net/ipv6/raw.c:656:9: warning: incorrect type in initializer (different address spaces)
net/ipv6/raw.c:656:9: warning: incorrect type in initializer (different address spaces)
net/ipv6/raw.c:656:9: warning: incorrect type in initializer (different address spaces)
net/ipv6/raw.c:656:9: warning: incorrect type in initializer (different address spaces)
net/ipv6/raw.c:656:9: warning: incorrect type in initializer (different address spaces)
net/ipv6/icmp.c:386:13: warning: context imbalance in 'icmp6_send' - different lock contexts for basic block
net/ipv6/icmp.c:544:13: warning: context imbalance in 'icmpv6_echo_reply' - wrong count at exit
net/ipv6/mcast.c:211:9: warning: Variable length array is used.
net/ipv6/mcast.c:211:9: error: cannot size expression
include/net/sock.h:1762:9: warning: Variable length array is used.
include/net/sock.h:1762:9: error: cannot size expression
net/ipv6/ip6_flowlabel.c:233:9: warning: Variable length array is used.
net/ipv6/ip6_flowlabel.c:233:9: error: cannot size expression
net/ipv6/ip6_flowlabel.c:474:9: error: cannot size expression
net/ipv6/xfrm6_state.c:64:19: warning: Variable length array is used.
net/ipv6/xfrm6_state.c:66:26: error: cannot size expression
net/ipv6/xfrm6_protocol.c:214:9: warning: Variable length array is used.
net/ipv6/xfrm6_protocol.c:214:9: error: cannot size expression
net/ipv6/netfilter/ip6_tables.c:69:16: warning: Variable length array is used.
net/ipv6/netfilter/ip6_tables.c:374:27: warning: incorrect type in assignment (different modifiers)
net/ipv6/netfilter/ip6_tables.c:411:43: warning: incorrect type in assignment (different modifiers)
net/ipv6/netfilter/ip6_tables.c:432:27: warning: incorrect type in assignment (different modifiers)
net/ipv6/sit.c:160:25: warning: Variable length array is used.
net/ipv6/sit.c:160:25: error: cannot size expression
net/ipv6/sit.c:170:9: error: cannot size expression
net/ipv6/sit.c:171:9: error: cannot size expression
net/ipv6/sit.c:390:9: error: cannot size expression
net/ipv6/sit.c:1406:9: error: cannot size expression
include/linux/rculist_nulls.h:97:9: warning: Variable length array is used.
include/linux/rculist_nulls.h:97:9: error: cannot size expression
net/mac80211/sta_info.c:77:17: warning: Variable length array is used.
net/mac80211/sta_info.c:77:17: error: cannot size expression
net/mac80211/sta_info.c:87:17: error: cannot size expression
net/mac80211/sta_info.c:252:9: error: cannot size expression
include/linux/rculist.h:54:9: error: cannot size expression
net/mac80211/scan.c:312:9: warning: Variable length array is used.
net/mac80211/scan.c:312:9: error: cannot size expression
net/mac80211/scan.c:468:17: error: cannot size expression
net/mac80211/scan.c:503:9: error: cannot size expression
net/mac80211/scan.c:562:17: error: cannot size expression
net/mac80211/scan.c:776:17: error: cannot size expression
net/mac80211/scan.c:1007:17: error: cannot size expression
net/mac80211/scan.c:1017:17: error: cannot size expression
net/mac80211/scan.c:1061:25: error: cannot size expression
net/mac80211/scan.c:1092:9: error: cannot size expression
net/mac80211/agg-tx.c:149:9: warning: Variable length array is used.
net/mac80211/agg-tx.c:149:9: error: cannot size expression
net/mac80211/agg-rx.c:342:9: warning: Variable length array is used.
net/mac80211/agg-rx.c:342:9: error: cannot size expression
net/mac80211/ibss.c:256:9: warning: Variable length array is used.
net/mac80211/ibss.c:256:9: error: cannot size expression
net/mac80211/ibss.c:320:9: error: cannot size expression
net/mac80211/ibss.c:521:9: error: cannot size expression
net/mac80211/iface.c:417:9: warning: Variable length array is used.
net/mac80211/iface.c:417:9: error: cannot size expression
net/mac80211/iface.c:426:17: error: cannot size expression
net/mac80211/iface.c:455:9: error: cannot size expression
net/mac80211/iface.c:668:17: error: cannot size expression
net/mac80211/iface.c:879:17: error: cannot size expression
net/mac80211/iface.c:898:17: error: cannot size expression
include/linux/rculist.h:54:9: error: cannot size expression
net/mac80211/rate.c:708:9: warning: Variable length array is used.
net/mac80211/rate.c:708:9: error: cannot size expression
net/mac80211/aes_ccm.c:28:65: warning: Variable length array is used.
net/mac80211/aes_ccm.c:52:65: warning: Variable length array is used.
net/mac80211/cfg.c:872:9: warning: Variable length array is used.
net/mac80211/cfg.c:872:9: error: cannot size expression
net/mac80211/cfg.c:944:9: error: cannot size expression
net/mac80211/cfg.c:1563:25: error: cannot size expression
net/mac80211/cfg.c:1569:25: error: cannot size expression
net/mac80211/cfg.c:3945:9: error: cannot size expression
net/mac80211/key.c:211:17: warning: Variable length array is used.
net/mac80211/key.c:211:17: error: cannot size expression
net/mac80211/key.c:216:17: error: cannot size expression
net/mac80211/key.c:240:9: error: cannot size expression
net/mac80211/key.c:279:25: error: cannot size expression
net/mac80211/key.c:282:25: error: cannot size expression
net/mac80211/key.c:303:17: error: cannot size expression
net/mac80211/util.c:1549:25: warning: Variable length array is used.
net/mac80211/util.c:1549:25: error: cannot size expression
include/linux/rculist.h:54:9: warning: Variable length array is used.
include/linux/rculist.h:54:9: error: cannot size expression
net/mac80211/chan.c:315:9: error: cannot size expression
net/mac80211/chan.c:395:9: error: cannot size expression
net/mac80211/chan.c:694:9: error: cannot size expression
net/mac80211/chan.c:727:17: error: cannot size expression
net/netfilter/core.c:33:32: warning: symbol 'nf_ipv6_ops' was not declared. Should it be static?
include/linux/rculist.h:54:9: warning: Variable length array is used.
include/linux/rculist.h:54:9: error: cannot size expression
net/netfilter/nf_log.c:45:17: warning: Variable length array is used.
net/netfilter/nf_log.c:45:17: error: cannot size expression
net/netfilter/nf_log.c:116:9: error: cannot size expression
net/netfilter/nf_log.c:274:17: error: cannot size expression
net/netfilter/nf_queue.c:36:9: warning: Variable length array is used.
net/netfilter/nf_queue.c:36:9: error: cannot size expression
include/linux/rculist_nulls.h:97:9: warning: Variable length array is used.
include/linux/rculist_nulls.h:97:9: error: cannot size expression
net/netfilter/nf_conntrack_core.c:996:41: error: cannot size expression
net/netfilter/nf_conntrack_core.c:1781:9: error: cannot dereference this type
net/netfilter/nf_conntrack_core.c:1782:9: error: cannot dereference this type
include/linux/rculist.h:402:9: warning: Variable length array is used.
include/linux/rculist.h:402:9: error: cannot size expression
net/netfilter/nf_conntrack_helper.c:247:9: warning: Variable length array is used.
net/netfilter/nf_conntrack_helper.c:247:9: error: cannot size expression
include/linux/rculist.h:54:9: error: cannot size expression
include/linux/rculist.h:402:9: error: cannot size expression
net/netfilter/nf_conntrack_proto.c:232:9: warning: Variable length array is used.
net/netfilter/nf_conntrack_proto.c:232:9: error: cannot size expression
net/netfilter/nf_conntrack_proto.c:264:9: error: cannot size expression
net/netfilter/nf_conntrack_proto.c:409:9: error: cannot size expression
net/netfilter/nf_conntrack_proto.c:452:9: error: cannot size expression
net/netfilter/nf_conntrack_proto.c:512:17: error: cannot size expression
net/netfilter/nf_conntrack_extend.c:174:9: warning: Variable length array is used.
net/netfilter/nf_conntrack_extend.c:174:9: error: cannot size expression
net/netfilter/nfnetlink.c:79:9: warning: Variable length array is used.
net/netfilter/nfnetlink.c:79:9: error: cannot size expression
net/netfilter/nfnetlink.c:433:9: error: cannot size expression
include/linux/rculist.h:402:9: warning: Variable length array is used.
include/linux/rculist.h:402:9: error: cannot size expression
include/linux/rcupdate.h:827:9: warning: context imbalance in 'ctnetlink_parse_nat_setup' - unexpected unlock
net/netfilter/nf_conntrack_netlink.c:1388:31: warning: context imbalance in 'ctnetlink_change_conntrack' - unexpected unlock
include/linux/rculist.h:402:9: warning: Variable length array is used.
include/linux/rculist.h:402:9: error: cannot size expression
include/linux/rculist.h:363:9: error: cannot size expression
net/netfilter/nf_nat_core.c:825:9: error: cannot dereference this type
net/netfilter/nf_nat_core.c:829:9: error: cannot dereference this type
net/netfilter/nf_nat_ftp.c:132:9: error: cannot dereference this type
net/netfilter/nf_nat_irc.c:105:9: error: cannot dereference this type
net/netlabel/netlabel_domainhash.c:348:9: warning: Variable length array is used.
net/netlabel/netlabel_domainhash.c:348:9: error: cannot size expression
include/linux/rculist.h:54:9: error: cannot size expression
net/netlabel/netlabel_domainhash.c:400:25: error: cannot size expression
include/linux/rculist.h:54:9: warning: Variable length array is used.
include/linux/rculist.h:54:9: error: cannot size expression
include/linux/rculist.h:54:9: warning: Variable length array is used.
include/linux/rculist.h:54:9: error: cannot size expression
net/netlabel/netlabel_unlabeled.c:356:17: error: cannot size expression
net/netlabel/netlabel_unlabeled.c:1444:9: error: cannot size expression
include/linux/rculist.h:54:9: warning: Variable length array is used.
include/linux/rculist.h:54:9: error: cannot size expression
net/netlink/af_netlink.c:2531:17: error: cannot size expression
net/netlink/af_netlink.c:2580:17: error: cannot size expression
net/netlink/af_netlink.c:3130:9: error: cannot size expression
net/packet/af_packet.c:299:9: warning: Variable length array is used.
net/packet/af_packet.c:299:9: error: cannot size expression
include/linux/rculist.h:402:9: error: cannot size expression
net/sched/sch_generic.c:682:9: warning: Variable length array is used.
net/sched/sch_generic.c:682:9: error: cannot size expression
net/sched/sch_generic.c:739:9: error: cannot size expression
net/sched/sch_generic.c:788:17: error: cannot size expression
net/sched/sch_generic.c:896:17: error: cannot size expression
net/sched/sch_api.c:951:25: warning: Variable length array is used.
net/sched/sch_api.c:951:25: error: cannot size expression
net/sched/sch_api.c:1017:9: error: cannot size expression
net/sunrpc/clnt.c:281:9: warning: Variable length array is used.
net/sunrpc/clnt.c:281:9: error: cannot size expression
include/linux/rculist.h:402:9: warning: Variable length array is used.
include/linux/rculist.h:402:9: error: cannot size expression
net/sunrpc/sysctl.c:28:17: warning: symbol 'rpc_debug' was not declared. Should it be static?
net/sunrpc/sysctl.c:31:17: warning: symbol 'nfs_debug' was not declared. Should it be static?
net/sunrpc/sysctl.c:34:17: warning: symbol 'nfsd_debug' was not declared. Should it be static?
net/sunrpc/sysctl.c:37:17: warning: symbol 'nlm_debug' was not declared. Should it be static?
net/sunrpc/auth_gss/auth_gss.c:144:9: warning: Variable length array is used.
net/sunrpc/auth_gss/auth_gss.c:144:9: error: cannot size expression
net/unix/af_unix.c:942:13: warning: context imbalance in 'unix_state_double_lock' - wrong count at exit
/cmpt816/linux/arch/x86/include/asm/spinlock.h:160:17: warning: context imbalance in 'unix_state_double_unlock' - unexpected unlock
net/unix/af_unix.c:1050:54: warning: context imbalance in 'unix_wait_for_peer' - unexpected unlock
net/unix/af_unix.c:1229:9: warning: context imbalance in 'unix_stream_connect' - different lock contexts for basic block
net/unix/af_unix.c:1611:9: warning: context imbalance in 'unix_dgram_sendmsg' - different lock contexts for basic block
include/linux/rculist.h:54:9: warning: Variable length array is used.
include/linux/rculist.h:54:9: error: cannot size expression
net/wireless/reg.c:258:9: warning: Variable length array is used.
net/wireless/reg.c:258:9: error: cannot size expression
net/wireless/reg.c:282:9: error: cannot size expression
net/wireless/reg.c:1689:17: error: cannot size expression
net/wireless/reg.c:2447:17: error: cannot size expression
net/wireless/reg.c:2462:9: error: cannot size expression
net/wireless/reg.c:2597:9: error: cannot size expression
net/wireless/reg.c:2630:9: error: cannot size expression
net/wireless/scan.c:678:17: warning: Variable length array is used.
net/wireless/scan.c:678:17: error: cannot size expression
net/wireless/scan.c:714:25: error: cannot size expression
net/wireless/scan.c:717:25: error: cannot size expression
net/wireless/scan.c:748:25: error: cannot size expression
net/wireless/scan.c:753:33: error: cannot size expression
net/wireless/scan.c:764:33: error: cannot size expression
net/wireless/scan.c:817:33: error: cannot size expression
net/wireless/scan.c:925:9: error: cannot size expression
net/wireless/scan.c:926:9: error: cannot size expression
net/wireless/scan.c:988:17: error: cannot size expression
net/wireless/scan.c:990:17: error: cannot size expression
net/wireless/scan.c:991:9: error: cannot size expression
include/linux/rculist.h:54:9: warning: Variable length array is used.
include/linux/rculist.h:54:9: error: cannot size expression
net/xfrm/xfrm_policy.c:2692:17: warning: Variable length array is used.
net/xfrm/xfrm_policy.c:2692:17: error: cannot size expression
include/linux/rculist.h:54:9: warning: Variable length array is used.
include/linux/rculist.h:54:9: error: cannot size expression
net/xfrm/xfrm_state.c:1927:17: error: cannot size expression
net/xfrm/xfrm_input.c:34:17: warning: Variable length array is used.
net/xfrm/xfrm_input.c:34:17: error: cannot size expression
net/xfrm/xfrm_user.c:3035:9: warning: Variable length array is used.
net/xfrm/xfrm_user.c:3035:9: error: cannot size expression
net/compat.c:76:24: warning: incorrect type in assignment (different address spaces)
net/compat.c:77:23: warning: incorrect type in assignment (different address spaces)
net/compat.c:78:27: warning: incorrect type in assignment (different address spaces)
net/compat.c:90:63: warning: incorrect type in argument 1 (different address spaces)
net/compat.c:162:22: warning: cast removes address space of expression
net/compat.c:190:22: warning: cast removes address space of expression
net/compat.c:369:54: warning: incorrect type in argument 4 (different address spaces)
net/compat.c:430:54: warning: incorrect type in argument 4 (different address spaces)
net/compat.c:430:71: warning: incorrect type in argument 5 (different address spaces)
net/compat.c:573:57: warning: cast removes address space of expression
net/compat.c:573:57: warning: incorrect type in initializer (different address spaces)
net/compat.c:594:65: warning: cast removes address space of expression
net/compat.c:594:65: warning: incorrect type in initializer (different address spaces)
net/compat.c:615:60: warning: cast removes address space of expression
net/compat.c:615:60: warning: incorrect type in initializer (different address spaces)
net/compat.c:653:52: warning: cast removes address space of expression
net/compat.c:653:52: warning: incorrect type in initializer (different address spaces)
lib/lockref.c:97:5: warning: context imbalance in 'lockref_get_or_lock' - different lock contexts for basic block
lib/lockref.c:121:5: warning: context imbalance in 'lockref_put_or_lock' - wrong count at exit
lib/bcd.c:4:10: error: symbol '_bcd2bin' redeclared with different type (originally declared at include/linux/bcd.h:19) - different modifiers
lib/bcd.c:10:15: error: symbol '_bin2bcd' redeclared with different type (originally declared at include/linux/bcd.h:20) - different modifiers
lib/gcd.c:6:15: error: symbol 'gcd' redeclared with different type (originally declared at include/linux/gcd.h:6) - different modifiers
lib/lcm.c:7:15: error: symbol 'lcm' redeclared with different type (originally declared at include/linux/lcm.h:6) - different modifiers
lib/crc32.c:263:12: error: symbol 'crc32_le' redeclared with different type (originally declared at include/linux/crc32.h:11) - different modifiers
lib/crc32.c:268:12: error: symbol '__crc32c_le' redeclared with different type (originally declared at include/linux/crc32.h:34) - different modifiers
lib/crc32.c:274:12: error: symbol 'crc32_le_combine' redeclared with different type (originally declared at include/linux/crc32.h:32) - different modifiers
lib/crc32.c:279:12: error: symbol '__crc32c_le_combine' redeclared with different type (originally declared at include/linux/crc32.h:54) - different modifiers
lib/crc32.c:343:12: error: symbol 'crc32_be' redeclared with different type (originally declared at include/linux/crc32.h:12) - different modifiers
lib/xz/xz_dec_stream.c:734:23: warning: function 'xz_dec_run' with external linkage has definition
lib/xz/xz_dec_stream.c:770:25: warning: function 'xz_dec_init' with external linkage has definition
lib/xz/xz_dec_stream.c:800:16: warning: function 'xz_dec_reset' with external linkage has definition
lib/xz/xz_dec_stream.c:812:16: warning: function 'xz_dec_end' with external linkage has definition
lib/xz/xz_dec_lzma2.c:931:23: warning: function 'xz_dec_lzma2_run' with external linkage has definition
lib/xz/xz_dec_lzma2.c:1104:31: warning: function 'xz_dec_lzma2_create' with external linkage has definition
lib/xz/xz_dec_lzma2.c:1128:23: warning: function 'xz_dec_lzma2_reset' with external linkage has definition
lib/xz/xz_dec_lzma2.c:1165:16: warning: function 'xz_dec_lzma2_end' with external linkage has definition
lib/xz/xz_dec_bcj.c:417:23: warning: function 'xz_dec_bcj_run' with external linkage has definition
lib/xz/xz_dec_bcj.c:527:29: warning: function 'xz_dec_bcj_create' with external linkage has definition
lib/xz/xz_dec_bcj.c:536:23: warning: function 'xz_dec_bcj_reset' with external linkage has definition
lib/xz/xz_dec_bcj.c:91:21: warning: Initializer entry defined twice
lib/swiotlb.c:240:1: warning: symbol 'swiotlb_late_init_with_default_size' was not declared. Should it be static?
lib/swiotlb.c:537:13: warning: symbol 'map_single' was not declared. Should it be static?
lib/iommu-helper.c:9:5: warning: symbol 'iommu_is_span_boundary' was not declared. Should it be static?
lib/iommu-helper.c:19:15: warning: symbol 'iommu_area_alloc' was not declared. Should it be static?
lib/decompress_unxz.c:251:17: warning: symbol 'unxz' was not declared. Should it be static?
lib/idr.c:285:25: warning: Variable length array is used.
lib/idr.c:285:25: error: cannot size expression
lib/idr.c:353:9: error: cannot size expression
lib/idr.c:369:9: error: cannot size expression
lib/idr.c:371:9: error: cannot size expression
lib/idr.c:576:17: error: cannot size expression
lib/idr.c:830:9: error: cannot size expression
lib/idr.c:977:17: error: cannot size expression
lib/radix-tree.c:356:17: warning: Variable length array is used.
lib/radix-tree.c:356:17: error: cannot size expression
lib/radix-tree.c:407:33: error: cannot size expression
lib/radix-tree.c:411:33: error: cannot size expression
lib/radix-tree.c:451:9: error: cannot size expression
lib/string.c:793:20: warning: constant 0x0101010101010101 is so big it is long
lib/vsprintf.c:693:18: warning: Variable length array is used.
lib/vsprintf.c:696:38: error: cannot size expression
arch/x86/lib/msr-smp.c:13:23: warning: incorrect type in initializer (different address spaces)
arch/x86/lib/msr-smp.c:27:23: warning: incorrect type in initializer (different address spaces)
arch/x86/lib/msr.c:9:14: warning: incorrect type in assignment (different address spaces)
arch/x86/lib/msr.c:21:21: warning: incorrect type in argument 1 (different address spaces)
arch/x86/lib/msr.c:35:5: warning: symbol 'msr_read' was not declared. Should it be static?
arch/x86/lib/msr.c:53:5: warning: symbol 'msr_write' was not declared. Should it be static?
arch/x86/lib/inat-tables.c:5:19: warning: symbol 'inat_primary_table' was not declared. Should it be static?
arch/x86/lib/inat-tables.c:205:19: warning: symbol 'inat_escape_table_1' was not declared. Should it be static?
arch/x86/lib/inat-tables.c:418:19: warning: symbol 'inat_escape_table_1_1' was not declared. Should it be static?
arch/x86/lib/inat-tables.c:526:19: warning: symbol 'inat_escape_table_1_2' was not declared. Should it be static?
arch/x86/lib/inat-tables.c:556:19: warning: symbol 'inat_escape_table_1_3' was not declared. Should it be static?
arch/x86/lib/inat-tables.c:584:19: warning: symbol 'inat_escape_table_2' was not declared. Should it be static?
arch/x86/lib/inat-tables.c:705:19: warning: symbol 'inat_escape_table_2_1' was not declared. Should it be static?
arch/x86/lib/inat-tables.c:823:19: warning: symbol 'inat_escape_table_2_2' was not declared. Should it be static?
arch/x86/lib/inat-tables.c:828:19: warning: symbol 'inat_escape_table_2_3' was not declared. Should it be static?
arch/x86/lib/inat-tables.c:837:19: warning: symbol 'inat_escape_table_3' was not declared. Should it be static?
arch/x86/lib/inat-tables.c:879:19: warning: symbol 'inat_escape_table_3_1' was not declared. Should it be static?
arch/x86/lib/inat-tables.c:920:19: warning: symbol 'inat_escape_table_3_3' was not declared. Should it be static?
arch/x86/lib/inat-tables.c:931:19: warning: symbol 'inat_group_table_6' was not declared. Should it be static?
arch/x86/lib/inat-tables.c:942:19: warning: symbol 'inat_group_table_7' was not declared. Should it be static?
arch/x86/lib/inat-tables.c:953:19: warning: symbol 'inat_group_table_8' was not declared. Should it be static?
arch/x86/lib/inat-tables.c:959:19: warning: symbol 'inat_group_table_9' was not declared. Should it be static?
arch/x86/lib/inat-tables.c:970:19: warning: symbol 'inat_group_table_10' was not declared. Should it be static?
arch/x86/lib/inat-tables.c:980:19: warning: symbol 'inat_group_table_11' was not declared. Should it be static?
arch/x86/lib/inat-tables.c:993:19: warning: symbol 'inat_group_table_22' was not declared. Should it be static?
arch/x86/lib/inat-tables.c:998:19: warning: symbol 'inat_group_table_22_1' was not declared. Should it be static?
arch/x86/lib/inat-tables.c:1001:19: warning: symbol 'inat_group_table_22_2' was not declared. Should it be static?
arch/x86/lib/inat-tables.c:1009:19: warning: symbol 'inat_group_table_4' was not declared. Should it be static?
arch/x86/lib/inat-tables.c:1015:19: warning: symbol 'inat_group_table_5' was not declared. Should it be static?
arch/x86/lib/inat-tables.c:1021:19: warning: symbol 'inat_group_table_14' was not declared. Should it be static?
arch/x86/lib/inat-tables.c:1026:19: warning: symbol 'inat_group_table_14_1' was not declared. Should it be static?
arch/x86/lib/inat-tables.c:1033:19: warning: symbol 'inat_group_table_15' was not declared. Should it be static?
arch/x86/lib/inat-tables.c:1038:19: warning: symbol 'inat_group_table_15_1' was not declared. Should it be static?
arch/x86/lib/inat-tables.c:1045:19: warning: symbol 'inat_group_table_16' was not declared. Should it be static?
arch/x86/lib/inat-tables.c:1051:19: warning: symbol 'inat_group_table_16_1' was not declared. Should it be static?
arch/x86/lib/inat-tables.c:1059:19: warning: symbol 'inat_group_table_19' was not declared. Should it be static?
arch/x86/lib/inat-tables.c:1065:19: warning: symbol 'inat_group_table_19_2' was not declared. Should it be static?
arch/x86/lib/inat-tables.c:1073:19: warning: symbol 'inat_group_table_13' was not declared. Should it be static?
arch/x86/lib/inat-tables.c:1081:19: warning: symbol 'inat_group_table_23' was not declared. Should it be static?
arch/x86/lib/inat-tables.c:1094:19: warning: symbol 'inat_escape_tables' was not declared. Should it be static?
arch/x86/lib/inat-tables.c:1109:19: warning: symbol 'inat_group_tables' was not declared. Should it be static?
arch/x86/lib/inat-tables.c:1134:19: warning: symbol 'inat_avx_tables' was not declared. Should it be static?
arch/x86/lib/misc.c:6:5: warning: symbol 'num_digits' was not declared. Should it be static?
arch/x86/lib/usercopy_64.c:78:21: warning: incorrect type in argument 1 (different address spaces)
arch/x86/lib/usercopy_64.c:80:21: warning: incorrect type in argument 1 (different address spaces)
arch/x86/lib/usercopy_64.c:85:21: warning: incorrect type in argument 1 (different address spaces)
init/main.c:162:12: warning: symbol 'envp_init' was not declared. Should it be static?
init/do_mounts.c:8:2: warning: "Sparse checking disabled for this file"
init/do_mounts_initrd.c:8:2: warning: "Sparse checking disabled for this file"
init/do_mounts_md.c:8:2: warning: "Sparse checking disabled for this file"
init/initramfs.c:8:2: warning: "Sparse checking disabled for this file"
init/calibrate.c:260:37: warning: symbol 'calibrate_delay_is_known' was not declared. Should it be static?
init/init_task.c:14:44: warning: implicit cast to nocast type
init/init_task.c:14:44: warning: implicit cast to nocast type
arch/x86/boot/compressed/misc.c:357:27: warning: symbol 'decompress_kernel' was not declared. Should it be static?
arch/x86/boot/compressed/../string.c:74:14: warning: symbol 'atou' was not declared. Should it be static?
arch/x86/boot/compressed/../cmdline.c:30:5: warning: symbol '__cmdline_find_option' was not declared. Should it be static?
arch/x86/boot/compressed/../cmdline.c:102:5: warning: symbol '__cmdline_find_option_bool' was not declared. Should it be static?
arch/x86/boot/main.c:39:9: error: cannot size expression
arch/x86/boot/pm.c:104:6: error: symbol 'go_to_protected_mode' redeclared with different type (originally declared at arch/x86/boot/boot.h:317) - different modifiers
arch/x86/boot/string.c:23:5: warning: symbol 'memcmp' was not declared. Should it be static?
arch/x86/boot/string.c:147:6: warning: symbol 'strstr' was not declared. Should it be static?
arch/x86/boot/version.c:19:12: warning: symbol 'kernel_version' was not declared. Should it be static?
