init/main.c:152:12: warning: symbol 'envp_init' was not declared. Should it be static?
init/do_mounts.c:329:29: warning: incorrect type in argument 1 (different address spaces)
init/do_mounts.c:329:35: warning: incorrect type in argument 2 (different address spaces)
init/do_mounts.c:329:44: warning: incorrect type in argument 3 (different address spaces)
init/do_mounts.c:329:55: warning: incorrect type in argument 5 (different address spaces)
init/do_mounts.c:453:23: warning: incorrect type in argument 1 (different address spaces)
init/do_mounts.c:459:23: warning: incorrect type in argument 1 (different address spaces)
init/do_mounts.c:464:31: warning: incorrect type in argument 2 (different address spaces)
init/do_mounts.h:18:20: warning: incorrect type in argument 1 (different address spaces)
init/do_mounts.h:19:26: warning: incorrect type in argument 1 (different address spaces)
init/do_mounts.c:558:19: warning: incorrect type in argument 1 (different address spaces)
init/do_mounts.c:558:24: warning: incorrect type in argument 2 (different address spaces)
init/do_mounts_rd.c:79:22: warning: incorrect type in argument 2 (different address spaces)
init/do_mounts_rd.c:125:22: warning: incorrect type in argument 2 (different address spaces)
init/do_mounts_rd.c:139:22: warning: incorrect type in argument 2 (different address spaces)
init/do_mounts_rd.c:188:26: warning: incorrect type in argument 1 (different address spaces)
init/do_mounts_rd.c:257:42: warning: incorrect type in argument 1 (different address spaces)
init/do_mounts_rd.c:264:33: warning: incorrect type in argument 2 (different address spaces)
init/do_mounts_rd.c:265:35: warning: incorrect type in argument 2 (different address spaces)
init/do_mounts.h:18:20: warning: incorrect type in argument 1 (different address spaces)
init/do_mounts.h:19:26: warning: incorrect type in argument 1 (different address spaces)
init/do_mounts.h:18:20: warning: incorrect type in argument 1 (different address spaces)
init/do_mounts.h:19:26: warning: incorrect type in argument 1 (different address spaces)
init/do_mounts_rd.c:302:36: warning: incorrect type in argument 2 (different address spaces)
init/do_mounts_rd.c:312:44: warning: incorrect type in argument 2 (different address spaces)
init/do_mounts.h:18:20: warning: incorrect type in argument 1 (different address spaces)
init/do_mounts.h:19:26: warning: incorrect type in argument 1 (different address spaces)
init/do_mounts_initrd.c:46:19: warning: incorrect type in argument 1 (different address spaces)
init/do_mounts_initrd.c:47:28: warning: incorrect type in argument 1 (different address spaces)
init/do_mounts_initrd.c:48:27: warning: incorrect type in argument 1 (different address spaces)
init/do_mounts_initrd.c:50:19: warning: incorrect type in argument 1 (different address spaces)
init/do_mounts_initrd.c:51:19: warning: incorrect type in argument 1 (different address spaces)
init/do_mounts_initrd.c:51:24: warning: incorrect type in argument 2 (different address spaces)
init/do_mounts_initrd.c:52:20: warning: incorrect type in argument 1 (different address spaces)
init/do_mounts_initrd.c:69:19: warning: incorrect type in argument 1 (different address spaces)
init/do_mounts_initrd.c:69:24: warning: incorrect type in argument 2 (different address spaces)
init/do_mounts_initrd.c:72:20: warning: incorrect type in argument 1 (different address spaces)
init/do_mounts_initrd.c:77:27: warning: incorrect type in argument 1 (different address spaces)
init/do_mounts_initrd.c:85:27: warning: incorrect type in argument 1 (different address spaces)
init/do_mounts_initrd.c:85:35: warning: incorrect type in argument 2 (different address spaces)
init/do_mounts_initrd.c:89:35: warning: incorrect type in argument 1 (different address spaces)
init/do_mounts_initrd.c:95:28: warning: incorrect type in argument 1 (different address spaces)
init/do_mounts.h:18:20: warning: incorrect type in argument 1 (different address spaces)
init/do_mounts.h:19:26: warning: incorrect type in argument 1 (different address spaces)
init/do_mounts_initrd.c:118:36: warning: incorrect type in argument 1 (different address spaces)
init/do_mounts_initrd.c:123:20: warning: incorrect type in argument 1 (different address spaces)
init/do_mounts.h:18:20: warning: incorrect type in argument 1 (different address spaces)
init/do_mounts.h:19:26: warning: incorrect type in argument 1 (different address spaces)
init/do_mounts.h:38:25: warning: incorrect type in argument 1 (different address spaces)
init/do_mounts.h:38:32: warning: incorrect type in argument 2 (different address spaces)
init/do_mounts_md.c:173:31: warning: incorrect type in argument 1 (different address spaces)
init/do_mounts_md.c:236:39: warning: incorrect type in argument 1 (different address spaces)
init/do_mounts.h:18:20: warning: incorrect type in argument 1 (different address spaces)
init/do_mounts.h:19:26: warning: incorrect type in argument 1 (different address spaces)
init/initramfs.c:112:28: warning: incorrect type in argument 1 (different address spaces)
init/initramfs.c:274:42: warning: incorrect type in argument 1 (different address spaces)
init/initramfs.c:274:47: warning: incorrect type in argument 2 (different address spaces)
init/initramfs.c:283:27: warning: incorrect type in argument 1 (different address spaces)
init/initramfs.c:283:34: warning: incorrect type in argument 2 (different address spaces)
init/initramfs.c:285:35: warning: incorrect type in argument 1 (different address spaces)
init/initramfs.c:287:36: warning: incorrect type in argument 1 (different address spaces)
init/initramfs.c:308:40: warning: incorrect type in argument 1 (different address spaces)
init/initramfs.c:320:27: warning: incorrect type in argument 1 (different address spaces)
init/initramfs.c:321:27: warning: incorrect type in argument 1 (different address spaces)
init/initramfs.c:322:27: warning: incorrect type in argument 1 (different address spaces)
init/initramfs.c:327:35: warning: incorrect type in argument 1 (different address spaces)
init/initramfs.c:328:35: warning: incorrect type in argument 1 (different address spaces)
init/initramfs.c:329:35: warning: incorrect type in argument 1 (different address spaces)
init/initramfs.c:330:34: warning: incorrect type in argument 1 (different address spaces)
init/initramfs.c:339:32: warning: incorrect type in argument 2 (different address spaces)
init/initramfs.c:341:26: warning: incorrect type in argument 1 (different address spaces)
init/initramfs.c:347:32: warning: incorrect type in argument 2 (different address spaces)
init/initramfs.c:358:31: warning: incorrect type in argument 1 (different address spaces)
init/initramfs.c:358:52: warning: incorrect type in argument 2 (different address spaces)
init/initramfs.c:359:20: warning: incorrect type in argument 1 (different address spaces)
init/initramfs.c:360:18: warning: incorrect type in argument 1 (different address spaces)
init/initramfs.c:544:34: warning: incorrect type in argument 2 (different address spaces)
init/initramfs.c:550:44: warning: incorrect type in argument 1 (different address spaces)
init/initramfs.c:550:59: warning: incorrect type in argument 2 (different address spaces)
init/initramfs.c:554:51: warning: incorrect type in argument 1 (different address spaces)
init/initramfs.c:556:52: warning: incorrect type in argument 1 (different address spaces)
init/initramfs.c:564:42: warning: incorrect type in argument 2 (different address spaces)
init/initramfs.c:595:40: warning: incorrect type in argument 2 (different address spaces)
init/calibrate.c:257:47: warning: symbol 'calibrate_delay_is_known' was not declared. Should it be static?
arch/x86/ia32/sys_ia32.c:298:38: warning: incorrect type in argument 2 (different address spaces)
arch/x86/ia32/sys_ia32.c:231:62: warning: invalid access past the end of 'old_ka' (32 32)
arch/x86/ia32/sys_ia32.c:228:62: warning: invalid access past the end of 'old_ka' (40 32)
arch/x86/ia32/sys_ia32.c:225:62: warning: invalid access past the end of 'old_ka' (48 32)
arch/x86/ia32/sys_ia32.c:210:52: warning: invalid access past the end of 'set32' (12 8)
arch/x86/ia32/sys_ia32.c:209:61: warning: invalid access past the end of 'set32' (8 8)
arch/x86/ia32/sys_ia32.c:208:52: warning: invalid access past the end of 'set32' (20 8)
arch/x86/ia32/sys_ia32.c:207:61: warning: invalid access past the end of 'set32' (16 8)
arch/x86/ia32/sys_ia32.c:206:52: warning: invalid access past the end of 'set32' (28 8)
arch/x86/ia32/sys_ia32.c:205:61: warning: invalid access past the end of 'set32' (24 8)
arch/x86/ia32/sys_ia32.c:338:44: warning: invalid access past the end of 's' (8 8)
arch/x86/ia32/sys_ia32.c:337:44: warning: invalid access past the end of 's' (16 8)
arch/x86/ia32/sys_ia32.c:336:44: warning: invalid access past the end of 's' (24 8)
arch/x86/ia32/ia32_signal.c:171:38: warning: incorrect type in argument 1 (different address spaces)
arch/x86/ia32/ia32_signal.c:171:54: warning: incorrect type in argument 2 (different address spaces)
arch/x86/ia32/ia32_signal.c:394:43: warning: incorrect type in argument 1 (different address spaces)
arch/x86/ia32/ia32_signal.c:424:57: warning: incorrect type in argument 4 (different address spaces)
arch/x86/ia32/ia32_signal.c:446:34: warning: incorrect type in assignment (different address spaces)
arch/x86/ia32/ia32_signal.c:459:17: warning: cast removes address space of expression
arch/x86/ia32/ia32_signal.c:459:17: warning: incorrect type in argument 1 (different address spaces)
arch/x86/ia32/ia32_signal.c:459:17: warning: cast removes address space of expression
arch/x86/ia32/ia32_signal.c:459:17: warning: cast removes address space of expression
arch/x86/ia32/ia32_signal.c:459:17: warning: cast removes address space of expression
arch/x86/ia32/ia32_signal.c:459:17: warning: cast removes address space of expression
arch/x86/ia32/ia32_signal.c:459:17: warning: cast removes address space of expression
arch/x86/ia32/ia32_signal.c:459:17: warning: cast removes address space of expression
arch/x86/ia32/ia32_signal.c:459:17: warning: cast removes address space of expression
arch/x86/ia32/ia32_signal.c:459:17: warning: cast removes address space of expression
arch/x86/ia32/ia32_signal.c:459:17: warning: cast removes address space of expression
arch/x86/ia32/ia32_signal.c:459:17: warning: cast removes address space of expression
arch/x86/ia32/ia32_signal.c:405:5: warning: symbol 'ia32_setup_frame' was not declared. Should it be static?
arch/x86/ia32/ia32_signal.c:504:57: warning: incorrect type in argument 4 (different address spaces)
arch/x86/ia32/ia32_signal.c:532:34: warning: incorrect type in assignment (different address spaces)
arch/x86/ia32/ia32_signal.c:540:17: warning: cast removes address space of expression
arch/x86/ia32/ia32_signal.c:540:17: warning: incorrect type in argument 1 (different address spaces)
arch/x86/ia32/ia32_signal.c:540:17: warning: cast removes address space of expression
arch/x86/ia32/ia32_signal.c:540:17: warning: cast removes address space of expression
arch/x86/ia32/ia32_signal.c:540:17: warning: cast removes address space of expression
arch/x86/ia32/ia32_signal.c:540:17: warning: cast removes address space of expression
arch/x86/ia32/ia32_signal.c:540:17: warning: cast removes address space of expression
arch/x86/ia32/ia32_signal.c:540:17: warning: cast removes address space of expression
arch/x86/ia32/ia32_signal.c:540:17: warning: cast removes address space of expression
arch/x86/ia32/ia32_signal.c:540:17: warning: cast removes address space of expression
arch/x86/ia32/ia32_signal.c:540:17: warning: cast removes address space of expression
arch/x86/ia32/ia32_signal.c:540:17: warning: cast removes address space of expression
arch/x86/ia32/ia32_signal.c:483:5: warning: symbol 'ia32_setup_rt_frame' was not declared. Should it be static?
arch/x86/ia32/nosyscall.c:4:6: warning: symbol 'compat_ni_syscall' was not declared. Should it be static?
arch/x86/ia32/syscall_ia32.c:18:22: warning: symbol 'ia32_sys_call_table' was not declared. Should it be static?
arch/x86/ia32/syscall_ia32.c:23:10: warning: Initializer entry defined twice
arch/x86/ia32/audit.c:3:10: warning: symbol 'ia32_dir_class' was not declared. Should it be static?
arch/x86/ia32/audit.c:8:10: warning: symbol 'ia32_chattr_class' was not declared. Should it be static?
arch/x86/ia32/audit.c:13:10: warning: symbol 'ia32_write_class' was not declared. Should it be static?
arch/x86/ia32/audit.c:18:10: warning: symbol 'ia32_read_class' was not declared. Should it be static?
arch/x86/ia32/audit.c:23:10: warning: symbol 'ia32_signal_class' was not declared. Should it be static?
arch/x86/ia32/audit.c:28:5: warning: symbol 'ia32_classify_syscall' was not declared. Should it be static?
arch/x86/kernel/traps.c:575:39: warning: symbol 'smp_threshold_interrupt' was not declared. Should it be static?
arch/x86/kernel/time.c:75:13: warning: symbol 'setup_default_timer_irq' was not declared. Should it be static?
arch/x86/kernel/nmi.c:330:17: warning: expression using sizeof bool
arch/x86/kernel/nmi.c:330:17: warning: expression using sizeof bool
arch/x86/kernel/nmi.c:330:17: warning: expression using sizeof bool
arch/x86/kernel/nmi.c:330:17: warning: expression using sizeof bool
arch/x86/kernel/nmi.c:330:17: warning: expression using sizeof bool
arch/x86/kernel/nmi.c:346:25: warning: expression using sizeof bool
arch/x86/kernel/nmi.c:346:25: warning: expression using sizeof bool
arch/x86/kernel/nmi.c:346:25: warning: expression using sizeof bool
arch/x86/kernel/nmi.c:346:25: warning: expression using sizeof bool
arch/x86/kernel/nmi.c:346:25: warning: expression using sizeof bool
arch/x86/kernel/nmi.c:402:20: warning: expression using sizeof bool
arch/x86/kernel/nmi.c:402:20: warning: expression using sizeof bool
arch/x86/kernel/nmi.c:402:20: warning: expression using sizeof bool
arch/x86/kernel/nmi.c:402:20: warning: expression using sizeof bool
arch/x86/kernel/nmi.c:402:20: warning: expression using sizeof bool
arch/x86/kernel/setup.c:365:19: warning: incorrect type in assignment (different address spaces)
arch/x86/kernel/setup.c:367:31: warning: incorrect type in argument 1 (different address spaces)
arch/x86/kernel/setup.c:440:22: warning: incorrect type in assignment (different address spaces)
arch/x86/kernel/setup.c:443:39: warning: incorrect type in argument 1 (different address spaces)
arch/x86/kernel/setup.c:444:30: warning: incorrect type in assignment (different address spaces)
arch/x86/kernel/setup.c:459:31: warning: incorrect type in argument 1 (different address spaces)
arch/x86/kernel/setup.c:473:22: warning: incorrect type in assignment (different address spaces)
arch/x86/kernel/setup.c:478:31: warning: incorrect type in argument 1 (different address spaces)
arch/x86/kernel/setup.c:498:22: warning: incorrect type in assignment (different address spaces)
arch/x86/kernel/setup.c:501:31: warning: incorrect type in argument 1 (different address spaces)
arch/x86/kernel/x86_init.c:28:13: warning: symbol 'x86_init_pgd_noop' was not declared. Should it be static?
arch/x86/kernel/x86_init.c:29:12: warning: symbol 'iommu_init_noop' was not declared. Should it be static?
arch/x86/kernel/x86_init.c:30:6: warning: symbol 'iommu_shutdown_noop' was not declared. Should it be static?
arch/x86/kernel/x86_init.c:31:6: warning: symbol 'wallclock_init_noop' was not declared. Should it be static?
arch/x86/kernel/i8259.c:379:19: warning: symbol 'default_legacy_pic' was not declared. Should it be static?
arch/x86/kernel/irqinit.c:118:13: warning: symbol 'init_IRQ' was not declared. Should it be static?
arch/x86/kernel/irq_work.c:12:6: warning: symbol 'smp_irq_work_interrupt' was not declared. Should it be static?
arch/x86/kernel/irq_work.c:21:6: warning: symbol 'arch_irq_work_raise' was not declared. Should it be static?
arch/x86/kernel/probe_roms.c:160:23: warning: incorrect type in return expression (different address spaces)
arch/x86/kernel/probe_roms.c:153:6: error: symbol 'pci_map_biosrom' redeclared with different type (originally declared at /cmpt816/linux/arch/x86/include/asm/probe_roms.h:5) - different address spaces
arch/x86/kernel/syscall_64.c:26:22: warning: symbol 'sys_call_table' was not declared. Should it be static?
arch/x86/kernel/syscall_64.c:31:10: warning: Initializer entry defined twice
arch/x86/kernel/pci-dma.c:271:1: warning: duplicate const 
arch/x86/kernel/quirks.c:47:1: warning: duplicate const 
arch/x86/kernel/quirks.c:49:1: warning: duplicate const 
arch/x86/kernel/quirks.c:51:1: warning: duplicate const 
arch/x86/kernel/quirks.c:155:1: warning: duplicate const 
arch/x86/kernel/quirks.c:157:1: warning: duplicate const 
arch/x86/kernel/quirks.c:159:1: warning: duplicate const 
arch/x86/kernel/quirks.c:161:1: warning: duplicate const 
arch/x86/kernel/quirks.c:163:1: warning: duplicate const 
arch/x86/kernel/quirks.c:165:1: warning: duplicate const 
arch/x86/kernel/quirks.c:167:1: warning: duplicate const 
arch/x86/kernel/quirks.c:169:1: warning: duplicate const 
arch/x86/kernel/quirks.c:171:1: warning: duplicate const 
arch/x86/kernel/quirks.c:173:1: warning: duplicate const 
arch/x86/kernel/quirks.c:265:1: warning: duplicate const 
arch/x86/kernel/quirks.c:267:1: warning: duplicate const 
arch/x86/kernel/quirks.c:269:1: warning: duplicate const 
arch/x86/kernel/quirks.c:271:1: warning: duplicate const 
arch/x86/kernel/quirks.c:273:1: warning: duplicate const 
arch/x86/kernel/quirks.c:275:1: warning: duplicate const 
arch/x86/kernel/quirks.c:277:1: warning: duplicate const 
arch/x86/kernel/quirks.c:342:1: warning: duplicate const 
arch/x86/kernel/quirks.c:344:1: warning: duplicate const 
arch/x86/kernel/quirks.c:346:1: warning: duplicate const 
arch/x86/kernel/quirks.c:413:1: warning: duplicate const 
arch/x86/kernel/quirks.c:448:1: warning: duplicate const 
arch/x86/kernel/quirks.c:450:1: warning: duplicate const 
arch/x86/kernel/quirks.c:454:1: warning: duplicate const 
arch/x86/kernel/quirks.c:456:1: warning: duplicate const 
arch/x86/kernel/quirks.c:458:1: warning: duplicate const 
arch/x86/kernel/quirks.c:460:1: warning: duplicate const 
arch/x86/kernel/quirks.c:462:1: warning: duplicate const 
arch/x86/kernel/quirks.c:464:1: warning: duplicate const 
arch/x86/kernel/quirks.c:466:1: warning: duplicate const 
arch/x86/kernel/quirks.c:468:1: warning: duplicate const 
arch/x86/kernel/quirks.c:470:1: warning: duplicate const 
arch/x86/kernel/quirks.c:508:1: warning: duplicate const 
arch/x86/kernel/quirks.c:538:1: warning: duplicate const 
arch/x86/kernel/quirks.c:540:1: warning: duplicate const 
arch/x86/kernel/quirks.c:542:1: warning: duplicate const 
arch/x86/kernel/quirks.c:544:1: warning: duplicate const 
arch/x86/kernel/quirks.c:546:1: warning: duplicate const 
arch/x86/kernel/quirks.c:548:1: warning: duplicate const 
arch/x86/kernel/quirks.c:550:1: warning: duplicate const 
arch/x86/kernel/quirks.c:552:1: warning: duplicate const 
arch/x86/kernel/quirks.c:554:1: warning: duplicate const 
arch/x86/kernel/quirks.c:556:1: warning: duplicate const 
arch/x86/kernel/quirks.c:558:1: warning: duplicate const 
arch/x86/kernel/quirks.c:560:1: warning: duplicate const 
arch/x86/kernel/quirks.c:562:1: warning: duplicate const 
arch/x86/kernel/quirks.c:564:1: warning: duplicate const 
arch/x86/kernel/quirks.c:566:1: warning: duplicate const 
arch/x86/kernel/kdebugfs.c:52:19: warning: incorrect type in assignment (different address spaces)
arch/x86/kernel/kdebugfs.c:61:25: warning: incorrect type in argument 1 (different address spaces)
arch/x86/kernel/kdebugfs.c:129:30: warning: incorrect type in assignment (different address spaces)
arch/x86/kernel/kdebugfs.c:145:33: warning: incorrect type in argument 1 (different address spaces)
arch/x86/kernel/tsc.c:1014:25: warning: symbol 'calibrate_delay_is_known' was not declared. Should it be static?
arch/x86/kernel/pci-iommu_table.c:62:37: warning: Using plain integer as NULL pointer
arch/x86/kernel/process.c:212:6: warning: symbol '__switch_to_xtra' was not declared. Should it be static?
arch/x86/kernel/process.c:545:21: warning: cast removes address space of expression
arch/x86/kernel/process.c:545:21: warning: incorrect type in argument 2 (different address spaces)
/cmpt816/linux/arch/x86/include/asm/percpu.h:526:34: warning: cast removes address space of expression
arch/x86/kernel/process.c:545:21: warning: cast removes address space of expression
arch/x86/kernel/process.c:545:21: warning: incorrect type in argument 2 (different address spaces)
/cmpt816/linux/arch/x86/include/asm/percpu.h:513:38: warning: cast removes address space of expression
/cmpt816/linux/arch/x86/include/asm/percpu.h:513:59: warning: incorrect type in initializer (different address spaces)
arch/x86/kernel/xsave.c:134:15: warning: cast removes address space of expression
arch/x86/kernel/xsave.c:134:15: warning: incorrect type in argument 1 (different address spaces)
arch/x86/kernel/xsave.c:134:15: warning: cast removes address space of expression
arch/x86/kernel/xsave.c:134:15: warning: cast removes address space of expression
arch/x86/kernel/xsave.c:134:15: warning: cast removes address space of expression
arch/x86/kernel/xsave.c:134:15: warning: cast removes address space of expression
arch/x86/kernel/xsave.c:134:15: warning: cast removes address space of expression
arch/x86/kernel/xsave.c:134:15: warning: cast removes address space of expression
arch/x86/kernel/acpi/boot.c:161:29: warning: incorrect type in return expression (different address spaces)
arch/x86/kernel/acpi/boot.c:168:23: warning: incorrect type in argument 1 (different address spaces)
arch/x86/kernel/acpi/boot.c:576:13: warning: symbol 'acpi_set_irq_model_pic' was not declared. Should it be static?
arch/x86/kernel/acpi/boot.c:583:13: warning: symbol 'acpi_set_irq_model_ioapic' was not declared. Should it be static?
arch/x86/kernel/acpi/cstate.c:166:21: warning: cast removes address space of expression
arch/x86/kernel/acpi/cstate.c:166:21: warning: incorrect type in argument 2 (different address spaces)
/cmpt816/linux/arch/x86/include/asm/percpu.h:526:34: warning: cast removes address space of expression
arch/x86/kernel/acpi/cstate.c:166:21: warning: cast removes address space of expression
arch/x86/kernel/acpi/cstate.c:166:21: warning: incorrect type in argument 2 (different address spaces)
/cmpt816/linux/arch/x86/include/asm/percpu.h:513:38: warning: cast removes address space of expression
/cmpt816/linux/arch/x86/include/asm/percpu.h:513:59: warning: incorrect type in initializer (different address spaces)
arch/x86/kernel/acpi/cstate.c:163:6: warning: symbol 'mwait_idle_with_hints' was not declared. Should it be static?
arch/x86/kernel/apic/apic.c:526:13: warning: cast removes address space of expression
arch/x86/kernel/apic/apic.c:526:13: warning: incorrect type in argument 2 (different address spaces)
/cmpt816/linux/arch/x86/include/asm/percpu.h:526:34: warning: cast removes address space of expression
arch/x86/kernel/apic/apic.c:526:13: warning: cast removes address space of expression
arch/x86/kernel/apic/apic.c:526:13: warning: incorrect type in argument 2 (different address spaces)
/cmpt816/linux/arch/x86/include/asm/percpu.h:513:38: warning: cast removes address space of expression
/cmpt816/linux/arch/x86/include/asm/percpu.h:513:59: warning: incorrect type in initializer (different address spaces)
arch/x86/kernel/apic/apic.c:1517:12: warning: symbol 'enable_IR' was not declared. Should it be static?
arch/x86/kernel/apic/apic.c:2110:6: warning: symbol 'default_init_apic_ldr' was not declared. Should it be static?
arch/x86/kernel/apic/io_apic.c:354:55: warning: incorrect type in initializer (different modifiers)
arch/x86/kernel/apic/io_apic.c:361:55: warning: incorrect type in initializer (different modifiers)
arch/x86/kernel/apic/io_apic.c:375:55: warning: incorrect type in initializer (different modifiers)
arch/x86/kernel/apic/io_apic.c:563:17: warning: incorrect type in assignment (different modifiers)
arch/x86/kernel/apic/io_apic.c:348:55: warning: incorrect type in initializer (different modifiers)
arch/x86/kernel/apic/io_apic.c:348:55: warning: incorrect type in initializer (different modifiers)
arch/x86/kernel/apic/io_apic.c:1138:6: warning: context imbalance in 'lock_vector_lock' - wrong count at exit
arch/x86/kernel/apic/io_apic.c:1146:6: warning: context imbalance in 'unlock_vector_lock' - unexpected unlock
arch/x86/kernel/apic/apic_flat_64.c:65:6: warning: symbol 'flat_init_apic_ldr' was not declared. Should it be static?
arch/x86/kernel/cpu/intel_cacheinfo.c:350:5: warning: symbol 'amd_get_l3_disable_slot' was not declared. Should it be static?
arch/x86/kernel/cpu/intel_cacheinfo.c:428:5: warning: symbol 'amd_set_l3_disable_slot' was not declared. Should it be static?
arch/x86/kernel/cpu/common.c:1227:33: warning: incorrect type in initializer (different modifiers)
arch/x86/kernel/cpu/common.c:1073:9: warning: cast truncates bits from constant value (23001000000000 becomes 0)
arch/x86/kernel/cpu/sched.c:28:15: warning: symbol 'arch_scale_freq_power' was not declared. Should it be static?
arch/x86/kernel/cpu/sched.c:44:15: warning: symbol 'arch_scale_smt_power' was not declared. Should it be static?
arch/x86/kernel/cpu/perf_event.c:1711:6: warning: symbol 'arch_perf_update_userpage' was not declared. Should it be static?
arch/x86/kernel/cpu/perf_event.c:1838:20: warning: incorrect type in assignment (different address spaces)
arch/x86/kernel/cpu/perf_event_p4.c:593:3: warning: symbol 'p4_event_aliases' was not declared. Should it be static?
arch/x86/kernel/cpu/mcheck/mce.c:109:1: warning: symbol 'x86_mce_decoder_chain' was not declared. Should it be static?
arch/x86/kernel/cpu/mcheck/mce.c:518:1: warning: symbol 'mce_irq_work' was not declared. Should it be static?
arch/x86/kernel/cpu/mcheck/mce.c:949:3: warning: symbol 'mce_info' was not declared. Should it be static?
arch/x86/kernel/cpu/mcheck/mce.c:1738:13: error: cannot dereference this type
arch/x86/kernel/cpu/mcheck/mce.c:1738:13: error: incompatible types for operation (==)
arch/x86/kernel/cpu/mcheck/threshold.c:20:17: warning: symbol 'smp_threshold_interrupt' was not declared. Should it be static?
arch/x86/kernel/cpu/mcheck/therm_throt.c:355:13: warning: cast removes address space of expression
arch/x86/kernel/cpu/mcheck/therm_throt.c:355:13: warning: incorrect type in argument 2 (different address spaces)
/cmpt816/linux/arch/x86/include/asm/percpu.h:526:34: warning: cast removes address space of expression
arch/x86/kernel/cpu/mcheck/therm_throt.c:355:13: warning: cast removes address space of expression
arch/x86/kernel/cpu/mcheck/therm_throt.c:355:13: warning: incorrect type in argument 2 (different address spaces)
/cmpt816/linux/arch/x86/include/asm/percpu.h:513:38: warning: cast removes address space of expression
/cmpt816/linux/arch/x86/include/asm/percpu.h:513:59: warning: incorrect type in initializer (different address spaces)
arch/x86/kernel/cpu/mcheck/therm_throt.c:360:13: warning: cast removes address space of expression
arch/x86/kernel/cpu/mcheck/therm_throt.c:360:13: warning: incorrect type in argument 2 (different address spaces)
/cmpt816/linux/arch/x86/include/asm/percpu.h:526:34: warning: cast removes address space of expression
arch/x86/kernel/cpu/mcheck/therm_throt.c:360:13: warning: cast removes address space of expression
arch/x86/kernel/cpu/mcheck/therm_throt.c:360:13: warning: incorrect type in argument 2 (different address spaces)
/cmpt816/linux/arch/x86/include/asm/percpu.h:513:38: warning: cast removes address space of expression
/cmpt816/linux/arch/x86/include/asm/percpu.h:513:59: warning: incorrect type in initializer (different address spaces)
arch/x86/kernel/cpu/mcheck/therm_throt.c:365:21: warning: cast removes address space of expression
arch/x86/kernel/cpu/mcheck/therm_throt.c:365:21: warning: incorrect type in argument 2 (different address spaces)
/cmpt816/linux/arch/x86/include/asm/percpu.h:526:34: warning: cast removes address space of expression
arch/x86/kernel/cpu/mcheck/therm_throt.c:365:21: warning: cast removes address space of expression
arch/x86/kernel/cpu/mcheck/therm_throt.c:365:21: warning: incorrect type in argument 2 (different address spaces)
/cmpt816/linux/arch/x86/include/asm/percpu.h:513:38: warning: cast removes address space of expression
/cmpt816/linux/arch/x86/include/asm/percpu.h:513:59: warning: incorrect type in initializer (different address spaces)
arch/x86/kernel/cpu/mcheck/therm_throt.c:381:17: warning: symbol 'smp_thermal_interrupt' was not declared. Should it be static?
arch/x86/kernel/smp.c:210:17: warning: symbol 'smp_reboot_interrupt' was not declared. Should it be static?
arch/x86/kernel/smpboot.c:1095:6: warning: symbol 'arch_disable_nonboot_cpus_begin' was not declared. Should it be static?
arch/x86/kernel/smpboot.c:1104:6: warning: symbol 'arch_disable_nonboot_cpus_end' was not declared. Should it be static?
arch/x86/kernel/smpboot.c:1109:6: warning: symbol 'arch_enable_nonboot_cpus_begin' was not declared. Should it be static?
arch/x86/kernel/smpboot.c:1114:6: warning: symbol 'arch_enable_nonboot_cpus_end' was not declared. Should it be static?
arch/x86/kernel/smpboot.c:1339:15: warning: cast removes address space of expression
arch/x86/kernel/smpboot.c:1339:15: warning: incorrect type in argument 2 (different address spaces)
/cmpt816/linux/arch/x86/include/asm/percpu.h:526:34: warning: cast removes address space of expression
arch/x86/kernel/smpboot.c:1339:15: warning: cast removes address space of expression
arch/x86/kernel/smpboot.c:1339:15: warning: incorrect type in argument 2 (different address spaces)
/cmpt816/linux/arch/x86/include/asm/percpu.h:513:38: warning: cast removes address space of expression
/cmpt816/linux/arch/x86/include/asm/percpu.h:513:59: warning: incorrect type in initializer (different address spaces)
arch/x86/kernel/smpboot.c:1341:14: warning: cast removes address space of expression
arch/x86/kernel/smpboot.c:1341:14: warning: incorrect type in argument 2 (different address spaces)
/cmpt816/linux/arch/x86/include/asm/percpu.h:526:34: warning: cast removes address space of expression
arch/x86/kernel/smpboot.c:1341:14: warning: cast removes address space of expression
arch/x86/kernel/smpboot.c:1341:14: warning: incorrect type in argument 2 (different address spaces)
/cmpt816/linux/arch/x86/include/asm/percpu.h:513:38: warning: cast removes address space of expression
/cmpt816/linux/arch/x86/include/asm/percpu.h:513:59: warning: incorrect type in initializer (different address spaces)
arch/x86/kernel/mpparse.c:448:13: warning: incorrect type in assignment (different address spaces)
arch/x86/kernel/mpparse.c:450:23: warning: incorrect type in argument 1 (different address spaces)
arch/x86/kernel/mpparse.c:462:13: warning: incorrect type in assignment (different address spaces)
arch/x86/kernel/mpparse.c:473:31: warning: incorrect type in argument 1 (different address spaces)
arch/x86/kernel/mpparse.c:476:23: warning: incorrect type in argument 1 (different address spaces)
arch/x86/kernel/crash_dump_64.c:34:15: warning: incorrect type in assignment (different address spaces)
arch/x86/kernel/crash_dump_64.c:39:34: warning: incorrect type in argument 1 (different address spaces)
arch/x86/kernel/crash_dump_64.c:40:33: warning: incorrect type in argument 1 (different address spaces)
arch/x86/kernel/crash_dump_64.c:47:17: warning: incorrect type in argument 1 (different address spaces)
arch/x86/kernel/kprobes-opt.c:443:13: warning: function 'arch_unoptimize_kprobes' with external linkage has definition
arch/x86/kernel/microcode_intel.c:433:35: warning: incorrect type in argument 2 (different address spaces)
arch/x86/kernel/microcode_intel.c:439:45: warning: cast removes address space of expression
arch/x86/kernel/microcode_amd.c:79:6: warning: symbol 'patch' was not declared. Should it be static?
arch/x86/kernel/check.c:63:13: warning: symbol 'setup_bios_corruption_check' was not declared. Should it be static?
arch/x86/kernel/check.c:110:6: warning: symbol 'check_for_bios_corruption' was not declared. Should it be static?
arch/x86/kernel/pci-swiotlb.c:68:1: warning: duplicate const 
arch/x86/kernel/pci-swiotlb.c:86:1: warning: duplicate const 
arch/x86/kernel/amd_gart_64.c:899:1: warning: duplicate const 
arch/x86/kernel/amd_gart_64.c:899:1: warning: Using plain integer as NULL pointer
arch/x86/kernel/amd_gart_64.c:899:1: warning: Using plain integer as NULL pointer
arch/x86/kernel/pci-calgary_64.c:1600:1: warning: duplicate const 
arch/x86/kernel/pci-calgary_64.c:1600:1: warning: Using plain integer as NULL pointer
arch/x86/kernel/pci-calgary_64.c:1600:1: warning: Using plain integer as NULL pointer
include/linux/spinlock.h:340:9: warning: context imbalance in 'iommu_range_alloc' - unexpected unlock
arch/x86/kernel/init_task.c:13:44: warning: implicit cast to nocast type
arch/x86/kernel/init_task.c:13:44: warning: implicit cast to nocast type
arch/x86/mm/init_64.c:332:13: warning: incorrect type in assignment (different address spaces)
arch/x86/mm/init_64.c:348:13: warning: incorrect type in assignment (different address spaces)
arch/x86/mm/init_64.c:359:24: warning: incorrect type in argument 1 (different address spaces)
arch/x86/mm/tlb.c:201:9: warning: context imbalance in 'flush_tlb_others_ipi' - different lock contexts for basic block
arch/x86/platform/efi/efi.c:449:26: warning: incorrect type in assignment (different address spaces)
arch/x86/platform/efi/efi.c:480:31: warning: incorrect type in argument 1 (different address spaces)
arch/x86/platform/efi/efi.c:490:26: warning: incorrect type in assignment (different address spaces)
arch/x86/platform/efi/efi.c:511:31: warning: incorrect type in argument 1 (different address spaces)
arch/x86/platform/efi/efi.c:545:23: warning: incorrect type in assignment (different address spaces)
arch/x86/platform/efi/efi.c:602:23: warning: incorrect type in argument 1 (different address spaces)
arch/x86/platform/efi/efi.c:616:17: warning: incorrect type in assignment (different address spaces)
arch/x86/platform/efi/efi.c:636:23: warning: incorrect type in argument 1 (different address spaces)
arch/x86/platform/efi/efi.c:644:20: warning: incorrect type in assignment (different address spaces)
arch/x86/platform/efi/efi.c:689:19: warning: incorrect type in assignment (different address spaces)
arch/x86/platform/efi/efi.c:696:23: warning: incorrect type in argument 1 (different address spaces)
arch/x86/platform/efi/efi.c:836:28: warning: incorrect type in assignment (different address spaces)
arch/x86/platform/efi/efi.c:910:29: warning: incorrect type in argument 1 (different address spaces)
arch/x86/vdso/vma.c:67:41: warning: Using plain integer as NULL pointer
arch/x86/vdso/vclock_gettime.c:155:13: warning: symbol '__vdso_clock_gettime' was not declared. Should it be static?
arch/x86/vdso/vclock_gettime.c:179:13: warning: symbol '__vdso_gettimeofday' was not declared. Should it be static?
arch/x86/vdso/vclock_gettime.c:207:16: warning: symbol '__vdso_time' was not declared. Should it be static?
arch/x86/vdso/vgetcpu.c:16:1: warning: symbol '__vdso_getcpu' was not declared. Should it be static?
arch/x86/vdso/vdso32-setup.c:355:48: warning: incorrect type in assignment (different address spaces)
kernel/fork.c:90:5: warning: symbol 'max_threads' was not declared. Should it be static?
kernel/fork.c:215:13: warning: symbol 'fork_init' was not declared. Should it be static?
kernel/fork.c:1100:41: warning: implicit cast to nocast type
kernel/fork.c:1101:41: warning: implicit cast to nocast type
kernel/fork.c:1209:42: warning: implicit cast to nocast type
kernel/fork.c:1210:43: warning: implicit cast to nocast type
kernel/fork.c:1212:41: warning: implicit cast to nocast type
kernel/panic.c:55:13: warning: symbol 'panic_smp_self_stop' was not declared. Should it be static?
kernel/panic.c:69:6: error: symbol 'panic' redeclared with different type (originally declared at include/linux/kernel.h:203) - different modifiers
kernel/printk.c:66:1: warning: symbol 'log_wait' was not declared. Should it be static?
kernel/cpu.c:387:13: warning: symbol 'arch_disable_nonboot_cpus_begin' was not declared. Should it be static?
kernel/cpu.c:391:13: warning: symbol 'arch_disable_nonboot_cpus_end' was not declared. Should it be static?
kernel/cpu.c:435:13: warning: symbol 'arch_enable_nonboot_cpus_begin' was not declared. Should it be static?
kernel/cpu.c:439:13: warning: symbol 'arch_enable_nonboot_cpus_end' was not declared. Should it be static?
kernel/cpu.c:492:6: warning: symbol 'cpu_hotplug_disable_before_freeze' was not declared. Should it be static?
kernel/cpu.c:504:6: warning: symbol 'cpu_hotplug_enable_after_thaw' was not declared. Should it be static?
kernel/exit.c:898:6: error: symbol 'do_exit' redeclared with different type (originally declared at include/linux/kernel.h:209) - different modifiers
kernel/exit.c:1077:6: error: symbol 'complete_and_exit' redeclared with different type (originally declared at include/linux/kernel.h:211) - different modifiers
kernel/itimer.c:126:59: warning: implicit cast to nocast type
kernel/itimer.c:167:55: warning: incorrect type in argument 3 (different modifiers)
kernel/itimer.c:167:55: warning: implicit cast to nocast type
kernel/itimer.c:167:62: warning: incorrect type in argument 4 (different modifiers)
kernel/itimer.c:167:62: warning: implicit cast to nocast type
kernel/itimer.c:226:56: warning: implicit cast to nocast type
kernel/resource.c:363:12: warning: symbol 'page_is_ram' was not declared. Should it be static?
kernel/resource.c:473:5: warning: symbol 'reallocate_resource' was not declared. Should it be static?
kernel/ptrace.c:836:9: warning: context imbalance in 'ptrace_request' - different lock contexts for basic block
include/trace/events/timer.h:11:1: error: incompatible types for operation (<)
include/trace/events/timer.h:44:1: error: incompatible types for operation (<)
include/trace/events/timer.h:44:1: error: incompatible types for operation (<)
include/trace/events/timer.h:75:1: error: incompatible types for operation (<)
include/trace/events/timer.h:75:1: error: incompatible types for operation (<)
include/trace/events/timer.h:130:1: error: incompatible types for operation (<)
include/trace/events/timer.h:160:1: error: incompatible types for operation (<)
include/trace/events/timer.h:160:1: error: incompatible types for operation (<)
include/trace/events/timer.h:196:1: error: incompatible types for operation (<)
include/trace/events/timer.h:196:1: error: incompatible types for operation (<)
include/trace/events/timer.h:218:1: error: incompatible types for operation (<)
kernel/signal.c:3156:1: warning: symbol 'sys_rt_sigaction' was not declared. Should it be static?
kernel/signal.c:3246:1: warning: symbol 'sys_rt_sigsuspend' was not declared. Should it be static?
kernel/signal.c:1288:23: warning: context imbalance in '__lock_task_sighand' - different lock contexts for basic block
kernel/signal.c:2013:13: warning: context imbalance in 'do_signal_stop' - different lock contexts for basic block
kernel/signal.c:2259:25: warning: context imbalance in 'get_signal_to_deliver' - unexpected unlock
kernel/sys.c:963:38: warning: incorrect type in argument 2 (different modifiers)
kernel/sys.c:963:38: warning: implicit cast to nocast type
kernel/sys.c:963:48: warning: incorrect type in argument 3 (different modifiers)
kernel/sys.c:963:48: warning: implicit cast to nocast type
kernel/sys.c:1617:25: warning: implicit cast to nocast type
kernel/sys.c:1620:38: warning: incorrect type in argument 2 (different modifiers)
kernel/sys.c:1620:38: warning: implicit cast to nocast type
kernel/sys.c:1620:46: warning: incorrect type in argument 3 (different modifiers)
kernel/sys.c:1620:46: warning: implicit cast to nocast type
kernel/sys.c:1646:48: warning: incorrect type in argument 2 (different modifiers)
kernel/sys.c:1646:48: warning: implicit cast to nocast type
kernel/sys.c:1646:58: warning: incorrect type in argument 3 (different modifiers)
kernel/sys.c:1646:58: warning: implicit cast to nocast type
include/trace/events/workqueue.h:10:1: error: incompatible types for operation (<)
include/trace/events/workqueue.h:37:1: error: incompatible types for operation (<)
include/trace/events/workqueue.h:37:1: error: incompatible types for operation (<)
include/trace/events/workqueue.h:37:1: error: incompatible types for operation (<)
include/trace/events/workqueue.h:86:1: error: incompatible types for operation (<)
include/trace/events/workqueue.h:86:1: error: incompatible types for operation (<)
kernel/pid.c:46:5: warning: symbol 'pid_max' was not declared. Should it be static?
kernel/pid.c:50:5: warning: symbol 'pid_max_min' was not declared. Should it be static?
kernel/pid.c:51:5: warning: symbol 'pid_max_max' was not declared. Should it be static?
include/trace/events/rcu.h:20:1: error: incompatible types for operation (<)
kernel/posix-timers.c:335:9: warning: context imbalance in 'do_schedule_next_timer' - different lock contexts for basic block
kernel/posix-timers.c:638:24: warning: context imbalance in '__lock_timer' - wrong count at exit
kernel/posix-cpu-timers.c:24:53: warning: incorrect type in argument 3 (different modifiers)
kernel/posix-cpu-timers.c:24:53: warning: implicit cast to nocast type
kernel/posix-cpu-timers.c:463:46: warning: implicit cast to nocast type
kernel/posix-cpu-timers.c:473:46: warning: implicit cast to nocast type
kernel/posix-cpu-timers.c:902:41: warning: implicit cast to nocast type
kernel/posix-cpu-timers.c:917:41: warning: implicit cast to nocast type
kernel/posix-cpu-timers.c:1005:39: warning: implicit cast to nocast type
kernel/posix-cpu-timers.c:1058:24: warning: implicit cast to nocast type
kernel/posix-cpu-timers.c:1073:24: warning: implicit cast to nocast type
kernel/posix-cpu-timers.c:1104:57: warning: incorrect type in argument 3 (different modifiers)
kernel/posix-cpu-timers.c:1104:57: warning: implicit cast to nocast type
kernel/posix-cpu-timers.c:1106:57: warning: incorrect type in argument 3 (different modifiers)
kernel/posix-cpu-timers.c:1106:57: warning: implicit cast to nocast type
kernel/hrtimer.c:61:1: warning: symbol 'hrtimer_bases' was not declared. Should it be static?
kernel/hrtimer.c:137:27: warning: context imbalance in 'lock_hrtimer_base' - wrong count at exit
kernel/hrtimer.c:805:9: warning: context imbalance in '__hrtimer_start_range_ns' - unexpected unlock
kernel/hrtimer.c:805:9: warning: context imbalance in 'hrtimer_try_to_cancel' - unexpected unlock
kernel/hrtimer.c:1084:9: warning: context imbalance in 'hrtimer_get_remaining' - unexpected unlock
kernel/hrtimer.c:1208:36: warning: context imbalance in '__run_hrtimer' - unexpected unlock
kernel/events/core.c:201:26: warning: function 'perf_pmu_name' with external linkage has definition
kernel/events/core.c:597:1: warning: symbol 'perf_cgroup_switch' was not declared. Should it be static?
kernel/events/core.c:625:22: warning: incorrect type in initializer (different address spaces)
kernel/events/core.c:632:22: warning: incorrect type in initializer (different address spaces)
kernel/events/core.c:646:43: warning: incorrect type in initializer (different address spaces)
kernel/events/core.c:214:16: warning: incorrect type in initializer (different address spaces)
kernel/events/core.c:214:16: warning: incorrect type in initializer (different address spaces)
kernel/events/core.c:214:16: warning: incorrect type in initializer (different address spaces)
kernel/events/core.c:214:16: warning: incorrect type in initializer (different address spaces)
kernel/events/core.c:214:16: warning: incorrect type in initializer (different address spaces)
kernel/events/core.c:214:16: warning: incorrect type in initializer (different address spaces)
kernel/events/core.c:214:16: warning: incorrect type in initializer (different address spaces)
kernel/events/core.c:214:16: warning: incorrect type in initializer (different address spaces)
kernel/events/core.c:2243:26: warning: incorrect type in initializer (different address spaces)
kernel/events/core.c:214:16: warning: incorrect type in initializer (different address spaces)
kernel/events/core.c:2781:26: warning: incorrect type in initializer (different address spaces)
kernel/events/core.c:3351:13: warning: symbol 'arch_perf_update_userpage' was not declared. Should it be static?
kernel/events/core.c:4216:26: warning: incorrect type in initializer (different address spaces)
kernel/events/core.c:4362:26: warning: incorrect type in initializer (different address spaces)
kernel/events/core.c:4558:26: warning: incorrect type in initializer (different address spaces)
kernel/events/core.c:5633:26: warning: incorrect type in initializer (different address spaces)
kernel/events/core.c:5655:24: warning: incorrect type in argument 1 (different address spaces)
kernel/events/core.c:5723:32: warning: incorrect type in assignment (different address spaces)
kernel/events/core.c:5756:30: warning: incorrect type in assignment (different address spaces)
kernel/events/core.c:5763:26: warning: incorrect type in initializer (different address spaces)
kernel/events/core.c:5816:24: warning: incorrect type in argument 1 (different address spaces)
kernel/events/core.c:5833:24: warning: incorrect type in argument 1 (different address spaces)
kernel/events/core.c:5841:12: warning: symbol 'perf_init_event' was not declared. Should it be static?
kernel/events/core.c:6862:5: warning: symbol 'perf_event_init_context' was not declared. Should it be static?
kernel/events/core.c:7004:43: warning: incorrect type in initializer (different address spaces)
kernel/events/core.c:7032:24: warning: incorrect type in initializer (different address spaces)
kernel/events/core.c:221:9: warning: context imbalance in 'perf_ctx_lock' - wrong count at exit
kernel/events/core.c:229:17: warning: context imbalance in 'perf_ctx_unlock' - unexpected unlock
include/linux/rcupdate.h:752:9: warning: context imbalance in 'perf_lock_task_context' - different lock contexts for basic block
kernel/events/core.c:767:17: warning: context imbalance in 'perf_pin_task_context' - unexpected unlock
kernel/events/core.c:1591:25: warning: context imbalance in '__perf_install_in_context' - unexpected unlock
kernel/events/core.c:2797:17: warning: context imbalance in 'find_get_context' - unexpected unlock
kernel/events/core.c:4231:17: warning: dereference of noderef expression
kernel/events/core.c:4375:17: warning: dereference of noderef expression
kernel/events/core.c:4574:17: warning: dereference of noderef expression
kernel/events/core.c:5620:32: warning: dereference of noderef expression
kernel/events/core.c:5649:21: warning: dereference of noderef expression
kernel/events/core.c:5649:43: warning: dereference of noderef expression
kernel/events/core.c:5655:21: warning: dereference of noderef expression
kernel/events/core.c:5724:14: warning: dereference of noderef expression
kernel/events/core.c:5752:9: warning: dereference of noderef expression
kernel/events/core.c:5753:13: warning: dereference of noderef expression
kernel/events/core.c:5757:14: warning: dereference of noderef expression
kernel/events/core.c:5816:21: warning: dereference of noderef expression
kernel/events/core.c:5833:21: warning: dereference of noderef expression
kernel/events/ring_buffer.c:100:5: warning: context imbalance in 'perf_output_begin' - different lock contexts for basic block
kernel/events/ring_buffer.c:191:6: warning: context imbalance in 'perf_output_end' - unexpected unlock
kernel/events/callchain.c:137:39: warning: incorrect type in argument 1 (different modifiers)
kernel/events/callchain.c:153:31: warning: incorrect type in argument 1 (different modifiers)
kernel/events/hw_breakpoint.c:80:12: warning: symbol 'hw_breakpoint_weight' was not declared. Should it be static?
kernel/events/hw_breakpoint.c:247:13: warning: symbol 'arch_unregister_hw_breakpoint' was not declared. Should it be static?
kernel/irq/irqdesc.c:427:17: warning: context imbalance in '__irq_get_desc_lock' - wrong count at exit
kernel/irq/irqdesc.c:451:6: warning: context imbalance in '__irq_put_desc_unlock' - unexpected unlock
kernel/irq/spurious.c:47:17: warning: context imbalance in 'irq_wait_for_poll' - unexpected unlock
kernel/power/main.c:49:5: warning: symbol 'pm_async_enabled' was not declared. Should it be static?
kernel/power/snapshot.c:73:12: warning: symbol 'restore_pblist' was not declared. Should it be static?
kernel/power/snapshot.c:1066:14: warning: symbol 'alloc_normal' was not declared. Should it be static?
kernel/power/snapshot.c:1066:28: warning: symbol 'alloc_highmem' was not declared. Should it be static?
kernel/power/snapshot.c:1579:16: warning: symbol 'swsusp_save' was not declared. Should it be static?
kernel/sched/core.c:962:6: warning: symbol 'sched_set_stop_task' was not declared. Should it be static?
kernel/sched/core.c:2625:16: warning: symbol 'root_cpuacct' was not declared. Should it be static?
kernel/sched/core.c:6052:26: warning: incorrect type in initializer (different address spaces)
kernel/sched/core.c:6061:28: warning: incorrect type in initializer (different address spaces)
kernel/sched/core.c:6086:36: warning: incorrect type in initializer (different address spaces)
kernel/sched/core.c:6093:24: warning: incorrect type in initializer (different address spaces)
kernel/sched/core.c:6094:31: warning: incorrect type in initializer (different address spaces)
kernel/sched/core.c:6186:12: warning: symbol 'arch_sd_sibling_asym_packing' was not declared. Should it be static?
kernel/sched/core.c:6213:1: warning: incorrect type in initializer (different address spaces)
kernel/sched/core.c:6215:2: warning: incorrect type in initializer (different address spaces)
kernel/sched/core.c:6216:2: warning: incorrect type in initializer (different address spaces)
kernel/sched/core.c:6219:2: warning: incorrect type in initializer (different address spaces)
kernel/sched/core.c:6222:2: warning: incorrect type in initializer (different address spaces)
kernel/sched/core.c:6413:39: warning: incorrect type in initializer (different address spaces)
kernel/sched/core.c:6416:40: warning: incorrect type in initializer (different address spaces)
kernel/sched/core.c:6420:40: warning: incorrect type in initializer (different address spaces)
kernel/sched/core.c:6422:40: warning: incorrect type in initializer (different address spaces)
kernel/sched/core.c:6424:32: warning: incorrect type in argument 1 (different address spaces)
kernel/sched/core.c:6426:32: warning: incorrect type in argument 1 (different address spaces)
kernel/sched/core.c:6428:32: warning: incorrect type in argument 1 (different address spaces)
kernel/sched/core.c:6356:25: warning: incorrect type in assignment (different address spaces)
kernel/sched/core.c:6360:25: warning: incorrect type in assignment (different address spaces)
kernel/sched/core.c:6364:26: warning: incorrect type in assignment (different address spaces)
kernel/sched/core.c:6378:26: warning: incorrect type in initializer (different address spaces)
kernel/sched/core.c:6387:26: warning: incorrect type in initializer (different address spaces)
kernel/sched/core.c:6394:26: warning: incorrect type in initializer (different address spaces)
kernel/sched/core.c:6275:30: warning: incorrect type in argument 1 (different address spaces)
kernel/sched/core.c:6290:15: warning: incorrect type in assignment (different address spaces)
kernel/sched/core.c:6308:9: warning: incorrect type in initializer (different address spaces)
kernel/sched/core.c:6309:10: warning: incorrect type in initializer (different address spaces)
kernel/sched/core.c:6311:28: warning: incorrect type in initializer (different address spaces)
kernel/sched/core.c:6312:18: warning: incorrect type in initializer (different address spaces)
kernel/sched/core.c:6314:28: warning: incorrect type in initializer (different address spaces)
kernel/sched/core.c:6315:18: warning: incorrect type in initializer (different address spaces)
kernel/sched/core.c:6433:21: warning: symbol 'build_sched_domain' was not declared. Should it be static?
kernel/sched/core.c:6486:18: warning: incorrect type in initializer (different address spaces)
kernel/sched/core.c:6491:28: warning: incorrect type in initializer (different address spaces)
kernel/sched/core.c:6508:28: warning: incorrect type in initializer (different address spaces)
kernel/sched/core.c:6517:23: warning: incorrect type in initializer (different address spaces)
kernel/sched/core.c:6875:26: warning: symbol 'sysctl_timer_migration' was not declared. Should it be static?
kernel/sched/core.c:4518:1: warning: context imbalance in 'sys_sched_yield' - unexpected unlock
kernel/sched/core.c:6275:29: warning: dereference of noderef expression
kernel/sched/core.c:6291:14: warning: dereference of noderef expression
kernel/sched/core.c:6357:22: warning: dereference of noderef expression
kernel/sched/core.c:6361:22: warning: dereference of noderef expression
kernel/sched/core.c:6365:22: warning: dereference of noderef expression
kernel/sched/core.c:6412:29: warning: dereference of noderef expression
kernel/sched/core.c:6419:29: warning: dereference of noderef expression
kernel/sched/core.c:6421:29: warning: dereference of noderef expression
kernel/sched/core.c:6424:29: warning: dereference of noderef expression
kernel/sched/core.c:6425:17: warning: dereference of noderef expression
kernel/sched/core.c:6426:29: warning: dereference of noderef expression
kernel/sched/core.c:6427:17: warning: dereference of noderef expression
kernel/sched/core.c:6428:29: warning: dereference of noderef expression
kernel/sched/core.c:6429:17: warning: dereference of noderef expression
kernel/sched/clock.c:82:19: warning: symbol 'sched_clock_running' was not declared. Should it be static?
kernel/sched/fair.c:47:14: warning: symbol 'normalized_sysctl_sched_latency' was not declared. Should it be static?
kernel/sched/fair.c:66:14: warning: symbol 'normalized_sysctl_sched_min_granularity' was not declared. Should it be static?
kernel/sched/fair.c:88:14: warning: symbol 'normalized_sysctl_sched_wakeup_granularity' was not declared. Should it be static?
kernel/sched/fair.c:97:28: warning: symbol 'sysctl_sched_shares_window' was not declared. Should it be static?
kernel/sched/fair.c:3636:22: warning: symbol 'arch_scale_freq_power' was not declared. Should it be static?
kernel/sched/fair.c:3651:22: warning: symbol 'arch_scale_smt_power' was not declared. Should it be static?
kernel/sched/fair.c:3656:15: warning: symbol 'scale_rt_power' was not declared. Should it be static?
kernel/sched/fair.c:4349:1: warning: symbol 'load_balance_tmpmask' was not declared. Should it be static?
kernel/sched/fair.c:4688:9: warning: context imbalance in 'active_load_balance_cpu_stop' - different lock contexts for basic block
kernel/sched/fair.c:4973:21: warning: context imbalance in 'rebalance_domains' - different lock contexts for basic block
/cmpt816/linux/arch/x86/include/asm/spinlock.h:84:9: warning: context imbalance in 'find_lock_lowest_rq' - unexpected unlock
kernel/sched/rt.c:1674:9: warning: context imbalance in 'push_rt_task' - unexpected unlock
/cmpt816/linux/arch/x86/include/asm/spinlock.h:84:9: warning: context imbalance in 'pull_rt_task' - unexpected unlock
kernel/time/timekeeping.c:83:28: warning: symbol 'xtime_lock' was not declared. Should it be static?
kernel/time/timekeeping.c:1222:6: warning: symbol 'do_timer' was not declared. Should it be static?
kernel/time/ntp.c:25:1: warning: symbol 'ntp_lock' was not declared. Should it be static?
kernel/time/jiffies.c:61:20: warning: symbol 'clocksource_jiffies' was not declared. Should it be static?
kernel/trace/ring_buffer.c:3364:9: warning: context imbalance in 'ring_buffer_peek' - different lock contexts for basic block
kernel/trace/ring_buffer.c:3440:9: warning: context imbalance in 'ring_buffer_consume' - different lock contexts for basic block
kernel/trace/ring_buffer.c:3706:17: warning: context imbalance in 'ring_buffer_empty' - different lock contexts for basic block
kernel/trace/ring_buffer.c:3740:9: warning: context imbalance in 'ring_buffer_empty_cpu' - different lock contexts for basic block
kernel/trace/trace.c:4340:15: warning: symbol 'tracing_dentry_percpu' was not declared. Should it be static?
kernel/trace/trace.c:981:15: warning: memset with byte count of 131076
kernel/trace/trace_events.c:124:6: warning: symbol 'trace_destroy_fields' was not declared. Should it be static?
kernel/trace/trace_entries.h:58:1: warning: symbol 'ftrace_define_fields_function' was not declared. Should it be static?
kernel/trace/trace_entries.h:75:1: warning: symbol 'ftrace_define_fields_funcgraph_entry' was not declared. Should it be static?
kernel/trace/trace_entries.h:91:1: warning: symbol 'ftrace_define_fields_funcgraph_exit' was not declared. Should it be static?
kernel/trace/trace_entries.h:127:1: warning: symbol 'ftrace_define_fields_context_switch' was not declared. Should it be static?
kernel/trace/trace_entries.h:147:1: warning: symbol 'ftrace_define_fields_wakeup' was not declared. Should it be static?
kernel/trace/trace_entries.h:175:1: warning: symbol 'ftrace_define_fields_kernel_stack' was not declared. Should it be static?
kernel/trace/trace_entries.h:194:1: warning: symbol 'ftrace_define_fields_user_stack' was not declared. Should it be static?
kernel/trace/trace_entries.h:216:1: error: incompatible types for operation (<)
kernel/trace/trace_kprobe.c:50:12: warning: symbol 'reserved_field_names' was not declared. Should it be static?
kernel/trace/trace_kprobe.c:231:59: warning: incorrect type in argument 2 (different address spaces)
kernel/trace/trace_kprobe.c:255:64: warning: incorrect type in argument 2 (different address spaces)
kernel/trace/trace_kprobe.c:1637:1: warning: symbol 'print_kprobe_event' was not declared. Should it be static?
kernel/trace/trace_kprobe.c:1673:1: warning: symbol 'print_kretprobe_event' was not declared. Should it be static?
kernel/futex.c:1046:33: warning: context imbalance in 'futex_wake_op' - different lock contexts for basic block
kernel/futex.c:1308:41: warning: context imbalance in 'futex_requeue' - different lock contexts for basic block
/cmpt816/linux/arch/x86/include/asm/current.h:14:16: warning: context imbalance in 'futex_wait_queue_me' - unexpected unlock
kernel/futex.c:1865:9: warning: context imbalance in 'futex_wait_setup' - different lock contexts for basic block
kernel/smp.c:583:6: warning: context imbalance in 'ipi_call_lock' - wrong count at exit
kernel/smp.c:588:6: warning: context imbalance in 'ipi_call_unlock' - unexpected unlock
kernel/smp.c:593:6: warning: context imbalance in 'ipi_call_lock_irq' - wrong count at exit
kernel/smp.c:598:6: warning: context imbalance in 'ipi_call_unlock_irq' - unexpected unlock
/cmpt816/linux/arch/x86/include/asm/spinlock.h:65:9: warning: context imbalance in '_raw_spin_lock' - wrong count at exit
/cmpt816/linux/arch/x86/include/asm/spinlock.h:65:9: warning: context imbalance in '_raw_spin_lock_irqsave' - wrong count at exit
/cmpt816/linux/arch/x86/include/asm/spinlock.h:65:9: warning: context imbalance in '_raw_spin_lock_irq' - wrong count at exit
/cmpt816/linux/arch/x86/include/asm/spinlock.h:65:9: warning: context imbalance in '_raw_spin_lock_bh' - wrong count at exit
kernel/spinlock.c:175:17: warning: context imbalance in '_raw_spin_unlock_irqrestore' - unexpected unlock
kernel/spinlock.c:191:17: warning: context imbalance in '_raw_spin_unlock_bh' - unexpected unlock
kernel/spinlock.c:207:17: warning: context imbalance in '_raw_read_lock' - wrong count at exit
kernel/spinlock.c:215:26: warning: context imbalance in '_raw_read_lock_irqsave' - wrong count at exit
kernel/spinlock.c:223:17: warning: context imbalance in '_raw_read_lock_irq' - wrong count at exit
kernel/spinlock.c:231:17: warning: context imbalance in '_raw_read_lock_bh' - wrong count at exit
kernel/spinlock.c:247:17: warning: context imbalance in '_raw_read_unlock_irqrestore' - unexpected unlock
kernel/spinlock.c:263:17: warning: context imbalance in '_raw_read_unlock_bh' - unexpected unlock
kernel/spinlock.c:279:17: warning: context imbalance in '_raw_write_lock' - wrong count at exit
kernel/spinlock.c:287:26: warning: context imbalance in '_raw_write_lock_irqsave' - wrong count at exit
kernel/spinlock.c:295:17: warning: context imbalance in '_raw_write_lock_irq' - wrong count at exit
kernel/spinlock.c:303:17: warning: context imbalance in '_raw_write_lock_bh' - wrong count at exit
kernel/spinlock.c:319:17: warning: context imbalance in '_raw_write_unlock_irqrestore' - unexpected unlock
kernel/spinlock.c:335:17: warning: context imbalance in '_raw_write_unlock_bh' - unexpected unlock
include/trace/events/module.h:104:1: warning: expression using sizeof bool
kernel/module.c:166:6: error: symbol '__module_put_and_exit' redeclared with different type (originally declared at include/linux/module.h:441) - different modifiers
kernel/acct.c:553:34: warning: incorrect type in argument 2 (different address spaces)
kernel/compat.c:357:17: warning: symbol 'compat_sys_sigpending' was not declared. Should it be static?
kernel/compat.c:384:17: warning: symbol 'compat_sys_sigprocmask' was not declared. Should it be static?
kernel/compat.c:454:44: warning: incorrect type in argument 2 (different address spaces)
kernel/compat.c:446:17: warning: symbol 'compat_sys_old_getrlimit' was not declared. Should it be static?
kernel/compat.c:814:58: warning: incorrect type in initializer (different address spaces)
kernel/compat.c:823:38: warning: incorrect type in argument 2 (different address spaces)
kernel/compat.c:828:48: warning: incorrect type in assignment (different address spaces)
kernel/cpuset.c:2385:6: warning: symbol 'cpuset_unlock' was not declared. Should it be static?
kernel/audit_tree.c:216:13: warning: context imbalance in 'untag_chunk' - unexpected unlock
kernel/rcutree.c:200:1: warning: symbol 'rcu_dynticks' was not declared. Should it be static?
kernel/rcutree.c:213:5: warning: symbol 'rcu_cpu_stall_suppress' was not declared. Should it be static?
kernel/rcutree.c:214:5: warning: symbol 'rcu_cpu_stall_timeout' was not declared. Should it be static?
kernel/rcutree.c:650:5: warning: symbol 'rcu_is_cpu_rrupt_from_idle' was not declared. Should it be static?
kernel/rcutree.c:1452:17: warning: context imbalance in 'rcu_cleanup_dead_cpu' - unexpected unlock
kernel/rcutree.c:1620:9: warning: context imbalance in 'force_qs_rnp' - different lock contexts for basic block
kernel/rcutree_plugin.h:1040:13: warning: context imbalance in 'rcu_report_unblock_qs_rnp' - unexpected unlock
kernel/rcutree_plugin.h:1854:13: warning: context imbalance in 'rcu_initiate_boost' - unexpected unlock
kernel/tsacct.c:151:29: warning: implicit cast to nocast type
kernel/tracepoint.c:323:6: warning: symbol 'module_update_tracepoints' was not declared. Should it be static?
kernel/tracepoint.c:699:5: warning: symbol 'tracepoint_module_notify' was not declared. Should it be static?
kernel/tracepoint.c:718:23: warning: symbol 'tracepoint_module_nb' was not declared. Should it be static?
kernel/tracepoint.c:735:6: warning: symbol 'syscall_regfunc' was not declared. Should it be static?
kernel/tracepoint.c:752:6: warning: symbol 'syscall_unregfunc' was not declared. Should it be static?
kernel/elfcore.c:8:17: warning: symbol 'elf_core_extra_phdrs' was not declared. Should it be static?
kernel/elfcore.c:13:12: warning: symbol 'elf_core_write_extra_phdrs' was not declared. Should it be static?
kernel/elfcore.c:19:12: warning: symbol 'elf_core_write_extra_data' was not declared. Should it be static?
kernel/elfcore.c:25:15: warning: symbol 'elf_core_extra_data_size' was not declared. Should it be static?
kernel/irq_work.c:52:13: warning: symbol 'arch_irq_work_raise' was not declared. Should it be static?
mm/filemap.c:1754:35: warning: symbol 'generic_file_vm_ops' was not declared. Should it be static?
mm/oom_kill.c:140:20: warning: context imbalance in 'find_lock_task_mm' - wrong count at exit
mm/oom_kill.c:196:28: warning: context imbalance in 'oom_badness' - unexpected unlock
mm/oom_kill.c:412:17: warning: context imbalance in 'dump_tasks' - unexpected unlock
mm/oom_kill.c:498:9: warning: context imbalance in 'oom_kill_process' - unexpected unlock
mm/oom_kill.c:752:20: warning: context imbalance in 'out_of_memory' - different lock contexts for basic block
mm/page_alloc.c:108:5: warning: symbol 'percpu_pagelist_fraction' was not declared. Should it be static?
mm/page_alloc.c:194:5: warning: symbol 'min_free_kbytes' was not declared. Should it be static?
mm/page_alloc.c:3922:15: warning: symbol '__early_pfn_to_nid' was not declared. Should it be static?
mm/page_alloc.c:5459:6: warning: symbol 'is_pageblock_removable_nolock' was not declared. Should it be static?
mm/page-writeback.c:207:15: warning: symbol 'global_dirtyable_memory' was not declared. Should it be static?
mm/swap.c:218:55: warning: context imbalance in 'pagevec_lru_move_fn' - unexpected unlock
mm/swap.c:598:55: warning: context imbalance in 'release_pages' - unexpected unlock
include/trace/events/vmscan.h:99:1: warning: cast from restricted gfp_t
include/trace/events/vmscan.h:99:1: warning: cast from restricted gfp_t
include/trace/events/vmscan.h:99:1: warning: cast from restricted gfp_t
include/trace/events/vmscan.h:99:1: warning: cast from restricted gfp_t
include/trace/events/vmscan.h:99:1: warning: cast from restricted gfp_t
include/trace/events/vmscan.h:99:1: warning: cast from restricted gfp_t
include/trace/events/vmscan.h:99:1: warning: cast from restricted gfp_t
include/trace/events/vmscan.h:99:1: warning: cast from restricted gfp_t
include/trace/events/vmscan.h:99:1: warning: cast from restricted gfp_t
include/trace/events/vmscan.h:99:1: warning: cast from restricted gfp_t
include/trace/events/vmscan.h:99:1: warning: cast from restricted gfp_t
include/trace/events/vmscan.h:99:1: warning: cast from restricted gfp_t
include/trace/events/vmscan.h:99:1: warning: cast from restricted gfp_t
include/trace/events/vmscan.h:99:1: warning: cast from restricted gfp_t
include/trace/events/vmscan.h:99:1: warning: cast from restricted gfp_t
include/trace/events/vmscan.h:99:1: warning: cast from restricted gfp_t
include/trace/events/vmscan.h:99:1: warning: cast from restricted gfp_t
include/trace/events/vmscan.h:99:1: warning: cast from restricted gfp_t
include/trace/events/vmscan.h:99:1: warning: cast from restricted gfp_t
include/trace/events/vmscan.h:99:1: warning: cast from restricted gfp_t
include/trace/events/vmscan.h:99:1: warning: cast from restricted gfp_t
include/trace/events/vmscan.h:99:1: warning: cast from restricted gfp_t
include/trace/events/vmscan.h:99:1: warning: cast from restricted gfp_t
include/trace/events/vmscan.h:99:1: warning: cast from restricted gfp_t
include/trace/events/vmscan.h:99:1: warning: cast from restricted gfp_t
include/trace/events/vmscan.h:99:1: warning: cast from restricted gfp_t
include/trace/events/vmscan.h:99:1: warning: cast from restricted gfp_t
include/trace/events/vmscan.h:99:1: warning: incorrect type in argument 3 (different base types)
include/trace/events/vmscan.h:182:1: warning: cast from restricted gfp_t
include/trace/events/vmscan.h:182:1: warning: cast from restricted gfp_t
include/trace/events/vmscan.h:182:1: warning: cast from restricted gfp_t
include/trace/events/vmscan.h:182:1: warning: cast from restricted gfp_t
include/trace/events/vmscan.h:182:1: warning: cast from restricted gfp_t
include/trace/events/vmscan.h:182:1: warning: cast from restricted gfp_t
include/trace/events/vmscan.h:182:1: warning: cast from restricted gfp_t
include/trace/events/vmscan.h:182:1: warning: cast from restricted gfp_t
include/trace/events/vmscan.h:182:1: warning: cast from restricted gfp_t
include/trace/events/vmscan.h:182:1: warning: cast from restricted gfp_t
include/trace/events/vmscan.h:182:1: warning: cast from restricted gfp_t
include/trace/events/vmscan.h:182:1: warning: cast from restricted gfp_t
include/trace/events/vmscan.h:182:1: warning: cast from restricted gfp_t
include/trace/events/vmscan.h:182:1: warning: cast from restricted gfp_t
include/trace/events/vmscan.h:182:1: warning: cast from restricted gfp_t
include/trace/events/vmscan.h:182:1: warning: cast from restricted gfp_t
include/trace/events/vmscan.h:182:1: warning: cast from restricted gfp_t
include/trace/events/vmscan.h:182:1: warning: cast from restricted gfp_t
include/trace/events/vmscan.h:182:1: warning: cast from restricted gfp_t
include/trace/events/vmscan.h:182:1: warning: cast from restricted gfp_t
include/trace/events/vmscan.h:182:1: warning: cast from restricted gfp_t
include/trace/events/vmscan.h:182:1: warning: cast from restricted gfp_t
include/trace/events/vmscan.h:182:1: warning: cast from restricted gfp_t
include/trace/events/vmscan.h:182:1: warning: cast from restricted gfp_t
include/trace/events/vmscan.h:182:1: warning: cast from restricted gfp_t
include/trace/events/vmscan.h:182:1: warning: cast from restricted gfp_t
include/trace/events/vmscan.h:182:1: warning: cast from restricted gfp_t
include/trace/events/vmscan.h:182:1: warning: incorrect type in argument 3 (different base types)
include/trace/events/vmscan.h:99:1: warning: cast to restricted gfp_t
include/trace/events/vmscan.h:99:1: warning: restricted gfp_t degrades to integer
include/trace/events/vmscan.h:182:1: error: incompatible types for operation (<)
include/trace/events/vmscan.h:182:1: error: incompatible types for operation (<)
include/trace/events/vmscan.h:227:1: error: incompatible types for operation (<)
include/trace/events/vmscan.h:227:1: error: incompatible types for operation (<)
include/trace/events/vmscan.h:342:1: error: incompatible types for operation (<)
include/trace/events/vmscan.h:398:1: error: incompatible types for operation (<)
include/trace/events/vmscan.h:398:1: error: incompatible types for operation (<)
include/trace/events/vmscan.h:423:1: error: incompatible types for operation (<)
include/trace/events/vmscan.h:450:1: error: incompatible types for operation (<)
include/trace/events/vmscan.h:450:1: error: incompatible types for operation (<)
include/trace/events/kmem.h:11:1: warning: cast from restricted gfp_t
include/trace/events/kmem.h:11:1: warning: cast from restricted gfp_t
include/trace/events/kmem.h:11:1: warning: cast from restricted gfp_t
include/trace/events/kmem.h:11:1: warning: cast from restricted gfp_t
include/trace/events/kmem.h:11:1: warning: cast from restricted gfp_t
include/trace/events/kmem.h:11:1: warning: cast from restricted gfp_t
include/trace/events/kmem.h:11:1: warning: cast from restricted gfp_t
include/trace/events/kmem.h:11:1: warning: cast from restricted gfp_t
include/trace/events/kmem.h:11:1: warning: cast from restricted gfp_t
include/trace/events/kmem.h:11:1: warning: cast from restricted gfp_t
include/trace/events/kmem.h:11:1: warning: cast from restricted gfp_t
include/trace/events/kmem.h:11:1: warning: cast from restricted gfp_t
include/trace/events/kmem.h:11:1: warning: cast from restricted gfp_t
include/trace/events/kmem.h:11:1: warning: cast from restricted gfp_t
include/trace/events/kmem.h:11:1: warning: cast from restricted gfp_t
include/trace/events/kmem.h:11:1: warning: cast from restricted gfp_t
include/trace/events/kmem.h:11:1: warning: cast from restricted gfp_t
include/trace/events/kmem.h:11:1: warning: cast from restricted gfp_t
include/trace/events/kmem.h:11:1: warning: cast from restricted gfp_t
include/trace/events/kmem.h:11:1: warning: cast from restricted gfp_t
include/trace/events/kmem.h:11:1: warning: cast from restricted gfp_t
include/trace/events/kmem.h:11:1: warning: cast from restricted gfp_t
include/trace/events/kmem.h:11:1: warning: cast from restricted gfp_t
include/trace/events/kmem.h:11:1: warning: cast from restricted gfp_t
include/trace/events/kmem.h:11:1: warning: cast from restricted gfp_t
include/trace/events/kmem.h:11:1: warning: cast from restricted gfp_t
include/trace/events/kmem.h:11:1: warning: cast from restricted gfp_t
include/trace/events/kmem.h:11:1: warning: incorrect type in argument 3 (different base types)
include/trace/events/kmem.h:61:1: warning: cast from restricted gfp_t
include/trace/events/kmem.h:61:1: warning: cast from restricted gfp_t
include/trace/events/kmem.h:61:1: warning: cast from restricted gfp_t
include/trace/events/kmem.h:61:1: warning: cast from restricted gfp_t
include/trace/events/kmem.h:61:1: warning: cast from restricted gfp_t
include/trace/events/kmem.h:61:1: warning: cast from restricted gfp_t
include/trace/events/kmem.h:61:1: warning: cast from restricted gfp_t
include/trace/events/kmem.h:61:1: warning: cast from restricted gfp_t
include/trace/events/kmem.h:61:1: warning: cast from restricted gfp_t
include/trace/events/kmem.h:61:1: warning: cast from restricted gfp_t
include/trace/events/kmem.h:61:1: warning: cast from restricted gfp_t
include/trace/events/kmem.h:61:1: warning: cast from restricted gfp_t
include/trace/events/kmem.h:61:1: warning: cast from restricted gfp_t
include/trace/events/kmem.h:61:1: warning: cast from restricted gfp_t
include/trace/events/kmem.h:61:1: warning: cast from restricted gfp_t
include/trace/events/kmem.h:61:1: warning: cast from restricted gfp_t
include/trace/events/kmem.h:61:1: warning: cast from restricted gfp_t
include/trace/events/kmem.h:61:1: warning: cast from restricted gfp_t
include/trace/events/kmem.h:61:1: warning: cast from restricted gfp_t
include/trace/events/kmem.h:61:1: warning: cast from restricted gfp_t
include/trace/events/kmem.h:61:1: warning: cast from restricted gfp_t
include/trace/events/kmem.h:61:1: warning: cast from restricted gfp_t
include/trace/events/kmem.h:61:1: warning: cast from restricted gfp_t
include/trace/events/kmem.h:61:1: warning: cast from restricted gfp_t
include/trace/events/kmem.h:61:1: warning: cast from restricted gfp_t
include/trace/events/kmem.h:61:1: warning: cast from restricted gfp_t
include/trace/events/kmem.h:61:1: warning: cast from restricted gfp_t
include/trace/events/kmem.h:61:1: warning: incorrect type in argument 3 (different base types)
include/trace/events/kmem.h:194:1: warning: cast from restricted gfp_t
include/trace/events/kmem.h:194:1: warning: cast from restricted gfp_t
include/trace/events/kmem.h:194:1: warning: cast from restricted gfp_t
include/trace/events/kmem.h:194:1: warning: cast from restricted gfp_t
include/trace/events/kmem.h:194:1: warning: cast from restricted gfp_t
include/trace/events/kmem.h:194:1: warning: cast from restricted gfp_t
include/trace/events/kmem.h:194:1: warning: cast from restricted gfp_t
include/trace/events/kmem.h:194:1: warning: cast from restricted gfp_t
include/trace/events/kmem.h:194:1: warning: cast from restricted gfp_t
include/trace/events/kmem.h:194:1: warning: cast from restricted gfp_t
include/trace/events/kmem.h:194:1: warning: cast from restricted gfp_t
include/trace/events/kmem.h:194:1: warning: cast from restricted gfp_t
include/trace/events/kmem.h:194:1: warning: cast from restricted gfp_t
include/trace/events/kmem.h:194:1: warning: cast from restricted gfp_t
include/trace/events/kmem.h:194:1: warning: cast from restricted gfp_t
include/trace/events/kmem.h:194:1: warning: cast from restricted gfp_t
include/trace/events/kmem.h:194:1: warning: cast from restricted gfp_t
include/trace/events/kmem.h:194:1: warning: cast from restricted gfp_t
include/trace/events/kmem.h:194:1: warning: cast from restricted gfp_t
include/trace/events/kmem.h:194:1: warning: cast from restricted gfp_t
include/trace/events/kmem.h:194:1: warning: cast from restricted gfp_t
include/trace/events/kmem.h:194:1: warning: cast from restricted gfp_t
include/trace/events/kmem.h:194:1: warning: cast from restricted gfp_t
include/trace/events/kmem.h:194:1: warning: cast from restricted gfp_t
include/trace/events/kmem.h:194:1: warning: cast from restricted gfp_t
include/trace/events/kmem.h:194:1: warning: cast from restricted gfp_t
include/trace/events/kmem.h:194:1: warning: cast from restricted gfp_t
include/trace/events/kmem.h:194:1: warning: incorrect type in argument 3 (different base types)
include/trace/events/kmem.h:11:1: error: incompatible types for operation (<)
include/trace/events/kmem.h:61:1: error: incompatible types for operation (<)
include/trace/events/kmem.h:117:1: error: incompatible types for operation (<)
include/trace/events/kmem.h:150:1: error: incompatible types for operation (<)
include/trace/events/kmem.h:172:1: error: incompatible types for operation (<)
include/trace/events/kmem.h:194:1: error: incompatible types for operation (<)
include/trace/events/kmem.h:223:1: error: incompatible types for operation (<)
include/trace/events/kmem.h:267:1: error: incompatible types for operation (<)
mm/backing-dev.c:50:9: warning: context imbalance in 'bdi_lock_two' - wrong count at exit
mm/backing-dev.c:729:28: warning: context imbalance in 'bdi_destroy' - unexpected unlock
mm/memory.c:112:15: warning: symbol 'zero_pfn' was not declared. Should it be static?
mm/memory.c:913:5: warning: symbol 'copy_pte_range' was not declared. Should it be static?
mm/memory.c:3417:5: warning: symbol 'handle_pte_fault' was not declared. Should it be static?
mm/memory.c:929:17: warning: context imbalance in 'copy_pte_range' - different lock contexts for basic block
mm/memory.c:2002:32: warning: context imbalance in '__get_locked_pte' - different lock contexts for basic block
mm/memory.c:2199:17: warning: context imbalance in 'remap_pte_range' - different lock contexts for basic block
mm/memory.c:2357:17: warning: context imbalance in 'apply_to_pte_range' - unexpected unlock
mm/memory.c:3652:12: warning: context imbalance in '__follow_pte' - different lock contexts for basic block
mm/mlock.c:403:37: warning: implicit cast to nocast type
mm/mlock.c:540:37: warning: implicit cast to nocast type
mm/mmap.c:1045:47: warning: implicit cast to nocast type
mm/mmap.c:1047:45: warning: implicit cast to nocast type
mm/mmap.c:1056:45: warning: implicit cast to nocast type
mm/mmap.c:1073:47: warning: implicit cast to nocast type
mm/mmap.c:1142:49: warning: implicit cast to nocast type
mm/mmap.c:1265:37: warning: implicit cast to nocast type
mm/mmap.c:1269:37: warning: implicit cast to nocast type
mm/mmap.c:1279:29: warning: implicit cast to nocast type
/cmpt816/linux/arch/x86/include/asm/spinlock.h:84:9: warning: context imbalance in 'move_ptes' - different lock contexts for basic block
mm/rmap.c:615:7: warning: context imbalance in '__page_check_address' - wrong count at exit
mm/process_vm_access.c:416:1: warning: symbol 'compat_process_vm_rw' was not declared. Should it be static?
mm/init-mm.c:16:18: warning: symbol 'init_mm' was not declared. Should it be static?
/cmpt816/linux/arch/x86/include/asm/spinlock.h:84:9: warning: context imbalance in 'scan_swap_map' - unexpected unlock
mm/swapfile.c:475:32: warning: context imbalance in 'swap_info_get' - different lock contexts for basic block
mm/swapfile.c:577:17: warning: context imbalance in 'swap_free' - unexpected unlock
/cmpt816/linux/arch/x86/include/asm/spinlock.h:84:9: warning: context imbalance in 'swapcache_free' - unexpected unlock
mm/swapfile.c:613:35: warning: context imbalance in 'reuse_swap_page' - unexpected unlock
mm/swapfile.c:613:35: warning: context imbalance in 'try_to_free_swap' - unexpected unlock
/cmpt816/linux/arch/x86/include/asm/spinlock.h:84:9: warning: context imbalance in 'free_swap_and_cache' - unexpected unlock
/cmpt816/linux/arch/x86/include/asm/spinlock.h:84:9: warning: context imbalance in 'add_swap_count_continuation' - unexpected unlock
mm/hugetlb.c:1693:20: warning: symbol 'node_hstates' was not declared. Should it be static?
mm/hugetlb.c:1736:6: warning: symbol 'hugetlb_unregister_node' was not declared. Should it be static?
mm/hugetlb.c:1778:6: warning: symbol 'hugetlb_register_node' was not declared. Should it be static?
/cmpt816/linux/arch/x86/include/asm/spinlock.h:84:9: warning: context imbalance in 'gather_surplus_pages' - unexpected unlock
mm/hugetlb.c:2482:9: warning: context imbalance in 'hugetlb_cow' - unexpected unlock
mm/slub.c:1720:6: warning: symbol 'init_kmem_cache_cpus' was not declared. Should it be static?
mm/slub.c:1968:5: warning: symbol 'put_cpu_partial' was not declared. Should it be static?
/cmpt816/linux/arch/x86/include/asm/spinlock.h:84:9: warning: context imbalance in 'deactivate_slab' - unexpected unlock
/cmpt816/linux/arch/x86/include/asm/spinlock.h:84:9: warning: context imbalance in 'unfreeze_partials' - unexpected unlock
mm/slub.c:2529:31: warning: context imbalance in '__slab_free' - unexpected unlock
fs/open.c:890:15: warning: invalid assignment: &=
fs/read_write.c:35:29: warning: incorrect type in return expression (different base types)
fs/read_write.c:35:29: warning: incorrect type in return expression (different base types)
fs/read_write.c:35:29: warning: incorrect type in return expression (different base types)
fs/read_write.c:35:29: warning: incorrect type in return expression (different base types)
fs/file_table.c:38:1: warning: symbol 'files_lglock_cpu_lock' was not declared. Should it be static?
fs/file_table.c:38:1: warning: symbol 'files_lglock_cpus' was not declared. Should it be static?
fs/file_table.c:38:1: warning: symbol 'files_lglock_lock' was not declared. Should it be static?
fs/file_table.c:38:1: warning: context imbalance in 'files_lglock_global_lock_online' - wrong count at exit
/cmpt816/linux/arch/x86/include/asm/spinlock.h:84:9: warning: context imbalance in 'files_lglock_global_unlock_online' - unexpected unlock
fs/exec.c:69:5: warning: symbol 'core_uses_pid' was not declared. Should it be static?
fs/exec.c:70:6: warning: symbol 'core_pattern' was not declared. Should it be static?
fs/exec.c:71:14: warning: symbol 'core_pipe_limit' was not declared. Should it be static?
fs/exec.c:423:39: warning: incorrect type in return expression (different address spaces)
fs/exec.c:430:31: warning: incorrect type in return expression (different address spaces)
fs/exec.c:449:36: warning: incorrect type in argument 1 (different address spaces)
fs/exec.c:483:28: warning: incorrect type in argument 1 (different address spaces)
fs/exec.c:2263:16: warning: incorrect type in argument 1 (different address spaces)
fs/exec.c:2263:76: warning: incorrect type in argument 2 (different address spaces)
fs/exec.c:2261:5: warning: symbol 'dump_write' was not declared. Should it be static?
fs/exec.c:2267:5: warning: symbol 'dump_seek' was not declared. Should it be static?
include/linux/sched.h:2426:37: warning: context imbalance in 'coredump_wait' - different lock contexts for basic block
fs/namei.c:475:28: warning: context imbalance in 'unlazy_walk' - unexpected unlock
/cmpt816/linux/arch/x86/include/asm/spinlock.h:84:9: warning: context imbalance in 'complete_walk' - unexpected unlock
include/linux/rcupdate.h:752:9: warning: context imbalance in 'follow_dotdot_rcu' - unexpected unlock
include/linux/rcupdate.h:752:9: warning: context imbalance in 'terminate_walk' - unexpected unlock
fs/namei.c:1599:12: warning: context imbalance in 'path_init' - different lock contexts for basic block
fs/fcntl.c:275:38: warning: incorrect type in argument 2 (different address spaces)
fs/fcntl.c:336:36: warning: incorrect type in argument 1 (different address spaces)
fs/fcntl.c:275:38: warning: dereference of noderef expression
fs/fcntl.c:336:36: warning: dereference of noderef expression
fs/dcache.c:252:9: warning: context imbalance in 'dentry_iput' - different lock contexts for basic block
fs/dcache.c:379:9: warning: context imbalance in 'd_kill' - different lock contexts for basic block
/cmpt816/linux/arch/x86/include/asm/spinlock.h:84:9: warning: context imbalance in 'dput' - different lock contexts for basic block
/cmpt816/linux/arch/x86/include/asm/spinlock.h:84:9: warning: context imbalance in 'try_prune_one_dentry' - different lock contexts for basic block
include/linux/rcupdate.h:752:9: warning: context imbalance in 'try_to_ascend' - unexpected unlock
fs/dcache.c:1115:32: warning: context imbalance in 'have_submounts' - unexpected unlock
fs/dcache.c:1215:32: warning: context imbalance in 'select_parent' - unexpected unlock
fs/dcache.c:1408:9: warning: context imbalance in 'd_instantiate' - different lock contexts for basic block
fs/dcache.c:1475:9: warning: context imbalance in 'd_instantiate_unique' - different lock contexts for basic block
fs/dcache.c:2046:17: warning: context imbalance in 'd_delete' - different lock contexts for basic block
fs/dcache.c:2176:9: warning: context imbalance in 'dentry_lock_for_move' - wrong count at exit
fs/dcache.c:2189:28: warning: context imbalance in 'dentry_unlock_parents_for_move' - unexpected unlock
fs/dcache.c:2259:17: warning: context imbalance in '__d_move' - unexpected unlock
fs/dcache.c:2337:20: warning: context imbalance in '__d_unalias' - unexpected unlock
fs/dcache.c:2379:27: warning: context imbalance in '__d_materialise_dentry' - unexpected unlock
fs/dcache.c:2462:9: warning: context imbalance in 'd_materialise_unique' - unexpected unlock
fs/dcache.c:2778:6: warning: context imbalance in 'dentry_path' - wrong count at exit
fs/dcache.c:2918:9: warning: context imbalance in 'd_genocide' - different lock contexts for basic block
fs/inode.c:785:9: warning: context imbalance in 'find_inode' - different lock contexts for basic block
fs/inode.c:817:9: warning: context imbalance in 'find_inode_fast' - different lock contexts for basic block
fs/inode.c:1267:5: warning: context imbalance in 'insert_inode_locked' - wrong count at exit
fs/inode.c:1310:5: warning: context imbalance in 'insert_inode_locked4' - wrong count at exit
fs/inode.c:1404:20: warning: context imbalance in 'iput_final' - unexpected unlock
fs/inode.c:1420:9: warning: context imbalance in 'iput' - wrong count at exit
fs/inode.c:1606:13: warning: context imbalance in '__wait_on_freeing_inode' - unexpected unlock
fs/file.c:32:5: warning: symbol 'sysctl_nr_open_min' was not declared. Should it be static?
fs/file.c:33:5: warning: symbol 'sysctl_nr_open_max' was not declared. Should it be static?
fs/file.c:415:21: warning: symbol 'init_files' was not declared. Should it be static?
fs/namespace.c:52:1: warning: symbol 'vfsmount_lock_cpu_lock' was not declared. Should it be static?
fs/namespace.c:52:1: warning: symbol 'vfsmount_lock_cpus' was not declared. Should it be static?
fs/namespace.c:52:1: warning: symbol 'vfsmount_lock_lock' was not declared. Should it be static?
fs/namespace.c:52:1: warning: context imbalance in 'vfsmount_lock_global_lock_online' - wrong count at exit
/cmpt816/linux/arch/x86/include/asm/spinlock.h:84:9: warning: context imbalance in 'vfsmount_lock_global_unlock_online' - unexpected unlock
fs/fs-writeback.c:403:9: warning: context imbalance in 'writeback_single_inode' - unexpected unlock
fs/fs-writeback.c:1017:9: warning: context imbalance in 'block_dump___mark_inode_dirty' - different lock contexts for basic block
fs/drop_caches.c:14:5: warning: symbol 'sysctl_drop_caches' was not declared. Should it be static?
fs/fs_struct.c:173:18: warning: symbol 'init_fs' was not declared. Should it be static?
fs/bio.c:1237:33: warning: incorrect type in initializer (different address spaces)
/cmpt816/linux/arch/x86/include/asm/spinlock.h:84:9: warning: context imbalance in 'bdev_inode_switch_bdi' - unexpected unlock
fs/direct-io.c:1105:36: warning: Using plain integer as NULL pointer
fs/autofs4/root.c:430:5: warning: symbol 'autofs4_d_manage' was not declared. Should it be static?
fs/autofs4/waitq.c:75:45: warning: incorrect type in argument 2 (different address spaces)
fs/ext3/super.c:985:45: warning: Using plain integer as NULL pointer
fs/ext3/xattr_security.c:46:5: warning: symbol 'ext3_initxattrs' was not declared. Should it be static?
fs/isofs/compress.c:61:44: warning: Variable length array is used.
fs/isofs/compress.c:307:28: warning: Variable length array is used.
fs/jbd/commit.c:103:28: warning: context imbalance in 'inverted_lock' - unexpected unlock
fs/jbd/commit.c:191:9: warning: context imbalance in 'journal_submit_data_buffers' - different lock contexts for basic block
fs/jbd/commit.c:429:9: warning: context imbalance in 'journal_commit_transaction' - different lock contexts for basic block
fs/jbd/checkpoint.c:111:36: warning: context imbalance in '__try_to_free_cp_buf' - unexpected unlock
/cmpt816/linux/arch/x86/include/asm/spinlock.h:84:9: warning: context imbalance in '__log_wait_for_space' - unexpected unlock
fs/jbd/checkpoint.c:231:36: warning: context imbalance in '__wait_cp_io' - unexpected unlock
fs/jbd/checkpoint.c:294:23: warning: context imbalance in '__process_buffer' - unexpected unlock
/cmpt816/linux/arch/x86/include/asm/spinlock.h:84:9: warning: context imbalance in 'log_do_checkpoint' - unexpected unlock
fs/jbd/checkpoint.c:560:12: warning: context imbalance in 'journal_clean_one_cp_list' - different lock contexts for basic block
include/net/netns/generic.h:34:20: warning: context imbalance in 'nfs_server_list_start' - wrong count at exit
include/net/netns/generic.h:34:20: warning: context imbalance in 'nfs_server_list_stop' - unexpected unlock
include/net/netns/generic.h:34:20: warning: context imbalance in 'nfs_volume_list_start' - wrong count at exit
include/net/netns/generic.h:34:20: warning: context imbalance in 'nfs_volume_list_stop' - unexpected unlock
fs/nfs/inode.c:155:41: warning: argument to sizeof in memset call is the same pointer type __be32 * as the destination; expected __be32 or an explicit length [-Wsizeof-pointer-memaccess]
fs/nfs/unlink.c:482:34: warning: Variable length array is used.
fs/nfs/nfs4state.c:97:17: warning: symbol 'nfs4_get_machine_cred_locked' was not declared. Should it be static?
fs/notify/inode_mark.c:119:22: warning: symbol 'fsnotify_find_inode_mark_locked' was not declared. Should it be static?
fs/proc/root.c:64:45: warning: Using plain integer as NULL pointer
fs/proc/base.c:1806:63: warning: incorrect type in initializer (different base types)
fs/proc/base.c:1823:46: warning: restricted fmode_t degrades to integer
fs/proc/base.c:1825:46: warning: restricted fmode_t degrades to integer
fs/proc/array.c:397:43: warning: implicit cast to nocast type
fs/proc/array.c:398:26: warning: implicit cast to nocast type
fs/proc/array.c:432:51: warning: incorrect type in argument 2 (different modifiers)
fs/proc/array.c:432:51: warning: implicit cast to nocast type
fs/proc/array.c:432:59: warning: incorrect type in argument 3 (different modifiers)
fs/proc/array.c:432:59: warning: implicit cast to nocast type
fs/proc/array.c:448:35: warning: incorrect type in argument 2 (different modifiers)
fs/proc/array.c:448:35: warning: implicit cast to nocast type
fs/proc/array.c:448:43: warning: incorrect type in argument 3 (different modifiers)
fs/proc/array.c:448:43: warning: implicit cast to nocast type
fs/proc/kcore.c:605:19: warning: symbol 'kcore_modules' was not declared. Should it be static?
fs/proc/vmcore.c:187:40: warning: incorrect type in argument 1 (different address spaces)
fs/proc/vmcore.c:705:6: warning: symbol 'vmcore_cleanup' was not declared. Should it be static?
fs/quota/compat.c:43:17: warning: symbol 'sys32_quotactl' was not declared. Should it be static?
fs/sysfs/file.c:488:5: warning: symbol 'sysfs_attr_ns' was not declared. Should it be static?
fs/signalfd.c:105:25: warning: cast removes address space of expression
fs/signalfd.c:105:25: warning: cast removes address space of expression
fs/signalfd.c:105:25: warning: cast removes address space of expression
fs/signalfd.c:105:25: warning: cast removes address space of expression
fs/signalfd.c:113:24: warning: cast removes address space of expression
fs/signalfd.c:113:24: warning: cast removes address space of expression
fs/signalfd.c:113:24: warning: cast removes address space of expression
fs/signalfd.c:113:24: warning: cast removes address space of expression
fs/signalfd.c:139:24: warning: cast removes address space of expression
fs/signalfd.c:139:24: warning: cast removes address space of expression
fs/signalfd.c:139:24: warning: cast removes address space of expression
fs/signalfd.c:139:24: warning: cast removes address space of expression
fs/signalfd.c:148:24: warning: cast removes address space of expression
fs/signalfd.c:148:24: warning: cast removes address space of expression
fs/signalfd.c:148:24: warning: cast removes address space of expression
fs/signalfd.c:148:24: warning: cast removes address space of expression
fs/aio.c:754:9: warning: context imbalance in 'aio_run_iocb' - unexpected unlock
fs/locks.c:1351:5: warning: symbol 'generic_add_lease' was not declared. Should it be static?
fs/locks.c:1416:5: warning: symbol 'generic_delete_lease' was not declared. Should it be static?
fs/locks.c:163:6: warning: context imbalance in 'lock_flocks' - wrong count at exit
fs/locks.c:169:6: warning: context imbalance in 'unlock_flocks' - unexpected unlock
fs/compat.c:57:5: warning: symbol 'compat_log' was not declared. Should it be static?
fs/compat.c:1173:1: warning: symbol 'compat_sys_preadv64' was not declared. Should it be static?
fs/compat.c:1239:1: warning: symbol 'compat_sys_pwritev64' was not declared. Should it be static?
fs/compat.c:1436:5: warning: symbol 'compat_core_sys_select' was not declared. Should it be static?
fs/compat_ioctl.c:624:31: warning: incorrect type in assignment (different address spaces)
fs/compat_ioctl.c:706:21: warning: incorrect type in assignment (different address spaces)
fs/compat_ioctl.c:609:38: warning: typedef SS locally defined but not used [-Wunused-local-typedefs]
ipc/util.c:181:29: warning: context imbalance in 'ipc_findkey' - wrong count at exit
ipc/util.c:250:5: warning: context imbalance in 'ipc_addid' - different lock contexts for basic block
/cmpt816/linux/arch/x86/include/asm/spinlock.h:84:9: warning: context imbalance in 'ipcget_public' - unexpected unlock
ipc/util.c:684:22: warning: context imbalance in 'ipc_lock' - different lock contexts for basic block
/cmpt816/linux/arch/x86/include/asm/spinlock.h:84:9: warning: context imbalance in 'ipc_lock_check' - unexpected unlock
ipc/util.c:800:9: warning: context imbalance in 'ipcctl_pre_down' - unexpected unlock
ipc/util.c:840:29: warning: context imbalance in 'sysvipc_find_ipc' - different lock contexts for basic block
/cmpt816/linux/arch/x86/include/asm/spinlock.h:84:9: warning: context imbalance in 'sysvipc_proc_next' - unexpected unlock
/cmpt816/linux/arch/x86/include/asm/spinlock.h:84:9: warning: context imbalance in 'sysvipc_proc_stop' - unexpected unlock
ipc/msg.c:211:9: warning: context imbalance in 'newque' - unexpected unlock
ipc/msg.c:279:13: warning: context imbalance in 'freeque' - unexpected unlock
/cmpt816/linux/arch/x86/include/asm/spinlock.h:84:9: warning: context imbalance in 'msgctl_down' - unexpected unlock
/cmpt816/linux/arch/x86/include/asm/spinlock.h:84:9: warning: context imbalance in 'sys_msgctl' - unexpected unlock
/cmpt816/linux/arch/x86/include/asm/spinlock.h:84:9: warning: context imbalance in 'do_msgsnd' - unexpected unlock
/cmpt816/linux/arch/x86/include/asm/spinlock.h:84:9: warning: context imbalance in 'do_msgrcv' - unexpected unlock
ipc/sem.c:330:9: warning: context imbalance in 'newary' - unexpected unlock
ipc/sem.c:768:17: warning: context imbalance in 'freeary' - unexpected unlock
/cmpt816/linux/arch/x86/include/asm/spinlock.h:84:9: warning: context imbalance in 'semctl_nolock' - unexpected unlock
/cmpt816/linux/arch/x86/include/asm/spinlock.h:84:9: warning: context imbalance in 'semctl_main' - unexpected unlock
/cmpt816/linux/arch/x86/include/asm/spinlock.h:84:9: warning: context imbalance in 'semctl_down' - unexpected unlock
ipc/sem.c:1231:24: warning: context imbalance in 'find_alloc_undo' - wrong count at exit
include/linux/rcupdate.h:752:9: warning: context imbalance in 'sys_semtimedop' - unexpected unlock
/cmpt816/linux/arch/x86/include/asm/spinlock.h:84:9: warning: context imbalance in 'exit_sem' - unexpected unlock
ipc/shm.c:457:31: warning: implicit cast to nocast type
ipc/shm.c:484:36: warning: implicit cast to nocast type
ipc/shm.c:494:36: warning: implicit cast to nocast type
ipc/shm.c:92:17: warning: context imbalance in 'do_shm_rmid' - unexpected unlock
ipc/shm.c:173:9: warning: context imbalance in 'shm_open' - unexpected unlock
ipc/shm.c:188:13: warning: context imbalance in 'shm_destroy' - unexpected unlock
/cmpt816/linux/arch/x86/include/asm/spinlock.h:84:9: warning: context imbalance in 'shm_close' - unexpected unlock
ipc/shm.c:248:12: warning: context imbalance in 'shm_try_destroy_current' - different lock contexts for basic block
ipc/shm.c:279:12: warning: context imbalance in 'shm_try_destroy_orphaned' - different lock contexts for basic block
/cmpt816/linux/arch/x86/include/asm/current.h:14:16: warning: context imbalance in 'newseg' - unexpected unlock
/cmpt816/linux/arch/x86/include/asm/spinlock.h:84:9: warning: context imbalance in 'shmctl_down' - unexpected unlock
ipc/shm.c:932:9: warning: context imbalance in 'sys_shmctl' - unexpected unlock
/cmpt816/linux/arch/x86/include/asm/spinlock.h:84:9: warning: context imbalance in 'do_shmat' - unexpected unlock
/cmpt816/linux/arch/x86/include/asm/spinlock.h:84:9: warning: context imbalance in 'wq_sleep' - unexpected unlock
ipc/mqueue.c:915:17: warning: context imbalance in 'sys_mq_timedsend' - different lock contexts for basic block
ipc/mqueue.c:1016:9: warning: context imbalance in 'sys_mq_timedreceive' - different lock contexts for basic block
ipc/namespace.c:83:61: warning: context imbalance in 'free_ipcs' - different lock contexts for basic block
security/keys/key.c:970:15: warning: memset with byte count of 0
security/keys/keyring.c:721:5: warning: context imbalance in '__key_link_begin' - wrong count at exit
security/keys/keyring.c:923:9: warning: context imbalance in '__key_link_end' - wrong count at exit
security/keys/keyring.c:962:9: warning: context imbalance in 'key_link' - different lock contexts for basic block
security/keys/keyctl.c:959:6: error: symbol 'keyctl_instantiate_key_common' redeclared with different type (originally declared at security/keys/internal.h:229) - incompatible argument 2 (different address spaces)
security/keys/compat.c:36:29: warning: Using plain integer as NULL pointer
security/keys/compat.c:47:49: warning: incorrect type in argument 2 (different address spaces)
security/keys/compat.c:27:6: warning: symbol 'compat_keyctl_instantiate_key_iov' was not declared. Should it be static?
crypto/cipher.c:70:24: warning: Variable length array is used.
crypto/shash.c:81:40: warning: Variable length array is used.
crypto/shash.c:117:40: warning: Variable length array is used.
crypto/hmac.c:57:47: warning: Variable length array is used.
crypto/cbc.c:149:20: warning: Variable length array is used.
block/elevator.c:804:5: warning: symbol '__elv_register_queue' was not declared. Should it be static?
block/blk-core.c:2702:5: warning: symbol 'kblockd_schedule_delayed_work' was not declared. Should it be static?
block/blk-core.c:810:48: warning: context imbalance in 'get_request' - unexpected unlock
block/blk-core.c:953:36: warning: context imbalance in 'get_request_wait' - unexpected unlock
block/blk-core.c:976:16: warning: context imbalance in 'blk_get_request' - wrong count at exit
block/blk-core.c:1315:6: warning: context imbalance in 'blk_queue_bio' - different lock contexts for basic block
block/blk-core.c:2876:17: warning: context imbalance in 'blk_flush_plug_list' - unexpected unlock
block/blk-ioc.c:385:6: warning: symbol 'ioc_set_icq_flags' was not declared. Should it be static?
block/genhd.c:1388:10: error: bad integer constant expression
block/genhd.c:1389:10: error: bad integer constant expression
block/genhd.c:1393:10: error: bad integer constant expression
block/genhd.c:1394:10: error: bad integer constant expression
block/compat_ioctl.c:343:25: warning: incorrect type in assignment (different address spaces)
drivers/acpi/tables.c:244:61: warning: incorrect type in argument 1 (different address spaces)
drivers/acpi/tables.c:256:37: warning: incorrect type in argument 1 (different address spaces)
drivers/acpi/tables.c:296:44: warning: incorrect type in argument 1 (different address spaces)
drivers/acpi/tables.c:321:44: warning: incorrect type in argument 1 (different address spaces)
drivers/acpi/osl.c:373:40: warning: incorrect type in return expression (different address spaces)
drivers/acpi/osl.c:432:36: warning: incorrect type in argument 1 (different address spaces)
drivers/acpi/osl.c:453:36: warning: incorrect type in argument 1 (different address spaces)
drivers/acpi/osl.c:1543:20: warning: symbol 'acpi_os_initialize1' was not declared. Should it be static?
drivers/acpi/osl.c:730:1: warning: context imbalance in 'acpi_os_read_memory' - wrong count at exit
drivers/acpi/osl.c:789:1: warning: context imbalance in 'acpi_os_write_memory' - wrong count at exit
drivers/acpi/osl.c:1432:16: warning: context imbalance in 'acpi_os_acquire_lock' - wrong count at exit
drivers/acpi/osl.c:1443:6: warning: context imbalance in 'acpi_os_release_lock' - unexpected unlock
drivers/acpi/nvs.c:139:54: warning: incorrect type in argument 1 (different address spaces)
drivers/acpi/nvs.c:142:67: warning: incorrect type in argument 1 (different address spaces)
drivers/acpi/nvs.c:129:6: warning: symbol 'suspend_nvs_free' was not declared. Should it be static?
drivers/acpi/nvs.c:153:5: warning: symbol 'suspend_nvs_alloc' was not declared. Should it be static?
drivers/acpi/nvs.c:181:38: warning: incorrect type in assignment (different address spaces)
drivers/acpi/nvs.c:183:46: warning: incorrect type in assignment (different address spaces)
drivers/acpi/nvs.c:170:5: warning: symbol 'suspend_nvs_save' was not declared. Should it be static?
drivers/acpi/nvs.c:202:6: warning: symbol 'suspend_nvs_restore' was not declared. Should it be static?
drivers/acpi/sleep.c:31:4: warning: symbol 'wake_sleep_flags' was not declared. Should it be static?
drivers/acpi/proc.c:416:12: warning: symbol 'acpi_sleep_proc_init' was not declared. Should it be static?
drivers/acpi/bus.c:51:20: warning: symbol 'acpi_root' was not declared. Should it be static?
drivers/acpi/bus.c:572:1: warning: symbol 'acpi_bus_event_list' was not declared. Should it be static?
drivers/acpi/bus.c:573:1: warning: symbol 'acpi_bus_event_queue' was not declared. Should it be static?
drivers/acpi/scan.c:33:1: warning: symbol 'acpi_device_lock' was not declared. Should it be static?
drivers/acpi/scan.c:34:1: warning: symbol 'acpi_wakeup_device_list' was not declared. Should it be static?
drivers/acpi/ec.c:114:16: warning: symbol 'boot_ec' was not declared. Should it be static?
drivers/acpi/ec.c:382:5: warning: symbol 'ec_burst_enable' was not declared. Should it be static?
drivers/acpi/ec.c:391:5: warning: symbol 'ec_burst_disable' was not declared. Should it be static?
drivers/acpi/ec.c:520:5: warning: symbol 'acpi_ec_add_query_handler' was not declared. Should it be static?
drivers/acpi/ec.c:541:6: warning: symbol 'acpi_ec_remove_query_handler' was not declared. Should it be static?
drivers/acpi/event.c:27:5: warning: symbol 'event_is_open' was not declared. Should it be static?
drivers/acpi/sysfs.c:719:12: warning: symbol 'acpi_sysfs_init' was not declared. Should it be static?
drivers/acpi/debugfs.c:13:15: warning: symbol 'acpi_debugfs_dir' was not declared. Should it be static?
drivers/acpi/debugfs.c:16:13: warning: symbol 'acpi_debugfs_init' was not declared. Should it be static?
drivers/acpi/processor_throttling.c:720:18: warning: cast removes address space of expression
drivers/acpi/processor_throttling.c:720:18: warning: incorrect type in argument 2 (different address spaces)
/cmpt816/linux/arch/x86/include/asm/percpu.h:526:34: warning: cast removes address space of expression
drivers/acpi/processor_throttling.c:720:18: warning: cast removes address space of expression
drivers/acpi/processor_throttling.c:720:18: warning: incorrect type in argument 2 (different address spaces)
/cmpt816/linux/arch/x86/include/asm/percpu.h:513:38: warning: cast removes address space of expression
/cmpt816/linux/arch/x86/include/asm/percpu.h:513:59: warning: incorrect type in initializer (different address spaces)
drivers/acpi/processor_throttling.c:741:18: warning: cast removes address space of expression
drivers/acpi/processor_throttling.c:741:18: warning: incorrect type in argument 2 (different address spaces)
/cmpt816/linux/arch/x86/include/asm/percpu.h:526:34: warning: cast removes address space of expression
drivers/acpi/processor_throttling.c:741:18: warning: cast removes address space of expression
drivers/acpi/processor_throttling.c:741:18: warning: incorrect type in argument 2 (different address spaces)
/cmpt816/linux/arch/x86/include/asm/percpu.h:513:38: warning: cast removes address space of expression
/cmpt816/linux/arch/x86/include/asm/percpu.h:513:59: warning: incorrect type in initializer (different address spaces)
drivers/acpi/acpica/evrgnini.c:89:74: warning: incorrect type in argument 1 (different address spaces)
drivers/acpi/acpica/exregion.c:141:54: warning: incorrect type in argument 1 (different address spaces)
drivers/acpi/acpica/exregion.c:173:50: warning: incorrect type in assignment (different address spaces)
drivers/acpi/acpica/tbfadt.c:231:15: warning: incorrect type in assignment (different address spaces)
drivers/acpi/acpica/tbfadt.c:250:30: warning: incorrect type in argument 1 (different address spaces)
drivers/acpi/acpica/tbinstal.c:74:45: warning: incorrect type in assignment (different address spaces)
drivers/acpi/acpica/tbinstal.c:298:27: warning: incorrect type in assignment (different address spaces)
drivers/acpi/acpica/tbinstal.c:467:48: warning: incorrect type in argument 1 (different address spaces)
drivers/acpi/acpica/tbutils.c:86:15: warning: incorrect type in assignment (different address spaces)
drivers/acpi/acpica/tbutils.c:91:30: warning: incorrect type in argument 1 (different address spaces)
drivers/acpi/acpica/tbutils.c:95:15: warning: incorrect type in assignment (different address spaces)
drivers/acpi/acpica/tbutils.c:113:30: warning: incorrect type in argument 1 (different address spaces)
drivers/acpi/acpica/tbutils.c:472:15: warning: incorrect type in assignment (different address spaces)
drivers/acpi/acpica/tbutils.c:543:30: warning: incorrect type in argument 1 (different address spaces)
drivers/acpi/acpica/tbutils.c:638:14: warning: incorrect type in assignment (different address spaces)
drivers/acpi/acpica/tbutils.c:671:30: warning: incorrect type in argument 1 (different address spaces)
drivers/acpi/acpica/tbutils.c:684:15: warning: incorrect type in assignment (different address spaces)
drivers/acpi/acpica/tbutils.c:694:30: warning: incorrect type in argument 1 (different address spaces)
drivers/acpi/acpica/tbutils.c:702:15: warning: incorrect type in assignment (different address spaces)
drivers/acpi/acpica/tbutils.c:711:38: warning: incorrect type in argument 1 (different address spaces)
drivers/acpi/acpica/tbutils.c:763:30: warning: incorrect type in argument 1 (different address spaces)
drivers/acpi/acpica/tbxface.c:313:40: warning: incorrect type in assignment (different address spaces)
drivers/acpi/acpica/tbxface.c:323:54: warning: incorrect type in argument 1 (different address spaces)
drivers/acpi/acpica/tbxfroot.c:132:19: warning: incorrect type in assignment (different address spaces)
drivers/acpi/acpica/tbxfroot.c:148:30: warning: incorrect type in argument 1 (different address spaces)
drivers/acpi/acpica/tbxfroot.c:157:27: warning: incorrect type in assignment (different address spaces)
drivers/acpi/acpica/tbxfroot.c:171:38: warning: incorrect type in argument 1 (different address spaces)
drivers/acpi/acpica/tbxfroot.c:188:19: warning: incorrect type in assignment (different address spaces)
drivers/acpi/acpica/tbxfroot.c:203:30: warning: incorrect type in argument 1 (different address spaces)
include/acpi/acexcep.h:190:12: warning: symbol 'acpi_gbl_exception_names_env' was not declared. Should it be static?
include/acpi/acexcep.h:222:12: warning: symbol 'acpi_gbl_exception_names_pgm' was not declared. Should it be static?
include/acpi/acexcep.h:235:12: warning: symbol 'acpi_gbl_exception_names_tbl' was not declared. Should it be static?
include/acpi/acexcep.h:244:12: warning: symbol 'acpi_gbl_exception_names_aml' was not declared. Should it be static?
include/acpi/acexcep.h:281:12: warning: symbol 'acpi_gbl_exception_names_ctrl' was not declared. Should it be static?
drivers/acpi/acpica/acglobal.h:154:16: warning: symbol 'acpi_gbl_no_resource_disassembly' was not declared. Should it be static?
drivers/acpi/acpica/acglobal.h:166:17: warning: symbol 'acpi_gpe_count' was not declared. Should it be static?
drivers/acpi/acpica/acglobal.h:167:17: warning: symbol 'acpi_fixed_event_count' was not declared. Should it be static?
drivers/acpi/acpica/acglobal.h:171:17: warning: symbol 'acpi_gbl_original_dbg_level' was not declared. Should it be static?
drivers/acpi/acpica/acglobal.h:172:17: warning: symbol 'acpi_gbl_original_dbg_layer' was not declared. Should it be static?
drivers/acpi/acpica/acglobal.h:173:17: warning: symbol 'acpi_gbl_trace_dbg_level' was not declared. Should it be static?
drivers/acpi/acpica/acglobal.h:174:17: warning: symbol 'acpi_gbl_trace_dbg_layer' was not declared. Should it be static?
drivers/acpi/acpica/acglobal.h:186:36: warning: symbol 'acpi_gbl_root_table_list' was not declared. Should it be static?
drivers/acpi/acpica/acglobal.h:189:36: warning: symbol 'acpi_gbl_FACS' was not declared. Should it be static?
drivers/acpi/acpica/acglobal.h:195:41: warning: symbol 'acpi_gbl_xpm1a_status' was not declared. Should it be static?
drivers/acpi/acpica/acglobal.h:196:41: warning: symbol 'acpi_gbl_xpm1a_enable' was not declared. Should it be static?
drivers/acpi/acpica/acglobal.h:198:41: warning: symbol 'acpi_gbl_xpm1b_status' was not declared. Should it be static?
drivers/acpi/acpica/acglobal.h:199:41: warning: symbol 'acpi_gbl_xpm1b_enable' was not declared. Should it be static?
drivers/acpi/acpica/acglobal.h:203:38: warning: symbol 'acpi_gbl_DSDT' was not declared. Should it be static?
drivers/acpi/acpica/acglobal.h:204:38: warning: symbol 'acpi_gbl_original_dsdt_header' was not declared. Should it be static?
drivers/acpi/acpica/acglobal.h:211:16: warning: symbol 'acpi_gbl_integer_bit_width' was not declared. Should it be static?
drivers/acpi/acpica/acglobal.h:212:16: warning: symbol 'acpi_gbl_integer_byte_width' was not declared. Should it be static?
drivers/acpi/acpica/acglobal.h:213:16: warning: symbol 'acpi_gbl_integer_nybble_width' was not declared. Should it be static?
drivers/acpi/acpica/acglobal.h:217:13: warning: symbol 'acpi_gbl_osi_mutex' was not declared. Should it be static?
drivers/acpi/acpica/acglobal.h:221:33: warning: symbol 'acpi_gbl_namespace_rw_lock' was not declared. Should it be static?
drivers/acpi/acpica/acglobal.h:234:36: warning: symbol 'acpi_gbl_mutex_info' was not declared. Should it be static?
drivers/acpi/acpica/acglobal.h:241:39: warning: symbol 'acpi_gbl_global_lock_mutex' was not declared. Should it be static?
drivers/acpi/acpica/acglobal.h:242:13: warning: symbol 'acpi_gbl_global_lock_semaphore' was not declared. Should it be static?
drivers/acpi/acpica/acglobal.h:243:13: warning: symbol 'acpi_gbl_global_lock_pending_lock' was not declared. Should it be static?
drivers/acpi/acpica/acglobal.h:244:17: warning: symbol 'acpi_gbl_global_lock_handle' was not declared. Should it be static?
drivers/acpi/acpica/acglobal.h:245:16: warning: symbol 'acpi_gbl_global_lock_acquired' was not declared. Should it be static?
drivers/acpi/acpica/acglobal.h:246:16: warning: symbol 'acpi_gbl_global_lock_present' was not declared. Should it be static?
drivers/acpi/acpica/acglobal.h:247:16: warning: symbol 'acpi_gbl_global_lock_pending' was not declared. Should it be static?
drivers/acpi/acpica/acglobal.h:253:13: warning: symbol 'acpi_gbl_gpe_lock' was not declared. Should it be static?
drivers/acpi/acpica/acglobal.h:254:13: warning: symbol 'acpi_gbl_hardware_lock' was not declared. Should it be static?
drivers/acpi/acpica/acglobal.h:273:26: warning: symbol 'acpi_gbl_namespace_cache' was not declared. Should it be static?
drivers/acpi/acpica/acglobal.h:274:26: warning: symbol 'acpi_gbl_state_cache' was not declared. Should it be static?
drivers/acpi/acpica/acglobal.h:275:26: warning: symbol 'acpi_gbl_ps_node_cache' was not declared. Should it be static?
drivers/acpi/acpica/acglobal.h:276:26: warning: symbol 'acpi_gbl_ps_node_ext_cache' was not declared. Should it be static?
drivers/acpi/acpica/acglobal.h:277:26: warning: symbol 'acpi_gbl_operand_cache' was not declared. Should it be static?
drivers/acpi/acpica/acglobal.h:281:47: warning: symbol 'acpi_gbl_device_notify' was not declared. Should it be static?
drivers/acpi/acpica/acglobal.h:282:47: warning: symbol 'acpi_gbl_system_notify' was not declared. Should it be static?
drivers/acpi/acpica/acglobal.h:283:36: warning: symbol 'acpi_gbl_exception_handler' was not declared. Should it be static?
drivers/acpi/acpica/acglobal.h:284:31: warning: symbol 'acpi_gbl_init_handler' was not declared. Should it be static?
drivers/acpi/acpica/acglobal.h:285:30: warning: symbol 'acpi_gbl_table_handler' was not declared. Should it be static?
drivers/acpi/acpica/acglobal.h:286:18: warning: symbol 'acpi_gbl_table_handler_context' was not declared. Should it be static?
drivers/acpi/acpica/acglobal.h:287:36: warning: symbol 'acpi_gbl_breakpoint_walk' was not declared. Should it be static?
drivers/acpi/acpica/acglobal.h:288:36: warning: symbol 'acpi_gbl_interface_handler' was not declared. Should it be static?
drivers/acpi/acpica/acglobal.h:292:17: warning: symbol 'acpi_gbl_owner_id_mask' was not declared. Should it be static?
drivers/acpi/acpica/acglobal.h:293:16: warning: symbol 'acpi_gbl_last_owner_id_index' was not declared. Should it be static?
drivers/acpi/acpica/acglobal.h:294:16: warning: symbol 'acpi_gbl_next_owner_id_offset' was not declared. Should it be static?
drivers/acpi/acpica/acglobal.h:298:16: warning: symbol 'acpi_gbl_reg_methods_executed' was not declared. Should it be static?
drivers/acpi/acpica/acglobal.h:302:17: warning: symbol 'acpi_gbl_original_mode' was not declared. Should it be static?
drivers/acpi/acpica/acglobal.h:303:17: warning: symbol 'acpi_gbl_rsdp_original_location' was not declared. Should it be static?
drivers/acpi/acpica/acglobal.h:304:17: warning: symbol 'acpi_gbl_ns_lookup_count' was not declared. Should it be static?
drivers/acpi/acpica/acglobal.h:305:17: warning: symbol 'acpi_gbl_ps_find_count' was not declared. Should it be static?
drivers/acpi/acpica/acglobal.h:306:17: warning: symbol 'acpi_gbl_pm1_enable_register_save' was not declared. Should it be static?
drivers/acpi/acpica/acglobal.h:307:16: warning: symbol 'acpi_gbl_debugger_configuration' was not declared. Should it be static?
drivers/acpi/acpica/acglobal.h:308:16: warning: symbol 'acpi_gbl_step_to_next_call' was not declared. Should it be static?
drivers/acpi/acpica/acglobal.h:309:16: warning: symbol 'acpi_gbl_acpi_hardware_present' was not declared. Should it be static?
drivers/acpi/acpica/acglobal.h:310:16: warning: symbol 'acpi_gbl_events_initialized' was not declared. Should it be static?
drivers/acpi/acpica/acglobal.h:311:16: warning: symbol 'acpi_gbl_osi_data' was not declared. Should it be static?
drivers/acpi/acpica/acglobal.h:312:40: warning: symbol 'acpi_gbl_supported_interfaces' was not declared. Should it be static?
drivers/acpi/acpica/acglobal.h:314:5: warning: symbol 'acpi_gbl_address_range_list' was not declared. Should it be static?
drivers/acpi/acpica/acglobal.h:350:40: warning: symbol 'acpi_gbl_root_node_struct' was not declared. Should it be static?
drivers/acpi/acpica/acglobal.h:351:40: warning: symbol 'acpi_gbl_root_node' was not declared. Should it be static?
drivers/acpi/acpica/acglobal.h:352:40: warning: symbol 'acpi_gbl_fadt_gpe_device' was not declared. Should it be static?
drivers/acpi/acpica/acglobal.h:353:39: warning: symbol 'acpi_gbl_module_code_list' was not declared. Should it be static?
drivers/acpi/acpica/acglobal.h:374:38: warning: symbol 'acpi_gbl_current_walk_list' was not declared. Should it be static?
drivers/acpi/acpica/acglobal.h:378:16: warning: symbol 'acpi_gbl_cm_single_step' was not declared. Should it be static?
drivers/acpi/acpica/acglobal.h:388:16: warning: symbol 'acpi_gbl_sleep_type_a' was not declared. Should it be static?
drivers/acpi/acpica/acglobal.h:389:16: warning: symbol 'acpi_gbl_sleep_type_b' was not declared. Should it be static?
drivers/acpi/acpica/acglobal.h:400:5: warning: symbol 'acpi_gbl_fixed_event_handlers' was not declared. Should it be static?
drivers/acpi/acpica/acglobal.h:401:40: warning: symbol 'acpi_gbl_gpe_xrupt_list_head' was not declared. Should it be static?
drivers/acpi/acpica/acglobal.h:403:1: warning: symbol 'acpi_gbl_gpe_fadt_blocks' was not declared. Should it be static?
drivers/acpi/acpica/acglobal.h:407:16: warning: symbol 'acpi_gbl_all_gpes_initialized' was not declared. Should it be static?
drivers/acpi/acpica/acglobal.h:408:36: warning: symbol 'acpi_gbl_global_event_handler' was not declared. Should it be static?
drivers/acpi/acpica/acglobal.h:409:18: warning: symbol 'acpi_gbl_global_event_handler_context' was not declared. Should it be static?
drivers/acpi/acpica/acglobal.h:419:16: warning: symbol 'acpi_gbl_db_output_flags' was not declared. Should it be static?
drivers/acpi/acpica/utglobal.c:72:4: warning: symbol 'acpi_gbl_db_terminate_threads' was not declared. Should it be static?
drivers/acpi/acpica/utglobal.c:73:4: warning: symbol 'acpi_gbl_abort_method' was not declared. Should it be static?
drivers/acpi/acpica/utglobal.c:74:4: warning: symbol 'acpi_gbl_method_executing' was not declared. Should it be static?
drivers/acpi/acpica/utglobal.c:78:5: warning: symbol 'acpi_gbl_startup_flags' was not declared. Should it be static?
drivers/acpi/acpica/utglobal.c:82:4: warning: symbol 'acpi_gbl_shutdown' was not declared. Should it be static?
drivers/acpi/acpica/utglobal.c:84:12: warning: symbol 'acpi_gbl_sleep_state_names' was not declared. Should it be static?
drivers/acpi/acpica/utglobal.c:93:12: warning: symbol 'acpi_gbl_lowest_dstate_names' was not declared. Should it be static?
drivers/acpi/acpica/utglobal.c:101:12: warning: symbol 'acpi_gbl_highest_dstate_names' was not declared. Should it be static?
drivers/acpi/acpica/utstate.c:64:1: warning: symbol 'acpi_ut_create_pkg_state_and_push' was not declared. Should it be static?
drivers/acpi/button.c:216:5: warning: symbol 'acpi_lid_notifier_register' was not declared. Should it be static?
drivers/acpi/button.c:222:5: warning: symbol 'acpi_lid_notifier_unregister' was not declared. Should it be static?
drivers/acpi/button.c:228:5: warning: symbol 'acpi_lid_open' was not declared. Should it be static?
drivers/ata/libata-scsi.c:1876:9: warning: context imbalance in 'ata_scsi_rbuf_get' - wrong count at exit
drivers/ata/libata-scsi.c:1897:31: warning: context imbalance in 'ata_scsi_rbuf_fill' - unexpected unlock
drivers/ata/libata-scsi.c:1895:48: warning: context imbalance in 'atapi_qc_complete' - unexpected unlock
drivers/ata/libata-eh.c:422:5: warning: symbol 'ata_ering_clear_cb' was not declared. Should it be static?
drivers/ata/libata-transport.c:235:5: warning: symbol 'ata_is_port' was not declared. Should it be static?
drivers/ata/libata-transport.c:358:5: warning: symbol 'ata_is_link' was not declared. Should it be static?
drivers/ata/libata-transport.c:575:5: warning: symbol 'ata_is_ata_dev' was not declared. Should it be static?
drivers/ata/libata-sff.c:1302:9: warning: context imbalance in 'ata_sff_hsm_move' - different lock contexts for basic block
drivers/ata/ahci.c:93:9: warning: Initializer entry defined twice
drivers/ata/libahci.c:189:5: warning: symbol 'ahci_em_messages' was not declared. Should it be static?
drivers/ata/libahci.c:1348:5: warning: symbol 'ahci_pmp_retry_softreset' was not declared. Should it be static?
drivers/base/bus.c:25:13: warning: symbol 'system_kset' was not declared. Should it be static?
include/linux/pm_qos.h:69:28: warning: Using plain integer as NULL pointer
include/linux/pm_qos.h:69:28: warning: Using plain integer as NULL pointer
include/linux/pm_qos.h:69:28: warning: Using plain integer as NULL pointer
drivers/base/power/main.c:48:1: warning: symbol 'dpm_prepared_list' was not declared. Should it be static?
drivers/base/power/main.c:49:1: warning: symbol 'dpm_suspended_list' was not declared. Should it be static?
drivers/base/power/main.c:50:1: warning: symbol 'dpm_late_early_list' was not declared. Should it be static?
drivers/base/power/main.c:51:1: warning: symbol 'dpm_noirq_list' was not declared. Should it be static?
drivers/block/brd.c:433:5: warning: symbol 'rd_size' was not declared. Should it be static?
drivers/block/loop.c:229:38: warning: incorrect type in argument 2 (different address spaces)
drivers/char/mem.c:379:44: warning: incorrect type in argument 2 (different address spaces)
drivers/char/random.c:1282:11: warning: symbol 'random_table' was not declared. Should it be static?
drivers/char/random.c:1347:1: warning: symbol 'get_random_int_hash' was not declared. Should it be static?
drivers/char/agp/frontend.c:46:23: warning: symbol 'agp_fe' was not declared. Should it be static?
drivers/char/agp/frontend.c:48:19: warning: symbol 'agp_find_mem_by_key' was not declared. Should it be static?
drivers/char/agp/frontend.c:164:5: warning: symbol 'agp_create_segment' was not declared. Should it be static?
drivers/char/agp/frontend.c:216:25: warning: symbol 'agp_find_private' was not declared. Should it be static?
drivers/char/agp/frontend.c:271:6: warning: symbol 'agp_free_memory_wrap' was not declared. Should it be static?
drivers/char/agp/frontend.c:277:19: warning: symbol 'agp_allocate_memory_wrap' was not declared. Should it be static?
drivers/char/agp/frontend.c:489:19: warning: symbol 'agp_find_client_by_pid' was not declared. Should it be static?
drivers/char/agp/frontend.c:514:19: warning: symbol 'agp_create_client' was not declared. Should it be static?
drivers/char/agp/frontend.c:527:5: warning: symbol 'agp_remove_client' was not declared. Should it be static?
drivers/char/agp/frontend.c:748:5: warning: symbol 'agpioc_acquire_wrap' was not declared. Should it be static?
drivers/char/agp/frontend.c:791:5: warning: symbol 'agpioc_release_wrap' was not declared. Should it be static?
drivers/char/agp/frontend.c:798:5: warning: symbol 'agpioc_setup_wrap' was not declared. Should it be static?
drivers/char/agp/frontend.c:878:5: warning: symbol 'agpioc_protect_wrap' was not declared. Should it be static?
drivers/char/agp/frontend.c:912:5: warning: symbol 'agpioc_deallocate_wrap' was not declared. Should it be static?
drivers/char/agp/generic.c:47:7: warning: symbol 'agp_gatt_table' was not declared. Should it be static?
drivers/char/agp/generic.c:48:5: warning: symbol 'agp_memory_reserved' was not declared. Should it be static?
drivers/char/agp/generic.c:961:28: warning: incorrect type in assignment (different address spaces)
drivers/char/agp/intel-agp.c:16:5: warning: symbol 'intel_agp_enabled' was not declared. Should it be static?
drivers/clocksource/acpi_pm.c:120:1: warning: duplicate const 
drivers/clocksource/acpi_pm.c:137:1: warning: duplicate const 
drivers/clocksource/acpi_pm.c:139:1: warning: duplicate const 
drivers/cpufreq/cpufreq.c:130:5: warning: symbol 'cpufreq_disabled' was not declared. Should it be static?
drivers/cpufreq/cpufreq_ondemand.c:703:50: warning: incorrect type in argument 2 (different modifiers)
drivers/cpufreq/cpufreq_ondemand.c:703:50: warning: implicit cast to nocast type
drivers/cpufreq/cpufreq_ondemand.c:149:53: warning: incorrect type in argument 2 (different modifiers)
drivers/cpufreq/cpufreq_ondemand.c:149:53: warning: implicit cast from nocast type
drivers/cpufreq/cpufreq_ondemand.c:151:58: warning: incorrect type in argument 2 (different modifiers)
drivers/cpufreq/cpufreq_ondemand.c:151:58: warning: implicit cast from nocast type
drivers/cpufreq/cpufreq_ondemand.c:401:50: warning: incorrect type in argument 2 (different modifiers)
drivers/cpufreq/cpufreq_ondemand.c:401:50: warning: implicit cast to nocast type
drivers/cpufreq/cpufreq_ondemand.c:149:53: warning: incorrect type in argument 2 (different modifiers)
drivers/cpufreq/cpufreq_ondemand.c:149:53: warning: implicit cast from nocast type
drivers/cpufreq/cpufreq_ondemand.c:151:58: warning: incorrect type in argument 2 (different modifiers)
drivers/cpufreq/cpufreq_ondemand.c:151:58: warning: implicit cast from nocast type
drivers/cpufreq/cpufreq_ondemand.c:497:55: warning: incorrect type in argument 2 (different modifiers)
drivers/cpufreq/cpufreq_ondemand.c:497:55: warning: implicit cast to nocast type
drivers/cpufreq/cpufreq_ondemand.c:149:53: warning: incorrect type in argument 2 (different modifiers)
drivers/cpufreq/cpufreq_ondemand.c:149:53: warning: implicit cast from nocast type
drivers/cpufreq/cpufreq_ondemand.c:151:58: warning: incorrect type in argument 2 (different modifiers)
drivers/cpufreq/cpufreq_ondemand.c:151:58: warning: implicit cast from nocast type
drivers/cpufreq/cpufreq_ondemand.c:498:59: warning: incorrect type in argument 2 (different modifiers)
drivers/cpufreq/cpufreq_ondemand.c:498:59: warning: implicit cast to nocast type
drivers/cpufreq/cpufreq_ondemand.c:158:55: warning: incorrect type in argument 2 (different modifiers)
drivers/cpufreq/cpufreq_ondemand.c:158:55: warning: implicit cast from nocast type
drivers/firmware/dmi_scan.c:108:13: warning: incorrect type in assignment (different address spaces)
drivers/firmware/dmi_scan.c:114:21: warning: incorrect type in argument 1 (different address spaces)
drivers/firmware/dmi_scan.c:722:13: warning: incorrect type in assignment (different address spaces)
drivers/firmware/dmi_scan.c:728:17: warning: incorrect type in argument 1 (different address spaces)
drivers/gpu/drm/drm_bufs.c:218:37: warning: incorrect type in assignment (different address spaces)
drivers/gpu/drm/drm_bufs.c:336:36: warning: incorrect type in argument 1 (different address spaces)
drivers/gpu/drm/drm_bufs.c:353:36: warning: incorrect type in argument 1 (different address spaces)
drivers/gpu/drm/drm_bufs.c:451:28: warning: incorrect type in argument 1 (different address spaces)
drivers/gpu/drm/drm_drv.c:64:9: error: bad integer constant expression
drivers/gpu/drm/drm_drv.c:65:9: error: bad integer constant expression
drivers/gpu/drm/drm_drv.c:66:9: error: bad integer constant expression
drivers/gpu/drm/drm_drv.c:67:9: error: bad integer constant expression
drivers/gpu/drm/drm_drv.c:68:9: error: bad integer constant expression
drivers/gpu/drm/drm_drv.c:69:9: error: bad integer constant expression
drivers/gpu/drm/drm_drv.c:70:9: error: bad integer constant expression
drivers/gpu/drm/drm_drv.c:71:9: error: bad integer constant expression
drivers/gpu/drm/drm_drv.c:72:9: error: bad integer constant expression
drivers/gpu/drm/drm_drv.c:74:9: error: bad integer constant expression
drivers/gpu/drm/drm_drv.c:75:9: error: bad integer constant expression
drivers/gpu/drm/drm_drv.c:76:9: error: bad integer constant expression
drivers/gpu/drm/drm_drv.c:77:9: error: bad integer constant expression
drivers/gpu/drm/drm_drv.c:79:9: error: bad integer constant expression
drivers/gpu/drm/drm_drv.c:80:9: error: bad integer constant expression
drivers/gpu/drm/drm_drv.c:82:9: error: bad integer constant expression
drivers/gpu/drm/drm_drv.c:83:9: error: bad integer constant expression
drivers/gpu/drm/drm_drv.c:88:9: error: bad integer constant expression
drivers/gpu/drm/drm_drv.c:89:9: error: bad integer constant expression
drivers/gpu/drm/drm_drv.c:90:9: error: bad integer constant expression
drivers/gpu/drm/drm_drv.c:91:9: error: bad integer constant expression
drivers/gpu/drm/drm_drv.c:92:9: error: bad integer constant expression
drivers/gpu/drm/drm_drv.c:93:9: error: bad integer constant expression
drivers/gpu/drm/drm_drv.c:94:9: error: bad integer constant expression
drivers/gpu/drm/drm_drv.c:96:9: error: bad integer constant expression
drivers/gpu/drm/drm_drv.c:97:9: error: bad integer constant expression
drivers/gpu/drm/drm_drv.c:99:9: error: bad integer constant expression
drivers/gpu/drm/drm_drv.c:100:9: error: bad integer constant expression
drivers/gpu/drm/drm_drv.c:102:9: error: bad integer constant expression
drivers/gpu/drm/drm_drv.c:104:9: error: bad integer constant expression
drivers/gpu/drm/drm_drv.c:105:9: error: bad integer constant expression
drivers/gpu/drm/drm_drv.c:106:9: error: bad integer constant expression
drivers/gpu/drm/drm_drv.c:107:9: error: bad integer constant expression
drivers/gpu/drm/drm_drv.c:108:9: error: bad integer constant expression
drivers/gpu/drm/drm_drv.c:110:9: error: bad integer constant expression
drivers/gpu/drm/drm_drv.c:112:9: error: bad integer constant expression
drivers/gpu/drm/drm_drv.c:117:9: error: bad integer constant expression
drivers/gpu/drm/drm_drv.c:118:9: error: bad integer constant expression
drivers/gpu/drm/drm_drv.c:119:9: error: bad integer constant expression
drivers/gpu/drm/drm_drv.c:120:9: error: bad integer constant expression
drivers/gpu/drm/drm_drv.c:121:9: error: bad integer constant expression
drivers/gpu/drm/drm_drv.c:122:9: error: bad integer constant expression
drivers/gpu/drm/drm_drv.c:125:9: error: bad integer constant expression
drivers/gpu/drm/drm_drv.c:126:9: error: bad integer constant expression
drivers/gpu/drm/drm_drv.c:128:9: error: bad integer constant expression
drivers/gpu/drm/drm_drv.c:130:9: error: bad integer constant expression
drivers/gpu/drm/drm_drv.c:132:9: error: bad integer constant expression
drivers/gpu/drm/drm_drv.c:134:9: error: bad integer constant expression
drivers/gpu/drm/drm_drv.c:135:9: error: bad integer constant expression
drivers/gpu/drm/drm_drv.c:136:9: error: bad integer constant expression
drivers/gpu/drm/drm_drv.c:138:9: error: bad integer constant expression
drivers/gpu/drm/drm_drv.c:140:9: error: bad integer constant expression
drivers/gpu/drm/drm_drv.c:141:9: error: bad integer constant expression
drivers/gpu/drm/drm_drv.c:143:9: error: bad integer constant expression
drivers/gpu/drm/drm_drv.c:144:9: error: bad integer constant expression
drivers/gpu/drm/drm_drv.c:145:9: error: bad integer constant expression
drivers/gpu/drm/drm_drv.c:146:9: error: bad integer constant expression
drivers/gpu/drm/drm_drv.c:147:9: error: bad integer constant expression
drivers/gpu/drm/drm_drv.c:148:9: error: bad integer constant expression
drivers/gpu/drm/drm_drv.c:149:9: error: bad integer constant expression
drivers/gpu/drm/drm_drv.c:150:9: error: bad integer constant expression
drivers/gpu/drm/drm_drv.c:151:9: error: bad integer constant expression
drivers/gpu/drm/drm_drv.c:152:9: error: bad integer constant expression
drivers/gpu/drm/drm_drv.c:153:9: error: bad integer constant expression
drivers/gpu/drm/drm_drv.c:154:9: error: bad integer constant expression
drivers/gpu/drm/drm_drv.c:155:9: error: bad integer constant expression
drivers/gpu/drm/drm_drv.c:156:9: error: bad integer constant expression
drivers/gpu/drm/drm_drv.c:157:9: error: bad integer constant expression
drivers/gpu/drm/drm_drv.c:158:9: error: bad integer constant expression
drivers/gpu/drm/drm_drv.c:159:9: error: bad integer constant expression
drivers/gpu/drm/drm_drv.c:160:9: error: bad integer constant expression
drivers/gpu/drm/drm_drv.c:161:9: error: bad integer constant expression
drivers/gpu/drm/drm_drv.c:162:9: error: bad integer constant expression
drivers/gpu/drm/drm_drv.c:163:9: error: bad integer constant expression
drivers/gpu/drm/drm_drv.c:164:9: error: bad integer constant expression
drivers/gpu/drm/drm_drv.c:165:9: error: bad integer constant expression
drivers/gpu/drm/drm_drv.c:166:9: error: bad integer constant expression
drivers/gpu/drm/drm_irq.c:1241:6: warning: symbol 'drm_handle_vblank_events' was not declared. Should it be static?
drivers/gpu/drm/drm_memory.c:119:29: warning: incorrect type in assignment (different address spaces)
drivers/gpu/drm/drm_memory.c:129:29: warning: incorrect type in assignment (different address spaces)
drivers/gpu/drm/drm_memory.c:142:28: warning: incorrect type in argument 1 (different address spaces)
drivers/gpu/drm/drm_proc.c:93:5: warning: symbol 'drm_proc_create_files' was not declared. Should it be static?
drivers/gpu/drm/drm_proc.c:176:5: warning: symbol 'drm_proc_remove_files' was not declared. Should it be static?
drivers/gpu/drm/drm_vm.c:260:44: warning: incorrect type in argument 1 (different address spaces)
drivers/gpu/drm/drm_pci.c:155:5: warning: symbol 'drm_pci_set_busid' was not declared. Should it be static?
drivers/gpu/drm/drm_pci.c:197:5: warning: symbol 'drm_pci_set_unique' was not declared. Should it be static?
drivers/gpu/drm/drm_pci.c:269:5: warning: symbol 'drm_pci_agp_init' was not declared. Should it be static?
drivers/gpu/drm/drm_crtc.c:134:1: warning: symbol 'drm_get_dirty_info_name' was not declared. Should it be static?
drivers/gpu/drm/drm_crtc.c:947:5: warning: symbol 'drm_mode_group_init' was not declared. Should it be static?
drivers/gpu/drm/drm_modes.c:852:6: warning: symbol 'drm_mode_validate_clocks' was not declared. Should it be static?
drivers/gpu/drm/drm_info.c:238:5: warning: symbol 'drm_gem_one_name_info' was not declared. Should it be static?
drivers/gpu/drm/drm_ioc32.c:1020:10: error: bad integer constant expression
drivers/gpu/drm/drm_ioc32.c:1021:10: error: bad integer constant expression
drivers/gpu/drm/drm_ioc32.c:1022:10: error: bad integer constant expression
drivers/gpu/drm/drm_ioc32.c:1023:10: error: bad integer constant expression
drivers/gpu/drm/drm_ioc32.c:1024:10: error: bad integer constant expression
drivers/gpu/drm/drm_ioc32.c:1025:10: error: bad integer constant expression
drivers/gpu/drm/drm_ioc32.c:1026:10: error: bad integer constant expression
drivers/gpu/drm/drm_ioc32.c:1027:10: error: bad integer constant expression
drivers/gpu/drm/drm_ioc32.c:1028:10: error: bad integer constant expression
drivers/gpu/drm/drm_ioc32.c:1029:10: error: bad integer constant expression
drivers/gpu/drm/drm_ioc32.c:1030:10: error: bad integer constant expression
drivers/gpu/drm/drm_ioc32.c:1031:10: error: bad integer constant expression
drivers/gpu/drm/drm_ioc32.c:1032:10: error: bad integer constant expression
drivers/gpu/drm/drm_ioc32.c:1033:10: error: bad integer constant expression
drivers/gpu/drm/drm_ioc32.c:1034:10: error: bad integer constant expression
drivers/gpu/drm/drm_ioc32.c:1035:10: error: bad integer constant expression
drivers/gpu/drm/drm_ioc32.c:1036:10: error: bad integer constant expression
drivers/gpu/drm/drm_ioc32.c:1038:10: error: bad integer constant expression
drivers/gpu/drm/drm_ioc32.c:1039:10: error: bad integer constant expression
drivers/gpu/drm/drm_ioc32.c:1040:10: error: bad integer constant expression
drivers/gpu/drm/drm_ioc32.c:1041:10: error: bad integer constant expression
drivers/gpu/drm/drm_ioc32.c:1042:10: error: bad integer constant expression
drivers/gpu/drm/drm_ioc32.c:1043:10: error: bad integer constant expression
drivers/gpu/drm/drm_ioc32.c:1045:10: error: bad integer constant expression
drivers/gpu/drm/drm_ioc32.c:1046:10: error: bad integer constant expression
drivers/gpu/drm/drm_ioc32.c:1048:10: error: bad integer constant expression
drivers/gpu/drm/drm_ioc32.c:1050:10: error: bad integer constant expression
drivers/gpu/drm/drm_fb_helper.c:236:6: warning: symbol 'drm_fb_helper_force_kernel_mode' was not declared. Should it be static?
drivers/gpu/drm/drm_fb_helper.c:255:5: warning: symbol 'drm_fb_helper_panic' was not declared. Should it be static?
drivers/gpu/drm/drm_fb_helper.c:1254:27: warning: expression using sizeof bool
drivers/gpu/drm/i915/i915_debugfs.c:587:42: warning: cast removes address space of expression
drivers/gpu/drm/i915/i915_debugfs.c:1741:5: warning: symbol 'i915_forcewake_release' was not declared. Should it be static?
drivers/gpu/drm/i915/i915_debugfs.c:562:31: warning: dereference of noderef expression
drivers/gpu/drm/i915/i915_debugfs.c:562:39: warning: dereference of noderef expression
drivers/gpu/drm/i915/i915_debugfs.c:562:51: warning: dereference of noderef expression
drivers/gpu/drm/i915/i915_debugfs.c:562:63: warning: dereference of noderef expression
drivers/gpu/drm/i915/i915_gem.c:535:22: warning: incorrect type in assignment (different address spaces)
drivers/gpu/drm/i915/i915_gem.c:538:33: warning: incorrect type in argument 1 (different address spaces)
drivers/gpu/drm/i915/i915_gem.c:836:57: warning: incorrect type in argument 1 (different address spaces)
drivers/gpu/drm/i915/i915_gem.c:837:57: warning: incorrect type in argument 3 (different address spaces)
drivers/gpu/drm/i915/i915_gem.c:360:50: warning: incorrect type in argument 1 (different address spaces)
drivers/gpu/drm/i915/i915_gem.c:361:50: warning: incorrect type in argument 2 (different address spaces)
drivers/gpu/drm/i915/i915_gem.c:390:38: warning: ret may be used uninitialized in this function [-Wmaybe-uninitialized]
drivers/gpu/drm/i915/i915_gem.c:797:38: warning: ret may be used uninitialized in this function [-Wmaybe-uninitialized]
drivers/gpu/drm/i915/./i915_trace.h:19:1: error: incompatible types for operation (<)
drivers/gpu/drm/i915/./i915_trace.h:36:1: error: incompatible types for operation (<)
drivers/gpu/drm/i915/./i915_trace.h:59:1: error: incompatible types for operation (<)
drivers/gpu/drm/i915/./i915_trace.h:79:1: error: incompatible types for operation (<)
drivers/gpu/drm/i915/./i915_trace.h:103:1: error: incompatible types for operation (<)
drivers/gpu/drm/i915/./i915_trace.h:123:1: error: incompatible types for operation (<)
drivers/gpu/drm/i915/./i915_trace.h:143:1: error: incompatible types for operation (<)
drivers/gpu/drm/i915/./i915_trace.h:168:1: error: incompatible types for operation (<)
drivers/gpu/drm/i915/./i915_trace.h:351:1: error: incompatible types for operation (<)
drivers/gpu/drm/i915/./i915_trace.h:369:1: error: incompatible types for operation (<)
drivers/gpu/drm/i915/intel_display.c:9112:20: warning: symbol 'intel_quirks' was not declared. Should it be static?
drivers/gpu/drm/i915/intel_bios.c:686:42: warning: incorrect type in argument 1 (different address spaces)
drivers/gpu/drm/i915/intel_bios.c:687:40: warning: cast removes address space of expression
drivers/gpu/drm/i915/intel_bios.c:698:24: warning: cast removes address space of expression
drivers/gpu/drm/i915/intel_bios.c:682:32: warning: odd constant _Bool cast (ffffffffffffffff becomes 1)
drivers/gpu/drm/i915/intel_bios.c:695:32: warning: odd constant _Bool cast (ffffffffffffffff becomes 1)
drivers/gpu/drm/i915/intel_sdvo.c:444:27: warning: Variable length array is used.
drivers/gpu/drm/i915/intel_sdvo.c:445:38: warning: Variable length array is used.
drivers/gpu/drm/i915/intel_sdvo.c:1267:1: warning: symbol 'intel_sdvo_tmds_sink_detect' was not declared. Should it be static?
drivers/gpu/drm/i915/intel_fb.c:97:52: warning: Using plain integer as NULL pointer
drivers/gpu/drm/i915/intel_ringbuffer.c:511:1: warning: symbol 'render_ring_sync_to' was not declared. Should it be static?
drivers/gpu/drm/i915/intel_ringbuffer.c:524:1: warning: symbol 'gen6_bsd_ring_sync_to' was not declared. Should it be static?
drivers/gpu/drm/i915/intel_ringbuffer.c:537:1: warning: symbol 'gen6_blt_ring_sync_to' was not declared. Should it be static?
drivers/gpu/drm/i915/intel_ringbuffer.c:973:37: warning: incorrect type in assignment (different address spaces)
drivers/gpu/drm/i915/intel_ringbuffer.c:979:33: warning: incorrect type in argument 1 (different address spaces)
drivers/gpu/drm/i915/intel_ringbuffer.c:1042:29: warning: incorrect type in assignment (different address spaces)
drivers/gpu/drm/i915/intel_ringbuffer.c:995:5: warning: symbol 'intel_init_ring_buffer' was not declared. Should it be static?
drivers/gpu/drm/i915/intel_ringbuffer.c:1109:17: warning: cast removes address space of expression
drivers/gpu/drm/i915/intel_ringbuffer.c:1505:45: warning: incorrect type in assignment (different address spaces)
drivers/gpu/drm/i915/intel_ringbuffer.c:1506:41: warning: incorrect type in argument 1 (different address spaces)
drivers/gpu/drm/i915/intel_ringbuffer.c:1528:45: warning: incorrect type in assignment (different address spaces)
drivers/gpu/drm/i915/intel_overlay.c:199:22: warning: incorrect type in assignment (different address spaces)
drivers/gpu/drm/i915/intel_overlay.c:209:34: warning: incorrect type in argument 1 (different address spaces)
drivers/gpu/drm/i915/intel_overlay.c:1511:22: warning: incorrect type in assignment (different address spaces)
drivers/gpu/drm/i915/intel_overlay.c:1521:41: warning: incorrect type in argument 1 (different address spaces)
drivers/gpu/drm/i915/intel_overlay.c:1547:14: warning: incorrect type in assignment (different address spaces)
drivers/gpu/drm/i915/intel_overlay.c:1552:50: warning: incorrect type in argument 2 (different address spaces)
drivers/gpu/drm/i915/intel_opregion.c:464:25: warning: incorrect type in argument 1 (different address spaces)
drivers/gpu/drm/i915/intel_opregion.c:488:14: warning: incorrect type in assignment (different address spaces)
drivers/gpu/drm/i915/intel_opregion.c:500:29: warning: incorrect type in assignment (different address spaces)
drivers/gpu/drm/i915/intel_opregion.c:520:17: warning: incorrect type in argument 1 (different address spaces)
drivers/gpu/drm/i915/i915_ioc32.c:184:20: warning: symbol 'i915_compat_ioctls' was not declared. Should it be static?
drivers/gpu/drm/i915/i915_ioc32.c:201:6: warning: symbol 'i915_compat_ioctl' was not declared. Should it be static?
drivers/gpu/drm/i915/intel_acpi.c:244:6: warning: symbol 'intel_register_dsm_handler' was not declared. Should it be static?
drivers/gpu/drm/i915/intel_acpi.c:250:6: warning: symbol 'intel_unregister_dsm_handler' was not declared. Should it be static?
drivers/i2c/i2c-core.c:1659:36: warning: dubious: x | !y
drivers/i2c/i2c-core.c:1814:5: warning: symbol 'i2c_smbus_process_call' was not declared. Should it be static?
drivers/input/input-mt.c:138:40: warning: Using plain integer as NULL pointer
drivers/input/mouse/sentelic.h:118:12: warning: symbol 'fsp_detect' was not declared. Should it be static?
drivers/iommu/amd_iommu.c:520:39: warning: incorrect type in argument 1 (different address spaces)
drivers/iommu/amd_iommu.c:521:39: warning: incorrect type in argument 1 (different address spaces)
drivers/iommu/amd_iommu.c:528:39: warning: incorrect type in argument 2 (different address spaces)
drivers/iommu/amd_iommu.c:583:39: warning: incorrect type in argument 1 (different address spaces)
drivers/iommu/amd_iommu.c:584:39: warning: incorrect type in argument 1 (different address spaces)
drivers/iommu/amd_iommu.c:593:47: warning: incorrect type in argument 2 (different address spaces)
drivers/iommu/amd_iommu.c:594:47: warning: incorrect type in argument 1 (different address spaces)
drivers/iommu/amd_iommu.c:598:59: warning: incorrect type in argument 2 (different address spaces)
drivers/iommu/amd_iommu.c:656:39: warning: incorrect type in argument 2 (different address spaces)
drivers/iommu/amd_iommu.c:815:44: warning: incorrect type in argument 1 (different address spaces)
drivers/iommu/amd_iommu.c:816:44: warning: incorrect type in argument 1 (different address spaces)
drivers/iommu/amd_iommu.c:920:6: warning: symbol 'iommu_flush_all_caches' was not declared. Should it be static?
drivers/iommu/amd_iommu.c:2040:6: warning: symbol 'pci_pri_tlp_required' was not declared. Should it be static?
drivers/iommu/amd_iommu_init.c:1731:1: warning: duplicate const 
drivers/iommu/amd_iommu_init.c:271:38: warning: incorrect type in argument 1 (different address spaces)
drivers/iommu/amd_iommu_init.c:275:38: warning: incorrect type in argument 1 (different address spaces)
drivers/iommu/amd_iommu_init.c:288:38: warning: incorrect type in argument 1 (different address spaces)
drivers/iommu/amd_iommu_init.c:297:39: warning: incorrect type in argument 1 (different address spaces)
drivers/iommu/amd_iommu_init.c:299:39: warning: incorrect type in argument 2 (different address spaces)
drivers/iommu/amd_iommu_init.c:306:39: warning: incorrect type in argument 1 (different address spaces)
drivers/iommu/amd_iommu_init.c:308:39: warning: incorrect type in argument 2 (different address spaces)
drivers/iommu/amd_iommu_init.c:315:39: warning: incorrect type in argument 1 (different address spaces)
drivers/iommu/amd_iommu_init.c:318:39: warning: incorrect type in argument 2 (different address spaces)
drivers/iommu/amd_iommu_init.c:370:31: warning: incorrect type in return expression (different address spaces)
drivers/iommu/amd_iommu_init.c:376:30: warning: incorrect type in argument 1 (different address spaces)
drivers/iommu/amd_iommu_init.c:526:39: warning: incorrect type in argument 2 (different address spaces)
drivers/iommu/amd_iommu_init.c:527:39: warning: incorrect type in argument 2 (different address spaces)
drivers/iommu/amd_iommu_init.c:545:38: warning: incorrect type in argument 1 (different address spaces)
drivers/iommu/amd_iommu_init.c:580:38: warning: incorrect type in argument 1 (different address spaces)
drivers/iommu/amd_iommu_init.c:584:39: warning: incorrect type in argument 2 (different address spaces)
drivers/iommu/amd_iommu_init.c:585:39: warning: incorrect type in argument 2 (different address spaces)
drivers/iommu/amd_iommu_init.c:616:38: warning: incorrect type in argument 1 (different address spaces)
drivers/iommu/amd_iommu_init.c:620:39: warning: incorrect type in argument 2 (different address spaces)
drivers/iommu/amd_iommu_init.c:621:39: warning: incorrect type in argument 2 (different address spaces)
drivers/iommu/amd_iommu_init.c:756:39: warning: incorrect type in argument 1 (different address spaces)
drivers/iommu/amd_iommu_init.c:757:59: warning: incorrect type in argument 1 (different address spaces)
drivers/iommu/amd_iommu_init.c:1217:37: warning: Using plain integer as NULL pointer
drivers/iommu/amd_iommu_init.c:1731:1: warning: Using plain integer as NULL pointer
drivers/iommu/amd_iommu_init.c:1731:1: warning: Using plain integer as NULL pointer
drivers/iommu/dmar.c:1311:1: warning: duplicate const 
drivers/iommu/dmar.c:495:12: warning: symbol 'check_zero_address' was not declared. Should it be static?
drivers/iommu/dmar.c:574:36: warning: incorrect type in argument 1 (different address spaces)
drivers/iommu/dmar.c:995:29: warning: Using plain integer as NULL pointer
drivers/iommu/dmar.c:1005:29: warning: Using plain integer as NULL pointer
drivers/iommu/dmar.c:1057:12: warning: symbol 'dmar_get_fault_reason' was not declared. Should it be static?
drivers/iommu/dmar.c:1311:1: warning: Using plain integer as NULL pointer
drivers/iommu/dmar.c:1311:1: warning: Using plain integer as NULL pointer
drivers/iommu/intel-iommu.c:3247:1: warning: duplicate const 
drivers/iommu/intel-iommu.c:4167:1: warning: duplicate const 
drivers/iommu/intel-iommu.c:4195:1: warning: duplicate const 
drivers/iommu/intel-iommu.c:4196:1: warning: duplicate const 
drivers/iommu/intel-iommu.c:4197:1: warning: duplicate const 
drivers/iommu/intel-iommu.c:4198:1: warning: duplicate const 
drivers/iommu/intel-iommu.c:405:1: warning: symbol 'unmap_timer' was not declared. Should it be static?
drivers/iommu/intel-iommu.c:441:5: warning: symbol 'intel_iommu_gfx_mapped' was not declared. Should it be static?
drivers/iommu/intel-iommu.c:3129:20: warning: symbol 'intel_dma_ops' was not declared. Should it be static?
drivers/md/dm-raid1.c:257:34: warning: Variable length array is used.
drivers/md/dm-raid1.c:627:34: warning: Variable length array is used.
drivers/md/dm-raid1.c:1370:36: warning: Variable length array is used.
drivers/md/dm.c:1643:17: warning: context imbalance in 'dm_request_fn' - unexpected unlock
drivers/md/dm-stripe.c:309:33: warning: Variable length array is used.
drivers/md/dm-stripe.c:434:12: warning: symbol 'dm_stripe_init' was not declared. Should it be static?
drivers/md/dm-stripe.c:447:6: warning: symbol 'dm_stripe_exit' was not declared. Should it be static?
include/linux/blkdev.h:1317:16: warning: Using plain integer as NULL pointer
include/linux/blkdev.h:1317:16: warning: Using plain integer as NULL pointer
include/linux/blkdev.h:1317:16: warning: Using plain integer as NULL pointer
drivers/net/ethernet/broadcom/tg3.c:9883:38: warning: Variable length array is used.
drivers/net/ethernet/nvidia/forcedeth.c:4607:9: warning: context imbalance in 'nv_set_ringparam' - different lock contexts for basic block
drivers/net/ethernet/realtek/8139too.c:849:35: warning: cast removes address space of expression
drivers/pci/pci.c:33:5: warning: symbol 'isa_dma_bridge_buggy' was not declared. Should it be static?
drivers/pci/pci.c:2557:5: warning: symbol '__pci_request_selected_regions' was not declared. Should it be static?
drivers/pci/pci.c:3665:17: warning: symbol 'pci_specified_resource_alignment' was not declared. Should it be static?
drivers/pci/pci.c:3722:5: warning: symbol 'pci_is_reassigndev' was not declared. Should it be static?
drivers/pci/pci.c:3789:9: warning: symbol 'pci_set_resource_alignment_param' was not declared. Should it be static?
drivers/pci/pci.c:3800:9: warning: symbol 'pci_get_resource_alignment_param' was not declared. Should it be static?
drivers/pci/pci.c:3820:1: warning: symbol 'bus_attr_resource_alignment' was not declared. Should it be static?
drivers/pci/pci-driver.c:1082:25: warning: symbol 'pci_dev_pm_ops' was not declared. Should it be static?
drivers/pci/pci-sysfs.c:425:25: warning: symbol 'vga_attr' was not declared. Should it be static?
drivers/pci/quirks.c:44:1: warning: duplicate const 
drivers/pci/quirks.c:55:1: warning: duplicate const 
drivers/pci/quirks.c:56:1: warning: duplicate const 
drivers/pci/quirks.c:76:1: warning: duplicate const 
drivers/pci/quirks.c:77:1: warning: duplicate const 
drivers/pci/quirks.c:97:1: warning: duplicate const 
drivers/pci/quirks.c:98:1: warning: duplicate const 
drivers/pci/quirks.c:99:1: warning: duplicate const 
drivers/pci/quirks.c:100:1: warning: duplicate const 
drivers/pci/quirks.c:101:1: warning: duplicate const 
drivers/pci/quirks.c:102:1: warning: duplicate const 
drivers/pci/quirks.c:103:1: warning: duplicate const 
drivers/pci/quirks.c:123:1: warning: duplicate const 
drivers/pci/quirks.c:135:1: warning: duplicate const 
drivers/pci/quirks.c:136:1: warning: duplicate const 
drivers/pci/quirks.c:148:1: warning: duplicate const 
drivers/pci/quirks.c:160:1: warning: duplicate const 
drivers/pci/quirks.c:161:1: warning: duplicate const 
drivers/pci/quirks.c:162:1: warning: duplicate const 
drivers/pci/quirks.c:163:1: warning: duplicate const 
drivers/pci/quirks.c:221:1: warning: duplicate const 
drivers/pci/quirks.c:222:1: warning: duplicate const 
drivers/pci/quirks.c:223:1: warning: duplicate const 
drivers/pci/quirks.c:225:1: warning: duplicate const 
drivers/pci/quirks.c:226:1: warning: duplicate const 
drivers/pci/quirks.c:227:1: warning: duplicate const 
drivers/pci/quirks.c:239:1: warning: duplicate const 
drivers/pci/quirks.c:248:1: warning: duplicate const 
drivers/pci/quirks.c:263:1: warning: duplicate const 
drivers/pci/quirks.c:264:1: warning: duplicate const 
drivers/pci/quirks.c:277:1: warning: duplicate const 
drivers/pci/quirks.c:278:1: warning: duplicate const 
drivers/pci/quirks.c:279:1: warning: duplicate const 
drivers/pci/quirks.c:280:1: warning: duplicate const 
drivers/pci/quirks.c:281:1: warning: duplicate const 
drivers/pci/quirks.c:282:1: warning: duplicate const 
drivers/pci/quirks.c:292:1: warning: duplicate const 
drivers/pci/quirks.c:307:1: warning: duplicate const 
drivers/pci/quirks.c:308:1: warning: duplicate const 
drivers/pci/quirks.c:325:1: warning: duplicate const 
drivers/pci/quirks.c:362:1: warning: duplicate const 
drivers/pci/quirks.c:384:1: warning: duplicate const 
drivers/pci/quirks.c:473:1: warning: duplicate const 
drivers/pci/quirks.c:474:1: warning: duplicate const 
drivers/pci/quirks.c:523:1: warning: duplicate const 
drivers/pci/quirks.c:524:1: warning: duplicate const 
drivers/pci/quirks.c:525:1: warning: duplicate const 
drivers/pci/quirks.c:526:1: warning: duplicate const 
drivers/pci/quirks.c:527:1: warning: duplicate const 
drivers/pci/quirks.c:528:1: warning: duplicate const 
drivers/pci/quirks.c:529:1: warning: duplicate const 
drivers/pci/quirks.c:530:1: warning: duplicate const 
drivers/pci/quirks.c:531:1: warning: duplicate const 
drivers/pci/quirks.c:532:1: warning: duplicate const 
drivers/pci/quirks.c:595:1: warning: duplicate const 
drivers/pci/quirks.c:596:1: warning: duplicate const 
drivers/pci/quirks.c:633:1: warning: duplicate const 
drivers/pci/quirks.c:634:1: warning: duplicate const 
drivers/pci/quirks.c:635:1: warning: duplicate const 
drivers/pci/quirks.c:636:1: warning: duplicate const 
drivers/pci/quirks.c:637:1: warning: duplicate const 
drivers/pci/quirks.c:638:1: warning: duplicate const 
drivers/pci/quirks.c:639:1: warning: duplicate const 
drivers/pci/quirks.c:640:1: warning: duplicate const 
drivers/pci/quirks.c:641:1: warning: duplicate const 
drivers/pci/quirks.c:642:1: warning: duplicate const 
drivers/pci/quirks.c:643:1: warning: duplicate const 
drivers/pci/quirks.c:644:1: warning: duplicate const 
drivers/pci/quirks.c:645:1: warning: duplicate const 
drivers/pci/quirks.c:661:1: warning: duplicate const 
drivers/pci/quirks.c:684:1: warning: duplicate const 
drivers/pci/quirks.c:703:1: warning: duplicate const 
drivers/pci/quirks.c:722:1: warning: duplicate const 
drivers/pci/quirks.c:751:1: warning: duplicate const 
drivers/pci/quirks.c:752:1: warning: duplicate const 
drivers/pci/quirks.c:771:1: warning: duplicate const 
drivers/pci/quirks.c:772:1: warning: duplicate const 
drivers/pci/quirks.c:790:1: warning: duplicate const 
drivers/pci/quirks.c:797:1: warning: duplicate const 
drivers/pci/quirks.c:812:1: warning: duplicate const 
drivers/pci/quirks.c:833:1: warning: duplicate const 
drivers/pci/quirks.c:834:1: warning: duplicate const 
drivers/pci/quirks.c:869:1: warning: duplicate const 
drivers/pci/quirks.c:870:1: warning: duplicate const 
drivers/pci/quirks.c:871:1: warning: duplicate const 
drivers/pci/quirks.c:872:1: warning: duplicate const 
drivers/pci/quirks.c:873:1: warning: duplicate const 
drivers/pci/quirks.c:874:1: warning: duplicate const 
drivers/pci/quirks.c:875:1: warning: duplicate const 
drivers/pci/quirks.c:876:1: warning: duplicate const 
drivers/pci/quirks.c:921:1: warning: duplicate const 
drivers/pci/quirks.c:934:1: warning: duplicate const 
drivers/pci/quirks.c:946:1: warning: duplicate const 
drivers/pci/quirks.c:948:1: warning: duplicate const 
drivers/pci/quirks.c:971:1: warning: duplicate const 
drivers/pci/quirks.c:972:1: warning: duplicate const 
drivers/pci/quirks.c:987:1: warning: duplicate const 
drivers/pci/quirks.c:999:1: warning: duplicate const 
drivers/pci/quirks.c:1000:1: warning: duplicate const 
drivers/pci/quirks.c:1018:1: warning: too many warnings
drivers/pci/pcie/portdrv_core.c:22:6: warning: symbol 'pciehp_msi_disabled' was not declared. Should it be static?
drivers/pci/pcie/portdrv_acpi.c:34:5: warning: symbol 'pcie_port_acpi_setup' was not declared. Should it be static?
drivers/pci/msi.c:481:18: warning: symbol 'msi_irq_default_attrs' was not declared. Should it be static?
drivers/pci/msi.c:486:6: warning: symbol 'msi_kobj_release' was not declared. Should it be static?
drivers/pci/setup-bus.c:985:12: warning: symbol '__pci_bus_size_bridges' was not declared. Should it be static?
drivers/pcmcia/cistpl.c:1288:5: warning: symbol 'pcmcia_parse_tuple' was not declared. Should it be static?
drivers/pcmcia/cardbus.c:67:11: warning: symbol 'cb_alloc' was not declared. Should it be static?
drivers/pcmcia/cardbus.c:106:6: warning: symbol 'cb_free' was not declared. Should it be static?
drivers/pnp/resource.c:34:19: warning: symbol 'pnp_build_option' was not declared. Should it be static?
drivers/scsi/scsi_lib.c:456:6: warning: symbol 'scsi_requeue_run_queue' was not declared. Should it be static?
drivers/scsi/scsi_lib.c:2204:6: warning: symbol 'scsi_evt_thread' was not declared. Should it be static?
drivers/scsi/scsi_lib.c:1529:17: warning: context imbalance in 'scsi_request_fn' - unexpected unlock
drivers/scsi/scsi_sysfs.c:200:25: warning: symbol 'dev_attr_hstate' was not declared. Should it be static?
drivers/scsi/scsi_sysfs.c:316:24: warning: symbol 'scsi_shost_attr_group' was not declared. Should it be static?
drivers/scsi/sg.c:1080:41: warning: incorrect type in argument 5 (different address spaces)
drivers/tty/tty_io.c:119:17: warning: too long initializer-string for array of char
drivers/tty/tty_io.c:237:6: warning: symbol 'tty_del_file' was not declared. Should it be static?
drivers/tty/tty_io.c:555:6: warning: symbol '__tty_hangup' was not declared. Should it be static?
drivers/tty/tty_io.c:982:6: warning: context imbalance in 'tty_write_unlock' - wrong count at exit
drivers/tty/tty_io.c:989:5: warning: context imbalance in 'tty_write_lock' - wrong count at exit
drivers/tty/tty_io.c:1111:17: warning: context imbalance in 'tty_write_message' - unexpected unlock
drivers/tty/tty_io.c:1133:16: warning: context imbalance in 'tty_write' - different lock contexts for basic block
drivers/tty/tty_io.c:2490:12: warning: context imbalance in 'send_break' - different lock contexts for basic block
drivers/tty/n_tty.c:1648:51: warning: dereference of noderef expression
drivers/tty/tty_ldisc.c:802:9: warning: context imbalance in 'tty_ldisc_hangup' - unexpected unlock
drivers/tty/pty.c:242:5: warning: symbol 'pty_resize' was not declared. Should it be static?
drivers/tty/serial/serial_core.c:656:29: warning: incorrect type in assignment (different base types)
drivers/tty/serial/serial_core.c:727:19: warning: incorrect type in assignment (different base types)
drivers/tty/serial/8250/8250.c:2736:32: warning: incorrect type in assignment (different base types)
drivers/tty/serial/8250/8250.c:2738:32: warning: incorrect type in assignment (different address spaces)
/cmpt816/linux/arch/x86/include/asm/spinlock.h:84:9: warning: context imbalance in 'serial8250_console_write' - unexpected unlock
drivers/tty/vt/vt_ioctl.c:1440:6: warning: symbol 'pm_set_vt_switch' was not declared. Should it be static?
drivers/tty/vt/consolemap_deftbl.c:10:4: warning: symbol 'dfont_unicount' was not declared. Should it be static?
drivers/tty/vt/consolemap_deftbl.c:46:5: warning: symbol 'dfont_unitable' was not declared. Should it be static?
drivers/tty/vt/vt.c:223:5: warning: symbol 'console_blank_hook' was not declared. Should it be static?
drivers/tty/vt/vt.c:2432:19: warning: symbol 'console_driver' was not declared. Should it be static?
drivers/tty/vt/defkeymap.c:27:9: warning: symbol 'shift_map' was not declared. Should it be static?
drivers/tty/vt/defkeymap.c:46:9: warning: symbol 'altgr_map' was not declared. Should it be static?
drivers/tty/vt/defkeymap.c:65:9: warning: symbol 'ctrl_map' was not declared. Should it be static?
drivers/tty/vt/defkeymap.c:84:9: warning: symbol 'shift_ctrl_map' was not declared. Should it be static?
drivers/tty/vt/defkeymap.c:103:9: warning: symbol 'alt_map' was not declared. Should it be static?
drivers/tty/vt/defkeymap.c:122:9: warning: symbol 'ctrl_alt_map' was not declared. Should it be static?
drivers/tty/vt/defkeymap.c:148:14: warning: symbol 'keymap_count' was not declared. Should it be static?
drivers/tty/vt/defkeymap.c:156:6: warning: symbol 'func_buf' was not declared. Should it be static?
drivers/tty/vt/defkeymap.c:187:6: warning: symbol 'funcbufptr' was not declared. Should it be static?
drivers/tty/vt/defkeymap.c:188:5: warning: symbol 'funcbufsize' was not declared. Should it be static?
drivers/tty/vt/defkeymap.c:189:5: warning: symbol 'funcbufleft' was not declared. Should it be static?
drivers/tty/vt/defkeymap.c:191:6: warning: symbol 'func_table' was not declared. Should it be static?
drivers/tty/vt/defkeymap.c:225:18: warning: symbol 'accent_table' was not declared. Should it be static?
drivers/tty/vt/defkeymap.c:262:14: warning: symbol 'accent_table_size' was not declared. Should it be static?
drivers/usb/host/pci-quirks.c:900:1: warning: duplicate const 
drivers/usb/host/ehci-hcd.c:337:43: warning: cast removes address space of expression
drivers/usb/host/ehci-hcd.c:339:43: warning: cast removes address space of expression
drivers/usb/host/ehci-hub.c:683:47: warning: cast removes address space of expression
drivers/usb/host/ehci-hub.c:154:55: warning: cast removes address space of expression
drivers/usb/host/ehci-hub.c:190:55: warning: cast removes address space of expression
drivers/usb/host/ehci-hub.c:292:55: warning: cast removes address space of expression
drivers/usb/host/ehci-hub.c:393:63: warning: cast removes address space of expression
drivers/usb/host/ehci-lpm.c:30:9: warning: dereference of noderef expression
drivers/usb/host/ehci-lpm.c:31:9: warning: dereference of noderef expression
drivers/usb/host/ehci-lpm.c:32:9: warning: dereference of noderef expression
drivers/usb/host/ehci-lpm.c:33:27: warning: dereference of noderef expression
drivers/usb/host/ohci-hub.c:247:9: warning: context imbalance in 'ohci_rh_resume' - different lock contexts for basic block
drivers/video/backlight/generic_bl.c:59:6: warning: symbol 'genericbl_limit_intensity' was not declared. Should it be static?
sound/core/pcm_native.c:172:37: warning: Variable length array is used.
sound/core/pcm_compat.c:34:41: warning: incorrect type in argument 2 (different address spaces)
sound/core/pcm_native.c:742:17: warning: context imbalance in 'snd_pcm_action_group' - different lock contexts for basic block
sound/core/oss/pcm_oss.c:1670:61: warning: Variable length array is used.
sound/core/oss/pcm_plugin.c:281:36: warning: cast truncates bits from constant value (f00003fff becomes 3fff)
sound/core/oss/pcm_plugin.c:282:41: warning: cast truncates bits from constant value (f00003fff becomes 3fff)
sound/core/seq/seq_compat.c:62:45: warning: incorrect type in argument 3 (different address spaces)
sound/core/seq/seq_clientmgr.c:698:9: warning: context imbalance in 'deliver_to_subscribers' - different lock contexts for basic block
sound/pci/hda/hda_codec.c:2355:57: warning: incorrect type in argument 4 (different address spaces)
sound/pci/hda/hda_proc.c:441:18: error: bad integer constant expression
sound/pci/hda/hda_proc.c:442:18: error: bad integer constant expression
sound/pci/hda/hda_proc.c:443:18: error: bad integer constant expression
sound/pci/hda/hda_proc.c:444:18: error: bad integer constant expression
sound/pci/hda/hda_proc.c:445:18: error: bad integer constant expression
sound/pci/hda/hda_proc.c:446:18: error: bad integer constant expression
sound/pci/hda/hda_proc.c:447:18: error: bad integer constant expression
sound/pci/hda/hda_proc.c:448:18: error: bad integer constant expression
sound/pci/hda/hda_intel.c:81:1: warning: expression using sizeof bool
sound/pci/hda/hda_intel.c:81:1: warning: expression using sizeof bool
sound/pci/hda/hda_intel.c:2280:33: warning: incorrect type in assignment (different address spaces)
arch/x86/pci/fixup.c:34:1: warning: duplicate const 
arch/x86/pci/fixup.c:48:1: warning: duplicate const 
arch/x86/pci/fixup.c:62:1: warning: duplicate const 
arch/x86/pci/fixup.c:75:1: warning: duplicate const 
arch/x86/pci/fixup.c:86:1: warning: duplicate const 
arch/x86/pci/fixup.c:87:1: warning: duplicate const 
arch/x86/pci/fixup.c:96:1: warning: duplicate const 
arch/x86/pci/fixup.c:147:1: warning: duplicate const 
arch/x86/pci/fixup.c:148:1: warning: duplicate const 
arch/x86/pci/fixup.c:149:1: warning: duplicate const 
arch/x86/pci/fixup.c:150:1: warning: duplicate const 
arch/x86/pci/fixup.c:151:1: warning: duplicate const 
arch/x86/pci/fixup.c:152:1: warning: duplicate const 
arch/x86/pci/fixup.c:153:1: warning: duplicate const 
arch/x86/pci/fixup.c:154:1: warning: duplicate const 
arch/x86/pci/fixup.c:170:1: warning: duplicate const 
arch/x86/pci/fixup.c:207:1: warning: duplicate const 
arch/x86/pci/fixup.c:208:1: warning: duplicate const 
arch/x86/pci/fixup.c:296:1: warning: duplicate const 
arch/x86/pci/fixup.c:297:1: warning: duplicate const 
arch/x86/pci/fixup.c:298:1: warning: duplicate const 
arch/x86/pci/fixup.c:299:1: warning: duplicate const 
arch/x86/pci/fixup.c:300:1: warning: duplicate const 
arch/x86/pci/fixup.c:301:1: warning: duplicate const 
arch/x86/pci/fixup.c:353:1: warning: duplicate const 
arch/x86/pci/fixup.c:398:1: warning: duplicate const 
arch/x86/pci/fixup.c:400:1: warning: duplicate const 
arch/x86/pci/fixup.c:447:1: warning: duplicate const 
arch/x86/pci/fixup.c:463:1: warning: duplicate const 
arch/x86/pci/fixup.c:479:1: warning: duplicate const 
arch/x86/pci/fixup.c:481:1: warning: duplicate const 
arch/x86/pci/fixup.c:492:1: warning: duplicate const 
arch/x86/pci/fixup.c:521:1: warning: duplicate const 
arch/x86/pci/legacy.c:59:12: warning: symbol 'pci_subsys_init' was not declared. Should it be static?
arch/x86/pci/common.c:23:14: warning: symbol 'pci_early_dump_regs' was not declared. Should it be static?
arch/x86/power/cpu.c:34:22: warning: symbol 'saved_context' was not declared. Should it be static?
arch/x86/power/hibernate_64.c:30:15: warning: symbol 'restore_jump_address' was not declared. Should it be static?
arch/x86/power/hibernate_64.c:36:15: warning: symbol 'restore_cr3' was not declared. Should it be static?
arch/x86/power/hibernate_64.c:38:7: warning: symbol 'temp_level4_pgt' was not declared. Should it be static?
arch/x86/power/hibernate_64.c:40:6: warning: symbol 'relocated_restore_code' was not declared. Should it be static?
arch/x86/power/hibernate_64.c:105:5: warning: symbol 'swsusp_arch_resume' was not declared. Should it be static?
arch/x86/power/hibernate_64.c:127:5: warning: symbol 'pfn_is_nosave' was not declared. Should it be static?
arch/x86/power/hibernate_64.c:147:5: warning: symbol 'arch_hibernation_header_save' was not declared. Should it be static?
arch/x86/power/hibernate_64.c:164:5: warning: symbol 'arch_hibernation_header_restore' was not declared. Should it be static?
arch/x86/video/fbdev.c:13:5: warning: symbol 'fb_is_primary_device' was not declared. Should it be static?
net/socket.c:2605:42: warning: incorrect type in argument 1 (different address spaces)
net/socket.c:2605:47: warning: incorrect type in argument 2 (different address spaces)
net/socket.c:2621:43: warning: incorrect type in argument 1 (different address spaces)
net/socket.c:2621:48: warning: incorrect type in argument 2 (different address spaces)
net/socket.c:2761:18: warning: cast removes address space of expression
net/socket.c:2761:15: warning: incorrect type in assignment (different address spaces)
net/socket.c:2785:35: warning: cast removes address space of expression
net/socket.c:2786:35: warning: cast removes address space of expression
net/socket.c:2789:35: warning: cast removes address space of expression
net/socket.c:2790:35: warning: cast removes address space of expression
net/socket.c:2802:35: warning: cast removes address space of expression
net/socket.c:2803:35: warning: cast removes address space of expression
net/socket.c:2806:35: warning: cast removes address space of expression
net/socket.c:2807:35: warning: cast removes address space of expression
net/core/sock.c:186:19: warning: symbol 'memcg_socket_limit_enabled' was not declared. Should it be static?
net/core/sock.c:1397:9: warning: context imbalance in 'sk_clone_lock' - different lock contexts for basic block
net/core/sock.c:2178:6: warning: context imbalance in 'lock_sock_fast' - different lock contexts for basic block
net/core/sock.c:2555:13: warning: context imbalance in 'proto_seq_start' - wrong count at exit
net/core/sock.c:2567:13: warning: context imbalance in 'proto_seq_stop' - wrong count at exit
include/net/sock.h:1374:31: warning: context imbalance in 'skb_free_datagram_locked' - unexpected unlock
net/core/scm.c:245:26: warning: cast removes address space of expression
net/core/scm.c:245:26: warning: incorrect type in argument 1 (different address spaces)
net/core/scm.c:281:48: warning: cast removes address space of expression
net/core/gen_stats.c:57:1: warning: context imbalance in 'gnet_stats_start_copy_compat' - wrong count at exit
net/core/gen_stats.c:34:23: warning: context imbalance in 'gnet_stats_copy_basic' - unexpected unlock
net/core/gen_stats.c:34:23: warning: context imbalance in 'gnet_stats_copy_rate_est' - unexpected unlock
net/core/gen_stats.c:34:23: warning: context imbalance in 'gnet_stats_copy_queue' - unexpected unlock
net/core/gen_stats.c:34:23: warning: context imbalance in 'gnet_stats_copy_app' - unexpected unlock
net/core/gen_stats.c:34:23: warning: context imbalance in 'gnet_stats_finish_copy' - unexpected unlock
net/core/dev.c:2464:9: warning: context imbalance in 'dev_queue_xmit' - different lock contexts for basic block
net/core/dev.c:3004:17: warning: context imbalance in 'net_tx_action' - different lock contexts for basic block
net/core/dev.c:3886:36: warning: context imbalance in 'net_rx_action' - different lock contexts for basic block
net/core/rtnetlink.c:1751:41: warning: Variable length array is used.
net/core/filter.c:46:6: warning: symbol 'bpf_internal_load_pointer_neg_helper' was not declared. Should it be static?
include/linux/rtnetlink.h:738:15: warning: memset with byte count of 0
net/core/netpoll.c:344:25: warning: context imbalance in 'netpoll_send_skb_on_dev' - different lock contexts for basic block
include/trace/events/skb.h:14:1: error: incompatible types for operation (<)
include/trace/events/skb.h:14:1: error: incompatible types for operation (<)
include/trace/events/skb.h:36:1: error: incompatible types for operation (<)
include/trace/events/skb.h:53:1: error: incompatible types for operation (<)
include/trace/events/net.h:12:1: error: incompatible types for operation (<)
include/trace/events/net.h:39:1: error: incompatible types for operation (<)
include/trace/events/napi.h:13:1: error: incompatible types for operation (<)
include/trace/events/sock.h:32:1: error: incompatible types for operation (<)
net/ipv4/route.c:325:22: warning: context imbalance in 'rt_cache_get_first' - wrong count at exit
include/linux/rcupdate.h:792:9: warning: context imbalance in '__rt_cache_get_next' - unexpected unlock
include/linux/rcupdate.h:792:9: warning: context imbalance in 'rt_cache_seq_stop' - unexpected unlock
net/ipv4/ip_sockglue.c:1271:33: warning: incorrect type in assignment (different address spaces)
include/net/inet_timewait_sock.h:162:20: warning: context imbalance in 'inet_twdr_do_twkill_work' - unexpected unlock
net/ipv4/inet_connection_sock.c:192:9: warning: context imbalance in 'inet_csk_get_port' - different lock contexts for basic block
net/ipv4/tcp_ipv4.c:1035:6: warning: symbol 'tcp_clear_md5_list' was not declared. Should it be static?
net/ipv4/tcp_ipv4.c:585:13: warning: context imbalance in 'tcp_v4_send_reset' - different lock contexts for basic block
net/ipv4/tcp_ipv4.c:1526:30: warning: context imbalance in 'tcp_v4_syn_recv_sock' - unexpected unlock
net/ipv4/tcp_ipv4.c:1534:20: warning: context imbalance in 'tcp_v4_hnd_req' - different lock contexts for basic block
include/net/sock.h:440:54: warning: context imbalance in 'listening_get_next' - unexpected unlock
net/ipv4/tcp_ipv4.c:2162:9: warning: context imbalance in 'established_get_first' - wrong count at exit
net/ipv4/tcp_ipv4.c:2187:48: warning: context imbalance in 'established_get_next' - unexpected unlock
net/ipv4/tcp_ipv4.c:2344:69: warning: context imbalance in 'tcp_seq_stop' - unexpected unlock
net/ipv4/tcp_minisocks.c:790:9: warning: context imbalance in 'tcp_child_process' - unexpected unlock
net/ipv4/raw.c:952:21: warning: context imbalance in 'raw_seq_start' - wrong count at exit
net/ipv4/raw.c:969:6: warning: context imbalance in 'raw_seq_stop' - unexpected unlock
include/net/sock.h:1374:31: warning: context imbalance in 'first_packet_length' - unexpected unlock
include/net/sock.h:1374:31: warning: context imbalance in 'udp_recvmsg' - unexpected unlock
include/net/sock.h:1374:31: warning: context imbalance in 'udp_destroy_sock' - unexpected unlock
net/ipv4/udp.c:1980:9: warning: context imbalance in 'udp_get_first' - wrong count at exit
net/ipv4/udp.c:1994:39: warning: context imbalance in 'udp_get_next' - unexpected unlock
net/ipv4/udp.c:2036:31: warning: context imbalance in 'udp_seq_stop' - unexpected unlock
net/ipv4/arp.c:323:13: warning: context imbalance in 'arp_solicit' - different lock contexts for basic block
net/ipv4/icmp.c:329:13: warning: context imbalance in 'icmp_reply' - different lock contexts for basic block
net/ipv4/icmp.c:478:6: warning: context imbalance in 'icmp_send' - different lock contexts for basic block
net/ipv4/igmp.c:2526:31: warning: context imbalance in 'igmp_mcf_get_next' - unexpected unlock
net/ipv4/igmp.c:2554:9: warning: context imbalance in 'igmp_mcf_get_idx' - wrong count at exit
net/ipv4/igmp.c:2571:9: warning: context imbalance in 'igmp_mcf_seq_next' - wrong count at exit
net/ipv4/igmp.c:2583:9: warning: context imbalance in 'igmp_mcf_seq_stop' - unexpected unlock
net/ipv4/ping.c:804:21: warning: context imbalance in 'ping_seq_start' - wrong count at exit
net/ipv4/ping.c:820:13: warning: context imbalance in 'ping_seq_stop' - unexpected unlock
net/ipv4/ipmr.c:2214:13: warning: context imbalance in 'ipmr_vif_seq_start' - wrong count at exit
net/ipv4/ipmr.c:2307:25: warning: context imbalance in 'ipmr_mfc_seq_idx' - wrong count at exit
net/ipv4/ipmr.c:2388:23: warning: context imbalance in 'ipmr_mfc_seq_next' - unexpected unlock
net/ipv4/ipmr.c:2400:31: warning: context imbalance in 'ipmr_mfc_seq_stop' - unexpected unlock
net/ipv4/ipconfig.c:144:8: warning: symbol 'ic_dev_xid' was not declared. Should it be static?
net/ipv4/netfilter/nf_nat_standalone.c:287:9: error: cannot dereference this type
net/ipv4/netfilter/nf_nat_core.c:728:9: error: cannot dereference this type
net/ipv4/netfilter/nf_nat_core.c:730:9: error: cannot dereference this type
net/ipv4/netfilter/nf_nat_core.c:733:9: error: cannot dereference this type
net/ipv4/netfilter/nf_nat_ftp.c:123:9: error: cannot dereference this type
net/ipv4/netfilter/nf_nat_irc.c:85:9: error: cannot dereference this type
net/ipv4/netfilter/nf_nat_sip.c:556:9: error: cannot dereference this type
net/ipv4/netfilter/nf_nat_sip.c:557:9: error: cannot dereference this type
net/ipv4/netfilter/nf_nat_sip.c:558:9: error: cannot dereference this type
net/ipv4/netfilter/nf_nat_sip.c:559:9: error: cannot dereference this type
net/ipv4/netfilter/nf_nat_sip.c:560:9: error: cannot dereference this type
net/ipv4/netfilter/nf_nat_sip.c:561:9: error: cannot dereference this type
net/ipv4/netfilter/nf_nat_sip.c:562:9: error: cannot dereference this type
net/ipv4/netfilter/ip_tables.c:67:16: warning: Variable length array is used.
net/ipv4/netfilter/ip_tables.c:349:27: warning: incorrect type in assignment (different modifiers)
net/ipv4/netfilter/ip_tables.c:392:43: warning: incorrect type in assignment (different modifiers)
net/ipv4/netfilter/ip_tables.c:418:27: warning: incorrect type in assignment (different modifiers)
net/ipv6/anycast.c:423:25: warning: context imbalance in 'ac6_get_next' - unexpected unlock
net/ipv6/anycast.c:445:9: warning: context imbalance in 'ac6_get_idx' - wrong count at exit
include/linux/rcupdate.h:752:9: warning: context imbalance in 'ac6_seq_stop' - unexpected unlock
net/ipv6/ipv6_sockglue.c:993:33: warning: incorrect type in assignment (different address spaces)
include/net/sock.h:1374:31: warning: context imbalance in 'udpv6_recvmsg' - unexpected unlock
net/ipv6/icmp.c:368:6: warning: context imbalance in 'icmpv6_send' - different lock contexts for basic block
net/ipv6/icmp.c:518:13: warning: context imbalance in 'icmpv6_echo_reply' - wrong count at exit
net/ipv6/mcast.c:248:25: warning: context imbalance in 'ip6_mc_find_dev_rcu' - different lock contexts for basic block
net/ipv6/mcast.c:440:9: warning: context imbalance in 'ip6_mc_source' - unexpected unlock
net/ipv6/mcast.c:529:9: warning: context imbalance in 'ip6_mc_msfilter' - unexpected unlock
net/ipv6/mcast.c:577:21: warning: context imbalance in 'ip6_mc_msfget' - unexpected unlock
net/ipv6/mcast.c:2340:25: warning: context imbalance in 'igmp6_mc_get_next' - unexpected unlock
net/ipv6/mcast.c:2362:9: warning: context imbalance in 'igmp6_mc_get_idx' - wrong count at exit
net/ipv6/mcast.c:2389:9: warning: context imbalance in 'igmp6_mc_seq_stop' - unexpected unlock
net/ipv6/mcast.c:2475:31: warning: context imbalance in 'igmp6_mcf_get_next' - unexpected unlock
net/ipv6/mcast.c:2507:9: warning: context imbalance in 'igmp6_mcf_get_idx' - wrong count at exit
net/ipv6/mcast.c:2524:9: warning: context imbalance in 'igmp6_mcf_seq_next' - wrong count at exit
net/ipv6/mcast.c:2537:17: warning: context imbalance in 'igmp6_mcf_seq_stop' - unexpected unlock
net/ipv6/tcp_ipv6.c:921:13: warning: context imbalance in 'tcp_v6_send_reset' - different lock contexts for basic block
net/ipv6/tcp_ipv6.c:1013:20: warning: context imbalance in 'tcp_v6_hnd_req' - different lock contexts for basic block
net/ipv6/xfrm6_state.c:64:19: warning: Variable length array is used.
net/ipv6/xfrm6_state.c:66:26: error: cannot size expression
net/ipv6/netfilter/ip6_tables.c:68:16: warning: Variable length array is used.
net/ipv6/netfilter/ip6_tables.c:368:27: warning: incorrect type in assignment (different modifiers)
net/ipv6/netfilter/ip6_tables.c:406:43: warning: incorrect type in assignment (different modifiers)
net/ipv6/netfilter/ip6_tables.c:427:27: warning: incorrect type in assignment (different modifiers)
net/netfilter/nf_conntrack_core.c:1634:17: error: cannot dereference this type
net/netfilter/nf_conntrack_core.c:1635:17: error: cannot dereference this type
net/netfilter/nfnetlink.c:166:61: warning: Variable length array is used.
net/netfilter/nfnetlink.c:125:12: warning: context imbalance in 'nfnetlink_rcv_msg' - different lock contexts for basic block
include/linux/rcupdate.h:752:9: warning: context imbalance in 'ctnetlink_parse_nat_setup' - unexpected unlock
net/netfilter/nf_conntrack_netlink.c:1188:31: warning: context imbalance in 'ctnetlink_change_conntrack' - unexpected unlock
net/packet/af_packet.c:1089:24: warning: Using plain integer as NULL pointer
net/packet/af_packet.c:398:39: warning: incorrect type in return expression (different modifiers)
net/packet/af_packet.c:399:16: warning: incorrect type in return expression (different modifiers)
net/packet/af_packet.c:2039:22: warning: incorrect type in assignment (different modifiers)
net/packet/af_packet.c:398:39: warning: incorrect type in return expression (different modifiers)
net/packet/af_packet.c:399:16: warning: incorrect type in return expression (different modifiers)
net/packet/af_packet.c:3775:38: warning: incorrect type in assignment (different modifiers)
net/sched/sch_generic.c:114:5: warning: context imbalance in 'sch_direct_xmit' - unexpected unlock
net/sunrpc/clnt.c:1849:25: warning: context imbalance in 'call_timeout' - different lock contexts for basic block
include/trace/events/sunrpc.h:11:1: error: incompatible types for operation (<)
include/trace/events/sunrpc.h:11:1: error: incompatible types for operation (<)
include/trace/events/sunrpc.h:44:1: error: incompatible types for operation (<)
include/trace/events/sunrpc.h:44:1: error: incompatible types for operation (<)
include/trace/events/sunrpc.h:64:1: error: incompatible types for operation (<)
include/trace/events/sunrpc.h:64:1: error: incompatible types for operation (<)
include/trace/events/sunrpc.h:64:1: error: incompatible types for operation (<)
include/trace/events/sunrpc.h:122:1: error: incompatible types for operation (<)
include/trace/events/sunrpc.h:122:1: error: incompatible types for operation (<)
net/sunrpc/sysctl.c:28:17: warning: symbol 'rpc_debug' was not declared. Should it be static?
net/sunrpc/sysctl.c:31:17: warning: symbol 'nfs_debug' was not declared. Should it be static?
net/sunrpc/sysctl.c:34:17: warning: symbol 'nfsd_debug' was not declared. Should it be static?
net/sunrpc/sysctl.c:37:17: warning: symbol 'nlm_debug' was not declared. Should it be static?
net/sunrpc/auth_gss/gss_mech_switch.c:143:21: warning: symbol '_gss_mech_get_by_name' was not declared. Should it be static?
net/sunrpc/auth_gss/gss_mech_switch.c:208:21: warning: symbol '_gss_mech_get_by_pseudoflavor' was not declared. Should it be static?
net/unix/af_unix.c:935:13: warning: context imbalance in 'unix_state_double_lock' - wrong count at exit
/cmpt816/linux/arch/x86/include/asm/spinlock.h:84:9: warning: context imbalance in 'unix_state_double_unlock' - unexpected unlock
net/unix/af_unix.c:1043:54: warning: context imbalance in 'unix_wait_for_peer' - unexpected unlock
net/unix/af_unix.c:1222:9: warning: context imbalance in 'unix_stream_connect' - different lock contexts for basic block
net/unix/af_unix.c:1585:9: warning: context imbalance in 'unix_dgram_sendmsg' - different lock contexts for basic block
net/xfrm/xfrm_policy.c:2515:9: warning: context imbalance in 'xfrm_policy_get_afinfo' - different lock contexts for basic block
net/xfrm/xfrm_policy.c:2518:13: warning: context imbalance in 'xfrm_policy_put_afinfo' - unexpected unlock
net/xfrm/xfrm_state.c:180:9: warning: context imbalance in 'xfrm_state_lock_afinfo' - different lock contexts for basic block
net/xfrm/xfrm_state.c:203:9: warning: context imbalance in 'xfrm_register_type' - unexpected unlock
net/xfrm/xfrm_state.c:222:9: warning: context imbalance in 'xfrm_unregister_type' - unexpected unlock
net/xfrm/xfrm_state.c:286:9: warning: context imbalance in 'xfrm_register_mode' - unexpected unlock
net/xfrm/xfrm_state.c:312:9: warning: context imbalance in 'xfrm_unregister_mode' - unexpected unlock
net/xfrm/xfrm_state.c:1876:9: warning: context imbalance in 'xfrm_state_get_afinfo' - different lock contexts for basic block
net/xfrm/xfrm_state.c:1930:9: warning: context imbalance in '__xfrm_init_state' - unexpected unlock
net/compat.c:74:24: warning: incorrect type in assignment (different address spaces)
net/compat.c:75:23: warning: incorrect type in assignment (different address spaces)
net/compat.c:76:27: warning: incorrect type in assignment (different address spaces)
net/compat.c:88:63: warning: incorrect type in argument 1 (different address spaces)
net/compat.c:159:22: warning: cast removes address space of expression
net/compat.c:187:22: warning: cast removes address space of expression
net/compat.c:375:54: warning: incorrect type in argument 4 (different address spaces)
net/compat.c:436:54: warning: incorrect type in argument 4 (different address spaces)
net/compat.c:436:71: warning: incorrect type in argument 5 (different address spaces)
net/compat.c:579:57: warning: cast removes address space of expression
net/compat.c:579:57: warning: incorrect type in initializer (different address spaces)
net/compat.c:600:65: warning: cast removes address space of expression
net/compat.c:600:65: warning: incorrect type in initializer (different address spaces)
net/compat.c:621:60: warning: cast removes address space of expression
net/compat.c:621:60: warning: incorrect type in initializer (different address spaces)
net/compat.c:659:52: warning: cast removes address space of expression
net/compat.c:659:52: warning: incorrect type in initializer (different address spaces)
net/compat.c:783:40: warning: cast removes address space of expression
lib/bcd.c:4:10: error: symbol 'bcd2bin' redeclared with different type (originally declared at include/linux/bcd.h:6) - different modifiers
lib/bcd.c:10:15: error: symbol 'bin2bcd' redeclared with different type (originally declared at include/linux/bcd.h:7) - different modifiers
lib/gcd.c:6:15: error: symbol 'gcd' redeclared with different type (originally declared at include/linux/gcd.h:6) - different modifiers
lib/lcm.c:7:15: error: symbol 'lcm' redeclared with different type (originally declared at include/linux/lcm.h:6) - different modifiers
lib/devres.c:82:9: warning: cast removes address space of expression
lib/devres.c:194:9: warning: cast removes address space of expression
lib/crc32.c:187:12: error: symbol 'crc32_le' redeclared with different type (originally declared at include/linux/crc32.h:11) - different modifiers
lib/crc32.c:191:12: error: symbol '__crc32c_le' redeclared with different type (originally declared at include/linux/crc32.h:14) - different modifiers
lib/crc32.c:252:12: error: symbol 'crc32_be' redeclared with different type (originally declared at include/linux/crc32.h:12) - different modifiers
lib/xz/xz_dec_stream.c:734:23: warning: function 'xz_dec_run' with external linkage has definition
lib/xz/xz_dec_stream.c:770:25: warning: function 'xz_dec_init' with external linkage has definition
lib/xz/xz_dec_stream.c:800:16: warning: function 'xz_dec_reset' with external linkage has definition
lib/xz/xz_dec_stream.c:812:16: warning: function 'xz_dec_end' with external linkage has definition
lib/xz/xz_dec_lzma2.c:931:23: warning: function 'xz_dec_lzma2_run' with external linkage has definition
lib/xz/xz_dec_lzma2.c:1104:31: warning: function 'xz_dec_lzma2_create' with external linkage has definition
lib/xz/xz_dec_lzma2.c:1128:23: warning: function 'xz_dec_lzma2_reset' with external linkage has definition
lib/xz/xz_dec_lzma2.c:1165:16: warning: function 'xz_dec_lzma2_end' with external linkage has definition
lib/xz/xz_dec_bcj.c:417:23: warning: function 'xz_dec_bcj_run' with external linkage has definition
lib/xz/xz_dec_bcj.c:527:29: warning: function 'xz_dec_bcj_create' with external linkage has definition
lib/xz/xz_dec_bcj.c:536:23: warning: function 'xz_dec_bcj_reset' with external linkage has definition
lib/xz/xz_dec_bcj.c:91:21: warning: Initializer entry defined twice
lib/swiotlb.c:176:1: warning: symbol 'swiotlb_init_with_default_size' was not declared. Should it be static?
lib/swiotlb.c:209:1: warning: symbol 'swiotlb_late_init_with_default_size' was not declared. Should it be static?
lib/iommu-helper.c:9:5: warning: symbol 'iommu_is_span_boundary' was not declared. Should it be static?
lib/iommu-helper.c:19:15: warning: symbol 'iommu_area_alloc' was not declared. Should it be static?
lib/dec_and_lock.c:20:5: warning: context imbalance in '_atomic_dec_and_lock' - different lock contexts for basic block
lib/decompress_inflate.c:35:17: warning: symbol 'gunzip' was not declared. Should it be static?
lib/decompress_unxz.c:251:17: warning: symbol 'unxz' was not declared. Should it be static?
lib/prio_tree.c:71:13: warning: symbol 'prio_tree_init' was not declared. Should it be static?
lib/radix-tree.c:1211:9: warning: context imbalance in 'radix_tree_locate_item' - wrong count at exit
lib/string.c:793:20: warning: constant 0x0101010101010101 is so big it is long
lib/vsprintf.c:502:18: warning: Variable length array is used.
lib/vsprintf.c:505:38: error: cannot size expression
arch/x86/lib/msr-smp.c:13:23: warning: incorrect type in initializer (different address spaces)
arch/x86/lib/msr-smp.c:27:23: warning: incorrect type in initializer (different address spaces)
arch/x86/lib/msr.c:9:14: warning: incorrect type in assignment (different address spaces)
arch/x86/lib/msr.c:21:21: warning: incorrect type in argument 1 (different address spaces)
arch/x86/lib/inat-tables.c:1076:25: warning: duplicate const 
arch/x86/lib/inat-tables.c:1091:25: warning: duplicate const 
arch/x86/lib/inat-tables.c:1114:25: warning: duplicate const 
arch/x86/lib/inat-tables.c:5:19: warning: symbol 'inat_primary_table' was not declared. Should it be static?
arch/x86/lib/inat-tables.c:205:19: warning: symbol 'inat_escape_table_1' was not declared. Should it be static?
arch/x86/lib/inat-tables.c:416:19: warning: symbol 'inat_escape_table_1_1' was not declared. Should it be static?
arch/x86/lib/inat-tables.c:522:19: warning: symbol 'inat_escape_table_1_2' was not declared. Should it be static?
arch/x86/lib/inat-tables.c:552:19: warning: symbol 'inat_escape_table_1_3' was not declared. Should it be static?
arch/x86/lib/inat-tables.c:578:19: warning: symbol 'inat_escape_table_2' was not declared. Should it be static?
arch/x86/lib/inat-tables.c:699:19: warning: symbol 'inat_escape_table_2_1' was not declared. Should it be static?
arch/x86/lib/inat-tables.c:816:19: warning: symbol 'inat_escape_table_2_2' was not declared. Should it be static?
arch/x86/lib/inat-tables.c:820:19: warning: symbol 'inat_escape_table_2_3' was not declared. Should it be static?
arch/x86/lib/inat-tables.c:829:19: warning: symbol 'inat_escape_table_3' was not declared. Should it be static?
arch/x86/lib/inat-tables.c:871:19: warning: symbol 'inat_escape_table_3_1' was not declared. Should it be static?
arch/x86/lib/inat-tables.c:912:19: warning: symbol 'inat_escape_table_3_3' was not declared. Should it be static?
arch/x86/lib/inat-tables.c:923:19: warning: symbol 'inat_group_table_5' was not declared. Should it be static?
arch/x86/lib/inat-tables.c:934:19: warning: symbol 'inat_group_table_6' was not declared. Should it be static?
arch/x86/lib/inat-tables.c:945:19: warning: symbol 'inat_group_table_7' was not declared. Should it be static?
arch/x86/lib/inat-tables.c:951:19: warning: symbol 'inat_group_table_8' was not declared. Should it be static?
arch/x86/lib/inat-tables.c:962:19: warning: symbol 'inat_group_table_9' was not declared. Should it be static?
arch/x86/lib/inat-tables.c:972:19: warning: symbol 'inat_group_table_10' was not declared. Should it be static?
arch/x86/lib/inat-tables.c:985:19: warning: symbol 'inat_group_table_21' was not declared. Should it be static?
arch/x86/lib/inat-tables.c:990:19: warning: symbol 'inat_group_table_21_1' was not declared. Should it be static?
arch/x86/lib/inat-tables.c:993:19: warning: symbol 'inat_group_table_21_2' was not declared. Should it be static?
arch/x86/lib/inat-tables.c:1003:19: warning: symbol 'inat_group_table_13' was not declared. Should it be static?
arch/x86/lib/inat-tables.c:1008:19: warning: symbol 'inat_group_table_13_1' was not declared. Should it be static?
arch/x86/lib/inat-tables.c:1015:19: warning: symbol 'inat_group_table_14' was not declared. Should it be static?
arch/x86/lib/inat-tables.c:1020:19: warning: symbol 'inat_group_table_14_1' was not declared. Should it be static?
arch/x86/lib/inat-tables.c:1027:19: warning: symbol 'inat_group_table_15' was not declared. Should it be static?
arch/x86/lib/inat-tables.c:1033:19: warning: symbol 'inat_group_table_15_1' was not declared. Should it be static?
arch/x86/lib/inat-tables.c:1041:19: warning: symbol 'inat_group_table_18' was not declared. Should it be static?
arch/x86/lib/inat-tables.c:1047:19: warning: symbol 'inat_group_table_18_2' was not declared. Should it be static?
arch/x86/lib/inat-tables.c:1055:19: warning: symbol 'inat_group_table_12' was not declared. Should it be static?
arch/x86/lib/inat-tables.c:1063:19: warning: symbol 'inat_group_table_22' was not declared. Should it be static?
arch/x86/lib/inat-tables.c:1076:25: warning: symbol 'inat_escape_tables' was not declared. Should it be static?
arch/x86/lib/inat-tables.c:1091:25: warning: symbol 'inat_group_tables' was not declared. Should it be static?
arch/x86/lib/inat-tables.c:1114:25: warning: symbol 'inat_avx_tables' was not declared. Should it be static?
arch/x86/lib/usercopy_64.c:124:21: warning: incorrect type in argument 1 (different address spaces)
arch/x86/lib/usercopy_64.c:126:21: warning: incorrect type in argument 1 (different address spaces)
arch/x86/lib/usercopy_64.c:131:21: warning: incorrect type in argument 1 (different address spaces)
init/main.c:152:12: warning: symbol 'envp_init' was not declared. Should it be static?
init/do_mounts.c:329:29: warning: incorrect type in argument 1 (different address spaces)
init/do_mounts.c:329:35: warning: incorrect type in argument 2 (different address spaces)
init/do_mounts.c:329:44: warning: incorrect type in argument 3 (different address spaces)
init/do_mounts.c:329:55: warning: incorrect type in argument 5 (different address spaces)
init/do_mounts.c:453:23: warning: incorrect type in argument 1 (different address spaces)
init/do_mounts.c:459:23: warning: incorrect type in argument 1 (different address spaces)
init/do_mounts.c:464:31: warning: incorrect type in argument 2 (different address spaces)
init/do_mounts.h:18:20: warning: incorrect type in argument 1 (different address spaces)
init/do_mounts.h:19:26: warning: incorrect type in argument 1 (different address spaces)
init/do_mounts.c:558:19: warning: incorrect type in argument 1 (different address spaces)
init/do_mounts.c:558:24: warning: incorrect type in argument 2 (different address spaces)
init/do_mounts_rd.c:79:22: warning: incorrect type in argument 2 (different address spaces)
init/do_mounts_rd.c:125:22: warning: incorrect type in argument 2 (different address spaces)
init/do_mounts_rd.c:139:22: warning: incorrect type in argument 2 (different address spaces)
init/do_mounts_rd.c:188:26: warning: incorrect type in argument 1 (different address spaces)
init/do_mounts_rd.c:257:42: warning: incorrect type in argument 1 (different address spaces)
init/do_mounts_rd.c:264:33: warning: incorrect type in argument 2 (different address spaces)
init/do_mounts_rd.c:265:35: warning: incorrect type in argument 2 (different address spaces)
init/do_mounts.h:18:20: warning: incorrect type in argument 1 (different address spaces)
init/do_mounts.h:19:26: warning: incorrect type in argument 1 (different address spaces)
init/do_mounts.h:18:20: warning: incorrect type in argument 1 (different address spaces)
init/do_mounts.h:19:26: warning: incorrect type in argument 1 (different address spaces)
init/do_mounts_rd.c:302:36: warning: incorrect type in argument 2 (different address spaces)
init/do_mounts_rd.c:312:44: warning: incorrect type in argument 2 (different address spaces)
init/do_mounts.h:18:20: warning: incorrect type in argument 1 (different address spaces)
init/do_mounts.h:19:26: warning: incorrect type in argument 1 (different address spaces)
init/do_mounts_initrd.c:46:19: warning: incorrect type in argument 1 (different address spaces)
init/do_mounts_initrd.c:47:28: warning: incorrect type in argument 1 (different address spaces)
init/do_mounts_initrd.c:48:27: warning: incorrect type in argument 1 (different address spaces)
init/do_mounts_initrd.c:50:19: warning: incorrect type in argument 1 (different address spaces)
init/do_mounts_initrd.c:51:19: warning: incorrect type in argument 1 (different address spaces)
init/do_mounts_initrd.c:51:24: warning: incorrect type in argument 2 (different address spaces)
init/do_mounts_initrd.c:52:20: warning: incorrect type in argument 1 (different address spaces)
init/do_mounts_initrd.c:69:19: warning: incorrect type in argument 1 (different address spaces)
init/do_mounts_initrd.c:69:24: warning: incorrect type in argument 2 (different address spaces)
init/do_mounts_initrd.c:72:20: warning: incorrect type in argument 1 (different address spaces)
init/do_mounts_initrd.c:77:27: warning: incorrect type in argument 1 (different address spaces)
init/do_mounts_initrd.c:85:27: warning: incorrect type in argument 1 (different address spaces)
init/do_mounts_initrd.c:85:35: warning: incorrect type in argument 2 (different address spaces)
init/do_mounts_initrd.c:89:35: warning: incorrect type in argument 1 (different address spaces)
init/do_mounts_initrd.c:95:28: warning: incorrect type in argument 1 (different address spaces)
init/do_mounts.h:18:20: warning: incorrect type in argument 1 (different address spaces)
init/do_mounts.h:19:26: warning: incorrect type in argument 1 (different address spaces)
init/do_mounts_initrd.c:118:36: warning: incorrect type in argument 1 (different address spaces)
init/do_mounts_initrd.c:123:20: warning: incorrect type in argument 1 (different address spaces)
init/do_mounts.h:18:20: warning: incorrect type in argument 1 (different address spaces)
init/do_mounts.h:19:26: warning: incorrect type in argument 1 (different address spaces)
init/do_mounts.h:38:25: warning: incorrect type in argument 1 (different address spaces)
init/do_mounts.h:38:32: warning: incorrect type in argument 2 (different address spaces)
init/do_mounts_md.c:173:31: warning: incorrect type in argument 1 (different address spaces)
init/do_mounts_md.c:236:39: warning: incorrect type in argument 1 (different address spaces)
init/do_mounts.h:18:20: warning: incorrect type in argument 1 (different address spaces)
init/do_mounts.h:19:26: warning: incorrect type in argument 1 (different address spaces)
init/initramfs.c:112:28: warning: incorrect type in argument 1 (different address spaces)
init/initramfs.c:274:42: warning: incorrect type in argument 1 (different address spaces)
init/initramfs.c:274:47: warning: incorrect type in argument 2 (different address spaces)
init/initramfs.c:283:27: warning: incorrect type in argument 1 (different address spaces)
init/initramfs.c:283:34: warning: incorrect type in argument 2 (different address spaces)
init/initramfs.c:285:35: warning: incorrect type in argument 1 (different address spaces)
init/initramfs.c:287:36: warning: incorrect type in argument 1 (different address spaces)
init/initramfs.c:308:40: warning: incorrect type in argument 1 (different address spaces)
init/initramfs.c:320:27: warning: incorrect type in argument 1 (different address spaces)
init/initramfs.c:321:27: warning: incorrect type in argument 1 (different address spaces)
init/initramfs.c:322:27: warning: incorrect type in argument 1 (different address spaces)
init/initramfs.c:327:35: warning: incorrect type in argument 1 (different address spaces)
init/initramfs.c:328:35: warning: incorrect type in argument 1 (different address spaces)
init/initramfs.c:329:35: warning: incorrect type in argument 1 (different address spaces)
init/initramfs.c:330:34: warning: incorrect type in argument 1 (different address spaces)
init/initramfs.c:339:32: warning: incorrect type in argument 2 (different address spaces)
init/initramfs.c:341:26: warning: incorrect type in argument 1 (different address spaces)
init/initramfs.c:347:32: warning: incorrect type in argument 2 (different address spaces)
init/initramfs.c:358:31: warning: incorrect type in argument 1 (different address spaces)
init/initramfs.c:358:52: warning: incorrect type in argument 2 (different address spaces)
init/initramfs.c:359:20: warning: incorrect type in argument 1 (different address spaces)
init/initramfs.c:360:18: warning: incorrect type in argument 1 (different address spaces)
init/initramfs.c:544:34: warning: incorrect type in argument 2 (different address spaces)
init/initramfs.c:550:44: warning: incorrect type in argument 1 (different address spaces)
init/initramfs.c:550:59: warning: incorrect type in argument 2 (different address spaces)
init/initramfs.c:554:51: warning: incorrect type in argument 1 (different address spaces)
init/initramfs.c:556:52: warning: incorrect type in argument 1 (different address spaces)
init/initramfs.c:564:42: warning: incorrect type in argument 2 (different address spaces)
init/initramfs.c:595:40: warning: incorrect type in argument 2 (different address spaces)
init/calibrate.c:257:47: warning: symbol 'calibrate_delay_is_known' was not declared. Should it be static?
arch/x86/boot/compressed/misc.c:328:17: warning: symbol 'decompress_kernel' was not declared. Should it be static?
arch/x86/boot/compressed/../string.c:60:14: warning: symbol 'atou' was not declared. Should it be static?
arch/x86/boot/compressed/../cmdline.c:30:5: warning: symbol '__cmdline_find_option' was not declared. Should it be static?
arch/x86/boot/compressed/../cmdline.c:102:5: warning: symbol '__cmdline_find_option_bool' was not declared. Should it be static?
arch/x86/boot/main.c:38:9: error: cannot size expression
arch/x86/boot/pm.c:104:6: error: symbol 'go_to_protected_mode' redeclared with different type (originally declared at arch/x86/boot/boot.h:328) - different modifiers
arch/x86/boot/string.c:119:8: warning: symbol 'strlen' was not declared. Should it be static?
arch/x86/boot/string.c:133:6: warning: symbol 'strstr' was not declared. Should it be static?
arch/x86/boot/version.c:19:12: warning: symbol 'kernel_version' was not declared. Should it be static?
